<?xml version="1.0" encoding="utf-8"?>
<TestRun id="c986d93d-f971-41b9-ac82-5016b67cc916" name="chrmc@CHRISTOSCH 2025-10-22 21:12:47" runUser="CHRISTOSCH\chrmc" xmlns="http://microsoft.com/schemas/VisualStudio/TeamTest/2010">
  <Times creation="2025-10-22T21:12:47.1199446+03:00" queuing="2025-10-22T21:12:47.1199450+03:00" start="2025-10-22T21:12:44.8530780+03:00" finish="2025-10-22T21:12:52.7906320+03:00" />
  <TestSettings name="default" id="af216647-b92d-4f35-a7b1-934810da968c">
    <Deployment runDeploymentRoot="chrmc_CHRISTOSCH_2025-10-22_21_12_47" />
  </TestSettings>
  <Results>
    <UnitTestResult executionId="fe89ed9f-ecd5-4237-a8d0-228f96153e2a" testId="a6b7b722-92f0-3d21-fca5-512f57803683" testName="Skyworks.Api.Tests.Traffic.TrafficProvider_Tests.GetNearbyTargets_RemoteArea_NoTargets" computerName="CHRISTOSCH" duration="00:00:00.0013285" startTime="2025-10-22T21:12:47.1221485+03:00" endTime="2025-10-22T21:12:47.1221486+03:00" testType="13cdc9d9-ddb5-4fa4-a97d-d965ccfc6d4b" outcome="Passed" testListId="8c84fa94-04c1-424b-9868-57a2d4851a1d" relativeResultsDirectory="fe89ed9f-ecd5-4237-a8d0-228f96153e2a" />
    <UnitTestResult executionId="14e94eba-fe72-4e90-8e0a-750b18809697" testId="58917e50-f4e3-a3aa-e0c7-3f210b3564af" testName="Skyworks.Api.Tests.GRC.GRCCalculationTests_SORA_2_5.GetPopulationCategory_ReturnsCorrectCategory(density: 80000, controlled: False, expected: AssembliesOfPeople)" computerName="CHRISTOSCH" duration="00:00:00.0004359" startTime="2025-10-22T21:12:47.1069223+03:00" endTime="2025-10-22T21:12:47.1069225+03:00" testType="13cdc9d9-ddb5-4fa4-a97d-d965ccfc6d4b" outcome="Passed" testListId="8c84fa94-04c1-424b-9868-57a2d4851a1d" relativeResultsDirectory="14e94eba-fe72-4e90-8e0a-750b18809697" />
    <UnitTestResult executionId="6b53da1d-2c3d-41a5-81aa-27a95831da79" testId="3c4c551a-1a46-a130-1e74-3d3168bbbb15" testName="Skyworks.Api.Tests.Drones.DroneCatalog_Tests.SearchDrones_CombinedFilters_ReturnsCorrectSubset" computerName="CHRISTOSCH" duration="00:00:00.0160536" startTime="2025-10-22T21:12:47.2541112+03:00" endTime="2025-10-22T21:12:47.2541116+03:00" testType="13cdc9d9-ddb5-4fa4-a97d-d965ccfc6d4b" outcome="Passed" testListId="8c84fa94-04c1-424b-9868-57a2d4851a1d" relativeResultsDirectory="6b53da1d-2c3d-41a5-81aa-27a95831da79" />
    <UnitTestResult executionId="ab16fb6b-0216-4eb8-b139-38797f618b32" testId="90be3c67-82f0-596b-10f2-6ff1b82a8d9f" testName="Skyworks.Api.Tests.SAIL.SAILService_Tests.OSO_Count_SAIL_III_Returns_16" computerName="CHRISTOSCH" duration="00:00:00.0007668" startTime="2025-10-22T21:12:47.1464162+03:00" endTime="2025-10-22T21:12:47.1464165+03:00" testType="13cdc9d9-ddb5-4fa4-a97d-d965ccfc6d4b" outcome="Passed" testListId="8c84fa94-04c1-424b-9868-57a2d4851a1d" relativeResultsDirectory="ab16fb6b-0216-4eb8-b139-38797f618b32" />
    <UnitTestResult executionId="a3b2f36f-a497-4dbe-b075-f0330cfd442f" testId="f8de07af-0a7e-259b-3616-79f59136c4e6" testName="Skyworks.Api.Tests.GRC.GRCCalculationTests_SORA_2_5.CalculateFinalGRC_FinalGRCAbove7_Invalid" computerName="CHRISTOSCH" duration="00:00:00.0005585" startTime="2025-10-22T21:12:47.1181124+03:00" endTime="2025-10-22T21:12:47.1181125+03:00" testType="13cdc9d9-ddb5-4fa4-a97d-d965ccfc6d4b" outcome="Passed" testListId="8c84fa94-04c1-424b-9868-57a2d4851a1d" relativeResultsDirectory="a3b2f36f-a497-4dbe-b075-f0330cfd442f" />
    <UnitTestResult executionId="2952faf4-c859-4cfd-ae21-d146b75c965c" testId="d69a29e6-cb46-a320-fd92-6f597cef80c7" testName="Skyworks.Api.Tests.SAIL.SAILService_Tests.SAIL_GRC0_Returns_Error" computerName="CHRISTOSCH" duration="00:00:00.0005544" startTime="2025-10-22T21:12:47.1428612+03:00" endTime="2025-10-22T21:12:47.1428616+03:00" testType="13cdc9d9-ddb5-4fa4-a97d-d965ccfc6d4b" outcome="Passed" testListId="8c84fa94-04c1-424b-9868-57a2d4851a1d" relativeResultsDirectory="2952faf4-c859-4cfd-ae21-d146b75c965c" />
    <UnitTestResult executionId="6a8ab365-e0a2-4574-a839-f1c2facc1a75" testId="66a03b15-ba92-dd2b-6676-c7b09dc7b56c" testName="Skyworks.Api.Tests.GRC.GRCCalculationTests_SORA_2_5.GetPopulationCategory_ReturnsCorrectCategory(density: 25, controlled: False, expected: LightlyPopulated)" computerName="CHRISTOSCH" duration="00:00:00.0000229" startTime="2025-10-22T21:12:47.1133634+03:00" endTime="2025-10-22T21:12:47.1133636+03:00" testType="13cdc9d9-ddb5-4fa4-a97d-d965ccfc6d4b" outcome="Passed" testListId="8c84fa94-04c1-424b-9868-57a2d4851a1d" relativeResultsDirectory="6a8ab365-e0a2-4574-a839-f1c2facc1a75" />
    <UnitTestResult executionId="7c9fa975-b91a-4ef5-9abd-070e800a64d2" testId="b445e324-be77-d2e8-1c2b-e6cb70bdb564" testName="Skyworks.Api.Tests.GRC.GRCCalculationTests_SORA_2_0.SORA20_VLOS_SparselyPopulated_3m_ReturnsGRC3" computerName="CHRISTOSCH" duration="00:00:00.0068314" startTime="2025-10-22T21:12:47.1011262+03:00" endTime="2025-10-22T21:12:47.1011263+03:00" testType="13cdc9d9-ddb5-4fa4-a97d-d965ccfc6d4b" outcome="Passed" testListId="8c84fa94-04c1-424b-9868-57a2d4851a1d" relativeResultsDirectory="7c9fa975-b91a-4ef5-9abd-070e800a64d2" />
    <UnitTestResult executionId="d52b3dfb-8463-49a0-b66f-9c239f3e2279" testId="e8f1f4ad-1d31-2f93-c341-269c2d86727b" testName="Skyworks.Api.Tests.Weather.WeatherProvider_Tests.VMCCriteria_CorrectlyEvaluatesConditions(visibilityMeters: 4000, cloudCeilingMeters: 600, altitudeAGL: 200, expectedVMC: False)" computerName="CHRISTOSCH" duration="00:00:00.0000189" startTime="2025-10-22T21:12:47.0913826+03:00" endTime="2025-10-22T21:12:47.0913828+03:00" testType="13cdc9d9-ddb5-4fa4-a97d-d965ccfc6d4b" outcome="Passed" testListId="8c84fa94-04c1-424b-9868-57a2d4851a1d" relativeResultsDirectory="d52b3dfb-8463-49a0-b66f-9c239f3e2279" />
    <UnitTestResult executionId="2fff86d6-7282-4bc9-b410-8780cec5bc9c" testId="cdffb8cf-f946-63a1-7773-481fb1562fef" testName="Skyworks.Api.Tests.GRC.GRCCalculationTests_SORA_2_0.SORA20_M3_Low_Adds1GRC" computerName="CHRISTOSCH" duration="00:00:00.0004457" startTime="2025-10-22T21:12:47.1044831+03:00" endTime="2025-10-22T21:12:47.1044835+03:00" testType="13cdc9d9-ddb5-4fa4-a97d-d965ccfc6d4b" outcome="Passed" testListId="8c84fa94-04c1-424b-9868-57a2d4851a1d" relativeResultsDirectory="2fff86d6-7282-4bc9-b410-8780cec5bc9c" />
    <UnitTestResult executionId="8ec3d176-af9b-4ee4-9d19-369552a63d9c" testId="f1cf0c3c-6c97-571d-de37-6d4d4f89345a" testName="Skyworks.Api.Tests.GRC.GRCCalculationTests_SORA_2_5.CalculateFinalGRC_MultipleMitigations_AppliesAll" computerName="CHRISTOSCH" duration="00:00:00.0022122" startTime="2025-10-22T21:12:47.1150471+03:00" endTime="2025-10-22T21:12:47.1150473+03:00" testType="13cdc9d9-ddb5-4fa4-a97d-d965ccfc6d4b" outcome="Passed" testListId="8c84fa94-04c1-424b-9868-57a2d4851a1d" relativeResultsDirectory="8ec3d176-af9b-4ee4-9d19-369552a63d9c" />
    <UnitTestResult executionId="c3ab8ec9-355a-481b-b73e-80677624170b" testId="fc81564a-a99c-8562-29aa-1e579269cf2b" testName="Skyworks.Api.Tests.Drones.DroneCatalog_Tests.GetAllDrones_ReturnsNonEmptyList" computerName="CHRISTOSCH" duration="00:00:00.0202888" startTime="2025-10-22T21:12:47.3683938+03:00" endTime="2025-10-22T21:12:47.3683943+03:00" testType="13cdc9d9-ddb5-4fa4-a97d-d965ccfc6d4b" outcome="Passed" testListId="8c84fa94-04c1-424b-9868-57a2d4851a1d" relativeResultsDirectory="c3ab8ec9-355a-481b-b73e-80677624170b" />
    <UnitTestResult executionId="001b0476-c577-42b6-ad72-3029b093074d" testId="8bfcff2d-8be2-97b4-9ce0-0a8d85fc58ae" testName="Skyworks.Api.Tests.GRC.GRCCalculationTests_SORA_2_5.CalculateFinalGRC_CannotGoBelow1" computerName="CHRISTOSCH" duration="00:00:00.0003932" startTime="2025-10-22T21:12:47.1178431+03:00" endTime="2025-10-22T21:12:47.1178433+03:00" testType="13cdc9d9-ddb5-4fa4-a97d-d965ccfc6d4b" outcome="Passed" testListId="8c84fa94-04c1-424b-9868-57a2d4851a1d" relativeResultsDirectory="001b0476-c577-42b6-ad72-3029b093074d" />
    <UnitTestResult executionId="b650e701-05be-4161-8eed-aedcc0499fcb" testId="071a8147-c81c-50b8-edf6-9660d14c14f3" testName="Skyworks.Api.Tests.OSO.OSOService_Tests.SORA25_GetOSODetails_RemovedOSO_Returns_Null" computerName="CHRISTOSCH" duration="00:00:00.0002563" startTime="2025-10-22T21:12:47.1269052+03:00" endTime="2025-10-22T21:12:47.1269055+03:00" testType="13cdc9d9-ddb5-4fa4-a97d-d965ccfc6d4b" outcome="Passed" testListId="8c84fa94-04c1-424b-9868-57a2d4851a1d" relativeResultsDirectory="b650e701-05be-4161-8eed-aedcc0499fcb" />
    <UnitTestResult executionId="e7d831e6-1530-4595-849f-994af5fa9774" testId="fe2ef753-6051-500e-81dd-82039c63d07b" testName="Skyworks.Api.Tests.Traffic.TrafficProvider_Tests.TrafficDensityThresholds_ClassifiesCorrectly(targetCount: 6, expectedLevel: &quot;High&quot;)" computerName="CHRISTOSCH" duration="00:00:00.0000061" startTime="2025-10-22T21:12:47.0692590+03:00" endTime="2025-10-22T21:12:47.0692591+03:00" testType="13cdc9d9-ddb5-4fa4-a97d-d965ccfc6d4b" outcome="Passed" testListId="8c84fa94-04c1-424b-9868-57a2d4851a1d" relativeResultsDirectory="e7d831e6-1530-4595-849f-994af5fa9774" />
    <UnitTestResult executionId="a5a09b86-3528-4333-9dec-79d04cc2b026" testId="92b1d481-de48-c56e-7830-5069739cfefb" testName="Skyworks.Api.Tests.SAIL.SAILService_Tests.Golden_Test09_Maximum_Mitigation_Cap" computerName="CHRISTOSCH" duration="00:00:00.0004476" startTime="2025-10-22T21:12:47.1645771+03:00" endTime="2025-10-22T21:12:47.1645774+03:00" testType="13cdc9d9-ddb5-4fa4-a97d-d965ccfc6d4b" outcome="Passed" testListId="8c84fa94-04c1-424b-9868-57a2d4851a1d" relativeResultsDirectory="a5a09b86-3528-4333-9dec-79d04cc2b026" />
    <UnitTestResult executionId="e8c61979-deb3-4e45-b7ef-eeb2650251d3" testId="d3e61b4f-4e02-5e40-c0fb-a728f162dd67" testName="Skyworks.Api.Tests.ARC_SAIL.ARC_Environment_Tests.V20_AtypicalSegregated_Is_ARC_A" computerName="CHRISTOSCH" duration="00:00:00.4896669" startTime="2025-10-22T21:12:47.0744129+03:00" endTime="2025-10-22T21:12:47.0744132+03:00" testType="13cdc9d9-ddb5-4fa4-a97d-d965ccfc6d4b" outcome="Passed" testListId="8c84fa94-04c1-424b-9868-57a2d4851a1d" relativeResultsDirectory="e8c61979-deb3-4e45-b7ef-eeb2650251d3" />
    <UnitTestResult executionId="2fb0afe6-e7df-4ef3-b397-32888ba5b9ee" testId="ff03d096-bf7a-7fff-fee4-8dd728409e0e" testName="Skyworks.Api.Tests.ServiceZones.ServiceZones_More_Tests.Zone_at_point_is_detected(expectedZoneId: &quot;CY_AGE_PV_PARK&quot;, lat: 35.053899999999999, lon: 32.876399999999997)" computerName="CHRISTOSCH" duration="00:00:00.0000242" startTime="2025-10-22T21:12:47.0836730+03:00" endTime="2025-10-22T21:12:47.0836731+03:00" testType="13cdc9d9-ddb5-4fa4-a97d-d965ccfc6d4b" outcome="Passed" testListId="8c84fa94-04c1-424b-9868-57a2d4851a1d" relativeResultsDirectory="2fb0afe6-e7df-4ef3-b397-32888ba5b9ee" />
    <UnitTestResult executionId="b552a85b-a890-493d-82c1-3accce298b7d" testId="324bafc6-395d-02cb-1cba-35dbe23e2cb6" testName="Skyworks.Api.Tests.History.HistoricalAnalysis_Tests.Aggregates_By_SAIL_Version_Compliance_Trend" computerName="CHRISTOSCH" duration="00:00:00.0681136" startTime="2025-10-22T21:12:47.1184319+03:00" endTime="2025-10-22T21:12:47.1184322+03:00" testType="13cdc9d9-ddb5-4fa4-a97d-d965ccfc6d4b" outcome="Passed" testListId="8c84fa94-04c1-424b-9868-57a2d4851a1d" relativeResultsDirectory="b552a85b-a890-493d-82c1-3accce298b7d" />
    <UnitTestResult executionId="8ab3650f-a768-415c-8086-cbc50d1ba178" testId="08de2c91-d737-e81e-395a-795a3fc54a41" testName="Skyworks.Api.Tests.Compliance.ComplianceProvider_Tests.ValidateReadiness_ARCa_LowRequirements" computerName="CHRISTOSCH" duration="00:00:00.0162588" startTime="2025-10-22T21:12:47.1087780+03:00" endTime="2025-10-22T21:12:47.1087782+03:00" testType="13cdc9d9-ddb5-4fa4-a97d-d965ccfc6d4b" outcome="Passed" testListId="8c84fa94-04c1-424b-9868-57a2d4851a1d" relativeResultsDirectory="8ab3650f-a768-415c-8086-cbc50d1ba178" />
    <UnitTestResult executionId="dbdaedc7-5d3e-4f90-a489-f72c3ff21e1a" testId="5c2a55a7-f695-ade9-d556-3c8753d856e2" testName="Skyworks.Api.Tests.AgentsEndpointTests.ListAgents_ReturnsTwoAgents" computerName="CHRISTOSCH" duration="00:00:00.1746210" startTime="2025-10-22T21:12:52.6037315+03:00" endTime="2025-10-22T21:12:52.6037320+03:00" testType="13cdc9d9-ddb5-4fa4-a97d-d965ccfc6d4b" outcome="Passed" testListId="8c84fa94-04c1-424b-9868-57a2d4851a1d" relativeResultsDirectory="dbdaedc7-5d3e-4f90-a489-f72c3ff21e1a" />
    <UnitTestResult executionId="6e08ee02-5e2d-468f-a397-59e8fab0aab9" testId="2bdcd639-f706-434e-87bf-3be2b407d017" testName="Skyworks.Api.Tests.Compliance.ComplianceProvider_Tests.GetObligations_ARCa_NoMandatoryOSOTMPR" computerName="CHRISTOSCH" duration="00:00:00.0015755" startTime="2025-10-22T21:12:47.1183338+03:00" endTime="2025-10-22T21:12:47.1183339+03:00" testType="13cdc9d9-ddb5-4fa4-a97d-d965ccfc6d4b" outcome="Passed" testListId="8c84fa94-04c1-424b-9868-57a2d4851a1d" relativeResultsDirectory="6e08ee02-5e2d-468f-a397-59e8fab0aab9" />
    <UnitTestResult executionId="2506e5b9-ecd8-4516-83ea-68a4584d5873" testId="1fb318ee-3104-7be3-6a21-d359e5d0fb7b" testName="Skyworks.Api.Tests.ARC_SAIL.ARC_SAIL_Tests.SAIL_V20_Table5_Mapping(finalGrc: 3, arc: B, expected: II)" computerName="CHRISTOSCH" duration="00:00:00.0000348" startTime="2025-10-22T21:12:47.1004029+03:00" endTime="2025-10-22T21:12:47.1004031+03:00" testType="13cdc9d9-ddb5-4fa4-a97d-d965ccfc6d4b" outcome="Passed" testListId="8c84fa94-04c1-424b-9868-57a2d4851a1d" relativeResultsDirectory="2506e5b9-ecd8-4516-83ea-68a4584d5873" />
    <UnitTestResult executionId="853fc832-78ca-4eb6-9291-3f1ac021ebb3" testId="33a58850-070c-53b8-d79e-a25405381d86" testName="Skyworks.Api.Tests.ServiceZones.ServiceZones_More_Tests.Zone_at_point_is_detected(expectedZoneId: &quot;CY_AKA_PV_PARK&quot;, lat: 35.137099999999997, lon: 33.162399999999998)" computerName="CHRISTOSCH" duration="00:00:00.0000213" startTime="2025-10-22T21:12:47.0837737+03:00" endTime="2025-10-22T21:12:47.0837739+03:00" testType="13cdc9d9-ddb5-4fa4-a97d-d965ccfc6d4b" outcome="Passed" testListId="8c84fa94-04c1-424b-9868-57a2d4851a1d" relativeResultsDirectory="853fc832-78ca-4eb6-9291-3f1ac021ebb3" />
    <UnitTestResult executionId="f2b44cd3-490e-48b1-bfd9-7f450eaca61b" testId="c27f482f-3fe5-fe68-5ed1-12be225a4a9a" testName="Skyworks.Api.Tests.Compliance.ComplianceProvider_Tests.GetObligations_SpecialUseAirport_RequiresCoordination" computerName="CHRISTOSCH" duration="00:00:00.0019508" startTime="2025-10-22T21:12:47.0984051+03:00" endTime="2025-10-22T21:12:47.0984052+03:00" testType="13cdc9d9-ddb5-4fa4-a97d-d965ccfc6d4b" outcome="Passed" testListId="8c84fa94-04c1-424b-9868-57a2d4851a1d" relativeResultsDirectory="f2b44cd3-490e-48b1-bfd9-7f450eaca61b" />
    <UnitTestResult executionId="dacdb3bd-db03-4815-b275-ac4364d8a21c" testId="bc993888-aa0b-7b5a-edca-c6e6d6ba90cb" testName="Skyworks.Api.Tests.SAIL.SAILReport_Tests.Report_Html_Contains_Key_Fields" computerName="CHRISTOSCH" duration="00:00:01.2877592" startTime="2025-10-22T21:12:47.8002587+03:00" endTime="2025-10-22T21:12:47.8002594+03:00" testType="13cdc9d9-ddb5-4fa4-a97d-d965ccfc6d4b" outcome="Passed" testListId="8c84fa94-04c1-424b-9868-57a2d4851a1d" relativeResultsDirectory="dacdb3bd-db03-4815-b275-ac4364d8a21c" />
    <UnitTestResult executionId="dd665aab-9799-4bbf-bb63-fcbc0975a52a" testId="27896950-9806-7a2a-355f-20477f00aee6" testName="Skyworks.Api.Tests.SAIL.SAILReport_Tests.Report_Pdf_Is_Not_Empty" computerName="CHRISTOSCH" duration="00:00:00.0234692" startTime="2025-10-22T21:12:47.8239441+03:00" endTime="2025-10-22T21:12:47.8239447+03:00" testType="13cdc9d9-ddb5-4fa4-a97d-d965ccfc6d4b" outcome="Passed" testListId="8c84fa94-04c1-424b-9868-57a2d4851a1d" relativeResultsDirectory="dd665aab-9799-4bbf-bb63-fcbc0975a52a" />
    <UnitTestResult executionId="82cb2853-0be1-44c1-897f-bc49e55a9a7f" testId="17ec2a16-270e-f977-4a53-c168456817cd" testName="Skyworks.Api.Tests.OSO.OSOService_Tests.ValidateCompliance_AllOSOs_Met_Returns_Compliant" computerName="CHRISTOSCH" duration="00:00:00.0575907" startTime="2025-10-22T21:12:47.1201735+03:00" endTime="2025-10-22T21:12:47.1201737+03:00" testType="13cdc9d9-ddb5-4fa4-a97d-d965ccfc6d4b" outcome="Passed" testListId="8c84fa94-04c1-424b-9868-57a2d4851a1d" relativeResultsDirectory="82cb2853-0be1-44c1-897f-bc49e55a9a7f" />
    <UnitTestResult executionId="3c5111d3-94aa-45ad-a0bc-2ad599420537" testId="18a6c8cd-ad98-b3e0-bde2-ef53186e6d3a" testName="Skyworks.Api.Tests.ARC_SAIL.ARC_SAIL_Tests.SAIL_V20_Table5_Mapping(finalGrc: 5, arc: D, expected: VI)" computerName="CHRISTOSCH" duration="00:00:00.0187516" startTime="2025-10-22T21:12:47.0989813+03:00" endTime="2025-10-22T21:12:47.0989814+03:00" testType="13cdc9d9-ddb5-4fa4-a97d-d965ccfc6d4b" outcome="Passed" testListId="8c84fa94-04c1-424b-9868-57a2d4851a1d" relativeResultsDirectory="3c5111d3-94aa-45ad-a0bc-2ad599420537" />
    <UnitTestResult executionId="e616c446-e836-423e-b015-02e13ec2bf9b" testId="e4505c38-d8e7-9c64-2e03-ba011a75c85a" testName="Skyworks.Api.Tests.ARC_SAIL.ARC_Environment_Tests.V25_AirportHeliport_Is_ARC_D" computerName="CHRISTOSCH" duration="00:00:00.0003339" startTime="2025-10-22T21:12:47.0789425+03:00" endTime="2025-10-22T21:12:47.0789428+03:00" testType="13cdc9d9-ddb5-4fa4-a97d-d965ccfc6d4b" outcome="Passed" testListId="8c84fa94-04c1-424b-9868-57a2d4851a1d" relativeResultsDirectory="e616c446-e836-423e-b015-02e13ec2bf9b" />
    <UnitTestResult executionId="f6eabe6c-79c9-4eba-8fe7-4b2215c873bd" testId="5c7b18be-6f68-6308-c3df-f912a2fef0a0" testName="Skyworks.Api.Tests.SAIL.SAILService_Tests.OSO_Robustness_SAIL_VI_All_High" computerName="CHRISTOSCH" duration="00:00:00.0128369" startTime="2025-10-22T21:12:47.0898325+03:00" endTime="2025-10-22T21:12:47.0898327+03:00" testType="13cdc9d9-ddb5-4fa4-a97d-d965ccfc6d4b" outcome="Passed" testListId="8c84fa94-04c1-424b-9868-57a2d4851a1d" relativeResultsDirectory="f6eabe6c-79c9-4eba-8fe7-4b2215c873bd" />
    <UnitTestResult executionId="7008252b-564b-4402-a24f-e2f3f0fd85f3" testId="2e6f1c40-3a91-b5f0-9a43-746f9f7d6542" testName="Skyworks.Api.Tests.GRC.GRCCalculationTests_SORA_2_5.GetPopulationCategory_ReturnsCorrectCategory(density: 2500, controlled: False, expected: Suburban)" computerName="CHRISTOSCH" duration="00:00:00.0000278" startTime="2025-10-22T21:12:47.1087065+03:00" endTime="2025-10-22T21:12:47.1087067+03:00" testType="13cdc9d9-ddb5-4fa4-a97d-d965ccfc6d4b" outcome="Passed" testListId="8c84fa94-04c1-424b-9868-57a2d4851a1d" relativeResultsDirectory="7008252b-564b-4402-a24f-e2f3f0fd85f3" />
    <UnitTestResult executionId="1ce79d8f-4864-4d9c-b4fa-87200f5dd94f" testId="be2f93a9-32bf-42e8-eace-174ba2f92b63" testName="Skyworks.Api.Tests.OSO.OSOService_Tests.SORA25_SAIL_I_Returns_17_OSOs" computerName="CHRISTOSCH" duration="00:00:00.0003712" startTime="2025-10-22T21:12:47.1246243+03:00" endTime="2025-10-22T21:12:47.1246245+03:00" testType="13cdc9d9-ddb5-4fa4-a97d-d965ccfc6d4b" outcome="Passed" testListId="8c84fa94-04c1-424b-9868-57a2d4851a1d" relativeResultsDirectory="1ce79d8f-4864-4d9c-b4fa-87200f5dd94f" />
    <UnitTestResult executionId="f6f8bdc2-94d8-4e63-8f4e-49567bc036d8" testId="868fd18c-bfce-af84-6102-8df89e4cce51" testName="Skyworks.Api.Tests.GRC.GRCCalculationTests_SORA_2_5.CalculateIGRC_LargeUA_Suburban_ReturnsGRC7" computerName="CHRISTOSCH" duration="00:00:00.0004269" startTime="2025-10-22T21:12:47.1050462+03:00" endTime="2025-10-22T21:12:47.1050463+03:00" testType="13cdc9d9-ddb5-4fa4-a97d-d965ccfc6d4b" outcome="Passed" testListId="8c84fa94-04c1-424b-9868-57a2d4851a1d" relativeResultsDirectory="f6f8bdc2-94d8-4e63-8f4e-49567bc036d8" />
    <UnitTestResult executionId="d576316d-fa9c-4b82-b3a4-9226628ae73d" testId="de9ff743-c511-32ce-2077-f70fded99bbf" testName="Skyworks.Api.Tests.ARC_SAIL.ARC_Residual_Density_Tests.V25_AtypicalSegregated_Claim_Goes_To_A" computerName="CHRISTOSCH" duration="00:00:00.0004822" startTime="2025-10-22T21:12:47.0737441+03:00" endTime="2025-10-22T21:12:47.0737442+03:00" testType="13cdc9d9-ddb5-4fa4-a97d-d965ccfc6d4b" outcome="Passed" testListId="8c84fa94-04c1-424b-9868-57a2d4851a1d" relativeResultsDirectory="d576316d-fa9c-4b82-b3a4-9226628ae73d" />
    <UnitTestResult executionId="2527674c-9397-4cb1-bc62-fb40f270ee96" testId="3d8841db-f247-530d-d9a6-e97f8ca3181b" testName="Skyworks.Api.Tests.OSO.OSOService_Tests.SORA20_SAIL_I_Returns_24_OSOs" computerName="CHRISTOSCH" duration="00:00:00.0005954" startTime="2025-10-22T21:12:47.0943877+03:00" endTime="2025-10-22T21:12:47.0943880+03:00" testType="13cdc9d9-ddb5-4fa4-a97d-d965ccfc6d4b" outcome="Passed" testListId="8c84fa94-04c1-424b-9868-57a2d4851a1d" relativeResultsDirectory="2527674c-9397-4cb1-bc62-fb40f270ee96" />
    <UnitTestResult executionId="b69ee6f3-88fe-4416-808d-41d414fd1635" testId="840cff27-749d-4eb4-d7eb-e73cdf1083cf" testName="Skyworks.Api.Tests.SAIL.SAILService_Tests.SAIL_GRC10_Returns_CategoryC" computerName="CHRISTOSCH" duration="00:00:00.0004057" startTime="2025-10-22T21:12:47.1499829+03:00" endTime="2025-10-22T21:12:47.1499832+03:00" testType="13cdc9d9-ddb5-4fa4-a97d-d965ccfc6d4b" outcome="Passed" testListId="8c84fa94-04c1-424b-9868-57a2d4851a1d" relativeResultsDirectory="b69ee6f3-88fe-4416-808d-41d414fd1635" />
    <UnitTestResult executionId="3ade80f7-81e9-4b61-9cca-a04e706f3322" testId="6805c77f-296f-875c-73cd-3adc7c56cb4e" testName="Skyworks.Api.Tests.SAIL.SAILService_Tests.SAIL_GRC5_ARCc_Returns_SAIL_IV" computerName="CHRISTOSCH" duration="00:00:00.0004320" startTime="2025-10-22T21:12:47.1219998+03:00" endTime="2025-10-22T21:12:47.1220000+03:00" testType="13cdc9d9-ddb5-4fa4-a97d-d965ccfc6d4b" outcome="Passed" testListId="8c84fa94-04c1-424b-9868-57a2d4851a1d" relativeResultsDirectory="3ade80f7-81e9-4b61-9cca-a04e706f3322" />
    <UnitTestResult executionId="761a4fea-0048-4288-b909-e4300846b66b" testId="c5325331-4cd8-c789-a625-4dfa3ad02447" testName="Skyworks.Api.Tests.History.HistoricalAnalysis_Tests.Filters_By_SoraVersion" computerName="CHRISTOSCH" duration="00:00:00.0011705" startTime="2025-10-22T21:12:47.1195056+03:00" endTime="2025-10-22T21:12:47.1195060+03:00" testType="13cdc9d9-ddb5-4fa4-a97d-d965ccfc6d4b" outcome="Passed" testListId="8c84fa94-04c1-424b-9868-57a2d4851a1d" relativeResultsDirectory="761a4fea-0048-4288-b909-e4300846b66b" />
    <UnitTestResult executionId="55f39d1c-1b23-41bb-a338-103769dc54f6" testId="4f64b081-c7d5-878e-c178-ff16ff9269ff" testName="Skyworks.Api.Tests.SAIL.SAILService_Tests.OSO_Robustness_SAIL_I_Has_Optional_And_Low" computerName="CHRISTOSCH" duration="00:00:00.0105346" startTime="2025-10-22T21:12:47.1639883+03:00" endTime="2025-10-22T21:12:47.1639888+03:00" testType="13cdc9d9-ddb5-4fa4-a97d-d965ccfc6d4b" outcome="Passed" testListId="8c84fa94-04c1-424b-9868-57a2d4851a1d" relativeResultsDirectory="55f39d1c-1b23-41bb-a338-103769dc54f6" />
    <UnitTestResult executionId="046d2379-c03b-4670-9167-7648611d24b8" testId="7b36954f-2c75-32e2-4c5e-6c1ba8ff2168" testName="Skyworks.Api.Tests.OSO.OSOService_Tests.Common_OSOs_Have_Same_Robustness_Across_Versions" computerName="CHRISTOSCH" duration="00:00:00.0012315" startTime="2025-10-22T21:12:47.1427019+03:00" endTime="2025-10-22T21:12:47.1427021+03:00" testType="13cdc9d9-ddb5-4fa4-a97d-d965ccfc6d4b" outcome="Passed" testListId="8c84fa94-04c1-424b-9868-57a2d4851a1d" relativeResultsDirectory="046d2379-c03b-4670-9167-7648611d24b8" />
    <UnitTestResult executionId="86276b76-c95b-40a7-b91b-d4e6ff77d744" testId="492dc22a-1988-ae01-8c28-8b5ed1dc0c9a" testName="Skyworks.Api.Tests.Traffic.TrafficProvider_Tests.GetTrafficDensity_SmallRadius_LimitedTargets" computerName="CHRISTOSCH" duration="00:00:00.0893925" startTime="2025-10-22T21:12:47.1196409+03:00" endTime="2025-10-22T21:12:47.1196411+03:00" testType="13cdc9d9-ddb5-4fa4-a97d-d965ccfc6d4b" outcome="Passed" testListId="8c84fa94-04c1-424b-9868-57a2d4851a1d" relativeResultsDirectory="86276b76-c95b-40a7-b91b-d4e6ff77d744" />
    <UnitTestResult executionId="8461966e-2d7e-4998-a37f-f2575615d5df" testId="1e849955-64d8-43f9-d814-2c99d7bb6fbb" testName="Skyworks.Api.Tests.ServiceZones.ServiceZones_More_Tests.Zone_at_point_is_detected(expectedZoneId: &quot;CY_KOF_PV_PARK&quot;, lat: 34.811410000000002, lon: 33.417000000000002)" computerName="CHRISTOSCH" duration="00:00:00.0000296" startTime="2025-10-22T21:12:47.0833066+03:00" endTime="2025-10-22T21:12:47.0833069+03:00" testType="13cdc9d9-ddb5-4fa4-a97d-d965ccfc6d4b" outcome="Passed" testListId="8c84fa94-04c1-424b-9868-57a2d4851a1d" relativeResultsDirectory="8461966e-2d7e-4998-a37f-f2575615d5df" />
    <UnitTestResult executionId="e376106b-15a1-4554-a601-14932cdde7c4" testId="8d2f8aea-2107-505c-88c2-e92ce033148a" testName="Skyworks.Api.Tests.Drones.DroneCatalog_Tests.GetDroneWithSORAHints_DJI_Agras_T30_ReturnsHighGRC" computerName="CHRISTOSCH" duration="00:00:00.0252513" startTime="2025-10-22T21:12:47.3478416+03:00" endTime="2025-10-22T21:12:47.3478422+03:00" testType="13cdc9d9-ddb5-4fa4-a97d-d965ccfc6d4b" outcome="Passed" testListId="8c84fa94-04c1-424b-9868-57a2d4851a1d" relativeResultsDirectory="e376106b-15a1-4554-a601-14932cdde7c4" />
    <UnitTestResult executionId="e09d2615-0e78-42c1-8838-164bef606bef" testId="ff1a7592-a60d-8821-9f13-93ac29384cae" testName="Skyworks.Api.Tests.ServiceZones.ServiceZonesTests.AvgorouPV_is_detected_as_PV_zone" computerName="CHRISTOSCH" duration="00:00:00.0012492" startTime="2025-10-22T21:12:47.0757748+03:00" endTime="2025-10-22T21:12:47.0757750+03:00" testType="13cdc9d9-ddb5-4fa4-a97d-d965ccfc6d4b" outcome="Passed" testListId="8c84fa94-04c1-424b-9868-57a2d4851a1d" relativeResultsDirectory="e09d2615-0e78-42c1-8838-164bef606bef" />
    <UnitTestResult executionId="16474622-a6ce-443c-9a3b-b7e25a0b3a82" testId="4036b999-5759-e5b8-30d9-0029d342843d" testName="Skyworks.Api.Tests.ARC_SAIL.ARC_Environment_More_Tests.V20_Uncontrolled_Remote_Is_ARC_A" computerName="CHRISTOSCH" duration="00:00:00.0018430" startTime="2025-10-22T21:12:47.0793640+03:00" endTime="2025-10-22T21:12:47.0793641+03:00" testType="13cdc9d9-ddb5-4fa4-a97d-d965ccfc6d4b" outcome="Passed" testListId="8c84fa94-04c1-424b-9868-57a2d4851a1d" relativeResultsDirectory="16474622-a6ce-443c-9a3b-b7e25a0b3a82" />
    <UnitTestResult executionId="aa792f69-34ce-4107-af7f-060b494f9c7a" testId="8ecfc82a-4cbd-2f38-716a-22f0cc905c63" testName="Skyworks.Api.Tests.GRC.GRCCalculationTests_SORA_2_5.CalculateIGRC_MediumUA_Remote_ReturnsGRC3" computerName="CHRISTOSCH" duration="00:00:00.0142574" startTime="2025-10-22T21:12:47.1047351+03:00" endTime="2025-10-22T21:12:47.1047353+03:00" testType="13cdc9d9-ddb5-4fa4-a97d-d965ccfc6d4b" outcome="Passed" testListId="8c84fa94-04c1-424b-9868-57a2d4851a1d" relativeResultsDirectory="aa792f69-34ce-4107-af7f-060b494f9c7a" />
    <UnitTestResult executionId="247996b6-7ce8-46fe-8474-d86e158c72d8" testId="a2efe561-38f7-55f8-5a64-f2d43f472e51" testName="Skyworks.Api.Tests.Compliance.ComplianceProvider_Tests.ValidateReadiness_ARCc_RequiresDocumentation" computerName="CHRISTOSCH" duration="00:00:00.0034814" startTime="2025-10-22T21:12:47.1151960+03:00" endTime="2025-10-22T21:12:47.1151962+03:00" testType="13cdc9d9-ddb5-4fa4-a97d-d965ccfc6d4b" outcome="Passed" testListId="8c84fa94-04c1-424b-9868-57a2d4851a1d" relativeResultsDirectory="247996b6-7ce8-46fe-8474-d86e158c72d8" />
    <UnitTestResult executionId="a38fad59-4cee-4715-b1a9-3a2f66ab59ef" testId="1bd152bb-471e-2737-2fc8-b5f611953034" testName="Skyworks.Api.Tests.Risk.RiskModeling_Tests.SAIL_V_ARC_D_Urban_BVLOS_Is_HighOrVeryHigh" computerName="CHRISTOSCH" duration="00:00:00.0004551" startTime="2025-10-22T21:12:47.0815206+03:00" endTime="2025-10-22T21:12:47.0815207+03:00" testType="13cdc9d9-ddb5-4fa4-a97d-d965ccfc6d4b" outcome="Passed" testListId="8c84fa94-04c1-424b-9868-57a2d4851a1d" relativeResultsDirectory="a38fad59-4cee-4715-b1a9-3a2f66ab59ef" />
    <UnitTestResult executionId="75524693-3986-4283-95c7-17273b83e81f" testId="26ed0229-7d96-f46f-9e9b-6f7167615bee" testName="Skyworks.Api.Tests.GRC.GRCCalculationTests_SORA_2_5.GetPopulationCategory_ReturnsCorrectCategory(density: 0, controlled: True, expected: ControlledGroundArea)" computerName="CHRISTOSCH" duration="00:00:00.0000198" startTime="2025-10-22T21:12:47.1089069+03:00" endTime="2025-10-22T21:12:47.1089070+03:00" testType="13cdc9d9-ddb5-4fa4-a97d-d965ccfc6d4b" outcome="Passed" testListId="8c84fa94-04c1-424b-9868-57a2d4851a1d" relativeResultsDirectory="75524693-3986-4283-95c7-17273b83e81f" />
    <UnitTestResult executionId="473874f8-1b87-4e59-babd-9df5e37a23e4" testId="33343551-5aa9-c162-ea06-86087ea0fffa" testName="Skyworks.Api.Tests.Traffic.TrafficProvider_Tests.GetTrafficDensity_Athens_FindsTargets" computerName="CHRISTOSCH" duration="00:00:00.0012793" startTime="2025-10-22T21:12:47.1224113+03:00" endTime="2025-10-22T21:12:47.1224114+03:00" testType="13cdc9d9-ddb5-4fa4-a97d-d965ccfc6d4b" outcome="Passed" testListId="8c84fa94-04c1-424b-9868-57a2d4851a1d" relativeResultsDirectory="473874f8-1b87-4e59-babd-9df5e37a23e4" />
    <UnitTestResult executionId="e3cb1605-696f-4305-868e-b0633b6af88e" testId="9d71037f-9bb9-401d-d512-5f6e62fec0ac" testName="Skyworks.Api.Tests.Traffic.TrafficProvider_Tests.TrafficDensityThresholds_ClassifiesCorrectly(targetCount: 11, expectedLevel: &quot;Very High&quot;)" computerName="CHRISTOSCH" duration="00:00:00.4794789" startTime="2025-10-22T21:12:46.9993042+03:00" endTime="2025-10-22T21:12:46.9993047+03:00" testType="13cdc9d9-ddb5-4fa4-a97d-d965ccfc6d4b" outcome="Passed" testListId="8c84fa94-04c1-424b-9868-57a2d4851a1d" relativeResultsDirectory="e3cb1605-696f-4305-868e-b0633b6af88e" />
    <UnitTestResult executionId="c86e3794-a66b-4506-82b9-9e01b43de16a" testId="ffdca772-32f2-6244-22ff-48bd4a0c5308" testName="Skyworks.Api.Tests.Weather.WeatherProvider_Tests.EvaluateGates_PrecipitationGate_WarnsForRain" computerName="CHRISTOSCH" duration="00:00:00.0022529" startTime="2025-10-22T21:12:47.1093004+03:00" endTime="2025-10-22T21:12:47.1093006+03:00" testType="13cdc9d9-ddb5-4fa4-a97d-d965ccfc6d4b" outcome="Passed" testListId="8c84fa94-04c1-424b-9868-57a2d4851a1d" relativeResultsDirectory="c86e3794-a66b-4506-82b9-9e01b43de16a" />
    <UnitTestResult executionId="dc9d757d-b305-4f7c-9bb8-ed1e2f72c7b9" testId="96c14a31-b2bc-72be-01f3-3124110be1e7" testName="Skyworks.Api.Tests.ARC_SAIL.ARC_Residual_Density_Tests.V20_Density_Reduction_C_to_B_When_1" computerName="CHRISTOSCH" duration="00:00:00.0004328" startTime="2025-10-22T21:12:47.0735632+03:00" endTime="2025-10-22T21:12:47.0735638+03:00" testType="13cdc9d9-ddb5-4fa4-a97d-d965ccfc6d4b" outcome="Passed" testListId="8c84fa94-04c1-424b-9868-57a2d4851a1d" relativeResultsDirectory="dc9d757d-b305-4f7c-9bb8-ed1e2f72c7b9" />
    <UnitTestResult executionId="87033beb-dca9-4b23-96e7-309f18cc8f7c" testId="1c7f22a5-908d-f712-3e02-3de0c588886d" testName="Skyworks.Api.Tests.Compliance.ComplianceProvider_Tests.GetObligations_BVLOS_RequiresAuthorization" computerName="CHRISTOSCH" duration="00:00:00.0030907" startTime="2025-10-22T21:12:47.1182039+03:00" endTime="2025-10-22T21:12:47.1182041+03:00" testType="13cdc9d9-ddb5-4fa4-a97d-d965ccfc6d4b" outcome="Passed" testListId="8c84fa94-04c1-424b-9868-57a2d4851a1d" relativeResultsDirectory="87033beb-dca9-4b23-96e7-309f18cc8f7c" />
    <UnitTestResult executionId="1c181899-99c7-4a06-ad69-bdc328dbae0b" testId="433b921f-85dc-388d-8451-33f4754022a4" testName="Skyworks.Api.Tests.Weather.WeatherProvider_Tests.VMCCriteria_CorrectlyEvaluatesConditions(visibilityMeters: 8000, cloudCeilingMeters: 600, altitudeAGL: 3500, expectedVMC: True)" computerName="CHRISTOSCH" duration="00:00:00.0008041" startTime="2025-10-22T21:12:47.0912851+03:00" endTime="2025-10-22T21:12:47.0912853+03:00" testType="13cdc9d9-ddb5-4fa4-a97d-d965ccfc6d4b" outcome="Passed" testListId="8c84fa94-04c1-424b-9868-57a2d4851a1d" relativeResultsDirectory="1c181899-99c7-4a06-ad69-bdc328dbae0b" />
    <UnitTestResult executionId="920fe41c-2141-49dc-bad8-89ac1b8f9e80" testId="0ea12b44-68b3-80aa-4c2c-b74dcc986c2e" testName="Skyworks.Api.Tests.GRC.GRCCalculationTests_SORA_2_0.SORA20_BVLOS_Populated_Above8m_ReturnsGRC10" computerName="CHRISTOSCH" duration="00:00:00.0003155" startTime="2025-10-22T21:12:47.0985796+03:00" endTime="2025-10-22T21:12:47.0985798+03:00" testType="13cdc9d9-ddb5-4fa4-a97d-d965ccfc6d4b" outcome="Passed" testListId="8c84fa94-04c1-424b-9868-57a2d4851a1d" relativeResultsDirectory="920fe41c-2141-49dc-bad8-89ac1b8f9e80" />
    <UnitTestResult executionId="49563da0-5be1-4b2d-842b-d0ee77ef0e32" testId="d0f10845-dcbd-c052-947d-603242d5e4cf" testName="Skyworks.Api.Tests.SAIL.SAILService_Tests.Composite_SAIL_All_Low_Risk_Returns_SAIL_I" computerName="CHRISTOSCH" duration="00:00:00.0005035" startTime="2025-10-22T21:12:47.1662674+03:00" endTime="2025-10-22T21:12:47.1662677+03:00" testType="13cdc9d9-ddb5-4fa4-a97d-d965ccfc6d4b" outcome="Passed" testListId="8c84fa94-04c1-424b-9868-57a2d4851a1d" relativeResultsDirectory="49563da0-5be1-4b2d-842b-d0ee77ef0e32" />
    <UnitTestResult executionId="749fff8b-6c86-4190-8efd-414ed101a7d8" testId="f2cfe1f3-03b4-bff5-4ae2-0a1b90436ddf" testName="Skyworks.Api.Tests.SAIL.SAILCompliance_Tests.Compliance_SORA25_SAIL_II_Partial_Missing_OSOs_Fails" computerName="CHRISTOSCH" duration="00:00:00.0365672" startTime="2025-10-22T21:12:47.1202703+03:00" endTime="2025-10-22T21:12:47.1202704+03:00" testType="13cdc9d9-ddb5-4fa4-a97d-d965ccfc6d4b" outcome="Passed" testListId="8c84fa94-04c1-424b-9868-57a2d4851a1d" relativeResultsDirectory="749fff8b-6c86-4190-8efd-414ed101a7d8" />
    <UnitTestResult executionId="e184173e-ad9e-4eaa-9be9-a39baaf20f74" testId="c095a7a1-4067-1391-f9cd-0aae5d0d68c6" testName="Skyworks.Api.Tests.Traffic.TrafficProvider_Tests.GetNearbyTargets_TypeFilter_Aircraft" computerName="CHRISTOSCH" duration="00:00:00.0023734" startTime="2025-10-22T21:12:47.1199884+03:00" endTime="2025-10-22T21:12:47.1199885+03:00" testType="13cdc9d9-ddb5-4fa4-a97d-d965ccfc6d4b" outcome="Passed" testListId="8c84fa94-04c1-424b-9868-57a2d4851a1d" relativeResultsDirectory="e184173e-ad9e-4eaa-9be9-a39baaf20f74" />
    <UnitTestResult executionId="4b7794fc-a365-4c7e-8c8f-189432d30198" testId="5fa0dd2b-4932-0d4b-3321-435a96f82826" testName="Skyworks.Api.Tests.OSO.OSOService_Tests.GetOSORequirements_InvalidVersion_Defaults_To_25" computerName="CHRISTOSCH" duration="00:00:00.0199846" startTime="2025-10-22T21:12:47.0929170+03:00" endTime="2025-10-22T21:12:47.0929173+03:00" testType="13cdc9d9-ddb5-4fa4-a97d-d965ccfc6d4b" outcome="Passed" testListId="8c84fa94-04c1-424b-9868-57a2d4851a1d" relativeResultsDirectory="4b7794fc-a365-4c7e-8c8f-189432d30198" />
    <UnitTestResult executionId="04653d88-8f7c-4609-8ed6-d229ce562041" testId="9dbb0f1c-4818-a6dc-471a-b5f45fe4adc7" testName="Skyworks.Api.Tests.ARC_SAIL.ARC_Residual_Tests.V25_From_D_With_S1_S2_Goes_To_B_Capped" computerName="CHRISTOSCH" duration="00:00:00.0004419" startTime="2025-10-22T21:12:47.0764761+03:00" endTime="2025-10-22T21:12:47.0764763+03:00" testType="13cdc9d9-ddb5-4fa4-a97d-d965ccfc6d4b" outcome="Passed" testListId="8c84fa94-04c1-424b-9868-57a2d4851a1d" relativeResultsDirectory="04653d88-8f7c-4609-8ed6-d229ce562041" />
    <UnitTestResult executionId="dbe29a2b-3c43-41cc-9db8-c6c6f5999000" testId="0a1b403c-c8c6-1cbc-b62f-3f02c6af934f" testName="Skyworks.Api.Tests.OSO.OSOService_Tests.SORA25_Annex_E_References_Present" computerName="CHRISTOSCH" duration="00:00:00.0002527" startTime="2025-10-22T21:12:47.1249631+03:00" endTime="2025-10-22T21:12:47.1249632+03:00" testType="13cdc9d9-ddb5-4fa4-a97d-d965ccfc6d4b" outcome="Passed" testListId="8c84fa94-04c1-424b-9868-57a2d4851a1d" relativeResultsDirectory="dbe29a2b-3c43-41cc-9db8-c6c6f5999000" />
    <UnitTestResult executionId="55b3a7f3-98ce-4eea-9b0e-79e4881904fc" testId="321fbea0-2111-24a4-ac8c-4a9f64c2ed57" testName="Skyworks.Api.Tests.ServiceZones.ServiceZones_More_Tests.Zone_at_point_is_detected(expectedZoneId: &quot;CY_NIC_MALL_OF_CYPRUS&quot;, lat: 35.182699999999997, lon: 33.056899999999999)" computerName="CHRISTOSCH" duration="00:00:00.0006049" startTime="2025-10-22T21:12:47.0831625+03:00" endTime="2025-10-22T21:12:47.0831628+03:00" testType="13cdc9d9-ddb5-4fa4-a97d-d965ccfc6d4b" outcome="Passed" testListId="8c84fa94-04c1-424b-9868-57a2d4851a1d" relativeResultsDirectory="55b3a7f3-98ce-4eea-9b0e-79e4881904fc" />
    <UnitTestResult executionId="470533a3-dba3-49e7-8140-1872d8f191af" testId="0ce0ad64-da8f-c5f4-d74b-ef34a0bc2c5f" testName="Skyworks.Api.Tests.GRC.GRCCalculationTests_SORA_2_0.SORA20_VLOS_Gathering_3m_OutOfScope" computerName="CHRISTOSCH" duration="00:00:00.0042257" startTime="2025-10-22T21:12:47.1071950+03:00" endTime="2025-10-22T21:12:47.1071952+03:00" testType="13cdc9d9-ddb5-4fa4-a97d-d965ccfc6d4b" outcome="Passed" testListId="8c84fa94-04c1-424b-9868-57a2d4851a1d" relativeResultsDirectory="470533a3-dba3-49e7-8140-1872d8f191af" />
    <UnitTestResult executionId="ce66cdcf-5bfe-4f61-b086-b40114d6b758" testId="cd8e3fcd-71fe-a127-40fc-8d8f0d85f813" testName="Skyworks.Api.Tests.Drones.DroneCatalog_Tests.GetDroneWithSORAHints_ParrotANAFI_ReturnsLowGRC" computerName="CHRISTOSCH" duration="00:00:00.0335835" startTime="2025-10-22T21:12:47.4022395+03:00" endTime="2025-10-22T21:12:47.4022401+03:00" testType="13cdc9d9-ddb5-4fa4-a97d-d965ccfc6d4b" outcome="Passed" testListId="8c84fa94-04c1-424b-9868-57a2d4851a1d" relativeResultsDirectory="ce66cdcf-5bfe-4f61-b086-b40114d6b758" />
    <UnitTestResult executionId="b1ab99d3-d694-4252-ad1c-b36bd2f9943a" testId="d8ac3580-b485-e32b-29c1-7d51fcba9f5d" testName="Skyworks.Api.Tests.OSO.OSOService_Tests.SORA25_Missing_OSOs_Not_Included" computerName="CHRISTOSCH" duration="00:00:00.0009031" startTime="2025-10-22T21:12:47.1432635+03:00" endTime="2025-10-22T21:12:47.1432639+03:00" testType="13cdc9d9-ddb5-4fa4-a97d-d965ccfc6d4b" outcome="Passed" testListId="8c84fa94-04c1-424b-9868-57a2d4851a1d" relativeResultsDirectory="b1ab99d3-d694-4252-ad1c-b36bd2f9943a" />
    <UnitTestResult executionId="d111cd4d-5678-4b94-8341-1442ca6ddaf3" testId="cc820091-42cd-3357-b5cb-77c8d6afffbf" testName="Skyworks.Api.Tests.Weather.WeatherProvider_Tests.GetForecast_ReturnsCurrentWeather" computerName="CHRISTOSCH" duration="00:00:00.0030392" startTime="2025-10-22T21:12:47.1137737+03:00" endTime="2025-10-22T21:12:47.1137738+03:00" testType="13cdc9d9-ddb5-4fa4-a97d-d965ccfc6d4b" outcome="Passed" testListId="8c84fa94-04c1-424b-9868-57a2d4851a1d" relativeResultsDirectory="d111cd4d-5678-4b94-8341-1442ca6ddaf3" />
    <UnitTestResult executionId="064dc38d-f34d-441e-a7b7-bf31d7193655" testId="32453466-e372-39a8-5b29-82b224e4b3c0" testName="Skyworks.Api.Tests.GRC.GRCCalculationTests_SORA_2_5.GetDimensionCategory_ReturnsCorrectCategory(dimension: 15, speed: 110, expected: VeryLarge)" computerName="CHRISTOSCH" duration="00:00:00.0006108" startTime="2025-10-22T21:12:47.0963414+03:00" endTime="2025-10-22T21:12:47.0963415+03:00" testType="13cdc9d9-ddb5-4fa4-a97d-d965ccfc6d4b" outcome="Passed" testListId="8c84fa94-04c1-424b-9868-57a2d4851a1d" relativeResultsDirectory="064dc38d-f34d-441e-a7b7-bf31d7193655" />
    <UnitTestResult executionId="19a742eb-8991-4b4e-9d8c-e96f8c14a61f" testId="520c407d-9f25-6497-ac82-9f0909bbd45a" testName="Skyworks.Api.Tests.SAIL.SAILService_Tests.Composite_SAIL_Invalid_ARC_Defaults_With_Note" computerName="CHRISTOSCH" duration="00:00:00.0008819" startTime="2025-10-22T21:12:47.1270423+03:00" endTime="2025-10-22T21:12:47.1270425+03:00" testType="13cdc9d9-ddb5-4fa4-a97d-d965ccfc6d4b" outcome="Passed" testListId="8c84fa94-04c1-424b-9868-57a2d4851a1d" relativeResultsDirectory="19a742eb-8991-4b4e-9d8c-e96f8c14a61f" />
    <UnitTestResult executionId="366f980c-4739-4acc-9d03-8dac6fdb470f" testId="132b47cc-b428-42f2-0aed-0bb4de7756a4" testName="Skyworks.Api.Tests.Weather.WeatherProvider_Tests.EvaluateGates_VMCGate_FailsForIMC" computerName="CHRISTOSCH" duration="00:00:00.0047552" startTime="2025-10-22T21:12:47.1046189+03:00" endTime="2025-10-22T21:12:47.1046190+03:00" testType="13cdc9d9-ddb5-4fa4-a97d-d965ccfc6d4b" outcome="Passed" testListId="8c84fa94-04c1-424b-9868-57a2d4851a1d" relativeResultsDirectory="366f980c-4739-4acc-9d03-8dac6fdb470f" />
    <UnitTestResult executionId="0ff12381-99a7-4dff-a423-d59380c01e28" testId="4f9f0cf2-102c-8957-e8b5-0a63cc126dd2" testName="Skyworks.Api.Tests.Weather.WeatherProvider_Tests.GetWeather_LimassolReturnsIMC" computerName="CHRISTOSCH" duration="00:00:00.0130242" startTime="2025-10-22T21:12:47.1028914+03:00" endTime="2025-10-22T21:12:47.1028915+03:00" testType="13cdc9d9-ddb5-4fa4-a97d-d965ccfc6d4b" outcome="Passed" testListId="8c84fa94-04c1-424b-9868-57a2d4851a1d" relativeResultsDirectory="0ff12381-99a7-4dff-a423-d59380c01e28" />
    <UnitTestResult executionId="3d245a2f-f4b9-4ca6-bfba-b8d0066a6e5b" testId="282f7a9a-58dd-00a5-575d-d1a1d5e9731d" testName="Skyworks.Api.Tests.OSO.OSOService_Tests.GetOSODetails_SORA20_OSO10_Exists" computerName="CHRISTOSCH" duration="00:00:00.0002999" startTime="2025-10-22T21:12:47.1248919+03:00" endTime="2025-10-22T21:12:47.1248920+03:00" testType="13cdc9d9-ddb5-4fa4-a97d-d965ccfc6d4b" outcome="Passed" testListId="8c84fa94-04c1-424b-9868-57a2d4851a1d" relativeResultsDirectory="3d245a2f-f4b9-4ca6-bfba-b8d0066a6e5b" />
    <UnitTestResult executionId="fbae1527-712d-4b98-937d-6689799a517e" testId="faad0e8e-fc1d-4e50-68a8-b64be67df2d7" testName="Skyworks.Api.Tests.Compliance.ComplianceProvider_Tests.GetChecklist_BVLOS_IncludesDAA" computerName="CHRISTOSCH" duration="00:00:00.0036422" startTime="2025-10-22T21:12:47.1157615+03:00" endTime="2025-10-22T21:12:47.1157618+03:00" testType="13cdc9d9-ddb5-4fa4-a97d-d965ccfc6d4b" outcome="Passed" testListId="8c84fa94-04c1-424b-9868-57a2d4851a1d" relativeResultsDirectory="fbae1527-712d-4b98-937d-6689799a517e" />
    <UnitTestResult executionId="3470c3d6-ca56-47ce-b608-3914bc6d66a5" testId="2dc88fcf-8549-5052-7004-83182f4d7216" testName="Skyworks.Api.Tests.SAIL.SAILService_Tests.SAIL_GRC3_ARCa_Returns_SAIL_II" computerName="CHRISTOSCH" duration="00:00:00.0005205" startTime="2025-10-22T21:12:47.1460238+03:00" endTime="2025-10-22T21:12:47.1460241+03:00" testType="13cdc9d9-ddb5-4fa4-a97d-d965ccfc6d4b" outcome="Passed" testListId="8c84fa94-04c1-424b-9868-57a2d4851a1d" relativeResultsDirectory="3470c3d6-ca56-47ce-b608-3914bc6d66a5" />
    <UnitTestResult executionId="08b1964f-f810-46e1-8777-317ea97746a1" testId="5ddf877c-bde0-187c-21f8-57f29fabffdb" testName="Skyworks.Api.Tests.SAIL.SAILService_Tests.Golden_Test01_Urban_VLOS_Nicosia" computerName="CHRISTOSCH" duration="00:00:00.0004799" startTime="2025-10-22T21:12:47.1527110+03:00" endTime="2025-10-22T21:12:47.1527113+03:00" testType="13cdc9d9-ddb5-4fa4-a97d-d965ccfc6d4b" outcome="Passed" testListId="8c84fa94-04c1-424b-9868-57a2d4851a1d" relativeResultsDirectory="08b1964f-f810-46e1-8777-317ea97746a1" />
    <UnitTestResult executionId="8adf4e19-d945-48b6-8073-d72af520189d" testId="41f40ada-e605-361a-a9bc-1c77c626dc2a" testName="Skyworks.Api.Tests.SAIL.SAILService_Tests.Composite_SAIL_Uses_Highest_Segment" computerName="CHRISTOSCH" duration="00:00:00.0207170" startTime="2025-10-22T21:12:47.1446807+03:00" endTime="2025-10-22T21:12:47.1446810+03:00" testType="13cdc9d9-ddb5-4fa4-a97d-d965ccfc6d4b" outcome="Passed" testListId="8c84fa94-04c1-424b-9868-57a2d4851a1d" relativeResultsDirectory="8adf4e19-d945-48b6-8073-d72af520189d" />
    <UnitTestResult executionId="ed6a432f-fa22-4439-9795-e85182448c97" testId="4d568c4d-97fd-7aae-6d74-5a684dbacd52" testName="Skyworks.Api.Tests.ARC_SAIL.ARC_Environment_Tests.V20_Controlled_AtOrBelow120_Is_ARC_C" computerName="CHRISTOSCH" duration="00:00:00.0004030" startTime="2025-10-22T21:12:47.0765294+03:00" endTime="2025-10-22T21:12:47.0765295+03:00" testType="13cdc9d9-ddb5-4fa4-a97d-d965ccfc6d4b" outcome="Passed" testListId="8c84fa94-04c1-424b-9868-57a2d4851a1d" relativeResultsDirectory="ed6a432f-fa22-4439-9795-e85182448c97" />
    <UnitTestResult executionId="0fe4d209-389b-4548-9dd1-6711143e07ba" testId="055a5140-9550-8553-779b-91dc960551d8" testName="Skyworks.Api.Tests.OSO.OSOService_Tests.All_SAIL_Levels_Return_Requirements" computerName="CHRISTOSCH" duration="00:00:00.0007582" startTime="2025-10-22T21:12:47.1433974+03:00" endTime="2025-10-22T21:12:47.1433975+03:00" testType="13cdc9d9-ddb5-4fa4-a97d-d965ccfc6d4b" outcome="Passed" testListId="8c84fa94-04c1-424b-9868-57a2d4851a1d" relativeResultsDirectory="0fe4d209-389b-4548-9dd1-6711143e07ba" />
    <UnitTestResult executionId="9649dca9-4769-46d9-bfa2-7e8858a3e2c7" testId="d8e02d6b-7c5b-8425-1e06-078a1d183b00" testName="Skyworks.Api.Tests.Weather.WeatherProvider_Tests.VMCCriteria_CorrectlyEvaluatesConditions(visibilityMeters: 8000, cloudCeilingMeters: 300, altitudeAGL: 200, expectedVMC: False)" computerName="CHRISTOSCH" duration="00:00:00.0055766" startTime="2025-10-22T21:12:47.0912121+03:00" endTime="2025-10-22T21:12:47.0912122+03:00" testType="13cdc9d9-ddb5-4fa4-a97d-d965ccfc6d4b" outcome="Passed" testListId="8c84fa94-04c1-424b-9868-57a2d4851a1d" relativeResultsDirectory="9649dca9-4769-46d9-bfa2-7e8858a3e2c7" />
    <UnitTestResult executionId="72227f68-5f6d-420f-b727-44ef1124d159" testId="ffe3b398-d675-6ff2-dea9-fb0a1dbce1c0" testName="Skyworks.Api.Tests.ARC_SAIL.ARC_SAIL_Tests.SAIL_V20_Table5_Mapping(finalGrc: 4, arc: C, expected: IV)" computerName="CHRISTOSCH" duration="00:00:00.0007025" startTime="2025-10-22T21:12:47.0991860+03:00" endTime="2025-10-22T21:12:47.0991863+03:00" testType="13cdc9d9-ddb5-4fa4-a97d-d965ccfc6d4b" outcome="Passed" testListId="8c84fa94-04c1-424b-9868-57a2d4851a1d" relativeResultsDirectory="72227f68-5f6d-420f-b727-44ef1124d159" />
    <UnitTestResult executionId="b919434c-0dbf-4cef-8525-06a4773acea1" testId="576740c3-3c83-35e8-6622-25134ad7e966" testName="Skyworks.Api.Tests.Airspace.AirspaceProvider_Cyprus_Tests.MyMall_Limassol_is_in_Akrotiri_CTR" computerName="CHRISTOSCH" duration="00:00:00.0025353" startTime="2025-10-22T21:12:47.0857462+03:00" endTime="2025-10-22T21:12:47.0857463+03:00" testType="13cdc9d9-ddb5-4fa4-a97d-d965ccfc6d4b" outcome="Passed" testListId="8c84fa94-04c1-424b-9868-57a2d4851a1d" relativeResultsDirectory="b919434c-0dbf-4cef-8525-06a4773acea1" />
    <UnitTestResult executionId="a861caf1-2aca-46f8-9974-f3b4980e4986" testId="0dd9bb45-f0a2-3379-3ef8-b3c5440e5464" testName="Skyworks.Api.Tests.SAIL.SAILService_Tests.Golden_Test04_Coastal_BVLOS_Larnaca" computerName="CHRISTOSCH" duration="00:00:00.0005331" startTime="2025-10-22T21:12:47.1471012+03:00" endTime="2025-10-22T21:12:47.1471016+03:00" testType="13cdc9d9-ddb5-4fa4-a97d-d965ccfc6d4b" outcome="Passed" testListId="8c84fa94-04c1-424b-9868-57a2d4851a1d" relativeResultsDirectory="a861caf1-2aca-46f8-9974-f3b4980e4986" />
    <UnitTestResult executionId="982734c4-b64b-4598-9564-61da3b836005" testId="802b8002-464f-893a-e6d6-5f31d148c9a1" testName="Skyworks.Api.Tests.Traffic.TrafficProvider_Tests.GetNearbyTargets_ReturnsOrderedByDistance" computerName="CHRISTOSCH" duration="00:00:00.0018329" startTime="2025-10-22T21:12:47.1243564+03:00" endTime="2025-10-22T21:12:47.1243565+03:00" testType="13cdc9d9-ddb5-4fa4-a97d-d965ccfc6d4b" outcome="Passed" testListId="8c84fa94-04c1-424b-9868-57a2d4851a1d" relativeResultsDirectory="982734c4-b64b-4598-9564-61da3b836005" />
    <UnitTestResult executionId="d83e5a5c-bbc2-4f1a-9df2-7ea872fb8901" testId="234c5c69-66c4-1aaf-ac76-2559348fb38a" testName="Skyworks.Api.Tests.OSO.OSOService_Tests.SORA20_vs_SORA25_SAIL_III_Comparison" computerName="CHRISTOSCH" duration="00:00:00.0006452" startTime="2025-10-22T21:12:47.0931523+03:00" endTime="2025-10-22T21:12:47.0931525+03:00" testType="13cdc9d9-ddb5-4fa4-a97d-d965ccfc6d4b" outcome="Passed" testListId="8c84fa94-04c1-424b-9868-57a2d4851a1d" relativeResultsDirectory="d83e5a5c-bbc2-4f1a-9df2-7ea872fb8901" />
    <UnitTestResult executionId="773d1019-ff59-42b4-9185-abff7ae21f70" testId="cb08d9e4-497f-1c7f-2cf0-582b2a056685" testName="Skyworks.Api.Tests.GRC.GRCCalculationTests_SORA_2_0.SORA20_ControlledArea_ReturnsCorrectGRC(scenario: ControlledGroundArea, dimension: 10, expectedGRC: 4)" computerName="CHRISTOSCH" duration="00:00:00.0008025" startTime="2025-10-22T21:12:47.0960071+03:00" endTime="2025-10-22T21:12:47.0960073+03:00" testType="13cdc9d9-ddb5-4fa4-a97d-d965ccfc6d4b" outcome="Passed" testListId="8c84fa94-04c1-424b-9868-57a2d4851a1d" relativeResultsDirectory="773d1019-ff59-42b4-9185-abff7ae21f70" />
    <UnitTestResult executionId="c2eddca9-3b1c-4209-bf46-d71084e87920" testId="7e80390f-3c73-5243-c9e0-02501edc28fd" testName="Skyworks.Api.Tests.OSO.OSOService_Tests.Golden_Test_Nicosia_Urban_SAIL_V_OSO_Requirements" computerName="CHRISTOSCH" duration="00:00:00.0007631" startTime="2025-10-22T21:12:47.1227010+03:00" endTime="2025-10-22T21:12:47.1227011+03:00" testType="13cdc9d9-ddb5-4fa4-a97d-d965ccfc6d4b" outcome="Passed" testListId="8c84fa94-04c1-424b-9868-57a2d4851a1d" relativeResultsDirectory="c2eddca9-3b1c-4209-bf46-d71084e87920" />
    <UnitTestResult executionId="e13b48be-4c0e-49ac-adae-2e810638a49a" testId="c931315c-816e-3659-5217-8274750633ed" testName="Skyworks.Api.Tests.Traffic.TrafficProvider_Tests.GetTrafficDensity_CalculatesAverageAltitude" computerName="CHRISTOSCH" duration="00:00:00.0018687" startTime="2025-10-22T21:12:47.1197875+03:00" endTime="2025-10-22T21:12:47.1197877+03:00" testType="13cdc9d9-ddb5-4fa4-a97d-d965ccfc6d4b" outcome="Passed" testListId="8c84fa94-04c1-424b-9868-57a2d4851a1d" relativeResultsDirectory="e13b48be-4c0e-49ac-adae-2e810638a49a" />
    <UnitTestResult executionId="ebde6a35-fb81-4ef1-b5dc-0ee859d927cf" testId="cd194c08-c31a-79f7-8d32-474094fd2b9a" testName="Skyworks.Api.Tests.Airspace.AirspaceProviderTests.Altitude_filter_excludes_above_upper" computerName="CHRISTOSCH" duration="00:00:00.0033618" startTime="2025-10-22T21:12:47.0810331+03:00" endTime="2025-10-22T21:12:47.0810337+03:00" testType="13cdc9d9-ddb5-4fa4-a97d-d965ccfc6d4b" outcome="Passed" testListId="8c84fa94-04c1-424b-9868-57a2d4851a1d" relativeResultsDirectory="ebde6a35-fb81-4ef1-b5dc-0ee859d927cf" />
    <UnitTestResult executionId="fabc4157-79bd-4092-a915-28fa4b92b6fb" testId="10ef1f38-0cd6-56ae-109a-fcbfa9df62d2" testName="Skyworks.Api.Tests.Traffic.TrafficProvider_Tests.GetTrafficDensity_HighDensity_AddsRiskNotes" computerName="CHRISTOSCH" duration="00:00:00.0020230" startTime="2025-10-22T21:12:47.1242151+03:00" endTime="2025-10-22T21:12:47.1242153+03:00" testType="13cdc9d9-ddb5-4fa4-a97d-d965ccfc6d4b" outcome="Passed" testListId="8c84fa94-04c1-424b-9868-57a2d4851a1d" relativeResultsDirectory="fabc4157-79bd-4092-a915-28fa4b92b6fb" />
    <UnitTestResult executionId="cec2dc9b-75ef-4cda-afd0-1c51ce8ed5de" testId="7594d324-9a90-9382-2de9-6ede6f181520" testName="Skyworks.Api.Tests.GRC.GRCCalculationTests_SORA_2_0.SORA20_FinalGRC_Above7_Invalid" computerName="CHRISTOSCH" duration="00:00:00.0007165" startTime="2025-10-22T21:12:47.1032628+03:00" endTime="2025-10-22T21:12:47.1032629+03:00" testType="13cdc9d9-ddb5-4fa4-a97d-d965ccfc6d4b" outcome="Passed" testListId="8c84fa94-04c1-424b-9868-57a2d4851a1d" relativeResultsDirectory="cec2dc9b-75ef-4cda-afd0-1c51ce8ed5de" />
    <UnitTestResult executionId="2086f583-d93f-448a-b68c-414b72a6e871" testId="d9d00934-7e16-3eff-0ad2-5833b2e607ee" testName="Skyworks.Api.Tests.SAIL.SAILService_Tests.SAIL_GRC6_ARCa_Returns_SAIL_V" computerName="CHRISTOSCH" duration="00:00:00.0004277" startTime="2025-10-22T21:12:47.1531982+03:00" endTime="2025-10-22T21:12:47.1531985+03:00" testType="13cdc9d9-ddb5-4fa4-a97d-d965ccfc6d4b" outcome="Passed" testListId="8c84fa94-04c1-424b-9868-57a2d4851a1d" relativeResultsDirectory="2086f583-d93f-448a-b68c-414b72a6e871" />
    <UnitTestResult executionId="285537c3-d7d5-4e9e-9486-a00a8f3b6c61" testId="2f6495ff-2ede-6796-2c4b-3fbb3f80db2f" testName="Skyworks.Api.Tests.Population.PopulationDensityProviderTests.Athens_Center_Returns_High_Density" computerName="CHRISTOSCH" duration="00:00:00.0012012" startTime="2025-10-22T21:12:47.1023730+03:00" endTime="2025-10-22T21:12:47.1023732+03:00" testType="13cdc9d9-ddb5-4fa4-a97d-d965ccfc6d4b" outcome="Passed" testListId="8c84fa94-04c1-424b-9868-57a2d4851a1d" relativeResultsDirectory="285537c3-d7d5-4e9e-9486-a00a8f3b6c61" />
    <UnitTestResult executionId="52d8c729-d03f-4cdf-835a-601df5a62103" testId="bdb4e3b0-52d0-506b-d1aa-a1be5b0b2430" testName="Skyworks.Api.Tests.GRC.GRCCalculationTests_SORA_2_0.SORA20_ControlledArea_ReturnsCorrectGRC(scenario: ControlledGroundArea, dimension: 2.5, expectedGRC: 2)" computerName="CHRISTOSCH" duration="00:00:00.0102933" startTime="2025-10-22T21:12:47.0937062+03:00" endTime="2025-10-22T21:12:47.0937065+03:00" testType="13cdc9d9-ddb5-4fa4-a97d-d965ccfc6d4b" outcome="Passed" testListId="8c84fa94-04c1-424b-9868-57a2d4851a1d" relativeResultsDirectory="52d8c729-d03f-4cdf-835a-601df5a62103" />
    <UnitTestResult executionId="335ee859-560f-4c07-b684-af565b74f2dd" testId="1cfde369-a236-05b1-5fb5-4fd783fe4f22" testName="Skyworks.Api.Tests.GRC.GRCCalculationTests_SORA_2_5.CalculateFinalGRC_NoMitigations_ReturnsSameAsIntrinsic" computerName="CHRISTOSCH" duration="00:00:00.0006073" startTime="2025-10-22T21:12:47.1153426+03:00" endTime="2025-10-22T21:12:47.1153428+03:00" testType="13cdc9d9-ddb5-4fa4-a97d-d965ccfc6d4b" outcome="Passed" testListId="8c84fa94-04c1-424b-9868-57a2d4851a1d" relativeResultsDirectory="335ee859-560f-4c07-b684-af565b74f2dd" />
    <UnitTestResult executionId="9034da2c-b859-4c5b-b8b9-24f17dfeda6d" testId="ae321f04-505a-0421-32f5-9064807cff94" testName="Skyworks.Api.Tests.AuthAndKbTests.Login_Returns_Token" computerName="CHRISTOSCH" duration="00:00:00.0010000" startTime="2025-10-22T21:12:47.0892600+03:00" endTime="2025-10-22T21:12:47.0892604+03:00" testType="13cdc9d9-ddb5-4fa4-a97d-d965ccfc6d4b" outcome="NotExecuted" testListId="8c84fa94-04c1-424b-9868-57a2d4851a1d" relativeResultsDirectory="9034da2c-b859-4c5b-b8b9-24f17dfeda6d">
      <Output>
        <ErrorInfo>
          <Message>Phase1: auth wired, skipping login test in CI until environment stable</Message>
        </ErrorInfo>
      </Output>
    </UnitTestResult>
    <UnitTestResult executionId="2177ac25-d6cc-4ba6-b092-a3f077c3c04c" testId="45661521-489e-829a-a175-c2ee7a7c4a8e" testName="Skyworks.Api.Tests.ARC_SAIL.ARC_SAIL_Tests.TMPR_Mapping_V20_V25_IsConsistent" computerName="CHRISTOSCH" duration="00:00:00.0056873" startTime="2025-10-22T21:12:47.1048042+03:00" endTime="2025-10-22T21:12:47.1048044+03:00" testType="13cdc9d9-ddb5-4fa4-a97d-d965ccfc6d4b" outcome="Passed" testListId="8c84fa94-04c1-424b-9868-57a2d4851a1d" relativeResultsDirectory="2177ac25-d6cc-4ba6-b092-a3f077c3c04c" />
    <UnitTestResult executionId="eda24cb8-7a8a-4a88-8ff0-c4718adc0f99" testId="1f092a2d-b16b-0014-dad9-208fab7dfeb0" testName="Skyworks.Api.Tests.ARC_SAIL.ARC_Residual_Density_Tests.V25_Density_Reduction_D_to_C_When_3_or_4" computerName="CHRISTOSCH" duration="00:00:00.4862718" startTime="2025-10-22T21:12:47.0697881+03:00" endTime="2025-10-22T21:12:47.0697883+03:00" testType="13cdc9d9-ddb5-4fa4-a97d-d965ccfc6d4b" outcome="Passed" testListId="8c84fa94-04c1-424b-9868-57a2d4851a1d" relativeResultsDirectory="eda24cb8-7a8a-4a88-8ff0-c4718adc0f99" />
    <UnitTestResult executionId="91eb5a76-3fc0-493f-a66f-0aa28dfa49ee" testId="9aaa2a4e-c3c5-e3cf-3b24-9593996af6d9" testName="Skyworks.Api.Tests.Weather.WeatherProvider_Tests.EvaluateGates_WindGate_PassesForModerateWind" computerName="CHRISTOSCH" duration="00:00:00.0198395" startTime="2025-10-22T21:12:47.0897065+03:00" endTime="2025-10-22T21:12:47.0897067+03:00" testType="13cdc9d9-ddb5-4fa4-a97d-d965ccfc6d4b" outcome="Passed" testListId="8c84fa94-04c1-424b-9868-57a2d4851a1d" relativeResultsDirectory="91eb5a76-3fc0-493f-a66f-0aa28dfa49ee" />
    <UnitTestResult executionId="e7c2c081-8041-47b5-98be-288575194979" testId="9697b12b-9b33-5379-bc0d-b8283d6ef37d" testName="Skyworks.Api.Tests.ARC_SAIL.ARC_Residual_Tests.ExplicitResidualOverride_Wins" computerName="CHRISTOSCH" duration="00:00:00.0007447" startTime="2025-10-22T21:12:47.0790459+03:00" endTime="2025-10-22T21:12:47.0790461+03:00" testType="13cdc9d9-ddb5-4fa4-a97d-d965ccfc6d4b" outcome="Passed" testListId="8c84fa94-04c1-424b-9868-57a2d4851a1d" relativeResultsDirectory="e7c2c081-8041-47b5-98be-288575194979" />
    <UnitTestResult executionId="0c1d48be-273a-4fe5-85cc-cd9d4ef52a55" testId="7e620187-4000-92f2-d1b1-028966d9175d" testName="Skyworks.Api.Tests.Population.PopulationDensityProviderTests.MaxDensityInArea_Returns_Max" computerName="CHRISTOSCH" duration="00:00:00.0398321" startTime="2025-10-22T21:12:47.1007867+03:00" endTime="2025-10-22T21:12:47.1007869+03:00" testType="13cdc9d9-ddb5-4fa4-a97d-d965ccfc6d4b" outcome="Passed" testListId="8c84fa94-04c1-424b-9868-57a2d4851a1d" relativeResultsDirectory="0c1d48be-273a-4fe5-85cc-cd9d4ef52a55" />
    <UnitTestResult executionId="529104c9-979d-426f-95d4-4e35000e041a" testId="1e97826c-3fae-c874-7c87-63c994c4639a" testName="Skyworks.Api.Tests.GRC.GRCCalculationTests_SORA_2_5.GetPopulationCategory_ReturnsCorrectCategory(density: 30000, controlled: False, expected: HighDensityMetro)" computerName="CHRISTOSCH" duration="00:00:00.0000131" startTime="2025-10-22T21:12:47.1090456+03:00" endTime="2025-10-22T21:12:47.1090458+03:00" testType="13cdc9d9-ddb5-4fa4-a97d-d965ccfc6d4b" outcome="Passed" testListId="8c84fa94-04c1-424b-9868-57a2d4851a1d" relativeResultsDirectory="529104c9-979d-426f-95d4-4e35000e041a" />
    <UnitTestResult executionId="0a641f5b-b4dc-4511-b3df-3091c13c99ef" testId="4e2fc014-ca51-ff51-54cd-ce17dd5b5181" testName="Skyworks.Api.Tests.Traffic.TrafficProvider_Tests.TrafficDensityThresholds_ClassifiesCorrectly(targetCount: 20, expectedLevel: &quot;Very High&quot;)" computerName="CHRISTOSCH" duration="00:00:00.0000178" startTime="2025-10-22T21:12:47.0691641+03:00" endTime="2025-10-22T21:12:47.0691642+03:00" testType="13cdc9d9-ddb5-4fa4-a97d-d965ccfc6d4b" outcome="Passed" testListId="8c84fa94-04c1-424b-9868-57a2d4851a1d" relativeResultsDirectory="0a641f5b-b4dc-4511-b3df-3091c13c99ef" />
    <UnitTestResult executionId="7b900045-5af7-439b-963e-f42e4c2e047a" testId="d775149a-3b73-e6a6-580f-eb8a52a7cc9a" testName="Skyworks.Api.Tests.Streaming.StreamingArc_Tests.Streaming_Produces_Event_And_Caches_Airspace" computerName="CHRISTOSCH" duration="00:00:00.5225200" startTime="2025-10-22T21:12:47.0967476+03:00" endTime="2025-10-22T21:12:47.0967477+03:00" testType="13cdc9d9-ddb5-4fa4-a97d-d965ccfc6d4b" outcome="Passed" testListId="8c84fa94-04c1-424b-9868-57a2d4851a1d" relativeResultsDirectory="7b900045-5af7-439b-963e-f42e4c2e047a" />
    <UnitTestResult executionId="a699413c-a636-42d6-b832-62a724ffecfa" testId="1f1f2193-36bb-8630-2ba5-42f51794600e" testName="Skyworks.Api.Tests.ARC_SAIL.ARC_Residual_Density_Tests.V20_Density_Reduction_D_to_B_When_1_or_2" computerName="CHRISTOSCH" duration="00:00:00.0003683" startTime="2025-10-22T21:12:47.0738801+03:00" endTime="2025-10-22T21:12:47.0738802+03:00" testType="13cdc9d9-ddb5-4fa4-a97d-d965ccfc6d4b" outcome="Passed" testListId="8c84fa94-04c1-424b-9868-57a2d4851a1d" relativeResultsDirectory="a699413c-a636-42d6-b832-62a724ffecfa" />
    <UnitTestResult executionId="acd5e912-27b8-458a-bc6d-3f7231c5be43" testId="3eb07fcb-b0c6-6928-8c5b-e135d73f677f" testName="Skyworks.Api.Tests.ARC_SAIL.ARC_Residual_Tests.V20_From_A_Stays_A" computerName="CHRISTOSCH" duration="00:00:00.0004658" startTime="2025-10-22T21:12:47.0794487+03:00" endTime="2025-10-22T21:12:47.0794489+03:00" testType="13cdc9d9-ddb5-4fa4-a97d-d965ccfc6d4b" outcome="Passed" testListId="8c84fa94-04c1-424b-9868-57a2d4851a1d" relativeResultsDirectory="acd5e912-27b8-458a-bc6d-3f7231c5be43" />
    <UnitTestResult executionId="31b6cbf7-7bce-4bdd-bbae-4f3c7c60b8b7" testId="7a410d10-28ec-2af1-3307-7814f89b64a9" testName="Skyworks.Api.Tests.Traffic.TrafficProvider_Tests.GetNearbyTargets_AltitudeFilter_FiltersCorrectly" computerName="CHRISTOSCH" duration="00:00:00.0023254" startTime="2025-10-22T21:12:47.1200788+03:00" endTime="2025-10-22T21:12:47.1200790+03:00" testType="13cdc9d9-ddb5-4fa4-a97d-d965ccfc6d4b" outcome="Passed" testListId="8c84fa94-04c1-424b-9868-57a2d4851a1d" relativeResultsDirectory="31b6cbf7-7bce-4bdd-bbae-4f3c7c60b8b7" />
    <UnitTestResult executionId="5c87c1b2-8542-4059-b67e-fb306fea99ef" testId="0076794c-433a-0a09-e12c-85b3f4a566b8" testName="Skyworks.Api.Tests.SAIL.SAILService_Tests.SAIL_GRC1_ARCa_Returns_SAIL_I" computerName="CHRISTOSCH" duration="00:00:00.0004813" startTime="2025-10-22T21:12:47.1425105+03:00" endTime="2025-10-22T21:12:47.1425109+03:00" testType="13cdc9d9-ddb5-4fa4-a97d-d965ccfc6d4b" outcome="Passed" testListId="8c84fa94-04c1-424b-9868-57a2d4851a1d" relativeResultsDirectory="5c87c1b2-8542-4059-b67e-fb306fea99ef" />
    <UnitTestResult executionId="fd39ca26-a519-4673-8b75-db5447fdddcc" testId="50dcecd9-cb2a-a794-4618-bc3ba7c7c272" testName="Skyworks.Api.Tests.Population.PopulationDensityProviderTests.Rural_Greece_Returns_Low_Density" computerName="CHRISTOSCH" duration="00:00:00.4965612" startTime="2025-10-22T21:12:47.0759921+03:00" endTime="2025-10-22T21:12:47.0759924+03:00" testType="13cdc9d9-ddb5-4fa4-a97d-d965ccfc6d4b" outcome="Passed" testListId="8c84fa94-04c1-424b-9868-57a2d4851a1d" relativeResultsDirectory="fd39ca26-a519-4673-8b75-db5447fdddcc" />
    <UnitTestResult executionId="9bea8b28-d3f0-4b65-9d0b-43af77b889a2" testId="497c8507-9faa-645d-9764-faab2b16c92e" testName="Skyworks.Api.Tests.SAIL.SAILService_Tests.SAIL_GRC8_Returns_CategoryC" computerName="CHRISTOSCH" duration="00:00:00.0004688" startTime="2025-10-22T21:12:47.1494382+03:00" endTime="2025-10-22T21:12:47.1494385+03:00" testType="13cdc9d9-ddb5-4fa4-a97d-d965ccfc6d4b" outcome="Passed" testListId="8c84fa94-04c1-424b-9868-57a2d4851a1d" relativeResultsDirectory="9bea8b28-d3f0-4b65-9d0b-43af77b889a2" />
    <UnitTestResult executionId="94acd68a-08e1-4127-93db-965ba019b792" testId="d483f5b2-20f7-4c99-ab80-8715a29d561d" testName="Skyworks.Api.Tests.AgentsEndpointTests.TrainingStatus_ReturnsLatestReport" computerName="CHRISTOSCH" duration="00:00:01.9700644" startTime="2025-10-22T21:12:48.4898021+03:00" endTime="2025-10-22T21:12:48.4898027+03:00" testType="13cdc9d9-ddb5-4fa4-a97d-d965ccfc6d4b" outcome="Passed" testListId="8c84fa94-04c1-424b-9868-57a2d4851a1d" relativeResultsDirectory="94acd68a-08e1-4127-93db-965ba019b792" />
    <UnitTestResult executionId="70e588b0-9dfc-4d56-8112-3342f2b9119e" testId="de11a5c5-df23-0c9e-db59-40972385093a" testName="Skyworks.Api.Tests.OSO.OSOService_Tests.ValidateCompliance_Optional_OSOs_Not_Required" computerName="CHRISTOSCH" duration="00:00:00.0007100" startTime="2025-10-22T21:12:47.1430036+03:00" endTime="2025-10-22T21:12:47.1430037+03:00" testType="13cdc9d9-ddb5-4fa4-a97d-d965ccfc6d4b" outcome="Passed" testListId="8c84fa94-04c1-424b-9868-57a2d4851a1d" relativeResultsDirectory="70e588b0-9dfc-4d56-8112-3342f2b9119e" />
    <UnitTestResult executionId="150775c6-c656-4794-a229-1c321d6789b0" testId="e371ae59-caee-73a9-b5ec-a13d6d05f072" testName="Skyworks.Api.Tests.Compliance.ComplianceProvider_Tests.GetObligations_ARCc_RequiresOSOAndTMPR" computerName="CHRISTOSCH" duration="00:00:00.5162635" startTime="2025-10-22T21:12:47.0911477+03:00" endTime="2025-10-22T21:12:47.0911479+03:00" testType="13cdc9d9-ddb5-4fa4-a97d-d965ccfc6d4b" outcome="Passed" testListId="8c84fa94-04c1-424b-9868-57a2d4851a1d" relativeResultsDirectory="150775c6-c656-4794-a229-1c321d6789b0" />
    <UnitTestResult executionId="f5ba3da8-4106-4ce6-a251-f19aefe13d60" testId="29220446-905f-3f98-5aa2-9680ae42f461" testName="Skyworks.Api.Tests.GRC.GRCCalculationTests_SORA_2_5.CalculateFinalGRC_M2_High_ReducesBy2" computerName="CHRISTOSCH" duration="00:00:00.0004578" startTime="2025-10-22T21:12:47.1136446+03:00" endTime="2025-10-22T21:12:47.1136447+03:00" testType="13cdc9d9-ddb5-4fa4-a97d-d965ccfc6d4b" outcome="Passed" testListId="8c84fa94-04c1-424b-9868-57a2d4851a1d" relativeResultsDirectory="f5ba3da8-4106-4ce6-a251-f19aefe13d60" />
    <UnitTestResult executionId="e06c51bf-9f61-4cc8-b0ce-fb117c0b4ca1" testId="58ad49e7-ca0b-6638-6db9-639df9eb8402" testName="Skyworks.Api.Tests.Traffic.TrafficProvider_Tests.TrafficDensityThresholds_ClassifiesCorrectly(targetCount: 0, expectedLevel: &quot;Low&quot;)" computerName="CHRISTOSCH" duration="00:00:00.0000053" startTime="2025-10-22T21:12:47.0693577+03:00" endTime="2025-10-22T21:12:47.0693579+03:00" testType="13cdc9d9-ddb5-4fa4-a97d-d965ccfc6d4b" outcome="Passed" testListId="8c84fa94-04c1-424b-9868-57a2d4851a1d" relativeResultsDirectory="e06c51bf-9f61-4cc8-b0ce-fb117c0b4ca1" />
    <UnitTestResult executionId="6c6af302-3455-4c76-ad40-436b69ec9c52" testId="5ba36593-510e-c545-d67e-93451231b51b" testName="Skyworks.Api.Tests.ARC_SAIL.ARC_SAIL_Tests.SAIL_V25_OutOfScope_ReturnsNotSupported(finalGrc: 0)" computerName="CHRISTOSCH" duration="00:00:00.0005962" startTime="2025-10-22T21:12:47.1010082+03:00" endTime="2025-10-22T21:12:47.1010084+03:00" testType="13cdc9d9-ddb5-4fa4-a97d-d965ccfc6d4b" outcome="Passed" testListId="8c84fa94-04c1-424b-9868-57a2d4851a1d" relativeResultsDirectory="6c6af302-3455-4c76-ad40-436b69ec9c52" />
    <UnitTestResult executionId="86c4b618-3992-4f82-b0ae-1a8780e238fe" testId="90473011-8a45-bfd2-bdae-d0319870a653" testName="Skyworks.Api.Tests.ServiceZones.ServiceZones_More_Tests.Zone_at_point_is_detected(expectedZoneId: &quot;CY_LIM_ALPHA_MEGA_STADIUM&quot;, lat: 34.693333000000003, lon: 32.939166999999998)" computerName="CHRISTOSCH" duration="00:00:00.0000249" startTime="2025-10-22T21:12:47.0835243+03:00" endTime="2025-10-22T21:12:47.0835244+03:00" testType="13cdc9d9-ddb5-4fa4-a97d-d965ccfc6d4b" outcome="Passed" testListId="8c84fa94-04c1-424b-9868-57a2d4851a1d" relativeResultsDirectory="86c4b618-3992-4f82-b0ae-1a8780e238fe" />
    <UnitTestResult executionId="550cd1cf-fd11-4cfa-953d-d9b3f653cf06" testId="455f00b7-7b14-4f47-e44e-223f2479aabd" testName="Skyworks.Api.Tests.OSO.OSOService_Tests.SORA25_Uses_NotRequired_Instead_Of_Optional" computerName="CHRISTOSCH" duration="00:00:00.0009857" startTime="2025-10-22T21:12:47.1264840+03:00" endTime="2025-10-22T21:12:47.1264842+03:00" testType="13cdc9d9-ddb5-4fa4-a97d-d965ccfc6d4b" outcome="Passed" testListId="8c84fa94-04c1-424b-9868-57a2d4851a1d" relativeResultsDirectory="550cd1cf-fd11-4cfa-953d-d9b3f653cf06" />
    <UnitTestResult executionId="c4b6bd79-4c16-48d8-aa89-2306e3a3fd42" testId="096cf929-b9c2-fbfb-1244-6aa0fcad888e" testName="Skyworks.Api.Tests.Traffic.TrafficProvider_Tests.GetNearbyTargets_TypeFilter_Drone" computerName="CHRISTOSCH" duration="00:00:00.0020328" startTime="2025-10-22T21:12:47.1247555+03:00" endTime="2025-10-22T21:12:47.1247558+03:00" testType="13cdc9d9-ddb5-4fa4-a97d-d965ccfc6d4b" outcome="Passed" testListId="8c84fa94-04c1-424b-9868-57a2d4851a1d" relativeResultsDirectory="c4b6bd79-4c16-48d8-aa89-2306e3a3fd42" />
    <UnitTestResult executionId="bbd598d7-7566-4c98-bedd-524f019f0527" testId="ca3ed841-dde7-b920-fbc4-aab413303dc5" testName="Skyworks.Api.Tests.GRC.GRCCalculationTests_SORA_2_5.GetDimensionCategory_ReturnsCorrectCategory(dimension: 2.5, speed: 30, expected: Medium)" computerName="CHRISTOSCH" duration="00:00:00.0000237" startTime="2025-10-22T21:12:47.0964453+03:00" endTime="2025-10-22T21:12:47.0964454+03:00" testType="13cdc9d9-ddb5-4fa4-a97d-d965ccfc6d4b" outcome="Passed" testListId="8c84fa94-04c1-424b-9868-57a2d4851a1d" relativeResultsDirectory="bbd598d7-7566-4c98-bedd-524f019f0527" />
    <UnitTestResult executionId="20cc6e02-2f35-4b31-b003-368132a629b0" testId="f3f9a4e0-6f70-ff26-9658-978784f70d39" testName="Skyworks.Api.Tests.GRC.GRCCalculationTests_SORA_2_5.CalculateIGRC_SmallUA_ControlledArea_ReturnsGRC1" computerName="CHRISTOSCH" duration="00:00:00.0005772" startTime="2025-10-22T21:12:47.1179799+03:00" endTime="2025-10-22T21:12:47.1179801+03:00" testType="13cdc9d9-ddb5-4fa4-a97d-d965ccfc6d4b" outcome="Passed" testListId="8c84fa94-04c1-424b-9868-57a2d4851a1d" relativeResultsDirectory="20cc6e02-2f35-4b31-b003-368132a629b0" />
    <UnitTestResult executionId="5dba4ca9-6e73-43a4-8da5-47c19006b7ce" testId="3cd6070e-7eb1-1bea-03a6-842f93b72481" testName="Skyworks.Api.Tests.GRC.GRCCalculationTests_SORA_2_0.SORA20_ControlledArea_ReturnsCorrectGRC(scenario: ControlledGroundArea, dimension: 7, expectedGRC: 3)" computerName="CHRISTOSCH" duration="00:00:00.0000260" startTime="2025-10-22T21:12:47.0961283+03:00" endTime="2025-10-22T21:12:47.0961285+03:00" testType="13cdc9d9-ddb5-4fa4-a97d-d965ccfc6d4b" outcome="Passed" testListId="8c84fa94-04c1-424b-9868-57a2d4851a1d" relativeResultsDirectory="5dba4ca9-6e73-43a4-8da5-47c19006b7ce" />
    <UnitTestResult executionId="dc225d53-56e6-41bb-9607-60d406780d16" testId="ef394a92-f7de-b0d0-04f9-9c42a40b85f6" testName="Skyworks.Api.Tests.Traffic.TrafficProvider_Tests.GetTrafficDensity_IncludesTargetsByType" computerName="CHRISTOSCH" duration="00:00:00.0044741" startTime="2025-10-22T21:12:47.1240448+03:00" endTime="2025-10-22T21:12:47.1240450+03:00" testType="13cdc9d9-ddb5-4fa4-a97d-d965ccfc6d4b" outcome="Passed" testListId="8c84fa94-04c1-424b-9868-57a2d4851a1d" relativeResultsDirectory="dc225d53-56e6-41bb-9607-60d406780d16" />
    <UnitTestResult executionId="32bc9093-0ac6-40fe-bc11-bbc0b51c4c9a" testId="1a192078-7769-da99-1d20-a424afebe918" testName="Skyworks.Api.Tests.ApiSmokeTests.Sanity_Check" computerName="CHRISTOSCH" duration="00:00:00.4765241" startTime="2025-10-22T21:12:46.9964869+03:00" endTime="2025-10-22T21:12:46.9964876+03:00" testType="13cdc9d9-ddb5-4fa4-a97d-d965ccfc6d4b" outcome="Passed" testListId="8c84fa94-04c1-424b-9868-57a2d4851a1d" relativeResultsDirectory="32bc9093-0ac6-40fe-bc11-bbc0b51c4c9a" />
    <UnitTestResult executionId="40275489-4b87-40be-ae32-3b46b678893b" testId="3181022f-dda2-5b45-caf3-29f839538a75" testName="Skyworks.Api.Tests.GRC.GRCCalculationTests_SORA_2_5.GetDimensionCategory_ReturnsCorrectCategory(dimension: 0.80000000000000004, speed: 20, expected: Small)" computerName="CHRISTOSCH" duration="00:00:00.0000143" startTime="2025-10-22T21:12:47.0966863+03:00" endTime="2025-10-22T21:12:47.0966864+03:00" testType="13cdc9d9-ddb5-4fa4-a97d-d965ccfc6d4b" outcome="Passed" testListId="8c84fa94-04c1-424b-9868-57a2d4851a1d" relativeResultsDirectory="40275489-4b87-40be-ae32-3b46b678893b" />
    <UnitTestResult executionId="af1659d7-ed1a-4321-9ed2-96b274f07ae6" testId="c43ac2e0-8805-1613-d6b9-0d5087a5cbc1" testName="Skyworks.Api.Tests.Compliance.ComplianceProvider_Tests.GetObligations_RestrictedAirspace_RequiresSpecialAuth" computerName="CHRISTOSCH" duration="00:00:00.0015754" startTime="2025-10-22T21:12:47.1130717+03:00" endTime="2025-10-22T21:12:47.1130720+03:00" testType="13cdc9d9-ddb5-4fa4-a97d-d965ccfc6d4b" outcome="Passed" testListId="8c84fa94-04c1-424b-9868-57a2d4851a1d" relativeResultsDirectory="af1659d7-ed1a-4321-9ed2-96b274f07ae6" />
    <UnitTestResult executionId="bc5f895b-19b9-41fa-b9c9-0f7443b52322" testId="c29e85c6-92e2-c5ca-797e-23063edbf3e5" testName="Skyworks.Api.Tests.ARC_SAIL.ARC_Composite_Tests.Empty_request_returns_A_and_notes" computerName="CHRISTOSCH" duration="00:00:00.0006833" startTime="2025-10-22T21:12:47.1067973+03:00" endTime="2025-10-22T21:12:47.1067974+03:00" testType="13cdc9d9-ddb5-4fa4-a97d-d965ccfc6d4b" outcome="Passed" testListId="8c84fa94-04c1-424b-9868-57a2d4851a1d" relativeResultsDirectory="bc5f895b-19b9-41fa-b9c9-0f7443b52322" />
    <UnitTestResult executionId="10d8a6b8-dc90-4a92-a369-43876c882f84" testId="aa995f65-5017-e442-94fe-3007b2c823c7" testName="Skyworks.Api.Tests.Risk.RiskModeling_Tests.SAIL_I_ARC_A_NonUrban_VLOS_Is_Low" computerName="CHRISTOSCH" duration="00:00:00.0097152" startTime="2025-10-22T21:12:47.0813380+03:00" endTime="2025-10-22T21:12:47.0813381+03:00" testType="13cdc9d9-ddb5-4fa4-a97d-d965ccfc6d4b" outcome="Passed" testListId="8c84fa94-04c1-424b-9868-57a2d4851a1d" relativeResultsDirectory="10d8a6b8-dc90-4a92-a369-43876c882f84" />
    <UnitTestResult executionId="c5339ce0-1697-4bca-bc9f-61c1f2014114" testId="3201071f-f047-6b32-7f84-33573d892b21" testName="Skyworks.Api.Tests.OSO.OSOService_Tests.SORA20_SAIL_VI_Has_All_OSOs_Required" computerName="CHRISTOSCH" duration="00:00:00.0015563" startTime="2025-10-22T21:12:47.1225475+03:00" endTime="2025-10-22T21:12:47.1225477+03:00" testType="13cdc9d9-ddb5-4fa4-a97d-d965ccfc6d4b" outcome="Passed" testListId="8c84fa94-04c1-424b-9868-57a2d4851a1d" relativeResultsDirectory="c5339ce0-1697-4bca-bc9f-61c1f2014114" />
    <UnitTestResult executionId="d111781d-dcc6-448a-a57c-4abe3b4d4603" testId="204bc174-01c4-e737-bba5-f99a1694aacc" testName="Skyworks.Api.Tests.Airspace.AirspaceProvider_Cyprus_Tests.MetropolitanMall_Larnaca_is_in_Larnaca_CTR" computerName="CHRISTOSCH" duration="00:00:00.5114699" startTime="2025-10-22T21:12:47.0839621+03:00" endTime="2025-10-22T21:12:47.0839623+03:00" testType="13cdc9d9-ddb5-4fa4-a97d-d965ccfc6d4b" outcome="Passed" testListId="8c84fa94-04c1-424b-9868-57a2d4851a1d" relativeResultsDirectory="d111781d-dcc6-448a-a57c-4abe3b4d4603" />
    <UnitTestResult executionId="32e39c5e-74d0-49bd-a21d-5b4290291590" testId="bf7fcc6d-cf83-e106-17e3-5757b4550850" testName="Skyworks.Api.Tests.ARC_SAIL.ARC_Environment_More_Tests.V25_Controlled_Above120_Is_ARC_D" computerName="CHRISTOSCH" duration="00:00:00.0124594" startTime="2025-10-22T21:12:47.0784562+03:00" endTime="2025-10-22T21:12:47.0784567+03:00" testType="13cdc9d9-ddb5-4fa4-a97d-d965ccfc6d4b" outcome="Passed" testListId="8c84fa94-04c1-424b-9868-57a2d4851a1d" relativeResultsDirectory="32e39c5e-74d0-49bd-a21d-5b4290291590" />
    <UnitTestResult executionId="a6cd1894-c144-4e4f-ac1c-202ef7ab8af4" testId="db22edc1-32a5-dbce-33cd-9d5aa6baf2fa" testName="Skyworks.Api.Tests.GRC.GRCCalculationTests_SORA_2_5.CalculateIGRC_250gUA_25ms_AlwaysGRC1" computerName="CHRISTOSCH" duration="00:00:00.0003652" startTime="2025-10-22T21:12:47.1176867+03:00" endTime="2025-10-22T21:12:47.1176868+03:00" testType="13cdc9d9-ddb5-4fa4-a97d-d965ccfc6d4b" outcome="Passed" testListId="8c84fa94-04c1-424b-9868-57a2d4851a1d" relativeResultsDirectory="a6cd1894-c144-4e4f-ac1c-202ef7ab8af4" />
    <UnitTestResult executionId="a5ccec3b-074e-4c09-abd4-497198721d5a" testId="3bc61861-0c70-ab7f-2dd9-1e08a48fa707" testName="Skyworks.Api.Tests.Airspace.AirspaceProviderTests.Point_outside_all_returns_empty" computerName="CHRISTOSCH" duration="00:00:00.4970042" startTime="2025-10-22T21:12:47.0762154+03:00" endTime="2025-10-22T21:12:47.0762156+03:00" testType="13cdc9d9-ddb5-4fa4-a97d-d965ccfc6d4b" outcome="Passed" testListId="8c84fa94-04c1-424b-9868-57a2d4851a1d" relativeResultsDirectory="a5ccec3b-074e-4c09-abd4-497198721d5a" />
    <UnitTestResult executionId="bc0b55e3-888a-4884-a480-69a65d74e8ac" testId="f39f15ba-f374-a6d4-a503-36c8a3584765" testName="Skyworks.Api.Tests.OSO.OSOService_Tests.ValidateCompliance_MissingOSO_Returns_NonCompliant" computerName="CHRISTOSCH" duration="00:00:00.0005738" startTime="2025-10-22T21:12:47.1267653+03:00" endTime="2025-10-22T21:12:47.1267656+03:00" testType="13cdc9d9-ddb5-4fa4-a97d-d965ccfc6d4b" outcome="Passed" testListId="8c84fa94-04c1-424b-9868-57a2d4851a1d" relativeResultsDirectory="bc0b55e3-888a-4884-a480-69a65d74e8ac" />
    <UnitTestResult executionId="69dbfbcd-a623-4e91-b3fe-fe747e8bd646" testId="4add5b8f-488c-bd98-0cbc-82785e97ec48" testName="Skyworks.Api.Tests.ARC_SAIL.ARC_SAIL_Tests.ARC_V25_Default_B" computerName="CHRISTOSCH" duration="00:00:00.0010316" startTime="2025-10-22T21:12:47.1006647+03:00" endTime="2025-10-22T21:12:47.1006648+03:00" testType="13cdc9d9-ddb5-4fa4-a97d-d965ccfc6d4b" outcome="Passed" testListId="8c84fa94-04c1-424b-9868-57a2d4851a1d" relativeResultsDirectory="69dbfbcd-a623-4e91-b3fe-fe747e8bd646" />
    <UnitTestResult executionId="9de4d39e-9c72-4edd-914b-c822c6d3deca" testId="8d29144b-9de9-0666-d04e-8ff9a6c574d8" testName="Skyworks.Api.Tests.AgentsEndpointTests.AskAgent_Sora_MockMode_ReturnsStructuredAnswer" computerName="CHRISTOSCH" duration="00:00:03.9340727" startTime="2025-10-22T21:12:52.4285970+03:00" endTime="2025-10-22T21:12:52.4285975+03:00" testType="13cdc9d9-ddb5-4fa4-a97d-d965ccfc6d4b" outcome="Passed" testListId="8c84fa94-04c1-424b-9868-57a2d4851a1d" relativeResultsDirectory="9de4d39e-9c72-4edd-914b-c822c6d3deca" />
    <UnitTestResult executionId="7386029b-eab3-46c5-a3f3-541c00667798" testId="c226b589-26ff-8763-e30f-e6eac0fb6859" testName="Skyworks.Api.Tests.SAIL.SAILService_Tests.Golden_Test02_Suburban_BVLOS_Limassol" computerName="CHRISTOSCH" duration="00:00:00.0003017" startTime="2025-10-22T21:12:47.1655600+03:00" endTime="2025-10-22T21:12:47.1655604+03:00" testType="13cdc9d9-ddb5-4fa4-a97d-d965ccfc6d4b" outcome="Passed" testListId="8c84fa94-04c1-424b-9868-57a2d4851a1d" relativeResultsDirectory="7386029b-eab3-46c5-a3f3-541c00667798" />
    <UnitTestResult executionId="2fc46fca-d210-46e5-8707-d2b598f51fab" testId="3b7c008d-d31e-4c2a-6b68-155d53201220" testName="Skyworks.Api.Tests.GRC.GRCCalculationTests_SORA_2_5.GetPopulationCategory_ReturnsCorrectCategory(density: 3, controlled: False, expected: Remote)" computerName="CHRISTOSCH" duration="00:00:00.0009122" startTime="2025-10-22T21:12:47.1085907+03:00" endTime="2025-10-22T21:12:47.1085910+03:00" testType="13cdc9d9-ddb5-4fa4-a97d-d965ccfc6d4b" outcome="Passed" testListId="8c84fa94-04c1-424b-9868-57a2d4851a1d" relativeResultsDirectory="2fc46fca-d210-46e5-8707-d2b598f51fab" />
    <UnitTestResult executionId="cbdc3988-c170-4f80-8ec1-7d5db7585016" testId="cf2b9f67-7938-6490-f6b2-555e340cf963" testName="Skyworks.Api.Tests.Drones.DroneCatalog_Tests.CheckRemoteIDCompliance(droneId: &quot;DJI_MINI4PRO&quot;, expectedHasRemoteID: True)" computerName="CHRISTOSCH" duration="00:00:00.0196427" startTime="2025-10-22T21:12:47.3065269+03:00" endTime="2025-10-22T21:12:47.3065273+03:00" testType="13cdc9d9-ddb5-4fa4-a97d-d965ccfc6d4b" outcome="Passed" testListId="8c84fa94-04c1-424b-9868-57a2d4851a1d" relativeResultsDirectory="cbdc3988-c170-4f80-8ec1-7d5db7585016" />
    <UnitTestResult executionId="8be571c1-ada8-4947-9b1d-1373c5566509" testId="13ebbe3d-68c4-c813-793d-a0499dbfe157" testName="Skyworks.Api.Tests.SAIL.SAILService_Tests.Composite_SAIL_Single_Segment_Same_As_Direct" computerName="CHRISTOSCH" duration="00:00:00.0212846" startTime="2025-10-22T21:12:47.1266198+03:00" endTime="2025-10-22T21:12:47.1266200+03:00" testType="13cdc9d9-ddb5-4fa4-a97d-d965ccfc6d4b" outcome="Passed" testListId="8c84fa94-04c1-424b-9868-57a2d4851a1d" relativeResultsDirectory="8be571c1-ada8-4947-9b1d-1373c5566509" />
    <UnitTestResult executionId="18b1c404-ae07-44c5-b371-f5c9eea43d27" testId="b0fb7cf9-47b7-2324-8b5c-93a972d44a6e" testName="Skyworks.Api.Tests.GRC.GRCCalculationTests_SORA_2_5.GetPopulationCategory_ReturnsCorrectCategory(density: 200, controlled: False, expected: SparselyPopulated)" computerName="CHRISTOSCH" duration="00:00:00.0000427" startTime="2025-10-22T21:12:47.1132580+03:00" endTime="2025-10-22T21:12:47.1132582+03:00" testType="13cdc9d9-ddb5-4fa4-a97d-d965ccfc6d4b" outcome="Passed" testListId="8c84fa94-04c1-424b-9868-57a2d4851a1d" relativeResultsDirectory="18b1c404-ae07-44c5-b371-f5c9eea43d27" />
    <UnitTestResult executionId="41aa27c7-6167-453b-a8f0-2f367a673488" testId="00a69478-bd43-6ef8-d88f-c7cc3ab45014" testName="Skyworks.Api.Tests.SAIL.SAILService_Tests.SAIL_GRC2_ARCd_Returns_SAIL_VI" computerName="CHRISTOSCH" duration="00:00:00.0005596" startTime="2025-10-22T21:12:47.1511043+03:00" endTime="2025-10-22T21:12:47.1511047+03:00" testType="13cdc9d9-ddb5-4fa4-a97d-d965ccfc6d4b" outcome="Passed" testListId="8c84fa94-04c1-424b-9868-57a2d4851a1d" relativeResultsDirectory="41aa27c7-6167-453b-a8f0-2f367a673488" />
    <UnitTestResult executionId="6b54673c-10f6-49c2-b670-18bfb08fd957" testId="74cbc89a-df2b-5999-f9cb-87ee8f84e128" testName="Skyworks.Api.Tests.Compliance.ComplianceProvider_Tests.GetObligations_USpace_RequiresRegistration" computerName="CHRISTOSCH" duration="00:00:00.0023872" startTime="2025-10-22T21:12:47.1160636+03:00" endTime="2025-10-22T21:12:47.1160638+03:00" testType="13cdc9d9-ddb5-4fa4-a97d-d965ccfc6d4b" outcome="Passed" testListId="8c84fa94-04c1-424b-9868-57a2d4851a1d" relativeResultsDirectory="6b54673c-10f6-49c2-b670-18bfb08fd957" />
[...]
    <TestEntry testId="1f092a2d-b16b-0014-dad9-208fab7dfeb0" executionId="eda24cb8-7a8a-4a88-8ff0-c4718adc0f99" testListId="8c84fa94-04c1-424b-9868-57a2d4851a1d" />
    <TestEntry testId="9aaa2a4e-c3c5-e3cf-3b24-9593996af6d9" executionId="91eb5a76-3fc0-493f-a66f-0aa28dfa49ee" testListId="8c84fa94-04c1-424b-9868-57a2d4851a1d" />
    <TestEntry testId="9697b12b-9b33-5379-bc0d-b8283d6ef37d" executionId="e7c2c081-8041-47b5-98be-288575194979" testListId="8c84fa94-04c1-424b-9868-57a2d4851a1d" />
    <TestEntry testId="7e620187-4000-92f2-d1b1-028966d9175d" executionId="0c1d48be-273a-4fe5-85cc-cd9d4ef52a55" testListId="8c84fa94-04c1-424b-9868-57a2d4851a1d" />
    <TestEntry testId="1e97826c-3fae-c874-7c87-63c994c4639a" executionId="529104c9-979d-426f-95d4-4e35000e041a" testListId="8c84fa94-04c1-424b-9868-57a2d4851a1d" />
    <TestEntry testId="4e2fc014-ca51-ff51-54cd-ce17dd5b5181" executionId="0a641f5b-b4dc-4511-b3df-3091c13c99ef" testListId="8c84fa94-04c1-424b-9868-57a2d4851a1d" />
    <TestEntry testId="d775149a-3b73-e6a6-580f-eb8a52a7cc9a" executionId="7b900045-5af7-439b-963e-f42e4c2e047a" testListId="8c84fa94-04c1-424b-9868-57a2d4851a1d" />
    <TestEntry testId="1f1f2193-36bb-8630-2ba5-42f51794600e" executionId="a699413c-a636-42d6-b832-62a724ffecfa" testListId="8c84fa94-04c1-424b-9868-57a2d4851a1d" />
    <TestEntry testId="3eb07fcb-b0c6-6928-8c5b-e135d73f677f" executionId="acd5e912-27b8-458a-bc6d-3f7231c5be43" testListId="8c84fa94-04c1-424b-9868-57a2d4851a1d" />
    <TestEntry testId="7a410d10-28ec-2af1-3307-7814f89b64a9" executionId="31b6cbf7-7bce-4bdd-bbae-4f3c7c60b8b7" testListId="8c84fa94-04c1-424b-9868-57a2d4851a1d" />
    <TestEntry testId="0076794c-433a-0a09-e12c-85b3f4a566b8" executionId="5c87c1b2-8542-4059-b67e-fb306fea99ef" testListId="8c84fa94-04c1-424b-9868-57a2d4851a1d" />
    <TestEntry testId="50dcecd9-cb2a-a794-4618-bc3ba7c7c272" executionId="fd39ca26-a519-4673-8b75-db5447fdddcc" testListId="8c84fa94-04c1-424b-9868-57a2d4851a1d" />
    <TestEntry testId="497c8507-9faa-645d-9764-faab2b16c92e" executionId="9bea8b28-d3f0-4b65-9d0b-43af77b889a2" testListId="8c84fa94-04c1-424b-9868-57a2d4851a1d" />
    <TestEntry testId="d483f5b2-20f7-4c99-ab80-8715a29d561d" executionId="94acd68a-08e1-4127-93db-965ba019b792" testListId="8c84fa94-04c1-424b-9868-57a2d4851a1d" />
    <TestEntry testId="de11a5c5-df23-0c9e-db59-40972385093a" executionId="70e588b0-9dfc-4d56-8112-3342f2b9119e" testListId="8c84fa94-04c1-424b-9868-57a2d4851a1d" />
    <TestEntry testId="e371ae59-caee-73a9-b5ec-a13d6d05f072" executionId="150775c6-c656-4794-a229-1c321d6789b0" testListId="8c84fa94-04c1-424b-9868-57a2d4851a1d" />
    <TestEntry testId="29220446-905f-3f98-5aa2-9680ae42f461" executionId="f5ba3da8-4106-4ce6-a251-f19aefe13d60" testListId="8c84fa94-04c1-424b-9868-57a2d4851a1d" />
    <TestEntry testId="58ad49e7-ca0b-6638-6db9-639df9eb8402" executionId="e06c51bf-9f61-4cc8-b0ce-fb117c0b4ca1" testListId="8c84fa94-04c1-424b-9868-57a2d4851a1d" />
    <TestEntry testId="5ba36593-510e-c545-d67e-93451231b51b" executionId="6c6af302-3455-4c76-ad40-436b69ec9c52" testListId="8c84fa94-04c1-424b-9868-57a2d4851a1d" />
    <TestEntry testId="90473011-8a45-bfd2-bdae-d0319870a653" executionId="86c4b618-3992-4f82-b0ae-1a8780e238fe" testListId="8c84fa94-04c1-424b-9868-57a2d4851a1d" />
    <TestEntry testId="455f00b7-7b14-4f47-e44e-223f2479aabd" executionId="550cd1cf-fd11-4cfa-953d-d9b3f653cf06" testListId="8c84fa94-04c1-424b-9868-57a2d4851a1d" />
    <TestEntry testId="096cf929-b9c2-fbfb-1244-6aa0fcad888e" executionId="c4b6bd79-4c16-48d8-aa89-2306e3a3fd42" testListId="8c84fa94-04c1-424b-9868-57a2d4851a1d" />
    <TestEntry testId="ca3ed841-dde7-b920-fbc4-aab413303dc5" executionId="bbd598d7-7566-4c98-bedd-524f019f0527" testListId="8c84fa94-04c1-424b-9868-57a2d4851a1d" />
    <TestEntry testId="f3f9a4e0-6f70-ff26-9658-978784f70d39" executionId="20cc6e02-2f35-4b31-b003-368132a629b0" testListId="8c84fa94-04c1-424b-9868-57a2d4851a1d" />
    <TestEntry testId="3cd6070e-7eb1-1bea-03a6-842f93b72481" executionId="5dba4ca9-6e73-43a4-8da5-47c19006b7ce" testListId="8c84fa94-04c1-424b-9868-57a2d4851a1d" />
    <TestEntry testId="ef394a92-f7de-b0d0-04f9-9c42a40b85f6" executionId="dc225d53-56e6-41bb-9607-60d406780d16" testListId="8c84fa94-04c1-424b-9868-57a2d4851a1d" />
    <TestEntry testId="1a192078-7769-da99-1d20-a424afebe918" executionId="32bc9093-0ac6-40fe-bc11-bbc0b51c4c9a" testListId="8c84fa94-04c1-424b-9868-57a2d4851a1d" />
    <TestEntry testId="3181022f-dda2-5b45-caf3-29f839538a75" executionId="40275489-4b87-40be-ae32-3b46b678893b" testListId="8c84fa94-04c1-424b-9868-57a2d4851a1d" />
    <TestEntry testId="c43ac2e0-8805-1613-d6b9-0d5087a5cbc1" executionId="af1659d7-ed1a-4321-9ed2-96b274f07ae6" testListId="8c84fa94-04c1-424b-9868-57a2d4851a1d" />
    <TestEntry testId="c29e85c6-92e2-c5ca-797e-23063edbf3e5" executionId="bc5f895b-19b9-41fa-b9c9-0f7443b52322" testListId="8c84fa94-04c1-424b-9868-57a2d4851a1d" />
    <TestEntry testId="aa995f65-5017-e442-94fe-3007b2c823c7" executionId="10d8a6b8-dc90-4a92-a369-43876c882f84" testListId="8c84fa94-04c1-424b-9868-57a2d4851a1d" />
    <TestEntry testId="3201071f-f047-6b32-7f84-33573d892b21" executionId="c5339ce0-1697-4bca-bc9f-61c1f2014114" testListId="8c84fa94-04c1-424b-9868-57a2d4851a1d" />
    <TestEntry testId="204bc174-01c4-e737-bba5-f99a1694aacc" executionId="d111781d-dcc6-448a-a57c-4abe3b4d4603" testListId="8c84fa94-04c1-424b-9868-57a2d4851a1d" />
    <TestEntry testId="bf7fcc6d-cf83-e106-17e3-5757b4550850" executionId="32e39c5e-74d0-49bd-a21d-5b4290291590" testListId="8c84fa94-04c1-424b-9868-57a2d4851a1d" />
    <TestEntry testId="db22edc1-32a5-dbce-33cd-9d5aa6baf2fa" executionId="a6cd1894-c144-4e4f-ac1c-202ef7ab8af4" testListId="8c84fa94-04c1-424b-9868-57a2d4851a1d" />
    <TestEntry testId="3bc61861-0c70-ab7f-2dd9-1e08a48fa707" executionId="a5ccec3b-074e-4c09-abd4-497198721d5a" testListId="8c84fa94-04c1-424b-9868-57a2d4851a1d" />
    <TestEntry testId="f39f15ba-f374-a6d4-a503-36c8a3584765" executionId="bc0b55e3-888a-4884-a480-69a65d74e8ac" testListId="8c84fa94-04c1-424b-9868-57a2d4851a1d" />
    <TestEntry testId="4add5b8f-488c-bd98-0cbc-82785e97ec48" executionId="69dbfbcd-a623-4e91-b3fe-fe747e8bd646" testListId="8c84fa94-04c1-424b-9868-57a2d4851a1d" />
    <TestEntry testId="8d29144b-9de9-0666-d04e-8ff9a6c574d8" executionId="9de4d39e-9c72-4edd-914b-c822c6d3deca" testListId="8c84fa94-04c1-424b-9868-57a2d4851a1d" />
    <TestEntry testId="c226b589-26ff-8763-e30f-e6eac0fb6859" executionId="7386029b-eab3-46c5-a3f3-541c00667798" testListId="8c84fa94-04c1-424b-9868-57a2d4851a1d" />
    <TestEntry testId="3b7c008d-d31e-4c2a-6b68-155d53201220" executionId="2fc46fca-d210-46e5-8707-d2b598f51fab" testListId="8c84fa94-04c1-424b-9868-57a2d4851a1d" />
    <TestEntry testId="cf2b9f67-7938-6490-f6b2-555e340cf963" executionId="cbdc3988-c170-4f80-8ec1-7d5db7585016" testListId="8c84fa94-04c1-424b-9868-57a2d4851a1d" />
    <TestEntry testId="13ebbe3d-68c4-c813-793d-a0499dbfe157" executionId="8be571c1-ada8-4947-9b1d-1373c5566509" testListId="8c84fa94-04c1-424b-9868-57a2d4851a1d" />
    <TestEntry testId="b0fb7cf9-47b7-2324-8b5c-93a972d44a6e" executionId="18b1c404-ae07-44c5-b371-f5c9eea43d27" testListId="8c84fa94-04c1-424b-9868-57a2d4851a1d" />
    <TestEntry testId="00a69478-bd43-6ef8-d88f-c7cc3ab45014" executionId="41aa27c7-6167-453b-a8f0-2f367a673488" testListId="8c84fa94-04c1-424b-9868-57a2d4851a1d" />
    <TestEntry testId="74cbc89a-df2b-5999-f9cb-87ee8f84e128" executionId="6b54673c-10f6-49c2-b670-18bfb08fd957" testListId="8c84fa94-04c1-424b-9868-57a2d4851a1d" />
    <TestEntry testId="ccecf1c1-dada-6ae8-f0e8-234fe36904cd" executionId="6950af60-f0f1-4188-9766-871ecd67e26c" testListId="8c84fa94-04c1-424b-9868-57a2d4851a1d" />
    <TestEntry testId="a6204c72-efa3-cfb0-d142-07aeb80ba4d0" executionId="d58d922d-57be-4000-8d09-53d4f282bbb4" testListId="8c84fa94-04c1-424b-9868-57a2d4851a1d" />
    <TestEntry testId="1b929d40-5b8c-1ed6-0de8-364f88a50d8b" executionId="043f017d-78e9-4cd7-ac50-f16975104c03" testListId="8c84fa94-04c1-424b-9868-57a2d4851a1d" />
    <TestEntry testId="6601a747-e6b4-67c9-b130-4a3d780078e4" executionId="9453e3f3-9a43-4ad6-89d6-e9a84801445b" testListId="8c84fa94-04c1-424b-9868-57a2d4851a1d" />
    <TestEntry testId="80b65782-1b4d-6713-58bd-9c83f4a3cfc7" executionId="18fa8e72-3a25-4472-9152-52b5aae65c3e" testListId="8c84fa94-04c1-424b-9868-57a2d4851a1d" />
    <TestEntry testId="45579a93-1dc0-c2fe-c1c2-8ba9ee48385c" executionId="418e1a91-92b3-426e-b5fe-9a9881231668" testListId="8c84fa94-04c1-424b-9868-57a2d4851a1d" />
    <TestEntry testId="69738132-3119-ec70-766f-da9b37e510d9" executionId="cbc0ccc2-7d8a-4a8d-ae24-9ff082b5aa39" testListId="8c84fa94-04c1-424b-9868-57a2d4851a1d" />
    <TestEntry testId="e804436e-1ec8-ae96-3b79-070185ae86e6" executionId="136ac53d-5289-4500-8f21-248f1cd010b8" testListId="8c84fa94-04c1-424b-9868-57a2d4851a1d" />
    <TestEntry testId="47c661cc-f79d-3dde-32b1-6aaf867b54ec" executionId="372b6258-f817-4688-8eaf-7e027d1ac222" testListId="8c84fa94-04c1-424b-9868-57a2d4851a1d" />
    <TestEntry testId="b611b895-fc79-b24d-ec6c-6d7b42e31414" executionId="167c8070-1cf7-40ed-9dd0-ac79918f81c1" testListId="8c84fa94-04c1-424b-9868-57a2d4851a1d" />
    <TestEntry testId="609cbb2b-cb7b-3334-57ed-6d86ac0d4b2f" executionId="bd189127-0a33-4286-ad0e-72a566d6fb83" testListId="8c84fa94-04c1-424b-9868-57a2d4851a1d" />
    <TestEntry testId="1fb2c0ed-eb8c-a02e-06d0-ff5517901e04" executionId="398743f7-cb77-4579-b115-3c29af8af08e" testListId="8c84fa94-04c1-424b-9868-57a2d4851a1d" />
    <TestEntry testId="f3128412-05fc-5628-6d1b-072504a2b815" executionId="2e2be30f-3207-41aa-9cb2-fd795b83a8c2" testListId="8c84fa94-04c1-424b-9868-57a2d4851a1d" />
    <TestEntry testId="b89bdde9-6acf-67f6-e2d5-f35431cd4294" executionId="fd3b15ff-ff26-4f40-82aa-9e1c08c2a85f" testListId="8c84fa94-04c1-424b-9868-57a2d4851a1d" />
    <TestEntry testId="977092ab-82d5-0b2c-f719-af755567a0b8" executionId="41410f76-cd8c-4fa2-abdf-d7aa4ad831fe" testListId="8c84fa94-04c1-424b-9868-57a2d4851a1d" />
    <TestEntry testId="98fed9be-74e5-b2d3-80b1-2c3aff2307d5" executionId="37974368-2c47-4b25-8d08-ca0badd4fa30" testListId="8c84fa94-04c1-424b-9868-57a2d4851a1d" />
    <TestEntry testId="a2fdc8a6-0139-464c-58fb-071dcdb21669" executionId="c8001b6f-6592-44bb-94e6-735dfd8c1c2d" testListId="8c84fa94-04c1-424b-9868-57a2d4851a1d" />
    <TestEntry testId="377a8b8b-a490-f6bf-ce99-bda50b7bfae1" executionId="5ae87ff5-a813-4c46-af3a-747342373ab4" testListId="8c84fa94-04c1-424b-9868-57a2d4851a1d" />
    <TestEntry testId="d80889ae-5e4d-0d4a-1ecc-d8287aad9e8b" executionId="a3765f28-a4b1-4156-a5b5-5a0a751418d1" testListId="8c84fa94-04c1-424b-9868-57a2d4851a1d" />
    <TestEntry testId="72c345ba-3454-2f5c-ad3d-f32ede38fb13" executionId="71e010a8-da2c-4628-a266-1defcf9f32ee" testListId="8c84fa94-04c1-424b-9868-57a2d4851a1d" />
    <TestEntry testId="94118c73-e69f-9b49-6790-dc2b687bc4ec" executionId="2b0086ca-7238-43a3-b625-b71b90b5adb2" testListId="8c84fa94-04c1-424b-9868-57a2d4851a1d" />
    <TestEntry testId="0441d755-73b9-4463-446d-dd0247e4db9b" executionId="a92ef97d-5822-4928-bee2-b7ca85eae6bb" testListId="8c84fa94-04c1-424b-9868-57a2d4851a1d" />
    <TestEntry testId="08031c21-de80-2912-8d50-02d66f3dc493" executionId="82605311-a3d9-45dc-994e-e65e2e5282dd" testListId="8c84fa94-04c1-424b-9868-57a2d4851a1d" />
    <TestEntry testId="ba52e2f6-1d21-66c3-d5cd-92c0e57241dc" executionId="0b15794a-d347-4af8-beff-b3b4e9c927b1" testListId="8c84fa94-04c1-424b-9868-57a2d4851a1d" />
    <TestEntry testId="4a93f12b-ec73-0e30-54be-968af577698b" executionId="7e507b00-2a3a-4a8b-8b54-e8b9bf440fec" testListId="8c84fa94-04c1-424b-9868-57a2d4851a1d" />
    <TestEntry testId="9237d50f-9c4d-4c32-a64e-51cb9558c54e" executionId="4a1b723f-98bd-43a0-bb6a-ffa66b5f6826" testListId="8c84fa94-04c1-424b-9868-57a2d4851a1d" />
    <TestEntry testId="6f0392c8-7758-1c2c-de3d-c763f10b505e" executionId="978506ea-0d8a-469f-81e9-d51864478d82" testListId="8c84fa94-04c1-424b-9868-57a2d4851a1d" />
    <TestEntry testId="c8d1878b-db82-c516-26de-861ff6dfea41" executionId="17c00f7e-0243-4fa5-b3ee-8a3453f49ca2" testListId="8c84fa94-04c1-424b-9868-57a2d4851a1d" />
    <TestEntry testId="8f44738b-539b-b60b-504d-8f149fc4fe6e" executionId="ac74984a-d613-4984-993e-83dbff1a58d4" testListId="8c84fa94-04c1-424b-9868-57a2d4851a1d" />
    <TestEntry testId="1d273f89-53a9-75e1-3a25-597abb04abc2" executionId="a65e2744-f959-4e37-9f1d-44aee5ef93c2" testListId="8c84fa94-04c1-424b-9868-57a2d4851a1d" />
    <TestEntry testId="ca8c3599-d4f1-d7d2-7376-3eaaa839e3e7" executionId="460e39fe-0d7a-4c5e-887a-81342f975cf3" testListId="8c84fa94-04c1-424b-9868-57a2d4851a1d" />
    <TestEntry testId="6f003132-75ae-a8bb-7283-28b9b7e5e486" executionId="2f73af17-3b6c-44f8-b8b7-eff6666daff4" testListId="8c84fa94-04c1-424b-9868-57a2d4851a1d" />
    <TestEntry testId="1336ec18-ee4b-bc1c-7738-763f71a15686" executionId="935f0449-3a2e-48f5-a3f9-43b8ac7eaae2" testListId="8c84fa94-04c1-424b-9868-57a2d4851a1d" />
    <TestEntry testId="a4a829ba-83a8-feb7-f88a-f8f0b1709aee" executionId="2231c878-bb9a-46e8-af53-1e386fc91a3e" testListId="8c84fa94-04c1-424b-9868-57a2d4851a1d" />
    <TestEntry testId="86ee4966-7e60-cc20-8aac-fb9d225b1776" executionId="5b6590bb-4df0-463f-aaaa-63c581316288" testListId="8c84fa94-04c1-424b-9868-57a2d4851a1d" />
    <TestEntry testId="c42db454-328a-4d6e-2e53-ae9a9de6ba6e" executionId="1a9c33d5-1869-4bad-8655-3f8e479b7eab" testListId="8c84fa94-04c1-424b-9868-57a2d4851a1d" />
    <TestEntry testId="e0adaee0-e246-ccc8-b793-aed2a122be09" executionId="687beeaa-a45b-4059-ae70-a4c8e55da42c" testListId="8c84fa94-04c1-424b-9868-57a2d4851a1d" />
    <TestEntry testId="5bf2c2d6-75c6-a2e0-8ffa-1d13fadd173f" executionId="9747a568-bedd-4049-aa52-a5f30cf728a2" testListId="8c84fa94-04c1-424b-9868-57a2d4851a1d" />
    <TestEntry testId="9afa2002-c585-59f3-45f4-190d10d4b2e9" executionId="0f0b3ecd-92e1-4b5a-b753-d6e1feaf325f" testListId="8c84fa94-04c1-424b-9868-57a2d4851a1d" />
    <TestEntry testId="a727b044-dd6c-87da-d546-99178ceb232c" executionId="ea735848-0dad-4255-bc48-11a7953356ad" testListId="8c84fa94-04c1-424b-9868-57a2d4851a1d" />
    <TestEntry testId="64ebedc7-cc80-8051-dc98-67d144955934" executionId="1aecc01c-4da9-4c47-a346-2910e5a0b6a8" testListId="8c84fa94-04c1-424b-9868-57a2d4851a1d" />
    <TestEntry testId="a00ba7c9-b8ea-744d-1da8-fd4aa59a18e3" executionId="0219087a-06fb-4c22-af41-343d748abde0" testListId="8c84fa94-04c1-424b-9868-57a2d4851a1d" />
    <TestEntry testId="142a693b-07e5-c8a4-1a09-9b979b7510c1" executionId="ebd51f4a-e79a-4e3b-995f-72ad618ffa21" testListId="8c84fa94-04c1-424b-9868-57a2d4851a1d" />
    <TestEntry testId="d777089b-0853-e440-7131-bc60e1245c58" executionId="ac9c240b-1fb6-45f0-8524-d177d91dcdba" testListId="8c84fa94-04c1-424b-9868-57a2d4851a1d" />
    <TestEntry testId="7159fdbe-6de8-7dac-aa5a-631747f57313" executionId="79c06bb0-9bc4-435c-9eb9-b0fee0a501b5" testListId="8c84fa94-04c1-424b-9868-57a2d4851a1d" />
    <TestEntry testId="f81b9d06-157e-17c5-89f4-65651d05533b" executionId="f1b9892a-59c6-4d81-a944-e1870ddb4731" testListId="8c84fa94-04c1-424b-9868-57a2d4851a1d" />
    <TestEntry testId="70f74e86-9eda-bebc-98e3-db38fe2ebedd" executionId="7910b899-a235-448a-86b8-e9c0ca2f295a" testListId="8c84fa94-04c1-424b-9868-57a2d4851a1d" />
    <TestEntry testId="8833d4a0-858f-0059-e2ca-23c65bda8e29" executionId="a73e9c64-01c9-4406-84ba-e8091bb21964" testListId="8c84fa94-04c1-424b-9868-57a2d4851a1d" />
    <TestEntry testId="5cd2a527-7e19-9cc9-2070-f035772fae44" executionId="972a2b82-df1d-44fd-8f10-7f9489f7790e" testListId="8c84fa94-04c1-424b-9868-57a2d4851a1d" />
    <TestEntry testId="40f12428-2c3d-3cab-b8f6-97c875debad3" executionId="1cb276f2-51ab-4c25-bf68-3ac9ff6167ea" testListId="8c84fa94-04c1-424b-9868-57a2d4851a1d" />
    <TestEntry testId="36832edd-d3a3-811c-bf0e-ed3a5f3f3b09" executionId="39131cde-51ef-46f5-9981-5e1a13d3afed" testListId="8c84fa94-04c1-424b-9868-57a2d4851a1d" />
    <TestEntry testId="c45d66dd-aaaf-2993-26bd-dd48d7f82de4" executionId="b4f93d37-cb51-46e8-b1ba-44892c8941f4" testListId="8c84fa94-04c1-424b-9868-57a2d4851a1d" />
    <TestEntry testId="3a520b36-7fb0-27d7-0937-7fb4156236ea" executionId="32a864e3-cb13-45b8-9525-bd5cbd8b385e" testListId="8c84fa94-04c1-424b-9868-57a2d4851a1d" />
    <TestEntry testId="e8e68065-a396-06a5-6117-62173f773bd5" executionId="3ba75138-5b13-45fe-8039-829fa0a8e67e" testListId="8c84fa94-04c1-424b-9868-57a2d4851a1d" />
    <TestEntry testId="5a9d4e4c-277e-5266-549e-276ac6559a48" executionId="4461b1aa-68d1-46e4-9ec9-e7f00c4ca8bf" testListId="8c84fa94-04c1-424b-9868-57a2d4851a1d" />
    <TestEntry testId="6001b047-bcc8-ca65-1921-a65463ddf309" executionId="9cec274f-474d-4210-a365-7a594f04fcea" testListId="8c84fa94-04c1-424b-9868-57a2d4851a1d" />
    <TestEntry testId="53b87dcf-76cb-ca46-eca9-cdc12d50030a" executionId="d0fc902d-9966-4953-82f3-f8bf8e10b33b" testListId="8c84fa94-04c1-424b-9868-57a2d4851a1d" />
    <TestEntry testId="995c25c1-9584-04ac-a21c-d10fb762aaa8" executionId="51e33ed3-506e-43db-9ec4-73c3f0b67112" testListId="8c84fa94-04c1-424b-9868-57a2d4851a1d" />
    <TestEntry testId="8d536e79-8648-67bb-1fe9-5ef378d7bff6" executionId="c79ddc2a-b8fc-431f-81cd-c6dc2538d926" testListId="8c84fa94-04c1-424b-9868-57a2d4851a1d" />
    <TestEntry testId="d48a2468-0275-2cf7-623d-d32238346e0d" executionId="4b0edd7e-6326-4f4d-a648-138f494fda5b" testListId="8c84fa94-04c1-424b-9868-57a2d4851a1d" />
    <TestEntry testId="45b7663d-01c2-1c25-bc7d-744e6679eb5b" executionId="838d9f7b-39a3-432e-b701-21c2c95d2810" testListId="8c84fa94-04c1-424b-9868-57a2d4851a1d" />
    <TestEntry testId="1af5bc04-2157-f070-8143-d71e51e5d3a0" executionId="48853e7a-4450-4c4f-9511-7bb505f4cc06" testListId="8c84fa94-04c1-424b-9868-57a2d4851a1d" />
    <TestEntry testId="b808eaee-4cb0-c6cb-23e1-ac5db3efe681" executionId="95556e5c-7327-4cd8-a892-c492dd751d9a" testListId="8c84fa94-04c1-424b-9868-57a2d4851a1d" />
    <TestEntry testId="7ed90e59-7d04-efbb-97e3-7236d82837a1" executionId="c589aa90-853d-4ee1-83f7-bac8389a9f4a" testListId="8c84fa94-04c1-424b-9868-57a2d4851a1d" />
    <TestEntry testId="17ee18d2-bac7-c4ee-ae42-8b1ca3302342" executionId="6cbdb998-edec-4f4a-8699-d8bb89bc7402" testListId="8c84fa94-04c1-424b-9868-57a2d4851a1d" />
    <TestEntry testId="d7b71614-4e31-7a89-42ce-bec3c066e3e9" executionId="16e8b82e-9f4e-4de7-904d-e790318a78a0" testListId="8c84fa94-04c1-424b-9868-57a2d4851a1d" />
  </TestEntries>
  <TestLists>
    <TestList name="Results Not in a List" id="8c84fa94-04c1-424b-9868-57a2d4851a1d" />
    <TestList name="All Loaded Results" id="19431567-8539-422a-85d7-44ee4e166bda" />
  </TestLists>
  <ResultSummary outcome="Completed">
    <Counters total="209" executed="208" passed="208" failed="0" error="0" timeout="0" aborted="0" inconclusive="0" passedButRunAborted="0" notRunnable="0" notExecuted="0" disconnected="0" warning="0" completed="0" inProgress="0" pending="0" />
    <Output>
      <StdOut>[xUnit.net 00:00:00.00] xUnit.net VSTest Adapter v2.5.3.1+6b60a9e56a (64-bit .NET 8.0.21)&#xD;
[xUnit.net 00:00:00.22]   Discovering: Skyworks.Api.Tests&#xD;
[xUnit.net 00:00:00.42]   Discovered:  Skyworks.Api.Tests&#xD;
[xUnit.net 00:00:00.42]   Starting:    Skyworks.Api.Tests&#xD;
[xUnit.net 00:00:01.10]       Phase1: auth wired, skipping login test in CI until environment stable&#xD;
Test 'Skyworks.Api.Tests.AuthAndKbTests.Login_Returns_Token' was skipped in the test run.&#xD;
[xUnit.net 00:00:06.65]   Finished:    Skyworks.Api.Tests&#xD;
</StdOut>
    </Output>
    <RunInfos>
      <RunInfo computerName="CHRISTOSCH" outcome="Warning" timestamp="2025-10-22T21:12:47.1414671+03:00">
        <Text>[xUnit.net 00:00:01.10]     Skyworks.Api.Tests.AuthAndKbTests.Login_Returns_Token [SKIP]</Text>
      </RunInfo>
    </RunInfos>
  </ResultSummary>
</TestRun>