<?xml version="1.0" encoding="utf-8"?>
<TestRun id="75f52800-0299-448f-98ba-bdcecbcf085d" name="chrmc@CHRISTOSCH 2025-10-22 21:14:30" runUser="CHRISTOSCH\chrmc" xmlns="http://microsoft.com/schemas/VisualStudio/TeamTest/2010">
  <Times creation="2025-10-22T21:14:30.3316021+03:00" queuing="2025-10-22T21:14:30.3316024+03:00" start="2025-10-22T21:14:28.5115924+03:00" finish="2025-10-22T21:14:35.1636982+03:00" />
  <TestSettings name="default" id="d440b52d-c730-4571-b161-ee8f54ac38f8">
    <Deployment runDeploymentRoot="chrmc_CHRISTOSCH_2025-10-22_21_14_30" />
  </TestSettings>
  <Results>
    <UnitTestResult executionId="43b308b5-472a-40d3-bf8e-7d787273d95f" testId="c45d66dd-aaaf-2993-26bd-dd48d7f82de4" testName="Skyworks.Api.Tests.ServiceZones.ServiceZonesTests.MyMallLimassol_is_detected_as_Urban_zone" computerName="CHRISTOSCH" duration="00:00:00.0106850" startTime="2025-10-22T21:14:30.2878519+03:00" endTime="2025-10-22T21:14:30.2878520+03:00" testType="13cdc9d9-ddb5-4fa4-a97d-d965ccfc6d4b" outcome="Passed" testListId="8c84fa94-04c1-424b-9868-57a2d4851a1d" relativeResultsDirectory="43b308b5-472a-40d3-bf8e-7d787273d95f" />
    <UnitTestResult executionId="80c4f4ba-3e8e-4d05-aa15-1c93ec56614d" testId="70f74e86-9eda-bebc-98e3-db38fe2ebedd" testName="Skyworks.Api.Tests.Compliance.ComplianceProvider_Tests.GetChecklist_VLOS_IncludesWeatherAndNOTAM" computerName="CHRISTOSCH" duration="00:00:00.0023184" startTime="2025-10-22T21:14:30.3063177+03:00" endTime="2025-10-22T21:14:30.3063178+03:00" testType="13cdc9d9-ddb5-4fa4-a97d-d965ccfc6d4b" outcome="Passed" testListId="8c84fa94-04c1-424b-9868-57a2d4851a1d" relativeResultsDirectory="80c4f4ba-3e8e-4d05-aa15-1c93ec56614d" />
    <UnitTestResult executionId="bdb479ca-7692-4398-aee9-a411c28f130f" testId="45579a93-1dc0-c2fe-c1c2-8ba9ee48385c" testName="Skyworks.Api.Tests.Drones.DroneCatalog_Tests.CheckRemoteIDCompliance(droneId: &quot;SC15&quot;, expectedHasRemoteID: False)" computerName="CHRISTOSCH" duration="00:00:00.0165800" startTime="2025-10-22T21:14:30.4608223+03:00" endTime="2025-10-22T21:14:30.4608227+03:00" testType="13cdc9d9-ddb5-4fa4-a97d-d965ccfc6d4b" outcome="Passed" testListId="8c84fa94-04c1-424b-9868-57a2d4851a1d" relativeResultsDirectory="bdb479ca-7692-4398-aee9-a411c28f130f" />
    <UnitTestResult executionId="adafa710-a332-4613-9710-cacf54ab6e6f" testId="4add5b8f-488c-bd98-0cbc-82785e97ec48" testName="Skyworks.Api.Tests.ARC_SAIL.ARC_SAIL_Tests.ARC_V25_Default_B" computerName="CHRISTOSCH" duration="00:00:00.0009137" startTime="2025-10-22T21:14:30.2928732+03:00" endTime="2025-10-22T21:14:30.2928733+03:00" testType="13cdc9d9-ddb5-4fa4-a97d-d965ccfc6d4b" outcome="Passed" testListId="8c84fa94-04c1-424b-9868-57a2d4851a1d" relativeResultsDirectory="adafa710-a332-4613-9710-cacf54ab6e6f" />
    <UnitTestResult executionId="f50ef47b-50ea-42df-9ceb-3b0cc3ac3c30" testId="d3e61b4f-4e02-5e40-c0fb-a728f162dd67" testName="Skyworks.Api.Tests.ARC_SAIL.ARC_Environment_Tests.V20_AtypicalSegregated_Is_ARC_A" computerName="CHRISTOSCH" duration="00:00:00.0006275" startTime="2025-10-22T21:14:30.2957445+03:00" endTime="2025-10-22T21:14:30.2957446+03:00" testType="13cdc9d9-ddb5-4fa4-a97d-d965ccfc6d4b" outcome="Passed" testListId="8c84fa94-04c1-424b-9868-57a2d4851a1d" relativeResultsDirectory="f50ef47b-50ea-42df-9ceb-3b0cc3ac3c30" />
    <UnitTestResult executionId="e2194bc9-976e-4bc5-872b-03d6cfabc42d" testId="142a693b-07e5-c8a4-1a09-9b979b7510c1" testName="Skyworks.Api.Tests.Drones.DroneCatalog_Tests.GetDroneById_DJI_Mini4Pro_ReturnsCorrectDrone" computerName="CHRISTOSCH" duration="00:00:00.0225401" startTime="2025-10-22T21:14:30.4161887+03:00" endTime="2025-10-22T21:14:30.4161894+03:00" testType="13cdc9d9-ddb5-4fa4-a97d-d965ccfc6d4b" outcome="Passed" testListId="8c84fa94-04c1-424b-9868-57a2d4851a1d" relativeResultsDirectory="e2194bc9-976e-4bc5-872b-03d6cfabc42d" />
    <UnitTestResult executionId="557dda36-06f3-468c-a34d-029a2a583216" testId="90473011-8a45-bfd2-bdae-d0319870a653" testName="Skyworks.Api.Tests.ServiceZones.ServiceZones_More_Tests.Zone_at_point_is_detected(expectedZoneId: &quot;CY_LIM_ALPHA_MEGA_STADIUM&quot;, lat: 34.693333000000003, lon: 32.939166999999998)" computerName="CHRISTOSCH" duration="00:00:00.0000143" startTime="2025-10-22T21:14:30.2883052+03:00" endTime="2025-10-22T21:14:30.2883053+03:00" testType="13cdc9d9-ddb5-4fa4-a97d-d965ccfc6d4b" outcome="Passed" testListId="8c84fa94-04c1-424b-9868-57a2d4851a1d" relativeResultsDirectory="557dda36-06f3-468c-a34d-029a2a583216" />
    <UnitTestResult executionId="f392f1a2-2188-4e10-a85c-beada4d77dcf" testId="3d8841db-f247-530d-d9a6-e97f8ca3181b" testName="Skyworks.Api.Tests.OSO.OSOService_Tests.SORA20_SAIL_I_Returns_24_OSOs" computerName="CHRISTOSCH" duration="00:00:00.0003828" startTime="2025-10-22T21:14:30.2999373+03:00" endTime="2025-10-22T21:14:30.2999374+03:00" testType="13cdc9d9-ddb5-4fa4-a97d-d965ccfc6d4b" outcome="Passed" testListId="8c84fa94-04c1-424b-9868-57a2d4851a1d" relativeResultsDirectory="f392f1a2-2188-4e10-a85c-beada4d77dcf" />
    <UnitTestResult executionId="8f660cbd-7656-4a09-ad29-5fe6f8e8057f" testId="9237d50f-9c4d-4c32-a64e-51cb9558c54e" testName="Skyworks.Api.Tests.ARC_SAIL.ARC_Mitigations_List_Tests.Mitigations_List_Contains_S1_to_S4" computerName="CHRISTOSCH" duration="00:00:00.0169481" startTime="2025-10-22T21:14:30.2926277+03:00" endTime="2025-10-22T21:14:30.2926278+03:00" testType="13cdc9d9-ddb5-4fa4-a97d-d965ccfc6d4b" outcome="Passed" testListId="8c84fa94-04c1-424b-9868-57a2d4851a1d" relativeResultsDirectory="8f660cbd-7656-4a09-ad29-5fe6f8e8057f" />
    <UnitTestResult executionId="20264337-f625-47a0-8576-2ca248f98516" testId="ca8c3599-d4f1-d7d2-7376-3eaaa839e3e7" testName="Skyworks.Api.Tests.ARC_SAIL.ARC_Composite_Tests.Time_weighted_profile_computed_when_enabled" computerName="CHRISTOSCH" duration="00:00:00.0350273" startTime="2025-10-22T21:14:30.3043099+03:00" endTime="2025-10-22T21:14:30.3043101+03:00" testType="13cdc9d9-ddb5-4fa4-a97d-d965ccfc6d4b" outcome="Passed" testListId="8c84fa94-04c1-424b-9868-57a2d4851a1d" relativeResultsDirectory="20264337-f625-47a0-8576-2ca248f98516" />
    <UnitTestResult executionId="c79ce1f0-c983-4237-9ac0-e810b8769e6f" testId="3bc61861-0c70-ab7f-2dd9-1e08a48fa707" testName="Skyworks.Api.Tests.Airspace.AirspaceProviderTests.Point_outside_all_returns_empty" computerName="CHRISTOSCH" duration="00:00:00.0207867" startTime="2025-10-22T21:14:30.2907416+03:00" endTime="2025-10-22T21:14:30.2907417+03:00" testType="13cdc9d9-ddb5-4fa4-a97d-d965ccfc6d4b" outcome="Passed" testListId="8c84fa94-04c1-424b-9868-57a2d4851a1d" relativeResultsDirectory="c79ce1f0-c983-4237-9ac0-e810b8769e6f" />
    <UnitTestResult executionId="cbe3de55-c29d-4f58-8728-5bb726742311" testId="6601a747-e6b4-67c9-b130-4a3d780078e4" testName="Skyworks.Api.Tests.GRC.GRCCalculationTests_SORA_2_5.CalculateIGRC_ExtraLargeUA_Assemblies_OutOfScope" computerName="CHRISTOSCH" duration="00:00:00.0041947" startTime="2025-10-22T21:14:30.3108554+03:00" endTime="2025-10-22T21:14:30.3108555+03:00" testType="13cdc9d9-ddb5-4fa4-a97d-d965ccfc6d4b" outcome="Passed" testListId="8c84fa94-04c1-424b-9868-57a2d4851a1d" relativeResultsDirectory="cbe3de55-c29d-4f58-8728-5bb726742311" />
    <UnitTestResult executionId="e312d131-91a0-4fe0-8fcc-165c05ddee2f" testId="9d71037f-9bb9-401d-d512-5f6e62fec0ac" testName="Skyworks.Api.Tests.Traffic.TrafficProvider_Tests.TrafficDensityThresholds_ClassifiesCorrectly(targetCount: 11, expectedLevel: &quot;Very High&quot;)" computerName="CHRISTOSCH" duration="00:00:00.0065909" startTime="2025-10-22T21:14:30.2624638+03:00" endTime="2025-10-22T21:14:30.2624640+03:00" testType="13cdc9d9-ddb5-4fa4-a97d-d965ccfc6d4b" outcome="Passed" testListId="8c84fa94-04c1-424b-9868-57a2d4851a1d" relativeResultsDirectory="e312d131-91a0-4fe0-8fcc-165c05ddee2f" />
    <UnitTestResult executionId="7a345b40-2ab7-42a7-9aa9-577f74952661" testId="1fb318ee-3104-7be3-6a21-d359e5d0fb7b" testName="Skyworks.Api.Tests.ARC_SAIL.ARC_SAIL_Tests.SAIL_V20_Table5_Mapping(finalGrc: 3, arc: B, expected: II)" computerName="CHRISTOSCH" duration="00:00:00.0000283" startTime="2025-10-22T21:14:30.2927549+03:00" endTime="2025-10-22T21:14:30.2927550+03:00" testType="13cdc9d9-ddb5-4fa4-a97d-d965ccfc6d4b" outcome="Passed" testListId="8c84fa94-04c1-424b-9868-57a2d4851a1d" relativeResultsDirectory="7a345b40-2ab7-42a7-9aa9-577f74952661" />
    <UnitTestResult executionId="4412abcc-729c-4fc3-8808-3fd4dcfe15c4" testId="cd194c08-c31a-79f7-8d32-474094fd2b9a" testName="Skyworks.Api.Tests.Airspace.AirspaceProviderTests.Altitude_filter_excludes_above_upper" computerName="CHRISTOSCH" duration="00:00:00.0038383" startTime="2025-10-22T21:14:30.2935608+03:00" endTime="2025-10-22T21:14:30.2935609+03:00" testType="13cdc9d9-ddb5-4fa4-a97d-d965ccfc6d4b" outcome="Passed" testListId="8c84fa94-04c1-424b-9868-57a2d4851a1d" relativeResultsDirectory="4412abcc-729c-4fc3-8808-3fd4dcfe15c4" />
    <UnitTestResult executionId="3eb569ea-74b8-4e4d-8ae4-af04138b2015" testId="47c661cc-f79d-3dde-32b1-6aaf867b54ec" testName="Skyworks.Api.Tests.Weather.WeatherProvider_Tests.GetWeather_ReturnsNearestStation" computerName="CHRISTOSCH" duration="00:00:00.0017267" startTime="2025-10-22T21:14:30.3044987+03:00" endTime="2025-10-22T21:14:30.3044988+03:00" testType="13cdc9d9-ddb5-4fa4-a97d-d965ccfc6d4b" outcome="Passed" testListId="8c84fa94-04c1-424b-9868-57a2d4851a1d" relativeResultsDirectory="3eb569ea-74b8-4e4d-8ae4-af04138b2015" />
    <UnitTestResult executionId="6fe1828c-a3d7-472b-998e-208d7d971c12" testId="cc820091-42cd-3357-b5cb-77c8d6afffbf" testName="Skyworks.Api.Tests.Weather.WeatherProvider_Tests.GetForecast_ReturnsCurrentWeather" computerName="CHRISTOSCH" duration="00:00:00.0019024" startTime="2025-10-22T21:14:30.3029542+03:00" endTime="2025-10-22T21:14:30.3029544+03:00" testType="13cdc9d9-ddb5-4fa4-a97d-d965ccfc6d4b" outcome="Passed" testListId="8c84fa94-04c1-424b-9868-57a2d4851a1d" relativeResultsDirectory="6fe1828c-a3d7-472b-998e-208d7d971c12" />
    <UnitTestResult executionId="c41f107b-fba7-4413-b971-fd25693f936c" testId="bdb4e3b0-52d0-506b-d1aa-a1be5b0b2430" testName="Skyworks.Api.Tests.GRC.GRCCalculationTests_SORA_2_0.SORA20_ControlledArea_ReturnsCorrectGRC(scenario: ControlledGroundArea, dimension: 2.5, expectedGRC: 2)" computerName="CHRISTOSCH" duration="00:00:00.0033925" startTime="2025-10-22T21:14:30.3008517+03:00" endTime="2025-10-22T21:14:30.3008518+03:00" testType="13cdc9d9-ddb5-4fa4-a97d-d965ccfc6d4b" outcome="Passed" testListId="8c84fa94-04c1-424b-9868-57a2d4851a1d" relativeResultsDirectory="c41f107b-fba7-4413-b971-fd25693f936c" />
    <UnitTestResult executionId="f6674ceb-d60c-4db9-9ce7-f33398540768" testId="3a520b36-7fb0-27d7-0937-7fb4156236ea" testName="Skyworks.Api.Tests.Traffic.TrafficProvider_Tests.TrafficDensityThresholds_ClassifiesCorrectly(targetCount: 10, expectedLevel: &quot;High&quot;)" computerName="CHRISTOSCH" duration="00:00:00.0000069" startTime="2025-10-22T21:14:30.2917162+03:00" endTime="2025-10-22T21:14:30.2917163+03:00" testType="13cdc9d9-ddb5-4fa4-a97d-d965ccfc6d4b" outcome="Passed" testListId="8c84fa94-04c1-424b-9868-57a2d4851a1d" relativeResultsDirectory="f6674ceb-d60c-4db9-9ce7-f33398540768" />
    <UnitTestResult executionId="914baebd-6dbc-4879-a624-2210ee6285c2" testId="c43ac2e0-8805-1613-d6b9-0d5087a5cbc1" testName="Skyworks.Api.Tests.Compliance.ComplianceProvider_Tests.GetObligations_RestrictedAirspace_RequiresSpecialAuth" computerName="CHRISTOSCH" duration="00:00:00.0015486" startTime="2025-10-22T21:14:30.3008364+03:00" endTime="2025-10-22T21:14:30.3008365+03:00" testType="13cdc9d9-ddb5-4fa4-a97d-d965ccfc6d4b" outcome="Passed" testListId="8c84fa94-04c1-424b-9868-57a2d4851a1d" relativeResultsDirectory="914baebd-6dbc-4879-a624-2210ee6285c2" />
    <UnitTestResult executionId="71aacd18-efe2-4914-a87f-2aa7676914e4" testId="de9ff743-c511-32ce-2077-f70fded99bbf" testName="Skyworks.Api.Tests.ARC_SAIL.ARC_Residual_Density_Tests.V25_AtypicalSegregated_Claim_Goes_To_A" computerName="CHRISTOSCH" duration="00:00:00.0011279" startTime="2025-10-22T21:14:30.2968241+03:00" endTime="2025-10-22T21:14:30.2968242+03:00" testType="13cdc9d9-ddb5-4fa4-a97d-d965ccfc6d4b" outcome="Passed" testListId="8c84fa94-04c1-424b-9868-57a2d4851a1d" relativeResultsDirectory="71aacd18-efe2-4914-a87f-2aa7676914e4" />
    <UnitTestResult executionId="cd593b18-1246-4c64-9ba4-bcf1eb92738c" testId="13ebbe3d-68c4-c813-793d-a0499dbfe157" testName="Skyworks.Api.Tests.SAIL.SAILService_Tests.Composite_SAIL_Single_Segment_Same_As_Direct" computerName="CHRISTOSCH" duration="00:00:00.0190402" startTime="2025-10-22T21:14:30.3278789+03:00" endTime="2025-10-22T21:14:30.3278791+03:00" testType="13cdc9d9-ddb5-4fa4-a97d-d965ccfc6d4b" outcome="Passed" testListId="8c84fa94-04c1-424b-9868-57a2d4851a1d" relativeResultsDirectory="cd593b18-1246-4c64-9ba4-bcf1eb92738c" />
    <UnitTestResult executionId="15cb21b5-7e85-4d08-b824-cc5e3cc60350" testId="5bf2c2d6-75c6-a2e0-8ffa-1d13fadd173f" testName="Skyworks.Api.Tests.ARC_SAIL.ARC_Environment_Tests.V25_Uncontrolled_Urban_AtOrBelow120_Is_ARC_B" computerName="CHRISTOSCH" duration="00:00:00.0003113" startTime="2025-10-22T21:14:30.2967072+03:00" endTime="2025-10-22T21:14:30.2967073+03:00" testType="13cdc9d9-ddb5-4fa4-a97d-d965ccfc6d4b" outcome="Passed" testListId="8c84fa94-04c1-424b-9868-57a2d4851a1d" relativeResultsDirectory="15cb21b5-7e85-4d08-b824-cc5e3cc60350" />
    <UnitTestResult executionId="436897e9-4db9-4c3f-9392-c832cc9f2951" testId="9aaa2a4e-c3c5-e3cf-3b24-9593996af6d9" testName="Skyworks.Api.Tests.Weather.WeatherProvider_Tests.EvaluateGates_WindGate_PassesForModerateWind" computerName="CHRISTOSCH" duration="00:00:00.0250732" startTime="2025-10-22T21:14:30.2968845+03:00" endTime="2025-10-22T21:14:30.2968847+03:00" testType="13cdc9d9-ddb5-4fa4-a97d-d965ccfc6d4b" outcome="Passed" testListId="8c84fa94-04c1-424b-9868-57a2d4851a1d" relativeResultsDirectory="436897e9-4db9-4c3f-9392-c832cc9f2951" />
    <UnitTestResult executionId="046d4675-bd54-4f6d-ba98-8e4915dfd139" testId="e0adaee0-e246-ccc8-b793-aed2a122be09" testName="Skyworks.Api.Tests.ARC_SAIL.ARC_Validation_Tests.Height_over_120m_triggers_warning" computerName="CHRISTOSCH" duration="00:00:00.0056739" startTime="2025-10-22T21:14:30.2986212+03:00" endTime="2025-10-22T21:14:30.2986213+03:00" testType="13cdc9d9-ddb5-4fa4-a97d-d965ccfc6d4b" outcome="Passed" testListId="8c84fa94-04c1-424b-9868-57a2d4851a1d" relativeResultsDirectory="046d4675-bd54-4f6d-ba98-8e4915dfd139" />
    <UnitTestResult executionId="c6c1fc0d-f1dc-49a2-b1e8-1563df008871" testId="e804436e-1ec8-ae96-3b79-070185ae86e6" testName="Skyworks.Api.Tests.Traffic.TrafficProvider_Tests.TrafficDensityThresholds_ClassifiesCorrectly(targetCount: 3, expectedLevel: &quot;Medium&quot;)" computerName="CHRISTOSCH" duration="00:00:00.0000053" startTime="2025-10-22T21:14:30.2918685+03:00" endTime="2025-10-22T21:14:30.2918686+03:00" testType="13cdc9d9-ddb5-4fa4-a97d-d965ccfc6d4b" outcome="Passed" testListId="8c84fa94-04c1-424b-9868-57a2d4851a1d" relativeResultsDirectory="c6c1fc0d-f1dc-49a2-b1e8-1563df008871" />
    <UnitTestResult executionId="972fbd6e-00a7-4461-bc52-b829f8cf20cf" testId="8833d4a0-858f-0059-e2ca-23c65bda8e29" testName="Skyworks.Api.Tests.GRC.GRCCalculationTests_SORA_2_0.SORA20_M2_High_Reduces2GRC" computerName="CHRISTOSCH" duration="00:00:00.0011569" startTime="2025-10-22T21:14:30.3017225+03:00" endTime="2025-10-22T21:14:30.3017226+03:00" testType="13cdc9d9-ddb5-4fa4-a97d-d965ccfc6d4b" outcome="Passed" testListId="8c84fa94-04c1-424b-9868-57a2d4851a1d" relativeResultsDirectory="972fbd6e-00a7-4461-bc52-b829f8cf20cf" />
    <UnitTestResult executionId="ded5a406-22d9-42ee-9608-4b5381addeac" testId="497c8507-9faa-645d-9764-faab2b16c92e" testName="Skyworks.Api.Tests.SAIL.SAILService_Tests.SAIL_GRC8_Returns_CategoryC" computerName="CHRISTOSCH" duration="00:00:00.0003829" startTime="2025-10-22T21:14:30.3307482+03:00" endTime="2025-10-22T21:14:30.3307483+03:00" testType="13cdc9d9-ddb5-4fa4-a97d-d965ccfc6d4b" outcome="Passed" testListId="8c84fa94-04c1-424b-9868-57a2d4851a1d" relativeResultsDirectory="ded5a406-22d9-42ee-9608-4b5381addeac" />
    <UnitTestResult executionId="e0296630-be68-48fb-949b-43f30aee110a" testId="e8e68065-a396-06a5-6117-62173f773bd5" testName="Skyworks.Api.Tests.GRC.GRCCalculationTests_SORA_2_0.SORA20_M3_High_Reduces1GRC" computerName="CHRISTOSCH" duration="00:00:00.0124727" startTime="2025-10-22T21:14:30.3000138+03:00" endTime="2025-10-22T21:14:30.3000139+03:00" testType="13cdc9d9-ddb5-4fa4-a97d-d965ccfc6d4b" outcome="Passed" testListId="8c84fa94-04c1-424b-9868-57a2d4851a1d" relativeResultsDirectory="e0296630-be68-48fb-949b-43f30aee110a" />
    <UnitTestResult executionId="253c70d5-0a0d-43d0-9fc3-6b9c47499485" testId="64ebedc7-cc80-8051-dc98-67d144955934" testName="Skyworks.Api.Tests.SAIL.SAILService_Tests.Golden_Test10_Boundary_Condition" computerName="CHRISTOSCH" duration="00:00:00.0004363" startTime="2025-10-22T21:14:30.3294590+03:00" endTime="2025-10-22T21:14:30.3294591+03:00" testType="13cdc9d9-ddb5-4fa4-a97d-d965ccfc6d4b" outcome="Passed" testListId="8c84fa94-04c1-424b-9868-57a2d4851a1d" relativeResultsDirectory="253c70d5-0a0d-43d0-9fc3-6b9c47499485" />
    <UnitTestResult executionId="462d34f0-847e-44a2-b468-3ab9009275b2" testId="80b65782-1b4d-6713-58bd-9c83f4a3cfc7" testName="Skyworks.Api.Tests.GRC.GRCCalculationTests_SORA_2_5.GetDimensionCategory_ReturnsCorrectCategory(dimension: 7, speed: 65, expected: Large)" computerName="CHRISTOSCH" duration="00:00:00.0081852" startTime="2025-10-22T21:14:30.3045548+03:00" endTime="2025-10-22T21:14:30.3045549+03:00" testType="13cdc9d9-ddb5-4fa4-a97d-d965ccfc6d4b" outcome="Passed" testListId="8c84fa94-04c1-424b-9868-57a2d4851a1d" relativeResultsDirectory="462d34f0-847e-44a2-b468-3ab9009275b2" />
    <UnitTestResult executionId="d0fe3ae3-b9ce-43f4-a77e-26cff5563bc9" testId="6f003132-75ae-a8bb-7283-28b9b7e5e486" testName="Skyworks.Api.Tests.Drones.DroneCatalog_Tests.SearchDrones_ByManufacturerDJI_ReturnsMultiple" computerName="CHRISTOSCH" duration="00:00:00.0133590" startTime="2025-10-22T21:14:30.4439631+03:00" endTime="2025-10-22T21:14:30.4439635+03:00" testType="13cdc9d9-ddb5-4fa4-a97d-d965ccfc6d4b" outcome="Passed" testListId="8c84fa94-04c1-424b-9868-57a2d4851a1d" relativeResultsDirectory="d0fe3ae3-b9ce-43f4-a77e-26cff5563bc9" />
    <UnitTestResult executionId="8584c5de-ed4b-46c8-9991-25665911d9a8" testId="5ddf877c-bde0-187c-21f8-57f29fabffdb" testName="Skyworks.Api.Tests.SAIL.SAILService_Tests.Golden_Test01_Urban_VLOS_Nicosia" computerName="CHRISTOSCH" duration="00:00:00.0004781" startTime="2025-10-22T21:14:30.3310946+03:00" endTime="2025-10-22T21:14:30.3310948+03:00" testType="13cdc9d9-ddb5-4fa4-a97d-d965ccfc6d4b" outcome="Passed" testListId="8c84fa94-04c1-424b-9868-57a2d4851a1d" relativeResultsDirectory="8584c5de-ed4b-46c8-9991-25665911d9a8" />
    <UnitTestResult executionId="a2b25b19-b7ff-447d-8134-8e5118a9f083" testId="0a1b403c-c8c6-1cbc-b62f-3f02c6af934f" testName="Skyworks.Api.Tests.OSO.OSOService_Tests.SORA25_Annex_E_References_Present" computerName="CHRISTOSCH" duration="00:00:00.0001778" startTime="2025-10-22T21:14:30.3262564+03:00" endTime="2025-10-22T21:14:30.3262566+03:00" testType="13cdc9d9-ddb5-4fa4-a97d-d965ccfc6d4b" outcome="Passed" testListId="8c84fa94-04c1-424b-9868-57a2d4851a1d" relativeResultsDirectory="a2b25b19-b7ff-447d-8134-8e5118a9f083" />
    <UnitTestResult executionId="b3e781bc-0d13-46da-9efc-6f4c36b2abc6" testId="cb08d9e4-497f-1c7f-2cf0-582b2a056685" testName="Skyworks.Api.Tests.GRC.GRCCalculationTests_SORA_2_0.SORA20_ControlledArea_ReturnsCorrectGRC(scenario: ControlledGroundArea, dimension: 10, expectedGRC: 4)" computerName="CHRISTOSCH" duration="00:00:00.0006048" startTime="2025-10-22T21:14:30.3009824+03:00" endTime="2025-10-22T21:14:30.3009825+03:00" testType="13cdc9d9-ddb5-4fa4-a97d-d965ccfc6d4b" outcome="Passed" testListId="8c84fa94-04c1-424b-9868-57a2d4851a1d" relativeResultsDirectory="b3e781bc-0d13-46da-9efc-6f4c36b2abc6" />
    <UnitTestResult executionId="df3e6225-d6a7-4fbf-9af3-06ada795b488" testId="b0fb7cf9-47b7-2324-8b5c-93a972d44a6e" testName="Skyworks.Api.Tests.GRC.GRCCalculationTests_SORA_2_5.GetPopulationCategory_ReturnsCorrectCategory(density: 200, controlled: False, expected: SparselyPopulated)" computerName="CHRISTOSCH" duration="00:00:00.0000115" startTime="2025-10-22T21:14:30.3088639+03:00" endTime="2025-10-22T21:14:30.3088641+03:00" testType="13cdc9d9-ddb5-4fa4-a97d-d965ccfc6d4b" outcome="Passed" testListId="8c84fa94-04c1-424b-9868-57a2d4851a1d" relativeResultsDirectory="df3e6225-d6a7-4fbf-9af3-06ada795b488" />
    <UnitTestResult executionId="1e302863-de00-44d9-8788-17164d09ca2b" testId="3201071f-f047-6b32-7f84-33573d892b21" testName="Skyworks.Api.Tests.OSO.OSOService_Tests.SORA20_SAIL_VI_Has_All_OSOs_Required" computerName="CHRISTOSCH" duration="00:00:00.0008264" startTime="2025-10-22T21:14:30.3117935+03:00" endTime="2025-10-22T21:14:30.3117936+03:00" testType="13cdc9d9-ddb5-4fa4-a97d-d965ccfc6d4b" outcome="Passed" testListId="8c84fa94-04c1-424b-9868-57a2d4851a1d" relativeResultsDirectory="1e302863-de00-44d9-8788-17164d09ca2b" />
    <UnitTestResult executionId="fb72f9c5-5caa-4925-be5b-a1ef80d0e3a3" testId="204bc174-01c4-e737-bba5-f99a1694aacc" testName="Skyworks.Api.Tests.Airspace.AirspaceProvider_Cyprus_Tests.MetropolitanMall_Larnaca_is_in_Larnaca_CTR" computerName="CHRISTOSCH" duration="00:00:00.0213045" startTime="2025-10-22T21:14:30.2908723+03:00" endTime="2025-10-22T21:14:30.2908724+03:00" testType="13cdc9d9-ddb5-4fa4-a97d-d965ccfc6d4b" outcome="Passed" testListId="8c84fa94-04c1-424b-9868-57a2d4851a1d" relativeResultsDirectory="fb72f9c5-5caa-4925-be5b-a1ef80d0e3a3" />
    <UnitTestResult executionId="68140e3a-468d-4adc-aed8-b9ea87af1d56" testId="c5325331-4cd8-c789-a625-4dfa3ad02447" testName="Skyworks.Api.Tests.History.HistoricalAnalysis_Tests.Filters_By_SoraVersion" computerName="CHRISTOSCH" duration="00:00:00.0015131" startTime="2025-10-22T21:14:30.3108187+03:00" endTime="2025-10-22T21:14:30.3108189+03:00" testType="13cdc9d9-ddb5-4fa4-a97d-d965ccfc6d4b" outcome="Passed" testListId="8c84fa94-04c1-424b-9868-57a2d4851a1d" relativeResultsDirectory="68140e3a-468d-4adc-aed8-b9ea87af1d56" />
    <UnitTestResult executionId="bac5ee0a-447c-4287-b122-ae1dea685000" testId="5fa0dd2b-4932-0d4b-3321-435a96f82826" testName="Skyworks.Api.Tests.OSO.OSOService_Tests.GetOSORequirements_InvalidVersion_Defaults_To_25" computerName="CHRISTOSCH" duration="00:00:00.0372242" startTime="2025-10-22T21:14:30.2997990+03:00" endTime="2025-10-22T21:14:30.2997992+03:00" testType="13cdc9d9-ddb5-4fa4-a97d-d965ccfc6d4b" outcome="Passed" testListId="8c84fa94-04c1-424b-9868-57a2d4851a1d" relativeResultsDirectory="bac5ee0a-447c-4287-b122-ae1dea685000" />
    <UnitTestResult executionId="58727df2-4c26-4b96-99f9-de7c1f984947" testId="0441d755-73b9-4463-446d-dd0247e4db9b" testName="Skyworks.Api.Tests.ARC_SAIL.ARC_Validation_Tests.Controlled_airspace_triggers_warning" computerName="CHRISTOSCH" duration="00:00:00.0055359" startTime="2025-10-22T21:14:30.2973805+03:00" endTime="2025-10-22T21:14:30.2973806+03:00" testType="13cdc9d9-ddb5-4fa4-a97d-d965ccfc6d4b" outcome="Passed" testListId="8c84fa94-04c1-424b-9868-57a2d4851a1d" relativeResultsDirectory="58727df2-4c26-4b96-99f9-de7c1f984947" />
    <UnitTestResult executionId="b44755b5-8e19-450b-9a96-fa1504a0a820" testId="995c25c1-9584-04ac-a21c-d10fb762aaa8" testName="Skyworks.Api.Tests.ARC_SAIL.ARC_Composite_Tests.Overall_is_max_segment_arc" computerName="CHRISTOSCH" duration="00:00:00.0012234" startTime="2025-10-22T21:14:30.3062815+03:00" endTime="2025-10-22T21:14:30.3062816+03:00" testType="13cdc9d9-ddb5-4fa4-a97d-d965ccfc6d4b" outcome="Passed" testListId="8c84fa94-04c1-424b-9868-57a2d4851a1d" relativeResultsDirectory="b44755b5-8e19-450b-9a96-fa1504a0a820" />
    <UnitTestResult executionId="daac0f7f-de8d-48ff-92d2-b1f99e8755f2" testId="c42db454-328a-4d6e-2e53-ae9a9de6ba6e" testName="Skyworks.Api.Tests.ARC_SAIL.ARC_Residual_Tests.V25_From_B_With_S1_Goes_To_A" computerName="CHRISTOSCH" duration="00:00:00.0003613" startTime="2025-10-22T21:14:30.2946032+03:00" endTime="2025-10-22T21:14:30.2946034+03:00" testType="13cdc9d9-ddb5-4fa4-a97d-d965ccfc6d4b" outcome="Passed" testListId="8c84fa94-04c1-424b-9868-57a2d4851a1d" relativeResultsDirectory="daac0f7f-de8d-48ff-92d2-b1f99e8755f2" />
    <UnitTestResult executionId="244f5157-e4ae-4fe6-8edd-9414d2bb237d" testId="ae321f04-505a-0421-32f5-9064807cff94" testName="Skyworks.Api.Tests.AuthAndKbTests.Login_Returns_Token" computerName="CHRISTOSCH" duration="00:00:00.0010000" startTime="2025-10-22T21:14:30.2496117+03:00" endTime="2025-10-22T21:14:30.2496697+03:00" testType="13cdc9d9-ddb5-4fa4-a97d-d965ccfc6d4b" outcome="NotExecuted" testListId="8c84fa94-04c1-424b-9868-57a2d4851a1d" relativeResultsDirectory="244f5157-e4ae-4fe6-8edd-9414d2bb237d">
      <Output>
        <ErrorInfo>
          <Message>Phase1: auth wired, skipping login test in CI until environment stable</Message>
        </ErrorInfo>
      </Output>
    </UnitTestResult>
    <UnitTestResult executionId="4721dad1-9432-40b4-b9c8-276e1edba308" testId="ef394a92-f7de-b0d0-04f9-9c42a40b85f6" testName="Skyworks.Api.Tests.Traffic.TrafficProvider_Tests.GetTrafficDensity_IncludesTargetsByType" computerName="CHRISTOSCH" duration="00:00:00.0047283" startTime="2025-10-22T21:14:30.3100311+03:00" endTime="2025-10-22T21:14:30.3100312+03:00" testType="13cdc9d9-ddb5-4fa4-a97d-d965ccfc6d4b" outcome="Passed" testListId="8c84fa94-04c1-424b-9868-57a2d4851a1d" relativeResultsDirectory="4721dad1-9432-40b4-b9c8-276e1edba308" />
    <UnitTestResult executionId="a72df247-ff36-4f0c-b8e7-da932aead6af" testId="3c4c551a-1a46-a130-1e74-3d3168bbbb15" testName="Skyworks.Api.Tests.Drones.DroneCatalog_Tests.SearchDrones_CombinedFilters_ReturnsCorrectSubset" computerName="CHRISTOSCH" duration="00:00:00.0137817" startTime="2025-10-22T21:14:30.4302028+03:00" endTime="2025-10-22T21:14:30.4302033+03:00" testType="13cdc9d9-ddb5-4fa4-a97d-d965ccfc6d4b" outcome="Passed" testListId="8c84fa94-04c1-424b-9868-57a2d4851a1d" relativeResultsDirectory="a72df247-ff36-4f0c-b8e7-da932aead6af" />
    <UnitTestResult executionId="a2157b22-98a9-4132-8ffd-03d3652ac094" testId="27896950-9806-7a2a-355f-20477f00aee6" testName="Skyworks.Api.Tests.SAIL.SAILReport_Tests.Report_Pdf_Is_Not_Empty" computerName="CHRISTOSCH" duration="00:00:00.0210229" startTime="2025-10-22T21:14:30.8929930+03:00" endTime="2025-10-22T21:14:30.8929935+03:00" testType="13cdc9d9-ddb5-4fa4-a97d-d965ccfc6d4b" outcome="Passed" testListId="8c84fa94-04c1-424b-9868-57a2d4851a1d" relativeResultsDirectory="a2157b22-98a9-4132-8ffd-03d3652ac094" />
    <UnitTestResult executionId="faf7037b-bab1-45e3-b1ce-3c5d6f7cfde5" testId="d777089b-0853-e440-7131-bc60e1245c58" testName="Skyworks.Api.Tests.ARC_SAIL.ARC_SAIL_Tests.SAIL_V25_OutOfScope_ReturnsNotSupported(finalGrc: 8)" computerName="CHRISTOSCH" duration="00:00:00.0009615" startTime="2025-10-22T21:14:30.2936217+03:00" endTime="2025-10-22T21:14:30.2936218+03:00" testType="13cdc9d9-ddb5-4fa4-a97d-d965ccfc6d4b" outcome="Passed" testListId="8c84fa94-04c1-424b-9868-57a2d4851a1d" relativeResultsDirectory="faf7037b-bab1-45e3-b1ce-3c5d6f7cfde5" />
    <UnitTestResult executionId="6940f987-6452-4521-8cad-26030fecb781" testId="36832edd-d3a3-811c-bf0e-ed3a5f3f3b09" testName="Skyworks.Api.Tests.GRC.GRCCalculationTests_SORA_2_0.SORA20_ControlledArea_ReturnsCorrectGRC(scenario: ControlledGroundArea, dimension: 0.80000000000000004, expectedGRC: 1)" computerName="CHRISTOSCH" duration="00:00:00.0000153" startTime="2025-10-22T21:14:30.3016618+03:00" endTime="2025-10-22T21:14:30.3016619+03:00" testType="13cdc9d9-ddb5-4fa4-a97d-d965ccfc6d4b" outcome="Passed" testListId="8c84fa94-04c1-424b-9868-57a2d4851a1d" relativeResultsDirectory="6940f987-6452-4521-8cad-26030fecb781" />
    <UnitTestResult executionId="b7a2a890-f1a1-4b5c-8b5d-cf6c9af5f94a" testId="377a8b8b-a490-f6bf-ce99-bda50b7bfae1" testName="Skyworks.Api.Tests.GRC.GRCCalculationTests_SORA_2_0.SORA20_M1_High_Reduces4GRC" computerName="CHRISTOSCH" duration="00:00:00.0005781" startTime="2025-10-22T21:14:30.3071896+03:00" endTime="2025-10-22T21:14:30.3071897+03:00" testType="13cdc9d9-ddb5-4fa4-a97d-d965ccfc6d4b" outcome="Passed" testListId="8c84fa94-04c1-424b-9868-57a2d4851a1d" relativeResultsDirectory="b7a2a890-f1a1-4b5c-8b5d-cf6c9af5f94a" />
    <UnitTestResult executionId="336ab418-0ea0-45f9-a0a4-8b6f37e6f3c1" testId="cf2b9f67-7938-6490-f6b2-555e340cf963" testName="Skyworks.Api.Tests.Drones.DroneCatalog_Tests.CheckRemoteIDCompliance(droneId: &quot;DJI_MINI4PRO&quot;, expectedHasRemoteID: True)" computerName="CHRISTOSCH" duration="00:00:00.0163157" startTime="2025-10-22T21:14:30.4772370+03:00" endTime="2025-10-22T21:14:30.4772374+03:00" testType="13cdc9d9-ddb5-4fa4-a97d-d965ccfc6d4b" outcome="Passed" testListId="8c84fa94-04c1-424b-9868-57a2d4851a1d" relativeResultsDirectory="336ab418-0ea0-45f9-a0a4-8b6f37e6f3c1" />
    <UnitTestResult executionId="693eed98-32e3-4520-bcce-3ae02a27409e" testId="7594d324-9a90-9382-2de9-6ede6f181520" testName="Skyworks.Api.Tests.GRC.GRCCalculationTests_SORA_2_0.SORA20_FinalGRC_Above7_Invalid" computerName="CHRISTOSCH" duration="00:00:00.0006009" startTime="2025-10-22T21:14:30.3054564+03:00" endTime="2025-10-22T21:14:30.3054565+03:00" testType="13cdc9d9-ddb5-4fa4-a97d-d965ccfc6d4b" outcome="Passed" testListId="8c84fa94-04c1-424b-9868-57a2d4851a1d" relativeResultsDirectory="693eed98-32e3-4520-bcce-3ae02a27409e" />
    <UnitTestResult executionId="39230334-d17f-4002-a52e-fd8d4e71ffc8" testId="b611b895-fc79-b24d-ec6c-6d7b42e31414" testName="Skyworks.Api.Tests.ARC_SAIL.ARC_SAIL_Tests.ARC_V20_Explicit_ReturnsSame" computerName="CHRISTOSCH" duration="00:00:00.0010529" startTime="2025-10-22T21:14:30.2945036+03:00" endTime="2025-10-22T21:14:30.2945037+03:00" testType="13cdc9d9-ddb5-4fa4-a97d-d965ccfc6d4b" outcome="Passed" testListId="8c84fa94-04c1-424b-9868-57a2d4851a1d" relativeResultsDirectory="39230334-d17f-4002-a52e-fd8d4e71ffc8" />
    <UnitTestResult executionId="5765d0a0-8369-401f-b4a7-e33ae693ab5a" testId="609cbb2b-cb7b-3334-57ed-6d86ac0d4b2f" testName="Skyworks.Api.Tests.GRC.GRCCalculationTests_SORA_2_0.SORA20_CombinedMitigations_AppliesInSequence" computerName="CHRISTOSCH" duration="00:00:00.0010671" startTime="2025-10-22T21:14:30.3044156+03:00" endTime="2025-10-22T21:14:30.3044158+03:00" testType="13cdc9d9-ddb5-4fa4-a97d-d965ccfc6d4b" outcome="Passed" testListId="8c84fa94-04c1-424b-9868-57a2d4851a1d" relativeResultsDirectory="5765d0a0-8369-401f-b4a7-e33ae693ab5a" />
    <UnitTestResult executionId="9b67cb5d-2b22-4e63-859f-0047d9a846ea" testId="576740c3-3c83-35e8-6622-25134ad7e966" testName="Skyworks.Api.Tests.Airspace.AirspaceProvider_Cyprus_Tests.MyMall_Limassol_is_in_Akrotiri_CTR" computerName="CHRISTOSCH" duration="00:00:00.0017797" startTime="2025-10-22T21:14:30.2926768+03:00" endTime="2025-10-22T21:14:30.2926769+03:00" testType="13cdc9d9-ddb5-4fa4-a97d-d965ccfc6d4b" outcome="Passed" testListId="8c84fa94-04c1-424b-9868-57a2d4851a1d" relativeResultsDirectory="9b67cb5d-2b22-4e63-859f-0047d9a846ea" />
    <UnitTestResult executionId="c34a7efc-e84a-4cf7-9c14-52a9cf221aa1" testId="90be3c67-82f0-596b-10f2-6ff1b82a8d9f" testName="Skyworks.Api.Tests.SAIL.SAILService_Tests.OSO_Count_SAIL_III_Returns_16" computerName="CHRISTOSCH" duration="00:00:00.0002941" startTime="2025-10-22T21:14:30.3293256+03:00" endTime="2025-10-22T21:14:30.3293258+03:00" testType="13cdc9d9-ddb5-4fa4-a97d-d965ccfc6d4b" outcome="Passed" testListId="8c84fa94-04c1-424b-9868-57a2d4851a1d" relativeResultsDirectory="c34a7efc-e84a-4cf7-9c14-52a9cf221aa1" />
    <UnitTestResult executionId="197c70e8-d11f-4b53-8690-9845fb819ce8" testId="a00ba7c9-b8ea-744d-1da8-fd4aa59a18e3" testName="Skyworks.Api.Tests.OSO.OSOService_Tests.OSO_Categories_Are_Properly_Assigned" computerName="CHRISTOSCH" duration="00:00:00.0015328" startTime="2025-10-22T21:14:30.3260613+03:00" endTime="2025-10-22T21:14:30.3260614+03:00" testType="13cdc9d9-ddb5-4fa4-a97d-d965ccfc6d4b" outcome="Passed" testListId="8c84fa94-04c1-424b-9868-57a2d4851a1d" relativeResultsDirectory="197c70e8-d11f-4b53-8690-9845fb819ce8" />
    <UnitTestResult executionId="ec11cfaa-59c3-4ff2-a42e-8d87d1549d23" testId="3b7c008d-d31e-4c2a-6b68-155d53201220" testName="Skyworks.Api.Tests.GRC.GRCCalculationTests_SORA_2_5.GetPopulationCategory_ReturnsCorrectCategory(density: 3, controlled: False, expected: Remote)" computerName="CHRISTOSCH" duration="00:00:00.0008638" startTime="2025-10-22T21:14:30.3081360+03:00" endTime="2025-10-22T21:14:30.3081361+03:00" testType="13cdc9d9-ddb5-4fa4-a97d-d965ccfc6d4b" outcome="Passed" testListId="8c84fa94-04c1-424b-9868-57a2d4851a1d" relativeResultsDirectory="ec11cfaa-59c3-4ff2-a42e-8d87d1549d23" />
    <UnitTestResult executionId="6d6dea39-45a2-4d53-b7cc-449ee19674e9" testId="ff03d096-bf7a-7fff-fee4-8dd728409e0e" testName="Skyworks.Api.Tests.ServiceZones.ServiceZones_More_Tests.Zone_at_point_is_detected(expectedZoneId: &quot;CY_AGE_PV_PARK&quot;, lat: 35.053899999999999, lon: 32.876399999999997)" computerName="CHRISTOSCH" duration="00:00:00.0000156" startTime="2025-10-22T21:14:30.2905870+03:00" endTime="2025-10-22T21:14:30.2905872+03:00" testType="13cdc9d9-ddb5-4fa4-a97d-d965ccfc6d4b" outcome="Passed" testListId="8c84fa94-04c1-424b-9868-57a2d4851a1d" relativeResultsDirectory="6d6dea39-45a2-4d53-b7cc-449ee19674e9" />
    <UnitTestResult executionId="f360fc4a-4d74-43c6-9714-9761ca5488e5" testId="0076794c-433a-0a09-e12c-85b3f4a566b8" testName="Skyworks.Api.Tests.SAIL.SAILService_Tests.SAIL_GRC1_ARCa_Returns_SAIL_I" computerName="CHRISTOSCH" duration="00:00:00.0003640" startTime="2025-10-22T21:14:30.3289629+03:00" endTime="2025-10-22T21:14:30.3289637+03:00" testType="13cdc9d9-ddb5-4fa4-a97d-d965ccfc6d4b" outcome="Passed" testListId="8c84fa94-04c1-424b-9868-57a2d4851a1d" relativeResultsDirectory="f360fc4a-4d74-43c6-9714-9761ca5488e5" />
    <UnitTestResult executionId="cdc3eafa-44fc-470d-bfdc-7cfe0edfce96" testId="c226b589-26ff-8763-e30f-e6eac0fb6859" testName="Skyworks.Api.Tests.SAIL.SAILService_Tests.Golden_Test02_Suburban_BVLOS_Limassol" computerName="CHRISTOSCH" duration="00:00:00.0002791" startTime="2025-10-22T21:14:30.3386712+03:00" endTime="2025-10-22T21:14:30.3386715+03:00" testType="13cdc9d9-ddb5-4fa4-a97d-d965ccfc6d4b" outcome="Passed" testListId="8c84fa94-04c1-424b-9868-57a2d4851a1d" relativeResultsDirectory="cdc3eafa-44fc-470d-bfdc-7cfe0edfce96" />
    <UnitTestResult executionId="01463eb4-51d4-4a72-ae3a-be14072b0d29" testId="5c2a55a7-f695-ade9-d556-3c8753d856e2" testName="Skyworks.Api.Tests.AgentsEndpointTests.ListAgents_ReturnsTwoAgents" computerName="CHRISTOSCH" duration="00:00:00.1654295" startTime="2025-10-22T21:14:34.9885020+03:00" endTime="2025-10-22T21:14:34.9885025+03:00" testType="13cdc9d9-ddb5-4fa4-a97d-d965ccfc6d4b" outcome="Passed" testListId="8c84fa94-04c1-424b-9868-57a2d4851a1d" relativeResultsDirectory="01463eb4-51d4-4a72-ae3a-be14072b0d29" />
    <UnitTestResult executionId="ab6da777-0fdb-486c-984c-374307e08abe" testId="7159fdbe-6de8-7dac-aa5a-631747f57313" testName="Skyworks.Api.Tests.ARC_SAIL.ARC_Residual_Tests.V20_From_C_With_Many_Goes_To_B_Only" computerName="CHRISTOSCH" duration="00:00:00.0206308" startTime="2025-10-22T21:14:30.2937684+03:00" endTime="2025-10-22T21:14:30.2937685+03:00" testType="13cdc9d9-ddb5-4fa4-a97d-d965ccfc6d4b" outcome="Passed" testListId="8c84fa94-04c1-424b-9868-57a2d4851a1d" relativeResultsDirectory="ab6da777-0fdb-486c-984c-374307e08abe" />
    <UnitTestResult executionId="af390966-1f3f-4710-b5c8-9e53a6855af4" testId="33a58850-070c-53b8-d79e-a25405381d86" testName="Skyworks.Api.Tests.ServiceZones.ServiceZones_More_Tests.Zone_at_point_is_detected(expectedZoneId: &quot;CY_AKA_PV_PARK&quot;, lat: 35.137099999999997, lon: 33.162399999999998)" computerName="CHRISTOSCH" duration="00:00:00.0000174" startTime="2025-10-22T21:14:30.2906665+03:00" endTime="2025-10-22T21:14:30.2906667+03:00" testType="13cdc9d9-ddb5-4fa4-a97d-d965ccfc6d4b" outcome="Passed" testListId="8c84fa94-04c1-424b-9868-57a2d4851a1d" relativeResultsDirectory="af390966-1f3f-4710-b5c8-9e53a6855af4" />
    <UnitTestResult executionId="18ba8e3a-4c02-4fc6-bb06-616428826dcc" testId="f3f9a4e0-6f70-ff26-9658-978784f70d39" testName="Skyworks.Api.Tests.GRC.GRCCalculationTests_SORA_2_5.CalculateIGRC_SmallUA_ControlledArea_ReturnsGRC1" computerName="CHRISTOSCH" duration="00:00:00.0005283" startTime="2025-10-22T21:14:30.3116421+03:00" endTime="2025-10-22T21:14:30.3116423+03:00" testType="13cdc9d9-ddb5-4fa4-a97d-d965ccfc6d4b" outcome="Passed" testListId="8c84fa94-04c1-424b-9868-57a2d4851a1d" relativeResultsDirectory="18ba8e3a-4c02-4fc6-bb06-616428826dcc" />
    <UnitTestResult executionId="65215232-dbf9-432c-9621-103500afda03" testId="d7b71614-4e31-7a89-42ce-bec3c066e3e9" testName="Skyworks.Api.Tests.Weather.WeatherProvider_Tests.VMCCriteria_CorrectlyEvaluatesConditions(visibilityMeters: 8000, cloudCeilingMeters: 600, altitudeAGL: 200, expectedVMC: True)" computerName="CHRISTOSCH" duration="00:00:00.0000082" startTime="2025-10-22T21:14:30.2988271+03:00" endTime="2025-10-22T21:14:30.2988272+03:00" testType="13cdc9d9-ddb5-4fa4-a97d-d965ccfc6d4b" outcome="Passed" testListId="8c84fa94-04c1-424b-9868-57a2d4851a1d" relativeResultsDirectory="65215232-dbf9-432c-9621-103500afda03" />
    <UnitTestResult executionId="9e7ca81d-0f21-4129-b18e-521de2eeb1f8" testId="0ce0ad64-da8f-c5f4-d74b-ef34a0bc2c5f" testName="Skyworks.Api.Tests.GRC.GRCCalculationTests_SORA_2_0.SORA20_VLOS_Gathering_3m_OutOfScope" computerName="CHRISTOSCH" duration="00:00:00.0048053" startTime="2025-10-22T21:14:30.3071306+03:00" endTime="2025-10-22T21:14:30.3071307+03:00" testType="13cdc9d9-ddb5-4fa4-a97d-d965ccfc6d4b" outcome="Passed" testListId="8c84fa94-04c1-424b-9868-57a2d4851a1d" relativeResultsDirectory="9e7ca81d-0f21-4129-b18e-521de2eeb1f8" />
    <UnitTestResult executionId="ab89b628-1363-442a-80f7-70bb71a46e00" testId="321fbea0-2111-24a4-ac8c-4a9f64c2ed57" testName="Skyworks.Api.Tests.ServiceZones.ServiceZones_More_Tests.Zone_at_point_is_detected(expectedZoneId: &quot;CY_NIC_MALL_OF_CYPRUS&quot;, lat: 35.182699999999997, lon: 33.056899999999999)" computerName="CHRISTOSCH" duration="00:00:00.0005639" startTime="2025-10-22T21:14:30.2880349+03:00" endTime="2025-10-22T21:14:30.2880351+03:00" testType="13cdc9d9-ddb5-4fa4-a97d-d965ccfc6d4b" outcome="Passed" testListId="8c84fa94-04c1-424b-9868-57a2d4851a1d" relativeResultsDirectory="ab89b628-1363-442a-80f7-70bb71a46e00" />
    <UnitTestResult executionId="6e3e5aa1-18e6-4af8-9ef1-5e0f0422bb16" testId="e371ae59-caee-73a9-b5ec-a13d6d05f072" testName="Skyworks.Api.Tests.Compliance.ComplianceProvider_Tests.GetObligations_ARCc_RequiresOSOAndTMPR" computerName="CHRISTOSCH" duration="00:00:00.0154872" startTime="2025-10-22T21:14:30.2918310+03:00" endTime="2025-10-22T21:14:30.2918311+03:00" testType="13cdc9d9-ddb5-4fa4-a97d-d965ccfc6d4b" outcome="Passed" testListId="8c84fa94-04c1-424b-9868-57a2d4851a1d" relativeResultsDirectory="6e3e5aa1-18e6-4af8-9ef1-5e0f0422bb16" />
    <UnitTestResult executionId="46f59596-02cc-443e-8ae8-d42a8336ea9f" testId="d0f10845-dcbd-c052-947d-603242d5e4cf" testName="Skyworks.Api.Tests.SAIL.SAILService_Tests.Composite_SAIL_All_Low_Risk_Returns_SAIL_I" computerName="CHRISTOSCH" duration="00:00:00.0004218" startTime="2025-10-22T21:14:30.3391733+03:00" endTime="2025-10-22T21:14:30.3391736+03:00" testType="13cdc9d9-ddb5-4fa4-a97d-d965ccfc6d4b" outcome="Passed" testListId="8c84fa94-04c1-424b-9868-57a2d4851a1d" relativeResultsDirectory="46f59596-02cc-443e-8ae8-d42a8336ea9f" />
    <UnitTestResult executionId="5875cc11-6689-4530-b7c0-e9c075a65c01" testId="1fb2c0ed-eb8c-a02e-06d0-ff5517901e04" testName="Skyworks.Api.Tests.ARC_SAIL.ARC_SAIL_Tests.SAIL_V20_Table5_Mapping(finalGrc: 2, arc: A, expected: I)" computerName="CHRISTOSCH" duration="00:00:00.0000177" startTime="2025-10-22T21:14:30.2927973+03:00" endTime="2025-10-22T21:14:30.2927974+03:00" testType="13cdc9d9-ddb5-4fa4-a97d-d965ccfc6d4b" outcome="Passed" testListId="8c84fa94-04c1-424b-9868-57a2d4851a1d" relativeResultsDirectory="5875cc11-6689-4530-b7c0-e9c075a65c01" />
    <UnitTestResult executionId="f55de57f-62f3-48ac-8295-16c0e99d4bdc" testId="3181022f-dda2-5b45-caf3-29f839538a75" testName="Skyworks.Api.Tests.GRC.GRCCalculationTests_SORA_2_5.GetDimensionCategory_ReturnsCorrectCategory(dimension: 0.80000000000000004, speed: 20, expected: Small)" computerName="CHRISTOSCH" duration="00:00:00.0000099" startTime="2025-10-22T21:14:30.3061651+03:00" endTime="2025-10-22T21:14:30.3061652+03:00" testType="13cdc9d9-ddb5-4fa4-a97d-d965ccfc6d4b" outcome="Passed" testListId="8c84fa94-04c1-424b-9868-57a2d4851a1d" relativeResultsDirectory="f55de57f-62f3-48ac-8295-16c0e99d4bdc" />
    <UnitTestResult executionId="d1450d0f-7822-4440-81b7-870f553da126" testId="1f092a2d-b16b-0014-dad9-208fab7dfeb0" testName="Skyworks.Api.Tests.ARC_SAIL.ARC_Residual_Density_Tests.V25_Density_Reduction_D_to_C_When_3_or_4" computerName="CHRISTOSCH" duration="00:00:00.0071330" startTime="2025-10-22T21:14:30.2937904+03:00" endTime="2025-10-22T21:14:30.2937905+03:00" testType="13cdc9d9-ddb5-4fa4-a97d-d965ccfc6d4b" outcome="Passed" testListId="8c84fa94-04c1-424b-9868-57a2d4851a1d" relativeResultsDirectory="d1450d0f-7822-4440-81b7-870f553da126" />
    <UnitTestResult executionId="44f1592b-bd04-4277-ac9d-5a3e9841b850" testId="2f6495ff-2ede-6796-2c4b-3fbb3f80db2f" testName="Skyworks.Api.Tests.Population.PopulationDensityProviderTests.Athens_Center_Returns_High_Density" computerName="CHRISTOSCH" duration="00:00:00.0011604" startTime="2025-10-22T21:14:30.3044367+03:00" endTime="2025-10-22T21:14:30.3044368+03:00" testType="13cdc9d9-ddb5-4fa4-a97d-d965ccfc6d4b" outcome="Passed" testListId="8c84fa94-04c1-424b-9868-57a2d4851a1d" relativeResultsDirectory="44f1592b-bd04-4277-ac9d-5a3e9841b850" />
    <UnitTestResult executionId="7aad729d-ae07-4ae9-862a-3a7e3ab60985" testId="98fed9be-74e5-b2d3-80b1-2c3aff2307d5" testName="Skyworks.Api.Tests.ServiceZones.ServiceZones_More_Tests.Zone_at_point_is_detected(expectedZoneId: &quot;CY_EPT_PV_PARK&quot;, lat: 34.846330999999999, lon: 33.159049899999999)" computerName="CHRISTOSCH" duration="00:00:00.0000131" startTime="2025-10-22T21:14:30.2882291+03:00" endTime="2025-10-22T21:14:30.2882292+03:00" testType="13cdc9d9-ddb5-4fa4-a97d-d965ccfc6d4b" outcome="Passed" testListId="8c84fa94-04c1-424b-9868-57a2d4851a1d" relativeResultsDirectory="7aad729d-ae07-4ae9-862a-3a7e3ab60985" />
    <UnitTestResult executionId="25523eee-089b-45e9-a3af-1797d0ef8034" testId="c931315c-816e-3659-5217-8274750633ed" testName="Skyworks.Api.Tests.Traffic.TrafficProvider_Tests.GetTrafficDensity_CalculatesAverageAltitude" computerName="CHRISTOSCH" duration="00:00:00.0019735" startTime="2025-10-22T21:14:30.3064565+03:00" endTime="2025-10-22T21:14:30.3064566+03:00" testType="13cdc9d9-ddb5-4fa4-a97d-d965ccfc6d4b" outcome="Passed" testListId="8c84fa94-04c1-424b-9868-57a2d4851a1d" relativeResultsDirectory="25523eee-089b-45e9-a3af-1797d0ef8034" />
    <UnitTestResult executionId="c0a2878a-0161-43e9-a9dc-8cfe2bba85fd" testId="c27f482f-3fe5-fe68-5ed1-12be225a4a9a" testName="Skyworks.Api.Tests.Compliance.ComplianceProvider_Tests.GetObligations_SpecialUseAirport_RequiresCoordination" computerName="CHRISTOSCH" duration="00:00:00.0016816" startTime="2025-10-22T21:14:30.2946536+03:00" endTime="2025-10-22T21:14:30.2946537+03:00" testType="13cdc9d9-ddb5-4fa4-a97d-d965ccfc6d4b" outcome="Passed" testListId="8c84fa94-04c1-424b-9868-57a2d4851a1d" relativeResultsDirectory="c0a2878a-0161-43e9-a9dc-8cfe2bba85fd" />
    <UnitTestResult executionId="c6524bd7-488a-4cd3-96ae-ae010318cba5" testId="1bd152bb-471e-2737-2fc8-b5f611953034" testName="Skyworks.Api.Tests.Risk.RiskModeling_Tests.SAIL_V_ARC_D_Urban_BVLOS_Is_HighOrVeryHigh" computerName="CHRISTOSCH" duration="00:00:00.0006156" startTime="2025-10-22T21:14:30.3007372+03:00" endTime="2025-10-22T21:14:30.3007373+03:00" testType="13cdc9d9-ddb5-4fa4-a97d-d965ccfc6d4b" outcome="Passed" testListId="8c84fa94-04c1-424b-9868-57a2d4851a1d" relativeResultsDirectory="c6524bd7-488a-4cd3-96ae-ae010318cba5" />
    <UnitTestResult executionId="b8cb3dfd-84c9-42ab-996c-237171ffb980" testId="c29e85c6-92e2-c5ca-797e-23063edbf3e5" testName="Skyworks.Api.Tests.ARC_SAIL.ARC_Composite_Tests.Empty_request_returns_A_and_notes" computerName="CHRISTOSCH" duration="00:00:00.0005053" startTime="2025-10-22T21:14:30.3053241+03:00" endTime="2025-10-22T21:14:30.3053243+03:00" testType="13cdc9d9-ddb5-4fa4-a97d-d965ccfc6d4b" outcome="Passed" testListId="8c84fa94-04c1-424b-9868-57a2d4851a1d" relativeResultsDirectory="b8cb3dfd-84c9-42ab-996c-237171ffb980" />
    <UnitTestResult executionId="d055c99a-c678-41bc-bdd1-d78112e25739" testId="fe2ef753-6051-500e-81dd-82039c63d07b" testName="Skyworks.Api.Tests.Traffic.TrafficProvider_Tests.TrafficDensityThresholds_ClassifiesCorrectly(targetCount: 6, expectedLevel: &quot;High&quot;)" computerName="CHRISTOSCH" duration="00:00:00.0000069" startTime="2025-10-22T21:14:30.2916038+03:00" endTime="2025-10-22T21:14:30.2916040+03:00" testType="13cdc9d9-ddb5-4fa4-a97d-d965ccfc6d4b" outcome="Passed" testListId="8c84fa94-04c1-424b-9868-57a2d4851a1d" relativeResultsDirectory="d055c99a-c678-41bc-bdd1-d78112e25739" />
    <UnitTestResult executionId="d558c4a6-2126-4b17-aed0-a5e490117418" testId="d48a2468-0275-2cf7-623d-d32238346e0d" testName="Skyworks.Api.Tests.OSO.OSOService_Tests.GetOSODetails_ValidOSO_Returns_Full_Info" computerName="CHRISTOSCH" duration="00:00:00.0028702" startTime="2025-10-22T21:14:30.3117032+03:00" endTime="2025-10-22T21:14:30.3117033+03:00" testType="13cdc9d9-ddb5-4fa4-a97d-d965ccfc6d4b" outcome="Passed" testListId="8c84fa94-04c1-424b-9868-57a2d4851a1d" relativeResultsDirectory="d558c4a6-2126-4b17-aed0-a5e490117418" />
    <UnitTestResult executionId="ddb3e302-d06c-40ef-aa7a-6b6b32c50a15" testId="6805c77f-296f-875c-73cd-3adc7c56cb4e" testName="Skyworks.Api.Tests.SAIL.SAILService_Tests.SAIL_GRC5_ARCc_Returns_SAIL_IV" computerName="CHRISTOSCH" duration="00:00:00.0004996" startTime="2025-10-22T21:14:30.3120247+03:00" endTime="2025-10-22T21:14:30.3120248+03:00" testType="13cdc9d9-ddb5-4fa4-a97d-d965ccfc6d4b" outcome="Passed" testListId="8c84fa94-04c1-424b-9868-57a2d4851a1d" relativeResultsDirectory="ddb3e302-d06c-40ef-aa7a-6b6b32c50a15" />
    <UnitTestResult executionId="634ea8c4-c0d1-42d9-98bc-1c5eeafae7cf" testId="840cff27-749d-4eb4-d7eb-e73cdf1083cf" testName="Skyworks.Api.Tests.SAIL.SAILService_Tests.SAIL_GRC10_Returns_CategoryC" computerName="CHRISTOSCH" duration="00:00:00.0004917" startTime="2025-10-22T21:14:30.3308333+03:00" endTime="2025-10-22T21:14:30.3308334+03:00" testType="13cdc9d9-ddb5-4fa4-a97d-d965ccfc6d4b" outcome="Passed" testListId="8c84fa94-04c1-424b-9868-57a2d4851a1d" relativeResultsDirectory="634ea8c4-c0d1-42d9-98bc-1c5eeafae7cf" />
    <UnitTestResult executionId="f69e7220-ac98-44fd-b899-4c3c0cdd940d" testId="32453466-e372-39a8-5b29-82b224e4b3c0" testName="Skyworks.Api.Tests.GRC.GRCCalculationTests_SORA_2_5.GetDimensionCategory_ReturnsCorrectCategory(dimension: 15, speed: 110, expected: VeryLarge)" computerName="CHRISTOSCH" duration="00:00:00.0008802" startTime="2025-10-22T21:14:30.3055113+03:00" endTime="2025-10-22T21:14:30.3055114+03:00" testType="13cdc9d9-ddb5-4fa4-a97d-d965ccfc6d4b" outcome="Passed" testListId="8c84fa94-04c1-424b-9868-57a2d4851a1d" relativeResultsDirectory="f69e7220-ac98-44fd-b899-4c3c0cdd940d" />
    <UnitTestResult executionId="d6572161-7641-4d5f-a571-b327f020938a" testId="a6b7b722-92f0-3d21-fca5-512f57803683" testName="Skyworks.Api.Tests.Traffic.TrafficProvider_Tests.GetNearbyTargets_RemoteArea_NoTargets" computerName="CHRISTOSCH" duration="00:00:00.0019470" startTime="2025-10-22T21:14:30.3091216+03:00" endTime="2025-10-22T21:14:30.3091218+03:00" testType="13cdc9d9-ddb5-4fa4-a97d-d965ccfc6d4b" outcome="Passed" testListId="8c84fa94-04c1-424b-9868-57a2d4851a1d" relativeResultsDirectory="d6572161-7641-4d5f-a571-b327f020938a" />
    <UnitTestResult executionId="84e56f83-b33c-4f75-9d38-08176c7ed56b" testId="bf7fcc6d-cf83-e106-17e3-5757b4550850" testName="Skyworks.Api.Tests.ARC_SAIL.ARC_Environment_More_Tests.V25_Controlled_Above120_Is_ARC_D" computerName="CHRISTOSCH" duration="00:00:00.0188608" startTime="2025-10-22T21:14:30.2928947+03:00" endTime="2025-10-22T21:14:30.2928948+03:00" testType="13cdc9d9-ddb5-4fa4-a97d-d965ccfc6d4b" outcome="Passed" testListId="8c84fa94-04c1-424b-9868-57a2d4851a1d" relativeResultsDirectory="84e56f83-b33c-4f75-9d38-08176c7ed56b" />
    <UnitTestResult executionId="4834e374-bc29-44d8-a209-a0853343cf3f" testId="9afa2002-c585-59f3-45f4-190d10d4b2e9" testName="Skyworks.Api.Tests.Airspace.AirspaceProviderTests.Point_inside_demo_CTR_returns_CTR" computerName="CHRISTOSCH" duration="00:00:00.0023271" startTime="2025-10-22T21:14:30.2945575+03:00" endTime="2025-10-22T21:14:30.2945577+03:00" testType="13cdc9d9-ddb5-4fa4-a97d-d965ccfc6d4b" outcome="Passed" testListId="8c84fa94-04c1-424b-9868-57a2d4851a1d" relativeResultsDirectory="4834e374-bc29-44d8-a209-a0853343cf3f" />
    <UnitTestResult executionId="01afb530-19b2-41eb-bad0-c88c97e1d22e" testId="45661521-489e-829a-a175-c2ee7a7c4a8e" testName="Skyworks.Api.Tests.ARC_SAIL.ARC_SAIL_Tests.TMPR_Mapping_V20_V25_IsConsistent" computerName="CHRISTOSCH" duration="00:00:00.0143287" startTime="2025-10-22T21:14:30.2989308+03:00" endTime="2025-10-22T21:14:30.2989309+03:00" testType="13cdc9d9-ddb5-4fa4-a97d-d965ccfc6d4b" outcome="Passed" testListId="8c84fa94-04c1-424b-9868-57a2d4851a1d" relativeResultsDirectory="01afb530-19b2-41eb-bad0-c88c97e1d22e" />
    <UnitTestResult executionId="40696a88-5ae9-442b-bad3-7365e9169049" testId="1b929d40-5b8c-1ed6-0de8-364f88a50d8b" testName="Skyworks.Api.Tests.GRC.GRCCalculationTests_SORA_2_5.CalculateIGRC_VeryLargeUA_HighDensity_ReturnsGRC9" computerName="CHRISTOSCH" duration="00:00:00.0002970" startTime="2025-10-22T21:14:30.3079925+03:00" endTime="2025-10-22T21:14:30.3079926+03:00" testType="13cdc9d9-ddb5-4fa4-a97d-d965ccfc6d4b" outcome="Passed" testListId="8c84fa94-04c1-424b-9868-57a2d4851a1d" relativeResultsDirectory="40696a88-5ae9-442b-bad3-7365e9169049" />
    <UnitTestResult executionId="d1d0df73-a63f-468c-9faa-a678ea9bd77c" testId="72c345ba-3454-2f5c-ad3d-f32ede38fb13" testName="Skyworks.Api.Tests.SAIL.SAILService_Tests.SAIL_GRC7_AllARCs_Return_SAIL_VI" computerName="CHRISTOSCH" duration="00:00:00.0004268" startTime="2025-10-22T21:14:30.3383009+03:00" endTime="2025-10-22T21:14:30.3383012+03:00" testType="13cdc9d9-ddb5-4fa4-a97d-d965ccfc6d4b" outcome="Passed" testListId="8c84fa94-04c1-424b-9868-57a2d4851a1d" relativeResultsDirectory="d1d0df73-a63f-468c-9faa-a678ea9bd77c" />
    <UnitTestResult executionId="593dbab4-eb4b-4847-88bc-28f96ded9bd7" testId="5ba36593-510e-c545-d67e-93451231b51b" testName="Skyworks.Api.Tests.ARC_SAIL.ARC_SAIL_Tests.SAIL_V25_OutOfScope_ReturnsNotSupported(finalGrc: 0)" computerName="CHRISTOSCH" duration="00:00:00.0003508" startTime="2025-10-22T21:14:30.2937152+03:00" endTime="2025-10-22T21:14:30.2937153+03:00" testType="13cdc9d9-ddb5-4fa4-a97d-d965ccfc6d4b" outcome="Passed" testListId="8c84fa94-04c1-424b-9868-57a2d4851a1d" relativeResultsDirectory="593dbab4-eb4b-4847-88bc-28f96ded9bd7" />
    <UnitTestResult executionId="7c39b56e-e652-4edc-9440-f8cc3353490d" testId="86ee4966-7e60-cc20-8aac-fb9d225b1776" testName="Skyworks.Api.Tests.SAIL.SAILService_Tests.SAIL_GRC4_ARCa_Returns_SAIL_III" computerName="CHRISTOSCH" duration="00:00:00.0005004" startTime="2025-10-22T21:14:30.3311943+03:00" endTime="2025-10-22T21:14:30.3311945+03:00" testType="13cdc9d9-ddb5-4fa4-a97d-d965ccfc6d4b" outcome="Passed" testListId="8c84fa94-04c1-424b-9868-57a2d4851a1d" relativeResultsDirectory="7c39b56e-e652-4edc-9440-f8cc3353490d" />
    <UnitTestResult executionId="34571193-8be5-4c7c-85d9-c0eef717b899" testId="c095a7a1-4067-1391-f9cd-0aae5d0d68c6" testName="Skyworks.Api.Tests.Traffic.TrafficProvider_Tests.GetNearbyTargets_TypeFilter_Aircraft" computerName="CHRISTOSCH" duration="00:00:00.0026973" startTime="2025-10-22T21:14:30.3072607+03:00" endTime="2025-10-22T21:14:30.3072608+03:00" testType="13cdc9d9-ddb5-4fa4-a97d-d965ccfc6d4b" outcome="Passed" testListId="8c84fa94-04c1-424b-9868-57a2d4851a1d" relativeResultsDirectory="34571193-8be5-4c7c-85d9-c0eef717b899" />
    <UnitTestResult executionId="bf106aca-27e1-41ad-badc-861d6a1cd24b" testId="1c7f22a5-908d-f712-3e02-3de0c588886d" testName="Skyworks.Api.Tests.Compliance.ComplianceProvider_Tests.GetObligations_BVLOS_RequiresAuthorization" computerName="CHRISTOSCH" duration="00:00:00.0034246" startTime="2025-10-22T21:14:30.3070856+03:00" endTime="2025-10-22T21:14:30.3070857+03:00" testType="13cdc9d9-ddb5-4fa4-a97d-d965ccfc6d4b" outcome="Passed" testListId="8c84fa94-04c1-424b-9868-57a2d4851a1d" relativeResultsDirectory="bf106aca-27e1-41ad-badc-861d6a1cd24b" />
    <UnitTestResult executionId="1aa99a8d-a348-46f0-b9db-a54dfb1ef810" testId="74cbc89a-df2b-5999-f9cb-87ee8f84e128" testName="Skyworks.Api.Tests.Compliance.ComplianceProvider_Tests.GetObligations_USpace_RequiresRegistration" computerName="CHRISTOSCH" duration="00:00:00.0023670" startTime="2025-10-22T21:14:30.3053426+03:00" endTime="2025-10-22T21:14:30.3053427+03:00" testType="13cdc9d9-ddb5-4fa4-a97d-d965ccfc6d4b" outcome="Passed" testListId="8c84fa94-04c1-424b-9868-57a2d4851a1d" relativeResultsDirectory="1aa99a8d-a348-46f0-b9db-a54dfb1ef810" />
    <UnitTestResult executionId="07a23e10-470c-4fe4-877d-8811cc5e9956" testId="cdffb8cf-f946-63a1-7773-481fb1562fef" testName="Skyworks.Api.Tests.GRC.GRCCalculationTests_SORA_2_0.SORA20_M3_Low_Adds1GRC" computerName="CHRISTOSCH" duration="00:00:00.0003783" startTime="2025-10-22T21:14:30.3062273+03:00" endTime="2025-10-22T21:14:30.3062274+03:00" testType="13cdc9d9-ddb5-4fa4-a97d-d965ccfc6d4b" outcome="Passed" testListId="8c84fa94-04c1-424b-9868-57a2d4851a1d" relativeResultsDirectory="07a23e10-470c-4fe4-877d-8811cc5e9956" />
    <UnitTestResult executionId="c759ebbf-12b9-4479-bb99-ca0ed6b8c539" testId="00a69478-bd43-6ef8-d88f-c7cc3ab45014" testName="Skyworks.Api.Tests.SAIL.SAILService_Tests.SAIL_GRC2_ARCd_Returns_SAIL_VI" computerName="CHRISTOSCH" duration="00:00:00.0125865" startTime="2025-10-22T21:14:30.3310081+03:00" endTime="2025-10-22T21:14:30.3310082+03:00" testType="13cdc9d9-ddb5-4fa4-a97d-d965ccfc6d4b" outcome="Passed" testListId="8c84fa94-04c1-424b-9868-57a2d4851a1d" relativeResultsDirectory="c759ebbf-12b9-4479-bb99-ca0ed6b8c539" />
    <UnitTestResult executionId="2776898c-49c2-4785-8369-0328eb1469ac" testId="324bafc6-395d-02cb-1cba-35dbe23e2cb6" testName="Skyworks.Api.Tests.History.HistoricalAnalysis_Tests.Aggregates_By_SAIL_Version_Compliance_Trend" computerName="CHRISTOSCH" duration="00:00:00.0743596" startTime="2025-10-22T21:14:30.3100814+03:00" endTime="2025-10-22T21:14:30.3100815+03:00" testType="13cdc9d9-ddb5-4fa4-a97d-d965ccfc6d4b" outcome="Passed" testListId="8c84fa94-04c1-424b-9868-57a2d4851a1d" relativeResultsDirectory="2776898c-49c2-4785-8369-0328eb1469ac" />
    <UnitTestResult executionId="32dd8795-7aa4-4875-9399-d313069c5120" testId="ffe3b398-d675-6ff2-dea9-fb0a1dbce1c0" testName="Skyworks.Api.Tests.ARC_SAIL.ARC_SAIL_Tests.SAIL_V20_Table5_Mapping(finalGrc: 4, arc: C, expected: IV)" computerName="CHRISTOSCH" duration="00:00:00.0012742" startTime="2025-10-22T21:14:30.2926668+03:00" endTime="2025-10-22T21:14:30.2926670+03:00" testType="13cdc9d9-ddb5-4fa4-a97d-d965ccfc6d4b" outcome="Passed" testListId="8c84fa94-04c1-424b-9868-57a2d4851a1d" relativeResultsDirectory="32dd8795-7aa4-4875-9399-d313069c5120" />
    <UnitTestResult executionId="4cdb7e06-9b3a-4429-834b-6d1f1fa289ab" testId="53b87dcf-76cb-ca46-eca9-cdc12d50030a" testName="Skyworks.Api.Tests.SAIL.SAILService_Tests.Golden_Test03_Rural_Agriculture_Paphos" computerName="CHRISTOSCH" duration="00:00:00.0189139" startTime="2025-10-22T21:14:30.3119282+03:00" endTime="2025-10-22T21:14:30.3119283+03:00" testType="13cdc9d9-ddb5-4fa4-a97d-d965ccfc6d4b" outcome="Passed" testListId="8c84fa94-04c1-424b-9868-57a2d4851a1d" relativeResultsDirectory="4cdb7e06-9b3a-4429-834b-6d1f1fa289ab" />
    <UnitTestResult executionId="0be429f7-bacc-46d5-9576-8771a789145e" testId="3eb07fcb-b0c6-6928-8c5b-e135d73f677f" testName="Skyworks.Api.Tests.ARC_SAIL.ARC_Residual_Tests.V20_From_A_Stays_A" computerName="CHRISTOSCH" duration="00:00:00.0014242" startTime="2025-10-22T21:14:30.2956148+03:00" endTime="2025-10-22T21:14:30.2956149+03:00" testType="13cdc9d9-ddb5-4fa4-a97d-d965ccfc6d4b" outcome="Passed" testListId="8c84fa94-04c1-424b-9868-57a2d4851a1d" relativeResultsDirectory="0be429f7-bacc-46d5-9576-8771a789145e" />
    <UnitTestResult executionId="66020446-18a9-4047-ba37-5f747d297fc3" testId="9dbb0f1c-4818-a6dc-471a-b5f45fe4adc7" testName="Skyworks.Api.Tests.ARC_SAIL.ARC_Residual_Tests.V25_From_D_With_S1_S2_Goes_To_B_Capped" computerName="CHRISTOSCH" duration="00:00:00.0006364" startTime="2025-10-22T21:14:30.2944449+03:00" endTime="2025-10-22T21:14:30.2944450+03:00" testType="13cdc9d9-ddb5-4fa4-a97d-d965ccfc6d4b" outcome="Passed" testListId="8c84fa94-04c1-424b-9868-57a2d4851a1d" relativeResultsDirectory="66020446-18a9-4047-ba37-5f747d297fc3" />
    <UnitTestResult executionId="a066972c-fd40-48bd-853d-1741b94af6ee" testId="92b1d481-de48-c56e-7830-5069739cfefb" testName="Skyworks.Api.Tests.SAIL.SAILService_Tests.Golden_Test09_Maximum_Mitigation_Cap" computerName="CHRISTOSCH" duration="00:00:00.0003988" startTime="2025-10-22T21:14:30.3377678+03:00" endTime="2025-10-22T21:14:30.3377681+03:00" testType="13cdc9d9-ddb5-4fa4-a97d-d965ccfc6d4b" outcome="Passed" testListId="8c84fa94-04c1-424b-9868-57a2d4851a1d" relativeResultsDirectory="a066972c-fd40-48bd-853d-1741b94af6ee" />
    <UnitTestResult executionId="f526626f-02b9-49f4-a7a0-f5beb54b1a19" testId="a2fdc8a6-0139-464c-58fb-071dcdb21669" testName="Skyworks.Api.Tests.GRC.GRCCalculationTests_SORA_2_5.CalculateFinalGRC_M1A_Low_ReducesBy1" computerName="CHRISTOSCH" duration="00:00:00.0029807" startTime="2025-10-22T21:14:30.3099808+03:00" endTime="2025-10-22T21:14:30.3099809+03:00" testType="13cdc9d9-ddb5-4fa4-a97d-d965ccfc6d4b" outcome="Passed" testListId="8c84fa94-04c1-424b-9868-57a2d4851a1d" relativeResultsDirectory="f526626f-02b9-49f4-a7a0-f5beb54b1a19" />
    <UnitTestResult executionId="c0dbe7aa-103d-4363-b7d7-7ed86aaa03d4" testId="5a9d4e4c-277e-5266-549e-276ac6559a48" testName="Skyworks.Api.Tests.ARC_SAIL.ARC_Residual_Density_Tests.No_Double_Counting_Takes_Max_Of_Density_Or_S" computerName="CHRISTOSCH" duration="00:00:00.0005099" startTime="2025-10-22T21:14:30.2972409+03:00" endTime="2025-10-22T21:14:30.2972410+03:00" testType="13cdc9d9-ddb5-4fa4-a97d-d965ccfc6d4b" outcome="Passed" testListId="8c84fa94-04c1-424b-9868-57a2d4851a1d" relativeResultsDirectory="c0dbe7aa-103d-4363-b7d7-7ed86aaa03d4" />
    <UnitTestResult executionId="67ba63c4-c2f5-4d77-90ee-028d658fa8f5" testId="17ec2a16-270e-f977-4a53-c168456817cd" testName="Skyworks.Api.Tests.OSO.OSOService_Tests.ValidateCompliance_AllOSOs_Met_Returns_Compliant" computerName="CHRISTOSCH" duration="00:00:00.0368771" startTime="2025-10-22T21:14:30.3106467+03:00" endTime="2025-10-22T21:14:30.3106468+03:00" testType="13cdc9d9-ddb5-4fa4-a97d-d965ccfc6d4b" outcome="Passed" testListId="8c84fa94-04c1-424b-9868-57a2d4851a1d" relativeResultsDirectory="67ba63c4-c2f5-4d77-90ee-028d658fa8f5" />
    <UnitTestResult executionId="b98301da-f59c-4b59-bb67-bc57aa9ea78b" testId="977092ab-82d5-0b2c-f719-af755567a0b8" testName="Skyworks.Api.Tests.SAIL.SAILService_Tests.SAIL_GRC6_ARCd_Returns_SAIL_VI" computerName="CHRISTOSCH" duration="00:00:00.0003789" startTime="2025-10-22T21:14:30.3291565+03:00" endTime="2025-10-22T21:14:30.3291566+03:00" testType="13cdc9d9-ddb5-4fa4-a97d-d965ccfc6d4b" outcome="Passed" testListId="8c84fa94-04c1-424b-9868-57a2d4851a1d" relativeResultsDirectory="b98301da-f59c-4b59-bb67-bc57aa9ea78b" />
    <UnitTestResult executionId="89bd0431-04e3-4b92-bc08-a7b076381b35" testId="18a6c8cd-ad98-b3e0-bde2-ef53186e6d3a" testName="Skyworks.Api.Tests.ARC_SAIL.ARC_SAIL_Tests.SAIL_V20_Table5_Mapping(finalGrc: 5, arc: D, expected: VI)" computerName="CHRISTOSCH" duration="00:00:00.0160815" startTime="2025-10-22T21:14:30.2925708+03:00" endTime="2025-10-22T21:14:30.2925710+03:00" testType="13cdc9d9-ddb5-4fa4-a97d-d965ccfc6d4b" outcome="Passed" testListId="8c84fa94-04c1-424b-9868-57a2d4851a1d" relativeResultsDirectory="89bd0431-04e3-4b92-bc08-a7b076381b35" />
    <UnitTestResult executionId="90f0a28f-bb3c-48c5-8212-5a109bbdf1d7" testId="69738132-3119-ec70-766f-da9b37e510d9" testName="Skyworks.Api.Tests.ServiceZones.ServiceZones_More_Tests.Zone_at_point_is_detected(expectedZoneId: &quot;CY_NIC_NICOSIA_MALL&quot;, lat: 35.134729999999998, lon: 33.279285000000002)" computerName="CHRISTOSCH" duration="00:00:00.0105498" startTime="2025-10-22T21:14:30.2876181+03:00" endTime="2025-10-22T21:14:30.2876183+03:00" testType="13cdc9d9-ddb5-4fa4-a97d-d965ccfc6d4b" outcome="Passed" testListId="8c84fa94-04c1-424b-9868-57a2d4851a1d" relativeResultsDirectory="90f0a28f-bb3c-48c5-8212-5a109bbdf1d7" />
    <UnitTestResult executionId="af265688-9048-4c29-866c-e683eb7031ae" testId="6001b047-bcc8-ca65-1921-a65463ddf309" testName="Skyworks.Api.Tests.GRC.GRCCalculationTests_SORA_2_5.CalculateFinalGRC_M1B_High_ReducesBy2" computerName="CHRISTOSCH" duration="00:00:00.0110300" startTime="2025-10-22T21:14:30.3018254+03:00" endTime="2025-10-22T21:14:30.3018255+03:00" testType="13cdc9d9-ddb5-4fa4-a97d-d965ccfc6d4b" outcome="Passed" testListId="8c84fa94-04c1-424b-9868-57a2d4851a1d" relativeResultsDirectory="af265688-9048-4c29-866c-e683eb7031ae" />
    <UnitTestResult executionId="d89ffe1f-d38a-4364-a176-4d0ef9c8dfb8" testId="7b36954f-2c75-32e2-4c5e-6c1ba8ff2168" testName="Skyworks.Api.Tests.OSO.OSOService_Tests.Common_OSOs_Have_Same_Robustness_Across_Versions" computerName="CHRISTOSCH" duration="00:00:00.0012504" startTime="2025-10-22T21:14:30.3276472+03:00" endTime="2025-10-22T21:14:30.3276473+03:00" testType="13cdc9d9-ddb5-4fa4-a97d-d965ccfc6d4b" outcome="Passed" testListId="8c84fa94-04c1-424b-9868-57a2d4851a1d" relativeResultsDirectory="d89ffe1f-d38a-4364-a176-4d0ef9c8dfb8" />
    <UnitTestResult executionId="28132ced-e564-4495-b579-51a57538e1be" testId="40f12428-2c3d-3cab-b8f6-97c875debad3" testName="Skyworks.Api.Tests.SAIL.SAILService_Tests.SAIL_GRC3_ARCb_Returns_SAIL_II" computerName="CHRISTOSCH" duration="00:00:00.0224478" startTime="2025-10-22T21:14:30.3073107+03:00" endTime="2025-10-22T21:14:30.3073108+03:00" testType="13cdc9d9-ddb5-4fa4-a97d-d965ccfc6d4b" outcome="Passed" testListId="8c84fa94-04c1-424b-9868-57a2d4851a1d" relativeResultsDirectory="28132ced-e564-4495-b579-51a57538e1be" />
    <UnitTestResult executionId="3192cd5e-7775-4e15-9be3-fb880062eaaa" testId="8d536e79-8648-67bb-1fe9-5ef378d7bff6" testName="Skyworks.Api.Tests.Traffic.TrafficProvider_Tests.GetTrafficDensity_LarnacaArea_ReturnsTargets" computerName="CHRISTOSCH" duration="00:00:00.0016239" startTime="2025-10-22T21:14:30.3089669+03:00" endTime="2025-10-22T21:14:30.3089670+03:00" testType="13cdc9d9-ddb5-4fa4-a97d-d965ccfc6d4b" outcome="Passed" testListId="8c84fa94-04c1-424b-9868-57a2d4851a1d" relativeResultsDirectory="3192cd5e-7775-4e15-9be3-fb880062eaaa" />
    <UnitTestResult executionId="b6c303e8-815b-4f2f-8a47-caef5b698d4a" testId="520c407d-9f25-6497-ac82-9f0909bbd45a" testName="Skyworks.Api.Tests.SAIL.SAILService_Tests.Composite_SAIL_Invalid_ARC_Defaults_With_Note" computerName="CHRISTOSCH" duration="00:00:00.0008172" startTime="2025-10-22T21:14:30.3287103+03:00" endTime="2025-10-22T21:14:30.3287105+03:00" testType="13cdc9d9-ddb5-4fa4-a97d-d965ccfc6d4b" outcome="Passed" testListId="8c84fa94-04c1-424b-9868-57a2d4851a1d" relativeResultsDirectory="b6c303e8-815b-4f2f-8a47-caef5b698d4a" />
    <UnitTestResult executionId="f633b9eb-2e66-4588-82f9-819071da76e4" testId="d483f5b2-20f7-4c99-ab80-8715a29d561d" testName="Skyworks.Api.Tests.AgentsEndpointTests.TrainingStatus_ReturnsLatestReport" computerName="CHRISTOSCH" duration="00:00:01.0858725" startTime="2025-10-22T21:14:31.3048519+03:00" endTime="2025-10-22T21:14:31.3048525+03:00" testType="13cdc9d9-ddb5-4fa4-a97d-d965ccfc6d4b" outcome="Passed" testListId="8c84fa94-04c1-424b-9868-57a2d4851a1d" relativeResultsDirectory="f633b9eb-2e66-4588-82f9-819071da76e4" />
    <UnitTestResult executionId="f9a7aaa9-903e-48c5-94c3-890d0d4d4d51" testId="1e97826c-3fae-c874-7c87-63c994c4639a" testName="Skyworks.Api.Tests.GRC.GRCCalculationTests_SORA_2_5.GetPopulationCategory_ReturnsCorrectCategory(density: 30000, controlled: False, expected: HighDensityMetro)" computerName="CHRISTOSCH" duration="00:00:00.0000272" startTime="2025-10-22T21:14:30.3082593+03:00" endTime="2025-10-22T21:14:30.3082594+03:00" testType="13cdc9d9-ddb5-4fa4-a97d-d965ccfc6d4b" outcome="Passed" testListId="8c84fa94-04c1-424b-9868-57a2d4851a1d" relativeResultsDirectory="f9a7aaa9-903e-48c5-94c3-890d0d4d4d51" />
    <UnitTestResult executionId="8ad66ca5-2049-4e54-adf2-788e1df642cc" testId="8bfcff2d-8be2-97b4-9ce0-0a8d85fc58ae" testName="Skyworks.Api.Tests.GRC.GRCCalculationTests_SORA_2_5.CalculateFinalGRC_CannotGoBelow1" computerName="CHRISTOSCH" duration="00:00:00.0003741" startTime="2025-10-22T21:14:30.3109561+03:00" endTime="2025-10-22T21:14:30.3109562+03:00" testType="13cdc9d9-ddb5-4fa4-a97d-d965ccfc6d4b" outcome="Passed" testListId="8c84fa94-04c1-424b-9868-57a2d4851a1d" relativeResultsDirectory="8ad66ca5-2049-4e54-adf2-788e1df642cc" />
    <UnitTestResult executionId="f66f746b-0ebd-4abb-be06-9942337c3357" testId="0dd9bb45-f0a2-3379-3ef8-b3c5440e5464" testName="Skyworks.Api.Tests.SAIL.SAILService_Tests.Golden_Test04_Coastal_BVLOS_Larnaca" computerName="CHRISTOSCH" duration="00:00:00.0003778" startTime="2025-10-22T21:14:30.3294080+03:00" endTime="2025-10-22T21:14:30.3294081+03:00" testType="13cdc9d9-ddb5-4fa4-a97d-d965ccfc6d4b" outcome="Passed" testListId="8c84fa94-04c1-424b-9868-57a2d4851a1d" relativeResultsDirectory="f66f746b-0ebd-4abb-be06-9942337c3357" />
    <UnitTestResult executionId="7304f5b9-b802-4f67-9ec1-16870cbe1a5d" testId="f81b9d06-157e-17c5-89f4-65651d05533b" testName="Skyworks.Api.Tests.OSO.OSOService_Tests.OSO_Dependencies_Include_Operator_Designer_Training" computerName="CHRISTOSCH" duration="00:00:00.0012507" startTime="2025-10-22T21:14:30.3278445+03:00" endTime="2025-10-22T21:14:30.3278446+03:00" testType="13cdc9d9-ddb5-4fa4-a97d-d965ccfc6d4b" outcome="Passed" testListId="8c84fa94-04c1-424b-9868-57a2d4851a1d" relativeResultsDirectory="7304f5b9-b802-4f67-9ec1-16870cbe1a5d" />
    <UnitTestResult executionId="6c9ae637-322d-4fbb-8430-52f06b0416ad" testId="802b8002-464f-893a-e6d6-5f31d148c9a1" testName="Skyworks.Api.Tests.Traffic.TrafficProvider_Tests.GetNearbyTargets_ReturnsOrderedByDistance" computerName="CHRISTOSCH" duration="00:00:00.0016177" startTime="2025-10-22T21:14:30.3110068+03:00" endTime="2025-10-22T21:14:30.3110069+03:00" testType="13cdc9d9-ddb5-4fa4-a97d-d965ccfc6d4b" outcome="Passed" testListId="8c84fa94-04c1-424b-9868-57a2d4851a1d" relativeResultsDirectory="6c9ae637-322d-4fbb-8430-52f06b0416ad" />
    <UnitTestResult executionId="a8773cc0-b1d4-4f34-b96a-43f4710c278d" testId="66a03b15-ba92-dd2b-6676-c7b09dc7b56c" testName="Skyworks.Api.Tests.GRC.GRCCalculationTests_SORA_2_5.GetPopulationCategory_ReturnsCorrectCategory(density: 25, controlled: False, expected: LightlyPopulated)" computerName="CHRISTOSCH" duration="00:00:00.0000119" startTime="2025-10-22T21:14:30.3089147+03:00" endTime="2025-10-22T21:14:30.3089148+03:00" testType="13cdc9d9-ddb5-4fa4-a97d-d965ccfc6d4b" outcome="Passed" testListId="8c84fa94-04c1-424b-9868-57a2d4851a1d" relativeResultsDirectory="a8773cc0-b1d4-4f34-b96a-43f4710c278d" />
    <UnitTestResult executionId="965de4ce-e8c0-421c-a070-316b79b65e68" testId="58ad49e7-ca0b-6638-6db9-639df9eb8402" testName="Skyworks.Api.Tests.Traffic.TrafficProvider_Tests.TrafficDensityThresholds_ClassifiesCorrectly(targetCount: 0, expectedLevel: &quot;Low&quot;)" computerName="CHRISTOSCH" duration="00:00:00.0000052" startTime="2025-10-22T21:14:30.2916680+03:00" endTime="2025-10-22T21:14:30.2916681+03:00" testType="13cdc9d9-ddb5-4fa4-a97d-d965ccfc6d4b" outcome="Passed" testListId="8c84fa94-04c1-424b-9868-57a2d4851a1d" relativeResultsDirectory="965de4ce-e8c0-421c-a070-316b79b65e68" />
    <UnitTestResult executionId="9dae9c38-79e5-411a-ad8d-7a9d2d7e5567" testId="a6204c72-efa3-cfb0-d142-07aeb80ba4d0" testName="Skyworks.Api.Tests.SAIL.SAILService_Tests.Composite_SAIL_Exposure_Notes_In_Explanation" computerName="CHRISTOSCH" duration="00:00:00.0007064" startTime="2025-10-22T21:14:30.3306406+03:00" endTime="2025-10-22T21:14:30.3306408+03:00" testType="13cdc9d9-ddb5-4fa4-a97d-d965ccfc6d4b" outcome="Passed" testListId="8c84fa94-04c1-424b-9868-57a2d4851a1d" relativeResultsDirectory="9dae9c38-79e5-411a-ad8d-7a9d2d7e5567" />
    <UnitTestResult executionId="3b8cc298-9c53-4e2a-81e5-816812f56b6c" testId="4f64b081-c7d5-878e-c178-ff16ff9269ff" testName="Skyworks.Api.Tests.SAIL.SAILService_Tests.OSO_Robustness_SAIL_I_Has_Optional_And_Low" computerName="CHRISTOSCH" duration="00:00:00.0094188" startTime="2025-10-22T21:14:30.3373025+03:00" endTime="2025-10-22T21:14:30.3373031+03:00" testType="13cdc9d9-ddb5-4fa4-a97d-d965ccfc6d4b" outcome="Passed" testListId="8c84fa94-04c1-424b-9868-57a2d4851a1d" relativeResultsDirectory="3b8cc298-9c53-4e2a-81e5-816812f56b6c" />
    <UnitTestResult executionId="4b490be4-1c76-4cb4-9368-5f0739ce07d7" testId="b808eaee-4cb0-c6cb-23e1-ac5db3efe681" testName="Skyworks.Api.Tests.Traffic.TrafficProvider_Tests.TrafficDensityThresholds_ClassifiesCorrectly(targetCount: 2, expectedLevel: &quot;Low&quot;)" computerName="CHRISTOSCH" duration="00:00:00.0000092" startTime="2025-10-22T21:14:30.2917871+03:00" endTime="2025-10-22T21:14:30.2917873+03:00" testType="13cdc9d9-ddb5-4fa4-a97d-d965ccfc6d4b" outcome="Passed" testListId="8c84fa94-04c1-424b-9868-57a2d4851a1d" relativeResultsDirectory="4b490be4-1c76-4cb4-9368-5f0739ce07d7" />
    <UnitTestResult executionId="43eb48b5-5fc4-4483-9769-1d8ec1b5ad64" testId="bc993888-aa0b-7b5a-edca-c6e6d6ba90cb" testName="Skyworks.Api.Tests.SAIL.SAILReport_Tests.Report_Html_Contains_Key_Fields" computerName="CHRISTOSCH" duration="00:00:00.6490070" startTime="2025-10-22T21:14:30.8718205+03:00" endTime="2025-10-22T21:14:30.8718211+03:00" testType="13cdc9d9-ddb5-4fa4-a97d-d965ccfc6d4b" outcome="Passed" testListId="8c84fa94-04c1-424b-9868-57a2d4851a1d" relativeResultsDirectory="43eb48b5-5fc4-4483-9769-1d8ec1b5ad64" />
    <UnitTestResult executionId="efd9f315-29a3-41f1-ac53-a7c33093c54c" testId="096cf929-b9c2-fbfb-1244-6aa0fcad888e" testName="Skyworks.Api.Tests.Traffic.TrafficProvider_Tests.GetNearbyTargets_TypeFilter_Drone" computerName="CHRISTOSCH" duration="00:00:00.0017062" startTime="2025-10-22T21:14:30.3118424+03:00" endTime="2025-10-22T21:14:30.3118425+03:00" testType="13cdc9d9-ddb5-4fa4-a97d-d965ccfc6d4b" outcome="Passed" testListId="8c84fa94-04c1-424b-9868-57a2d4851a1d" relativeResultsDirectory="efd9f315-29a3-41f1-ac53-a7c33093c54c" />
    <UnitTestResult executionId="fdfc3435-a668-4603-a2e1-108e7c9fc230" testId="d8e02d6b-7c5b-8425-1e06-078a1d183b00" testName="Skyworks.Api.Tests.Weather.WeatherProvider_Tests.VMCCriteria_CorrectlyEvaluatesConditions(visibilityMeters: 8000, cloudCeilingMeters: 300, altitudeAGL: 200, expectedVMC: False)" computerName="CHRISTOSCH" duration="00:00:00.0072564" startTime="2025-10-22T21:14:30.2985248+03:00" endTime="2025-10-22T21:14:30.2985250+03:00" testType="13cdc9d9-ddb5-4fa4-a97d-d965ccfc6d4b" outcome="Passed" testListId="8c84fa94-04c1-424b-9868-57a2d4851a1d" relativeResultsDirectory="fdfc3435-a668-4603-a2e1-108e7c9fc230" />
    <UnitTestResult executionId="bab402aa-7c32-426f-b502-82f7adc3277c" testId="8f44738b-539b-b60b-504d-8f149fc4fe6e" testName="Skyworks.Api.Tests.GRC.GRCCalculationTests_SORA_2_5.GetDimensionCategory_ReturnsCorrectCategory(dimension: 50, speed: 220, expected: ExtraLarge)" computerName="CHRISTOSCH" duration="00:00:00.0000113" startTime="2025-10-22T21:14:30.3055970+03:00" endTime="2025-10-22T21:14:30.3055971+03:00" testType="13cdc9d9-ddb5-4fa4-a97d-d965ccfc6d4b" outcome="Passed" testListId="8c84fa94-04c1-424b-9868-57a2d4851a1d" relativeResultsDirectory="bab402aa-7c32-426f-b502-82f7adc3277c" />
    <UnitTestResult executionId="bbc24f8c-b29d-49f6-bc03-b82d578d807f" testId="ccecf1c1-dada-6ae8-f0e8-234fe36904cd" testName="Skyworks.Api.Tests.Traffic.TrafficProvider_Tests.TrafficDensityThresholds_GetRiskNote_ReturnsMessage" computerName="CHRISTOSCH" duration="00:00:00.0004102" startTime="2025-10-22T21:14:30.3070269+03:00" endTime="2025-10-22T21:14:30.3070270+03:00" testType="13cdc9d9-ddb5-4fa4-a97d-d965ccfc6d4b" outcome="Passed" testListId="8c84fa94-04c1-424b-9868-57a2d4851a1d" relativeResultsDirectory="bbc24f8c-b29d-49f6-bc03-b82d578d807f" />
    <UnitTestResult executionId="84c4bb29-ae2a-450e-a6bd-9e1684ce515b" testId="db22edc1-32a5-dbce-33cd-9d5aa6baf2fa" testName="Skyworks.Api.Tests.GRC.GRCCalculationTests_SORA_2_5.CalculateIGRC_250gUA_25ms_AlwaysGRC1" computerName="CHRISTOSCH" duration="00:00:00.0003257" startTime="2025-10-22T21:14:30.3109056+03:00" endTime="2025-10-22T21:14:30.3109057+03:00" testType="13cdc9d9-ddb5-4fa4-a97d-d965ccfc6d4b" outcome="Passed" testListId="8c84fa94-04c1-424b-9868-57a2d4851a1d" relativeResultsDirectory="84c4bb29-ae2a-450e-a6bd-9e1684ce515b" />
    <UnitTestResult executionId="7e0276c4-4e95-44da-ad5e-f216356c3057" testId="de11a5c5-df23-0c9e-db59-40972385093a" testName="Skyworks.Api.Tests.OSO.OSOService_Tests.ValidateCompliance_Optional_OSOs_Not_Required" computerName="CHRISTOSCH" duration="00:00:00.0005703" startTime="2025-10-22T21:14:30.3276961+03:00" endTime="2025-10-22T21:14:30.3276962+03:00" testType="13cdc9d9-ddb5-4fa4-a97d-d965ccfc6d4b" outcome="Passed" testListId="8c84fa94-04c1-424b-9868-57a2d4851a1d" relativeResultsDirectory="7e0276c4-4e95-44da-ad5e-f216356c3057" />
    <UnitTestResult executionId="017580bf-159c-4526-ab5f-5bb7464a3422" testId="f1cf0c3c-6c97-571d-de37-6d4d4f89345a" testName="Skyworks.Api.Tests.GRC.GRCCalculationTests_SORA_2_5.CalculateFinalGRC_MultipleMitigations_AppliesAll" computerName="CHRISTOSCH" duration="00:00:00.0012710" startTime="2025-10-22T21:14:30.3090708+03:00" endTime="2025-10-22T21:14:30.3090709+03:00" testType="13cdc9d9-ddb5-4fa4-a97d-d965ccfc6d4b" outcome="Passed" testListId="8c84fa94-04c1-424b-9868-57a2d4851a1d" relativeResultsDirectory="017580bf-159c-4526-ab5f-5bb7464a3422" />
    <UnitTestResult executionId="003c2dfb-a545-4fb2-961c-12ae621cb4ba" testId="7ed90e59-7d04-efbb-97e3-7236d82837a1" testName="Skyworks.Api.Tests.SAIL.SAILService_Tests.OSO_Count_SAIL_I_Returns_8" computerName="CHRISTOSCH" duration="00:00:00.0002217" startTime="2025-10-22T21:14:30.3309204+03:00" endTime="2025-10-22T21:14:30.3309205+03:00" testType="13cdc9d9-ddb5-4fa4-a97d-d965ccfc6d4b" outcome="Passed" testListId="8c84fa94-04c1-424b-9868-57a2d4851a1d" relativeResultsDirectory="003c2dfb-a545-4fb2-961c-12ae621cb4ba" />
    <UnitTestResult executionId="11c1d3d7-1497-4788-9ef3-099acd2677fc" testId="10ef1f38-0cd6-56ae-109a-fcbfa9df62d2" testName="Skyworks.Api.Tests.Traffic.TrafficProvider_Tests.GetTrafficDensity_HighDensity_AddsRiskNotes" computerName="CHRISTOSCH" duration="00:00:00.0017230" startTime="2025-10-22T21:14:30.3107529+03:00" endTime="2025-10-22T21:14:30.3107530+03:00" testType="13cdc9d9-ddb5-4fa4-a97d-d965ccfc6d4b" outcome="Passed" testListId="8c84fa94-04c1-424b-9868-57a2d4851a1d" relativeResultsDirectory="11c1d3d7-1497-4788-9ef3-099acd2677fc" />
    <UnitTestResult executionId="bf2912f2-a896-4001-a9c8-f1d064d6486d" testId="96c14a31-b2bc-72be-01f3-3124110be1e7" testName="Skyworks.Api.Tests.ARC_SAIL.ARC_Residual_Density_Tests.V20_Density_Reduction_C_to_B_When_1" computerName="CHRISTOSCH" duration="00:00:00.0032508" startTime="2025-10-22T21:14:30.2955783+03:00" endTime="2025-10-22T21:14:30.2955784+03:00" testType="13cdc9d9-ddb5-4fa4-a97d-d965ccfc6d4b" outcome="Passed" testListId="8c84fa94-04c1-424b-9868-57a2d4851a1d" relativeResultsDirectory="bf2912f2-a896-4001-a9c8-f1d064d6486d" />
    <UnitTestResult executionId="97990521-053e-4b34-b902-3eb0aa2c3f4f" testId="a4a829ba-83a8-feb7-f88a-f8f0b1709aee" testName="Skyworks.Api.Tests.GRC.GRCCalculationTests_SORA_2_0.SORA20_M1_CannotGoBelowColumnMinimum" computerName="CHRISTOSCH" duration="00:00:00.0007281" startTime="2025-10-22T21:14:30.3041843+03:00" endTime="2025-10-22T21:14:30.3041845+03:00" testType="13cdc9d9-ddb5-4fa4-a97d-d965ccfc6d4b" outcome="Passed" testListId="8c84fa94-04c1-424b-9868-57a2d4851a1d" relativeResultsDirectory="97990521-053e-4b34-b902-3eb0aa2c3f4f" />
    <UnitTestResult executionId="e16efa6a-3304-4509-9afb-faeeda701c39" testId="cd8e3fcd-71fe-a127-40fc-8d8f0d85f813" testName="Skyworks.Api.Tests.Drones.DroneCatalog_Tests.GetDroneWithSORAHints_ParrotANAFI_ReturnsLowGRC" computerName="CHRISTOSCH" duration="00:00:00.0348690" startTime="2025-10-22T21:14:30.5570422+03:00" endTime="2025-10-22T21:14:30.5570428+03:00" testType="13cdc9d9-ddb5-4fa4-a97d-d965ccfc6d4b" outcome="Passed" testListId="8c84fa94-04c1-424b-9868-57a2d4851a1d" relativeResultsDirectory="e16efa6a-3304-4509-9afb-faeeda701c39" />
    <UnitTestResult executionId="f5fdd126-1f8a-4b3d-a5f0-5f3188450686" testId="6f0392c8-7758-1c2c-de3d-c763f10b505e" testName="Skyworks.Api.Tests.Drones.DroneCatalog_Tests.GetDroneById_DJI_M350RTK_ReturnsCorrectDrone" computerName="CHRISTOSCH" duration="00:00:00.0160916" startTime="2025-10-22T21:14:30.4935727+03:00" endTime="2025-10-22T21:14:30.4935730+03:00" testType="13cdc9d9-ddb5-4fa4-a97d-d965ccfc6d4b" outcome="Passed" testListId="8c84fa94-04c1-424b-9868-57a2d4851a1d" relativeResultsDirectory="f5fdd126-1f8a-4b3d-a5f0-5f3188450686" />
    <UnitTestResult executionId="bb83ea8c-7dd5-4271-b4c8-e22232e8e53d" testId="41f40ada-e605-361a-a9bc-1c77c626dc2a" testName="Skyworks.Api.Tests.SAIL.SAILService_Tests.Composite_SAIL_Uses_Highest_Segment" computerName="CHRISTOSCH" duration="00:00:00.0059933" startTime="2025-10-22T21:14:30.3292067+03:00" endTime="2025-10-22T21:14:30.3292069+03:00" testType="13cdc9d9-ddb5-4fa4-a97d-d965ccfc6d4b" outcome="Passed" testListId="8c84fa94-04c1-424b-9868-57a2d4851a1d" relativeResultsDirectory="bb83ea8c-7dd5-4271-b4c8-e22232e8e53d" />
    <UnitTestResult executionId="fad6d6f3-3728-4401-8c0c-803fbc937d60" testId="f3128412-05fc-5628-6d1b-072504a2b815" testName="Skyworks.Api.Tests.GRC.GRCCalculationTests_SORA_2_5.CalculateFinalGRC_M1A_Medium_ReducesBy2" computerName="CHRISTOSCH" duration="00:00:00.0003416" startTime="2025-10-22T21:14:30.3098062+03:00" endTime="2025-10-22T21:14:30.3098063+03:00" testType="13cdc9d9-ddb5-4fa4-a97d-d965ccfc6d4b" outcome="Passed" testListId="8c84fa94-04c1-424b-9868-57a2d4851a1d" relativeResultsDirectory="fad6d6f3-3728-4401-8c0c-803fbc937d60" />
    <UnitTestResult executionId="e2692e7b-91dc-4a38-ae3e-afb582cab2e7" testId="1a192078-7769-da99-1d20-a424afebe918" testName="Skyworks.Api.Tests.ApiSmokeTests.Sanity_Check" computerName="CHRISTOSCH" duration="00:00:00.0002278" startTime="2025-10-22T21:14:30.2990172+03:00" endTime="2025-10-22T21:14:30.2990173+03:00" testType="13cdc9d9-ddb5-4fa4-a97d-d965ccfc6d4b" outcome="Passed" testListId="8c84fa94-04c1-424b-9868-57a2d4851a1d" relativeResultsDirectory="e2692e7b-91dc-4a38-ae3e-afb582cab2e7" />
    <UnitTestResult executionId="789e55c2-9fa2-4b46-be17-826203a6e539" testId="d775149a-3b73-e6a6-580f-eb8a52a7cc9a" testName="Skyworks.Api.Tests.Streaming.StreamingArc_Tests.Streaming_Produces_Event_And_Caches_Airspace" computerName="CHRISTOSCH" duration="00:00:00.0348414" startTime="2025-10-22T21:14:30.3027086+03:00" endTime="2025-10-22T21:14:30.3027087+03:00" testType="13cdc9d9-ddb5-4fa4-a97d-d965ccfc6d4b" outcome="Passed" testListId="8c84fa94-04c1-424b-9868-57a2d4851a1d" relativeResultsDirectory="789e55c2-9fa2-4b46-be17-826203a6e539" />
[...]
    <TestEntry testId="324bafc6-395d-02cb-1cba-35dbe23e2cb6" executionId="2776898c-49c2-4785-8369-0328eb1469ac" testListId="8c84fa94-04c1-424b-9868-57a2d4851a1d" />
    <TestEntry testId="ffe3b398-d675-6ff2-dea9-fb0a1dbce1c0" executionId="32dd8795-7aa4-4875-9399-d313069c5120" testListId="8c84fa94-04c1-424b-9868-57a2d4851a1d" />
    <TestEntry testId="53b87dcf-76cb-ca46-eca9-cdc12d50030a" executionId="4cdb7e06-9b3a-4429-834b-6d1f1fa289ab" testListId="8c84fa94-04c1-424b-9868-57a2d4851a1d" />
    <TestEntry testId="3eb07fcb-b0c6-6928-8c5b-e135d73f677f" executionId="0be429f7-bacc-46d5-9576-8771a789145e" testListId="8c84fa94-04c1-424b-9868-57a2d4851a1d" />
    <TestEntry testId="9dbb0f1c-4818-a6dc-471a-b5f45fe4adc7" executionId="66020446-18a9-4047-ba37-5f747d297fc3" testListId="8c84fa94-04c1-424b-9868-57a2d4851a1d" />
    <TestEntry testId="92b1d481-de48-c56e-7830-5069739cfefb" executionId="a066972c-fd40-48bd-853d-1741b94af6ee" testListId="8c84fa94-04c1-424b-9868-57a2d4851a1d" />
    <TestEntry testId="a2fdc8a6-0139-464c-58fb-071dcdb21669" executionId="f526626f-02b9-49f4-a7a0-f5beb54b1a19" testListId="8c84fa94-04c1-424b-9868-57a2d4851a1d" />
    <TestEntry testId="5a9d4e4c-277e-5266-549e-276ac6559a48" executionId="c0dbe7aa-103d-4363-b7d7-7ed86aaa03d4" testListId="8c84fa94-04c1-424b-9868-57a2d4851a1d" />
    <TestEntry testId="17ec2a16-270e-f977-4a53-c168456817cd" executionId="67ba63c4-c2f5-4d77-90ee-028d658fa8f5" testListId="8c84fa94-04c1-424b-9868-57a2d4851a1d" />
    <TestEntry testId="977092ab-82d5-0b2c-f719-af755567a0b8" executionId="b98301da-f59c-4b59-bb67-bc57aa9ea78b" testListId="8c84fa94-04c1-424b-9868-57a2d4851a1d" />
    <TestEntry testId="18a6c8cd-ad98-b3e0-bde2-ef53186e6d3a" executionId="89bd0431-04e3-4b92-bc08-a7b076381b35" testListId="8c84fa94-04c1-424b-9868-57a2d4851a1d" />
    <TestEntry testId="69738132-3119-ec70-766f-da9b37e510d9" executionId="90f0a28f-bb3c-48c5-8212-5a109bbdf1d7" testListId="8c84fa94-04c1-424b-9868-57a2d4851a1d" />
    <TestEntry testId="6001b047-bcc8-ca65-1921-a65463ddf309" executionId="af265688-9048-4c29-866c-e683eb7031ae" testListId="8c84fa94-04c1-424b-9868-57a2d4851a1d" />
    <TestEntry testId="7b36954f-2c75-32e2-4c5e-6c1ba8ff2168" executionId="d89ffe1f-d38a-4364-a176-4d0ef9c8dfb8" testListId="8c84fa94-04c1-424b-9868-57a2d4851a1d" />
    <TestEntry testId="40f12428-2c3d-3cab-b8f6-97c875debad3" executionId="28132ced-e564-4495-b579-51a57538e1be" testListId="8c84fa94-04c1-424b-9868-57a2d4851a1d" />
    <TestEntry testId="8d536e79-8648-67bb-1fe9-5ef378d7bff6" executionId="3192cd5e-7775-4e15-9be3-fb880062eaaa" testListId="8c84fa94-04c1-424b-9868-57a2d4851a1d" />
    <TestEntry testId="520c407d-9f25-6497-ac82-9f0909bbd45a" executionId="b6c303e8-815b-4f2f-8a47-caef5b698d4a" testListId="8c84fa94-04c1-424b-9868-57a2d4851a1d" />
    <TestEntry testId="d483f5b2-20f7-4c99-ab80-8715a29d561d" executionId="f633b9eb-2e66-4588-82f9-819071da76e4" testListId="8c84fa94-04c1-424b-9868-57a2d4851a1d" />
    <TestEntry testId="1e97826c-3fae-c874-7c87-63c994c4639a" executionId="f9a7aaa9-903e-48c5-94c3-890d0d4d4d51" testListId="8c84fa94-04c1-424b-9868-57a2d4851a1d" />
    <TestEntry testId="8bfcff2d-8be2-97b4-9ce0-0a8d85fc58ae" executionId="8ad66ca5-2049-4e54-adf2-788e1df642cc" testListId="8c84fa94-04c1-424b-9868-57a2d4851a1d" />
    <TestEntry testId="0dd9bb45-f0a2-3379-3ef8-b3c5440e5464" executionId="f66f746b-0ebd-4abb-be06-9942337c3357" testListId="8c84fa94-04c1-424b-9868-57a2d4851a1d" />
    <TestEntry testId="f81b9d06-157e-17c5-89f4-65651d05533b" executionId="7304f5b9-b802-4f67-9ec1-16870cbe1a5d" testListId="8c84fa94-04c1-424b-9868-57a2d4851a1d" />
    <TestEntry testId="802b8002-464f-893a-e6d6-5f31d148c9a1" executionId="6c9ae637-322d-4fbb-8430-52f06b0416ad" testListId="8c84fa94-04c1-424b-9868-57a2d4851a1d" />
    <TestEntry testId="66a03b15-ba92-dd2b-6676-c7b09dc7b56c" executionId="a8773cc0-b1d4-4f34-b96a-43f4710c278d" testListId="8c84fa94-04c1-424b-9868-57a2d4851a1d" />
    <TestEntry testId="58ad49e7-ca0b-6638-6db9-639df9eb8402" executionId="965de4ce-e8c0-421c-a070-316b79b65e68" testListId="8c84fa94-04c1-424b-9868-57a2d4851a1d" />
    <TestEntry testId="a6204c72-efa3-cfb0-d142-07aeb80ba4d0" executionId="9dae9c38-79e5-411a-ad8d-7a9d2d7e5567" testListId="8c84fa94-04c1-424b-9868-57a2d4851a1d" />
    <TestEntry testId="4f64b081-c7d5-878e-c178-ff16ff9269ff" executionId="3b8cc298-9c53-4e2a-81e5-816812f56b6c" testListId="8c84fa94-04c1-424b-9868-57a2d4851a1d" />
    <TestEntry testId="b808eaee-4cb0-c6cb-23e1-ac5db3efe681" executionId="4b490be4-1c76-4cb4-9368-5f0739ce07d7" testListId="8c84fa94-04c1-424b-9868-57a2d4851a1d" />
    <TestEntry testId="bc993888-aa0b-7b5a-edca-c6e6d6ba90cb" executionId="43eb48b5-5fc4-4483-9769-1d8ec1b5ad64" testListId="8c84fa94-04c1-424b-9868-57a2d4851a1d" />
    <TestEntry testId="096cf929-b9c2-fbfb-1244-6aa0fcad888e" executionId="efd9f315-29a3-41f1-ac53-a7c33093c54c" testListId="8c84fa94-04c1-424b-9868-57a2d4851a1d" />
    <TestEntry testId="d8e02d6b-7c5b-8425-1e06-078a1d183b00" executionId="fdfc3435-a668-4603-a2e1-108e7c9fc230" testListId="8c84fa94-04c1-424b-9868-57a2d4851a1d" />
    <TestEntry testId="8f44738b-539b-b60b-504d-8f149fc4fe6e" executionId="bab402aa-7c32-426f-b502-82f7adc3277c" testListId="8c84fa94-04c1-424b-9868-57a2d4851a1d" />
    <TestEntry testId="ccecf1c1-dada-6ae8-f0e8-234fe36904cd" executionId="bbc24f8c-b29d-49f6-bc03-b82d578d807f" testListId="8c84fa94-04c1-424b-9868-57a2d4851a1d" />
    <TestEntry testId="db22edc1-32a5-dbce-33cd-9d5aa6baf2fa" executionId="84c4bb29-ae2a-450e-a6bd-9e1684ce515b" testListId="8c84fa94-04c1-424b-9868-57a2d4851a1d" />
    <TestEntry testId="de11a5c5-df23-0c9e-db59-40972385093a" executionId="7e0276c4-4e95-44da-ad5e-f216356c3057" testListId="8c84fa94-04c1-424b-9868-57a2d4851a1d" />
    <TestEntry testId="f1cf0c3c-6c97-571d-de37-6d4d4f89345a" executionId="017580bf-159c-4526-ab5f-5bb7464a3422" testListId="8c84fa94-04c1-424b-9868-57a2d4851a1d" />
    <TestEntry testId="7ed90e59-7d04-efbb-97e3-7236d82837a1" executionId="003c2dfb-a545-4fb2-961c-12ae621cb4ba" testListId="8c84fa94-04c1-424b-9868-57a2d4851a1d" />
    <TestEntry testId="10ef1f38-0cd6-56ae-109a-fcbfa9df62d2" executionId="11c1d3d7-1497-4788-9ef3-099acd2677fc" testListId="8c84fa94-04c1-424b-9868-57a2d4851a1d" />
    <TestEntry testId="96c14a31-b2bc-72be-01f3-3124110be1e7" executionId="bf2912f2-a896-4001-a9c8-f1d064d6486d" testListId="8c84fa94-04c1-424b-9868-57a2d4851a1d" />
    <TestEntry testId="a4a829ba-83a8-feb7-f88a-f8f0b1709aee" executionId="97990521-053e-4b34-b902-3eb0aa2c3f4f" testListId="8c84fa94-04c1-424b-9868-57a2d4851a1d" />
    <TestEntry testId="cd8e3fcd-71fe-a127-40fc-8d8f0d85f813" executionId="e16efa6a-3304-4509-9afb-faeeda701c39" testListId="8c84fa94-04c1-424b-9868-57a2d4851a1d" />
    <TestEntry testId="6f0392c8-7758-1c2c-de3d-c763f10b505e" executionId="f5fdd126-1f8a-4b3d-a5f0-5f3188450686" testListId="8c84fa94-04c1-424b-9868-57a2d4851a1d" />
    <TestEntry testId="41f40ada-e605-361a-a9bc-1c77c626dc2a" executionId="bb83ea8c-7dd5-4271-b4c8-e22232e8e53d" testListId="8c84fa94-04c1-424b-9868-57a2d4851a1d" />
    <TestEntry testId="f3128412-05fc-5628-6d1b-072504a2b815" executionId="fad6d6f3-3728-4401-8c0c-803fbc937d60" testListId="8c84fa94-04c1-424b-9868-57a2d4851a1d" />
    <TestEntry testId="1a192078-7769-da99-1d20-a424afebe918" executionId="e2692e7b-91dc-4a38-ae3e-afb582cab2e7" testListId="8c84fa94-04c1-424b-9868-57a2d4851a1d" />
    <TestEntry testId="d775149a-3b73-e6a6-580f-eb8a52a7cc9a" executionId="789e55c2-9fa2-4b46-be17-826203a6e539" testListId="8c84fa94-04c1-424b-9868-57a2d4851a1d" />
    <TestEntry testId="d9d00934-7e16-3eff-0ad2-5833b2e607ee" executionId="2f248e15-8fa4-4bef-bc2f-71cf958ca433" testListId="8c84fa94-04c1-424b-9868-57a2d4851a1d" />
    <TestEntry testId="ba52e2f6-1d21-66c3-d5cd-92c0e57241dc" executionId="08ac3c39-ecdf-4c61-a48d-95ba585d1d8e" testListId="8c84fa94-04c1-424b-9868-57a2d4851a1d" />
    <TestEntry testId="58917e50-f4e3-a3aa-e0c7-3f210b3564af" executionId="dd4a4256-3e28-4d7d-b105-251545927502" testListId="8c84fa94-04c1-424b-9868-57a2d4851a1d" />
    <TestEntry testId="055a5140-9550-8553-779b-91dc960551d8" executionId="d558d4e5-b3ca-4358-bfcd-7ceb1584673b" testListId="8c84fa94-04c1-424b-9868-57a2d4851a1d" />
    <TestEntry testId="0ea12b44-68b3-80aa-4c2c-b74dcc986c2e" executionId="ea6fe7a7-d9a8-4343-a05a-fb43943e38cd" testListId="8c84fa94-04c1-424b-9868-57a2d4851a1d" />
    <TestEntry testId="282f7a9a-58dd-00a5-575d-d1a1d5e9731d" executionId="1f9fcecb-3cea-4940-bdee-908de81cca65" testListId="8c84fa94-04c1-424b-9868-57a2d4851a1d" />
    <TestEntry testId="33343551-5aa9-c162-ea06-86087ea0fffa" executionId="3de4e6b1-e14a-4385-8006-812dab74a74b" testListId="8c84fa94-04c1-424b-9868-57a2d4851a1d" />
    <TestEntry testId="08031c21-de80-2912-8d50-02d66f3dc493" executionId="2eb4151a-962c-4524-9fca-cb921d6a3a30" testListId="8c84fa94-04c1-424b-9868-57a2d4851a1d" />
    <TestEntry testId="b445e324-be77-d2e8-1c2b-e6cb70bdb564" executionId="39c0e2bf-d1fa-4436-80a0-cbc037b9316f" testListId="8c84fa94-04c1-424b-9868-57a2d4851a1d" />
    <TestEntry testId="94118c73-e69f-9b49-6790-dc2b687bc4ec" executionId="664a7b1a-2ca4-4ccf-8ca5-66ead6dab40f" testListId="8c84fa94-04c1-424b-9868-57a2d4851a1d" />
    <TestEntry testId="aa995f65-5017-e442-94fe-3007b2c823c7" executionId="f5b23a1a-9d19-4cf3-a876-118fd0978dc1" testListId="8c84fa94-04c1-424b-9868-57a2d4851a1d" />
    <TestEntry testId="2dc88fcf-8549-5052-7004-83182f4d7216" executionId="042f3f63-92bf-47e7-8426-f4d424d6d84b" testListId="8c84fa94-04c1-424b-9868-57a2d4851a1d" />
    <TestEntry testId="50dcecd9-cb2a-a794-4618-bc3ba7c7c272" executionId="6e795d83-1eb5-4ea5-bbe3-f26bcf401bb5" testListId="8c84fa94-04c1-424b-9868-57a2d4851a1d" />
    <TestEntry testId="8d29144b-9de9-0666-d04e-8ff9a6c574d8" executionId="ec82019b-171b-40b1-ab1b-02e8bd68adcf" testListId="8c84fa94-04c1-424b-9868-57a2d4851a1d" />
    <TestEntry testId="8d2f8aea-2107-505c-88c2-e92ce033148a" executionId="44b228f2-631a-4c96-a7fc-7f2dbf3cd7a0" testListId="8c84fa94-04c1-424b-9868-57a2d4851a1d" />
    <TestEntry testId="f2cfe1f3-03b4-bff5-4ae2-0a1b90436ddf" executionId="66059fbb-88f3-4ed2-bdde-efe783a9836c" testListId="8c84fa94-04c1-424b-9868-57a2d4851a1d" />
    <TestEntry testId="1336ec18-ee4b-bc1c-7738-763f71a15686" executionId="c9b815b5-f9ca-4813-91be-d37375adb9c6" testListId="8c84fa94-04c1-424b-9868-57a2d4851a1d" />
    <TestEntry testId="c8d1878b-db82-c516-26de-861ff6dfea41" executionId="25affd48-d60f-4dc1-af57-8c147c6af59c" testListId="8c84fa94-04c1-424b-9868-57a2d4851a1d" />
    <TestEntry testId="5cd2a527-7e19-9cc9-2070-f035772fae44" executionId="87aa5d14-1efa-43cb-a8ea-632a56fa8afe" testListId="8c84fa94-04c1-424b-9868-57a2d4851a1d" />
    <TestEntry testId="7e620187-4000-92f2-d1b1-028966d9175d" executionId="7f2844dd-fd15-4eff-bfae-9b05704dcfc9" testListId="8c84fa94-04c1-424b-9868-57a2d4851a1d" />
    <TestEntry testId="1cfde369-a236-05b1-5fb5-4fd783fe4f22" executionId="8d47e2a5-207f-4680-9e8c-1a82e3881a13" testListId="8c84fa94-04c1-424b-9868-57a2d4851a1d" />
    <TestEntry testId="2e6f1c40-3a91-b5f0-9a43-746f9f7d6542" executionId="2a8d47a8-34ed-498e-b6f3-2afde4952f7b" testListId="8c84fa94-04c1-424b-9868-57a2d4851a1d" />
    <TestEntry testId="5c7b18be-6f68-6308-c3df-f912a2fef0a0" executionId="c3cedd03-f9ef-408a-8a0d-aeadf5cb7cc7" testListId="8c84fa94-04c1-424b-9868-57a2d4851a1d" />
    <TestEntry testId="a727b044-dd6c-87da-d546-99178ceb232c" executionId="140bdf44-1f6f-4304-b346-e17119209647" testListId="8c84fa94-04c1-424b-9868-57a2d4851a1d" />
    <TestEntry testId="4e2fc014-ca51-ff51-54cd-ce17dd5b5181" executionId="a705476b-5670-45a6-9524-286977f5ddbd" testListId="8c84fa94-04c1-424b-9868-57a2d4851a1d" />
    <TestEntry testId="b89bdde9-6acf-67f6-e2d5-f35431cd4294" executionId="af51dc08-b941-47d4-aa28-1e44dc0543a3" testListId="8c84fa94-04c1-424b-9868-57a2d4851a1d" />
    <TestEntry testId="faad0e8e-fc1d-4e50-68a8-b64be67df2d7" executionId="c2225963-2956-4bcb-909a-e39353604676" testListId="8c84fa94-04c1-424b-9868-57a2d4851a1d" />
    <TestEntry testId="d80889ae-5e4d-0d4a-1ecc-d8287aad9e8b" executionId="a7716874-f210-4b84-bb58-487406e34cbc" testListId="8c84fa94-04c1-424b-9868-57a2d4851a1d" />
    <TestEntry testId="4a93f12b-ec73-0e30-54be-968af577698b" executionId="2a625466-05fd-4c8e-b790-fec39aa527aa" testListId="8c84fa94-04c1-424b-9868-57a2d4851a1d" />
    <TestEntry testId="d69a29e6-cb46-a320-fd92-6f597cef80c7" executionId="1cd0e9bd-5794-495f-84ec-a387f7cc0012" testListId="8c84fa94-04c1-424b-9868-57a2d4851a1d" />
    <TestEntry testId="e4505c38-d8e7-9c64-2e03-ba011a75c85a" executionId="636622bd-9910-413e-9f8c-4112bfc56aef" testListId="8c84fa94-04c1-424b-9868-57a2d4851a1d" />
    <TestEntry testId="071a8147-c81c-50b8-edf6-9660d14c14f3" executionId="85a4fc3b-3341-49be-8497-ea1d3ca9d198" testListId="8c84fa94-04c1-424b-9868-57a2d4851a1d" />
    <TestEntry testId="08de2c91-d737-e81e-395a-795a3fc54a41" executionId="249a45ce-834c-4d95-b2b4-7a6d4bbd5401" testListId="8c84fa94-04c1-424b-9868-57a2d4851a1d" />
    <TestEntry testId="234c5c69-66c4-1aaf-ac76-2559348fb38a" executionId="9e0d93aa-6ef1-42bd-868f-63490ae3540d" testListId="8c84fa94-04c1-424b-9868-57a2d4851a1d" />
    <TestEntry testId="1d273f89-53a9-75e1-3a25-597abb04abc2" executionId="bf91a25d-7821-46e8-9fff-e94d2a538541" testListId="8c84fa94-04c1-424b-9868-57a2d4851a1d" />
    <TestEntry testId="d8ac3580-b485-e32b-29c1-7d51fcba9f5d" executionId="1225d01e-d197-46b9-98a0-8857ff79e12b" testListId="8c84fa94-04c1-424b-9868-57a2d4851a1d" />
    <TestEntry testId="f8de07af-0a7e-259b-3616-79f59136c4e6" executionId="9b0801a7-c0d9-43fe-8995-cf4826fd0d10" testListId="8c84fa94-04c1-424b-9868-57a2d4851a1d" />
    <TestEntry testId="45b7663d-01c2-1c25-bc7d-744e6679eb5b" executionId="4a435057-79df-47b3-84fa-2e6867aa2a13" testListId="8c84fa94-04c1-424b-9868-57a2d4851a1d" />
    <TestEntry testId="ca3ed841-dde7-b920-fbc4-aab413303dc5" executionId="e3e6eea1-5da2-4376-abdf-1e4f168ef8f9" testListId="8c84fa94-04c1-424b-9868-57a2d4851a1d" />
    <TestEntry testId="2bdcd639-f706-434e-87bf-3be2b407d017" executionId="74567855-813f-4f49-bf15-729c8556b126" testListId="8c84fa94-04c1-424b-9868-57a2d4851a1d" />
    <TestEntry testId="4d568c4d-97fd-7aae-6d74-5a684dbacd52" executionId="36a701af-2b73-4459-813e-6e7c442e305c" testListId="8c84fa94-04c1-424b-9868-57a2d4851a1d" />
    <TestEntry testId="1e849955-64d8-43f9-d814-2c99d7bb6fbb" executionId="66622d87-5b3a-45f6-a209-abe0ed05149f" testListId="8c84fa94-04c1-424b-9868-57a2d4851a1d" />
    <TestEntry testId="3cd6070e-7eb1-1bea-03a6-842f93b72481" executionId="a3b2fa83-8b57-4315-80fd-dff5b304ee17" testListId="8c84fa94-04c1-424b-9868-57a2d4851a1d" />
    <TestEntry testId="868fd18c-bfce-af84-6102-8df89e4cce51" executionId="78405330-ebe4-4e7d-841c-5ec1aeb444cd" testListId="8c84fa94-04c1-424b-9868-57a2d4851a1d" />
    <TestEntry testId="9697b12b-9b33-5379-bc0d-b8283d6ef37d" executionId="a8369a87-da64-4c1b-a642-5a6e94ad4b23" testListId="8c84fa94-04c1-424b-9868-57a2d4851a1d" />
    <TestEntry testId="455f00b7-7b14-4f47-e44e-223f2479aabd" executionId="15efccff-3dec-4c38-8061-90f233441420" testListId="8c84fa94-04c1-424b-9868-57a2d4851a1d" />
    <TestEntry testId="17ee18d2-bac7-c4ee-ae42-8b1ca3302342" executionId="5153230d-a9ff-472c-be3a-8721e1ddd483" testListId="8c84fa94-04c1-424b-9868-57a2d4851a1d" />
    <TestEntry testId="ffdca772-32f2-6244-22ff-48bd4a0c5308" executionId="5f63b790-faed-4822-9db6-a331e01432d4" testListId="8c84fa94-04c1-424b-9868-57a2d4851a1d" />
    <TestEntry testId="8ecfc82a-4cbd-2f38-716a-22f0cc905c63" executionId="ad94479e-c46a-4a3a-94a0-51f8dc35a216" testListId="8c84fa94-04c1-424b-9868-57a2d4851a1d" />
    <TestEntry testId="26ed0229-7d96-f46f-9e9b-6f7167615bee" executionId="784af6a5-3a67-438d-93d7-d67cac98f025" testListId="8c84fa94-04c1-424b-9868-57a2d4851a1d" />
    <TestEntry testId="1af5bc04-2157-f070-8143-d71e51e5d3a0" executionId="18ceebe3-3f6c-4e71-afe7-637ecc923c87" testListId="8c84fa94-04c1-424b-9868-57a2d4851a1d" />
    <TestEntry testId="7e80390f-3c73-5243-c9e0-02501edc28fd" executionId="f94680ae-c000-48a9-a7e4-6dde4838c5c7" testListId="8c84fa94-04c1-424b-9868-57a2d4851a1d" />
    <TestEntry testId="1f1f2193-36bb-8630-2ba5-42f51794600e" executionId="9786855e-a19b-43e6-80d7-037834637194" testListId="8c84fa94-04c1-424b-9868-57a2d4851a1d" />
    <TestEntry testId="4f9f0cf2-102c-8957-e8b5-0a63cc126dd2" executionId="0263082a-8495-494a-9aa9-516fbaaf7c6f" testListId="8c84fa94-04c1-424b-9868-57a2d4851a1d" />
    <TestEntry testId="be2f93a9-32bf-42e8-eace-174ba2f92b63" executionId="ba95ebdc-ebfe-4a88-8861-7580d712ba2c" testListId="8c84fa94-04c1-424b-9868-57a2d4851a1d" />
    <TestEntry testId="29220446-905f-3f98-5aa2-9680ae42f461" executionId="cf0fe171-58ec-4cbd-a5e7-7a4f95aad5c9" testListId="8c84fa94-04c1-424b-9868-57a2d4851a1d" />
    <TestEntry testId="492dc22a-1988-ae01-8c28-8b5ed1dc0c9a" executionId="eea4e977-1774-4c34-93fd-76c7abe2e129" testListId="8c84fa94-04c1-424b-9868-57a2d4851a1d" />
    <TestEntry testId="433b921f-85dc-388d-8451-33f4754022a4" executionId="7901328d-15b3-4260-b67a-ba947fa60498" testListId="8c84fa94-04c1-424b-9868-57a2d4851a1d" />
    <TestEntry testId="ff1a7592-a60d-8821-9f13-93ac29384cae" executionId="6202b862-edb1-4575-beeb-aeed05159e95" testListId="8c84fa94-04c1-424b-9868-57a2d4851a1d" />
    <TestEntry testId="fc81564a-a99c-8562-29aa-1e579269cf2b" executionId="f8241f73-8af3-41cb-9c45-3766b63b6b2e" testListId="8c84fa94-04c1-424b-9868-57a2d4851a1d" />
    <TestEntry testId="e8f1f4ad-1d31-2f93-c341-269c2d86727b" executionId="b9ade71b-4500-462f-9789-cf15e121e6aa" testListId="8c84fa94-04c1-424b-9868-57a2d4851a1d" />
    <TestEntry testId="4036b999-5759-e5b8-30d9-0029d342843d" executionId="9fdc8ded-c163-4491-8ee2-171f766512ee" testListId="8c84fa94-04c1-424b-9868-57a2d4851a1d" />
    <TestEntry testId="f39f15ba-f374-a6d4-a503-36c8a3584765" executionId="353dbf74-702b-4a10-99c1-63265e832c17" testListId="8c84fa94-04c1-424b-9868-57a2d4851a1d" />
    <TestEntry testId="132b47cc-b428-42f2-0aed-0bb4de7756a4" executionId="9a09b587-6832-456b-b1f6-eed8cc4f8da6" testListId="8c84fa94-04c1-424b-9868-57a2d4851a1d" />
    <TestEntry testId="a2efe561-38f7-55f8-5a64-f2d43f472e51" executionId="08c13954-f7a3-41bb-bf98-e22878eff719" testListId="8c84fa94-04c1-424b-9868-57a2d4851a1d" />
    <TestEntry testId="7a410d10-28ec-2af1-3307-7814f89b64a9" executionId="fa3eb10b-87bf-427e-aae3-bc85d32d853f" testListId="8c84fa94-04c1-424b-9868-57a2d4851a1d" />
  </TestEntries>
  <TestLists>
    <TestList name="Results Not in a List" id="8c84fa94-04c1-424b-9868-57a2d4851a1d" />
    <TestList name="All Loaded Results" id="19431567-8539-422a-85d7-44ee4e166bda" />
  </TestLists>
  <ResultSummary outcome="Completed">
    <Counters total="209" executed="208" passed="208" failed="0" error="0" timeout="0" aborted="0" inconclusive="0" passedButRunAborted="0" notRunnable="0" notExecuted="0" disconnected="0" warning="0" completed="0" inProgress="0" pending="0" />
    <Output>
      <StdOut>[xUnit.net 00:00:00.00] xUnit.net VSTest Adapter v2.5.3.1+6b60a9e56a (64-bit .NET 8.0.21)&#xD;
[xUnit.net 00:00:00.24]   Discovering: Skyworks.Api.Tests&#xD;
[xUnit.net 00:00:00.46]   Discovered:  Skyworks.Api.Tests&#xD;
[xUnit.net 00:00:00.46]   Starting:    Skyworks.Api.Tests&#xD;
[xUnit.net 00:00:00.62]       Phase1: auth wired, skipping login test in CI until environment stable&#xD;
Test 'Skyworks.Api.Tests.AuthAndKbTests.Login_Returns_Token' was skipped in the test run.&#xD;
[xUnit.net 00:00:05.38]   Finished:    Skyworks.Api.Tests&#xD;
</StdOut>
    </Output>
    <RunInfos>
      <RunInfo computerName="CHRISTOSCH" outcome="Warning" timestamp="2025-10-22T21:14:30.2816679+03:00">
        <Text>[xUnit.net 00:00:00.62]     Skyworks.Api.Tests.AuthAndKbTests.Login_Returns_Token [SKIP]</Text>
      </RunInfo>
    </RunInfos>
  </ResultSummary>
</TestRun>