<?xml version="1.0" encoding="utf-8"?>
<TestRun id="50593bf2-2897-4c47-91a8-fc78d80c7e57" name="chrmc@CHRISTOSCH 2025-10-24 21:14:40" runUser="CHRISTOSCH\chrmc" xmlns="http://microsoft.com/schemas/VisualStudio/TeamTest/2010">
  <Times creation="2025-10-24T21:14:40.1710287+03:00" queuing="2025-10-24T21:14:40.1710291+03:00" start="2025-10-24T21:14:38.2107582+03:00" finish="2025-10-24T21:14:45.0723124+03:00" />
  <TestSettings name="default" id="20a68e83-54ae-4e8b-841b-473f04bfa72d">
    <Deployment runDeploymentRoot="chrmc_CHRISTOSCH_2025-10-24_21_14_40" />
  </TestSettings>
  <Results>
    <UnitTestResult executionId="7c35919c-0388-47f8-b176-01409f402396" testId="8833d4a0-858f-0059-e2ca-23c65bda8e29" testName="Skyworks.Api.Tests.GRC.GRCCalculationTests_SORA_2_0.SORA20_M2_High_Reduces2GRC" computerName="CHRISTOSCH" duration="00:00:00.0006585" startTime="2025-10-24T21:14:40.1258494+03:00" endTime="2025-10-24T21:14:40.1258498+03:00" testType="13cdc9d9-ddb5-4fa4-a97d-d965ccfc6d4b" outcome="Passed" testListId="8c84fa94-04c1-424b-9868-57a2d4851a1d" relativeResultsDirectory="7c35919c-0388-47f8-b176-01409f402396" />
    <UnitTestResult executionId="1359abe0-54ec-4c5e-86af-ffd4d904efb8" testId="eb25c60e-ffb5-aadd-bac5-07245af47257" testName="Skyworks.Api.Tests.ARC_SAIL.ARC_SAIL_Tests.SAIL_V20_Table5_Mapping(finalGrc: 2, arc: ARC_a, expected: I)" computerName="CHRISTOSCH" duration="00:00:00.0009261" startTime="2025-10-24T21:14:40.1660457+03:00" endTime="2025-10-24T21:14:40.1660458+03:00" testType="13cdc9d9-ddb5-4fa4-a97d-d965ccfc6d4b" outcome="Passed" testListId="8c84fa94-04c1-424b-9868-57a2d4851a1d" relativeResultsDirectory="1359abe0-54ec-4c5e-86af-ffd4d904efb8" />
    <UnitTestResult executionId="1231d4c7-5e7a-4d15-9e52-b7aec17df084" testId="de9ff743-c511-32ce-2077-f70fded99bbf" testName="Skyworks.Api.Tests.ARC_SAIL.ARC_Residual_Density_Tests.V25_AtypicalSegregated_Claim_Goes_To_A" computerName="CHRISTOSCH" duration="00:00:00.0004829" startTime="2025-10-24T21:14:40.1313217+03:00" endTime="2025-10-24T21:14:40.1313219+03:00" testType="13cdc9d9-ddb5-4fa4-a97d-d965ccfc6d4b" outcome="Passed" testListId="8c84fa94-04c1-424b-9868-57a2d4851a1d" relativeResultsDirectory="1231d4c7-5e7a-4d15-9e52-b7aec17df084" />
    <UnitTestResult executionId="2fb3c68f-1362-44df-a81a-e7402172a529" testId="1a192078-7769-da99-1d20-a424afebe918" testName="Skyworks.Api.Tests.ApiSmokeTests.Sanity_Check" computerName="CHRISTOSCH" duration="00:00:00.0065389" startTime="2025-10-24T21:14:40.0575594+03:00" endTime="2025-10-24T21:14:40.0576258+03:00" testType="13cdc9d9-ddb5-4fa4-a97d-d965ccfc6d4b" outcome="Passed" testListId="8c84fa94-04c1-424b-9868-57a2d4851a1d" relativeResultsDirectory="2fb3c68f-1362-44df-a81a-e7402172a529" />
    <UnitTestResult executionId="fe0ec032-4f75-43e4-8808-e39f04e13869" testId="33a58850-070c-53b8-d79e-a25405381d86" testName="Skyworks.Api.Tests.ServiceZones.ServiceZones_More_Tests.Zone_at_point_is_detected(expectedZoneId: &quot;CY_AKA_PV_PARK&quot;, lat: 35.137099999999997, lon: 33.162399999999998)" computerName="CHRISTOSCH" duration="00:00:00.0000406" startTime="2025-10-24T21:14:40.1374752+03:00" endTime="2025-10-24T21:14:40.1374753+03:00" testType="13cdc9d9-ddb5-4fa4-a97d-d965ccfc6d4b" outcome="Passed" testListId="8c84fa94-04c1-424b-9868-57a2d4851a1d" relativeResultsDirectory="fe0ec032-4f75-43e4-8808-e39f04e13869" />
    <UnitTestResult executionId="c08d67f8-488f-4b3a-9720-1a17676a45db" testId="a6b7b722-92f0-3d21-fca5-512f57803683" testName="Skyworks.Api.Tests.Traffic.TrafficProvider_Tests.GetNearbyTargets_RemoteArea_NoTargets" computerName="CHRISTOSCH" duration="00:00:00.0013892" startTime="2025-10-24T21:14:40.1946306+03:00" endTime="2025-10-24T21:14:40.1946308+03:00" testType="13cdc9d9-ddb5-4fa4-a97d-d965ccfc6d4b" outcome="Passed" testListId="8c84fa94-04c1-424b-9868-57a2d4851a1d" relativeResultsDirectory="c08d67f8-488f-4b3a-9720-1a17676a45db" />
    <UnitTestResult executionId="38b8443d-0de3-4023-aeaa-79e94c850b95" testId="a6204c72-efa3-cfb0-d142-07aeb80ba4d0" testName="Skyworks.Api.Tests.SAIL.SAILService_Tests.Composite_SAIL_Exposure_Notes_In_Explanation" computerName="CHRISTOSCH" duration="00:00:00.0028470" startTime="2025-10-24T21:14:40.1938312+03:00" endTime="2025-10-24T21:14:40.1938315+03:00" testType="13cdc9d9-ddb5-4fa4-a97d-d965ccfc6d4b" outcome="Failed" testListId="8c84fa94-04c1-424b-9868-57a2d4851a1d" relativeResultsDirectory="38b8443d-0de3-4023-aeaa-79e94c850b95">
      <Output>
        <ErrorInfo>
          <Message>Assert.Contains() Failure: Sub-string not found&#xD;
String:    "Composite SAIL determination for multi-se"···&#xD;
Not found: "SAIL I: 10 min"</Message>
          <StackTrace>   at Skyworks.Api.Tests.SAIL.SAILService_Tests.Composite_SAIL_Exposure_Notes_In_Explanation() in C:\Users\chrmc\Desktop\SKYWORKS_AI_SUITE.V5\Backend\tests\Skyworks.Api.Tests\SAIL\SAILService_Tests.cs:line 407&#xD;
   at System.RuntimeMethodHandle.InvokeMethod(Object target, Void** arguments, Signature sig, Boolean isConstructor)&#xD;
   at System.Reflection.MethodBaseInvoker.InvokeWithNoArgs(Object obj, BindingFlags invokeAttr)</StackTrace>
        </ErrorInfo>
      </Output>
    </UnitTestResult>
    <UnitTestResult executionId="2b0ca349-3598-485a-92da-36e48019d25c" testId="d09c59d0-019a-5961-c138-ba5ed93c64af" testName="Skyworks.Api.Tests.Orchestration.SORAAuthoritative_E2E_Tests.AuthoritativeTests_VerifyAgainstJARUSSpecification(testCase: AuthoritativeTestCase { Description = &quot;Verify 2.5 floor rule with S1+S2+S3 mitigations&quot;, Expected = TestExpected { FinalGRC = &quot;GRC_6&quot;, InitialARC = &quot;ARC_c&quot;, InitialGRC = &quot;GRC_6&quot;, ResidualARC = &quot;ARC_b&quot;, Sail = &quot;SAIL_IV&quot;, ··· }, ExpectedToFail = False, Input = TestInput { AirspaceClass = &quot;G&quot;, AltitudeAGL_ft = 450, ControlledAirspace = False, ControlledArea = False, DroneId = null, ··· }, Name = &quot;SORA 2.5 Strategic Mitigation Floor Test&quot;, ··· })" computerName="CHRISTOSCH" duration="00:00:00.0037310" startTime="2025-10-24T21:14:41.5007885+03:00" endTime="2025-10-24T21:14:41.5007888+03:00" testType="13cdc9d9-ddb5-4fa4-a97d-d965ccfc6d4b" outcome="Passed" testListId="8c84fa94-04c1-424b-9868-57a2d4851a1d" relativeResultsDirectory="2b0ca349-3598-485a-92da-36e48019d25c">
      <Output>
        <StdOut>═══════════════════════════════════════════════════════&#xD;
TEST: SORA25_006 - SORA 2.5 Strategic Mitigation Floor Test&#xD;
Version: SORA 2.5&#xD;
Description: Verify 2.5 floor rule with S1+S2+S3 mitigations&#xD;
Rationale: SORA 2.5: 1500 ppl/km² (500-5000) → iGRC=6, fGRC=6; Urban &lt;500ft → ARC-c; S1 mitigation -1 → ARC-b; GRC_6×ARC_b = SAIL IV&#xD;
═══════════════════════════════════════════════════════&#xD;

✅ HTTP 200 OK - Response: {"isSuccessful":true,"soraVersion":"2.5","missionId":"SORA25_006","missionName":"SORA 2.5 Strategic Mitigation Floor Test","intrinsicGRC":6,"finalGRC":6,"groundRiskNotes":"iGRC=6, Final GRC=6","initialARC":"ARC_c","residualARC":"ARC_b","airRiskNotes":"Initial ARC: ARC_c. Explicit ARC provided: ARC_c...&#xD;

[EXPECTED vs ACTUAL]&#xD;
Initial GRC:   GRC_6      | GRC_6&#xD;
Final GRC:     GRC_6      | GRC_6&#xD;
Initial ARC:   ARC_c      | ARC_c&#xD;
Residual ARC:  ARC_b      | ARC_b&#xD;
SAIL:          SAIL_IV    | SAIL_IV&#xD;
TMPR:          Medium     | Medium&#xD;

✅ Test PASSED: SORA 2.5 Strategic Mitigation Floor Test&#xD;
═══════════════════════════════════════════════════════</StdOut>
      </Output>
    </UnitTestResult>
    <UnitTestResult executionId="8c7c2e84-c389-4a41-9971-ebeffb5bac1b" testId="8252a898-bf5a-d3a4-7257-ac9125d3d990" testName="Skyworks.Api.Tests.Orchestration.PDRA_STS_E2E_Tests.PDRA_STS_Tests_VerifyAgainstEURegulation(testCase: PDRASTSTestCase { Category = &quot;STS-02&quot;, Description = &quot;BVLOS pipeline inspection with airspace observers&quot;, Expected = PDRASTSExpected { Approved = True, Arc = &quot;ARC_b&quot;, Grc = &quot;GRC_3&quot;, RejectionReason = null, Sail = &quot;SAIL_II&quot; }, ExpectedToFail = False, Input = PDRASTSInput { AdditionalRequirements = null, AirspaceObservers = 2, AtcCoordination = null, AutomaticMode = null, Category = &quot;STS-02&quot;, ··· }, ··· })" computerName="CHRISTOSCH" duration="00:00:00.0172968" startTime="2025-10-24T21:14:41.3595124+03:00" endTime="2025-10-24T21:14:41.3595127+03:00" testType="13cdc9d9-ddb5-4fa4-a97d-d965ccfc6d4b" outcome="Passed" testListId="8c84fa94-04c1-424b-9868-57a2d4851a1d" relativeResultsDirectory="8c7c2e84-c389-4a41-9971-ebeffb5bac1b">
      <Output>
        <StdOut>═══════════════════════════════════════════════════════&#xD;
TEST: STS02_001 - BVLOS pipeline inspection with airspace observers&#xD;
Category: STS-02&#xD;
Rationale: STS-02: BVLOS with 2 AOs, sparsely populated, proper distances, Class C6 → SAIL III&#xD;
═══════════════════════════════════════════════════════&#xD;

✅ HTTP 200 OK - Response: {"missionId":"STS02_001","category":"STS-02","approved":true,"grc":"GRC_3","arc":"ARC_b","sail":"SAIL_II","rejectionReason":null}...&#xD;

[EXPECTED vs ACTUAL]&#xD;
Approved:      True       | True&#xD;
SAIL:          SAIL_II    | SAIL_II&#xD;
GRC:           GRC_3      | GRC_3&#xD;
ARC:           ARC_b      | ARC_b&#xD;

✅ Test PASSED: STS02_001&#xD;
═══════════════════════════════════════════════════════</StdOut>
      </Output>
    </UnitTestResult>
    <UnitTestResult executionId="b5995863-b0db-474d-89df-29e45fe974f6" testId="e804436e-1ec8-ae96-3b79-070185ae86e6" testName="Skyworks.Api.Tests.Traffic.TrafficProvider_Tests.TrafficDensityThresholds_ClassifiesCorrectly(targetCount: 3, expectedLevel: &quot;Medium&quot;)" computerName="CHRISTOSCH" duration="00:00:00.0000047" startTime="2025-10-24T21:14:40.1861247+03:00" endTime="2025-10-24T21:14:40.1861248+03:00" testType="13cdc9d9-ddb5-4fa4-a97d-d965ccfc6d4b" outcome="Passed" testListId="8c84fa94-04c1-424b-9868-57a2d4851a1d" relativeResultsDirectory="b5995863-b0db-474d-89df-29e45fe974f6" />
    <UnitTestResult executionId="ab7ba263-9877-42ca-b7d4-0a81390bb962" testId="d09c59d0-019a-5961-c138-ba5ed93c64af" testName="Skyworks.Api.Tests.Orchestration.SORAAuthoritative_E2E_Tests.AuthoritativeTests_VerifyAgainstJARUSSpecification(testCase: AuthoritativeTestCase { Description = &quot;Basic rural operation with minimal risk - baseline&quot;···, Expected = TestExpected { FinalGRC = &quot;GRC_3&quot;, InitialARC = &quot;ARC_b&quot;, InitialGRC = &quot;GRC_3&quot;, ResidualARC = &quot;ARC_b&quot;, Sail = &quot;SAIL_III&quot;, ··· }, ExpectedToFail = False, Input = TestInput { AirspaceClass = &quot;G&quot;, AltitudeAGL_ft = 300, ControlledAirspace = False, ControlledArea = False, DroneId = null, ··· }, Name = &quot;Low Risk Rural VLOS - SAIL I&quot;, ··· })" computerName="CHRISTOSCH" duration="00:00:01.2460460" startTime="2025-10-24T21:14:41.3855153+03:00" endTime="2025-10-24T21:14:41.3855155+03:00" testType="13cdc9d9-ddb5-4fa4-a97d-d965ccfc6d4b" outcome="Passed" testListId="8c84fa94-04c1-424b-9868-57a2d4851a1d" relativeResultsDirectory="ab7ba263-9877-42ca-b7d4-0a81390bb962">
      <Output>
        <StdOut>═══════════════════════════════════════════════════════&#xD;
TEST: SORA20_001 - Low Risk Rural VLOS - SAIL I&#xD;
Version: SORA 2.0&#xD;
Description: Basic rural operation with minimal risk - baseline test&#xD;
Rationale: Rural 10 ppl/km², BVLOS_SparselyPopulated → iGRC=3, fGRC=3; ARC-b → GRC_3×ARC_b = SAIL III&#xD;
═══════════════════════════════════════════════════════&#xD;

✅ HTTP 200 OK - Response: {"isSuccessful":true,"soraVersion":"2.0","missionId":"SORA20_001","missionName":"Low Risk Rural VLOS - SAIL I","intrinsicGRC":3,"finalGRC":3,"groundRiskNotes":"iGRC=3, Final GRC=3","initialARC":"ARC_b","residualARC":"ARC_b","airRiskNotes":"Initial ARC: ARC_b. Explicit ARC provided: ARC_b. Residual A...&#xD;

[EXPECTED vs ACTUAL]&#xD;
Initial GRC:   GRC_3      | GRC_3&#xD;
Final GRC:     GRC_3      | GRC_3&#xD;
Initial ARC:   ARC_b      | ARC_b&#xD;
Residual ARC:  ARC_b      | ARC_b&#xD;
SAIL:          SAIL_III   | SAIL_III&#xD;
TMPR:                     | Medium&#xD;

✅ Test PASSED: Low Risk Rural VLOS - SAIL I&#xD;
═══════════════════════════════════════════════════════</StdOut>
      </Output>
    </UnitTestResult>
    <UnitTestResult executionId="0a6d7d7a-8400-4a74-9dc8-bfd6733261ad" testId="8aa428d4-8346-c84a-f777-8d712a3e52e6" testName="Skyworks.Api.Tests.SAIL.SAILService_Tests.SAIL_GRC3_ARCb_Returns_SAIL_III" computerName="CHRISTOSCH" duration="00:00:00.0002843" startTime="2025-10-24T21:14:40.1948286+03:00" endTime="2025-10-24T21:14:40.1948287+03:00" testType="13cdc9d9-ddb5-4fa4-a97d-d965ccfc6d4b" outcome="Passed" testListId="8c84fa94-04c1-424b-9868-57a2d4851a1d" relativeResultsDirectory="0a6d7d7a-8400-4a74-9dc8-bfd6733261ad" />
    <UnitTestResult executionId="a98c7bed-daae-46ec-befe-cb4b56415e3d" testId="8252a898-bf5a-d3a4-7257-ac9125d3d990" testName="Skyworks.Api.Tests.Orchestration.PDRA_STS_E2E_Tests.PDRA_STS_Tests_VerifyAgainstEURegulation(testCase: PDRASTSTestCase { Category = &quot;PDRA-S01&quot;, Description = &quot;Operation in controlled airspace with coordination&quot;, Expected = PDRASTSExpected { Approved = True, Arc = &quot;ARC_b&quot;, Grc = &quot;GRC_3&quot;, RejectionReason = null, Sail = &quot;SAIL_II&quot; }, ExpectedToFail = False, Input = PDRASTSInput { AdditionalRequirements = null, AirspaceObservers = null, AtcCoordination = True, AutomaticMode = null, Category = &quot;PDRA-S01&quot;, ··· }, ··· })" computerName="CHRISTOSCH" duration="00:00:00.0034029" startTime="2025-10-24T21:14:41.3750449+03:00" endTime="2025-10-24T21:14:41.3750452+03:00" testType="13cdc9d9-ddb5-4fa4-a97d-d965ccfc6d4b" outcome="Passed" testListId="8c84fa94-04c1-424b-9868-57a2d4851a1d" relativeResultsDirectory="a98c7bed-daae-46ec-befe-cb4b56415e3d">
      <Output>
        <StdOut>═══════════════════════════════════════════════════════&#xD;
TEST: PDRA_S01_003 - Operation in controlled airspace with coordination&#xD;
Category: PDRA-S01&#xD;
Rationale: PDRA-S01: Allows controlled airspace if low probability manned aircraft - Fixed values per EASA Regulation 2019/947&#xD;
═══════════════════════════════════════════════════════&#xD;

✅ HTTP 200 OK - Response: {"missionId":"PDRA_S01_003","category":"PDRA-S01","approved":true,"grc":"GRC_3","arc":"ARC_b","sail":"SAIL_II","rejectionReason":null}...&#xD;

[EXPECTED vs ACTUAL]&#xD;
Approved:      True       | True&#xD;
SAIL:          SAIL_II    | SAIL_II&#xD;
GRC:           GRC_3      | GRC_3&#xD;
ARC:           ARC_b      | ARC_b&#xD;

✅ Test PASSED: PDRA_S01_003&#xD;
═══════════════════════════════════════════════════════</StdOut>
      </Output>
    </UnitTestResult>
    <UnitTestResult executionId="abbe6687-af50-48c3-88c7-8f2b6b256bc6" testId="d09c59d0-019a-5961-c138-ba5ed93c64af" testName="Skyworks.Api.Tests.Orchestration.SORAAuthoritative_E2E_Tests.AuthoritativeTests_VerifyAgainstJARUSSpecification(testCase: AuthoritativeTestCase { Description = &quot;Strategic mitigations S1+S2 would reduce ARC-c to &quot;···, Expected = TestExpected { FinalGRC = &quot;GRC_4&quot;, InitialARC = &quot;ARC_b&quot;, InitialGRC = &quot;GRC_4&quot;, ResidualARC = &quot;ARC_b&quot;, Sail = &quot;SAIL_III&quot;, ··· }, ExpectedToFail = False, Input = TestInput { AirspaceClass = &quot;G&quot;, AltitudeAGL_ft = 400, ControlledAirspace = False, ControlledArea = False, DroneId = null, ··· }, Name = &quot;Floor Rule Prevents ARC-a from ARC-c&quot;, ··· })" computerName="CHRISTOSCH" duration="00:00:00.0032878" startTime="2025-10-24T21:14:41.4699638+03:00" endTime="2025-10-24T21:14:41.4699642+03:00" testType="13cdc9d9-ddb5-4fa4-a97d-d965ccfc6d4b" outcome="Passed" testListId="8c84fa94-04c1-424b-9868-57a2d4851a1d" relativeResultsDirectory="abbe6687-af50-48c3-88c7-8f2b6b256bc6">
      <Output>
        <StdOut>═══════════════════════════════════════════════════════&#xD;
TEST: SORA20_009 - Floor Rule Prevents ARC-a from ARC-c&#xD;
Version: SORA 2.0&#xD;
Description: Strategic mitigations S1+S2 would reduce ARC-c to ARC-a, but floor prevents it&#xD;
Rationale: 100 ppl/km² → BVLOS_SparselyPopulated iGRC=4; Rural &lt;500ft → ARC-b; S1+S2 don't reduce (floor rule); GRC_4×ARC_b = SAIL III&#xD;
═══════════════════════════════════════════════════════&#xD;

✅ HTTP 200 OK - Response: {"isSuccessful":true,"soraVersion":"2.0","missionId":"SORA20_009","missionName":"Floor Rule Prevents ARC-a from ARC-c","intrinsicGRC":4,"finalGRC":4,"groundRiskNotes":"iGRC=4, Final GRC=4","initialARC":"ARC_b","residualARC":"ARC_b","airRiskNotes":"Initial ARC: ARC_b. Explicit ARC provided: ARC_b. Re...&#xD;

[EXPECTED vs ACTUAL]&#xD;
Initial GRC:   GRC_4      | GRC_4&#xD;
Final GRC:     GRC_4      | GRC_4&#xD;
Initial ARC:   ARC_b      | ARC_b&#xD;
Residual ARC:  ARC_b      | ARC_b&#xD;
SAIL:          SAIL_III   | SAIL_III&#xD;
TMPR:                     | Medium&#xD;

✅ Test PASSED: Floor Rule Prevents ARC-a from ARC-c&#xD;
═══════════════════════════════════════════════════════</StdOut>
      </Output>
    </UnitTestResult>
    <UnitTestResult executionId="12cde5d5-9041-4e9a-908f-086af6355eaa" testId="282f7a9a-58dd-00a5-575d-d1a1d5e9731d" testName="Skyworks.Api.Tests.OSO.OSOService_Tests.GetOSODetails_SORA20_OSO10_Exists" computerName="CHRISTOSCH" duration="00:00:00.0004785" startTime="2025-10-24T21:14:40.1476650+03:00" endTime="2025-10-24T21:14:40.1476651+03:00" testType="13cdc9d9-ddb5-4fa4-a97d-d965ccfc6d4b" outcome="Passed" testListId="8c84fa94-04c1-424b-9868-57a2d4851a1d" relativeResultsDirectory="12cde5d5-9041-4e9a-908f-086af6355eaa" />
    <UnitTestResult executionId="2afc70ad-99e6-4d48-bfb6-8cd3d3d4b652" testId="3181022f-dda2-5b45-caf3-29f839538a75" testName="Skyworks.Api.Tests.GRC.GRCCalculationTests_SORA_2_5.GetDimensionCategory_ReturnsCorrectCategory(dimension: 0.80000000000000004, speed: 20, expected: Small)" computerName="CHRISTOSCH" duration="00:00:00.0000139" startTime="2025-10-24T21:14:40.1440788+03:00" endTime="2025-10-24T21:14:40.1440789+03:00" testType="13cdc9d9-ddb5-4fa4-a97d-d965ccfc6d4b" outcome="Passed" testListId="8c84fa94-04c1-424b-9868-57a2d4851a1d" relativeResultsDirectory="2afc70ad-99e6-4d48-bfb6-8cd3d3d4b652" />
    <UnitTestResult executionId="f110f97f-ea28-4d10-94e2-028d427ea038" testId="868fd18c-bfce-af84-6102-8df89e4cce51" testName="Skyworks.Api.Tests.GRC.GRCCalculationTests_SORA_2_5.CalculateIGRC_LargeUA_Suburban_ReturnsGRC7" computerName="CHRISTOSCH" duration="00:00:00.0003127" startTime="2025-10-24T21:14:40.1496930+03:00" endTime="2025-10-24T21:14:40.1496931+03:00" testType="13cdc9d9-ddb5-4fa4-a97d-d965ccfc6d4b" outcome="Passed" testListId="8c84fa94-04c1-424b-9868-57a2d4851a1d" relativeResultsDirectory="f110f97f-ea28-4d10-94e2-028d427ea038" />
    <UnitTestResult executionId="327f14aa-e8bd-49c1-badd-477d0f793181" testId="faad0e8e-fc1d-4e50-68a8-b64be67df2d7" testName="Skyworks.Api.Tests.Compliance.ComplianceProvider_Tests.GetChecklist_BVLOS_IncludesDAA" computerName="CHRISTOSCH" duration="00:00:00.0041181" startTime="2025-10-24T21:14:40.1715022+03:00" endTime="2025-10-24T21:14:40.1715024+03:00" testType="13cdc9d9-ddb5-4fa4-a97d-d965ccfc6d4b" outcome="Passed" testListId="8c84fa94-04c1-424b-9868-57a2d4851a1d" relativeResultsDirectory="327f14aa-e8bd-49c1-badd-477d0f793181" />
    <UnitTestResult executionId="aa51070f-5c98-4d1c-95f9-4e074dc5af27" testId="142a693b-07e5-c8a4-1a09-9b979b7510c1" testName="Skyworks.Api.Tests.Drones.DroneCatalog_Tests.GetDroneById_DJI_Mini4Pro_ReturnsCorrectDrone" computerName="CHRISTOSCH" duration="00:00:00.0329126" startTime="2025-10-24T21:14:40.2358647+03:00" endTime="2025-10-24T21:14:40.2358654+03:00" testType="13cdc9d9-ddb5-4fa4-a97d-d965ccfc6d4b" outcome="Passed" testListId="8c84fa94-04c1-424b-9868-57a2d4851a1d" relativeResultsDirectory="aa51070f-5c98-4d1c-95f9-4e074dc5af27" />
    <UnitTestResult executionId="7f6dfe21-0454-4446-9dd0-ff431ba2931c" testId="0ce0ad64-da8f-c5f4-d74b-ef34a0bc2c5f" testName="Skyworks.Api.Tests.GRC.GRCCalculationTests_SORA_2_0.SORA20_VLOS_Gathering_3m_OutOfScope" computerName="CHRISTOSCH" duration="00:00:00.0038417" startTime="2025-10-24T21:14:40.1311922+03:00" endTime="2025-10-24T21:14:40.1311923+03:00" testType="13cdc9d9-ddb5-4fa4-a97d-d965ccfc6d4b" outcome="Passed" testListId="8c84fa94-04c1-424b-9868-57a2d4851a1d" relativeResultsDirectory="7f6dfe21-0454-4446-9dd0-ff431ba2931c" />
    <UnitTestResult executionId="6b0ca8ac-8419-427a-ab4e-9832ab888f10" testId="b445e324-be77-d2e8-1c2b-e6cb70bdb564" testName="Skyworks.Api.Tests.GRC.GRCCalculationTests_SORA_2_0.SORA20_VLOS_SparselyPopulated_3m_ReturnsGRC3" computerName="CHRISTOSCH" duration="00:00:00.0059369" startTime="2025-10-24T21:14:40.1277729+03:00" endTime="2025-10-24T21:14:40.1277731+03:00" testType="13cdc9d9-ddb5-4fa4-a97d-d965ccfc6d4b" outcome="Passed" testListId="8c84fa94-04c1-424b-9868-57a2d4851a1d" relativeResultsDirectory="6b0ca8ac-8419-427a-ab4e-9832ab888f10" />
    <UnitTestResult executionId="d2539295-613e-4927-9585-bb0dee924eae" testId="d8e02d6b-7c5b-8425-1e06-078a1d183b00" testName="Skyworks.Api.Tests.Weather.WeatherProvider_Tests.VMCCriteria_CorrectlyEvaluatesConditions(visibilityMeters: 8000, cloudCeilingMeters: 300, altitudeAGL: 200, expectedVMC: False)" computerName="CHRISTOSCH" duration="00:00:00.0073638" startTime="2025-10-24T21:14:40.1178135+03:00" endTime="2025-10-24T21:14:40.1178136+03:00" testType="13cdc9d9-ddb5-4fa4-a97d-d965ccfc6d4b" outcome="Passed" testListId="8c84fa94-04c1-424b-9868-57a2d4851a1d" relativeResultsDirectory="d2539295-613e-4927-9585-bb0dee924eae" />
    <UnitTestResult executionId="ca90e9a5-0f32-49b5-9c8a-9e120f4f9756" testId="433b921f-85dc-388d-8451-33f4754022a4" testName="Skyworks.Api.Tests.Weather.WeatherProvider_Tests.VMCCriteria_CorrectlyEvaluatesConditions(visibilityMeters: 8000, cloudCeilingMeters: 600, altitudeAGL: 3500, expectedVMC: True)" computerName="CHRISTOSCH" duration="00:00:00.0008110" startTime="2025-10-24T21:14:40.1179439+03:00" endTime="2025-10-24T21:14:40.1179441+03:00" testType="13cdc9d9-ddb5-4fa4-a97d-d965ccfc6d4b" outcome="Passed" testListId="8c84fa94-04c1-424b-9868-57a2d4851a1d" relativeResultsDirectory="ca90e9a5-0f32-49b5-9c8a-9e120f4f9756" />
    <UnitTestResult executionId="a2a0a64a-2939-4bd7-a35f-52bdada67016" testId="055a5140-9550-8553-779b-91dc960551d8" testName="Skyworks.Api.Tests.OSO.OSOService_Tests.All_SAIL_Levels_Return_Requirements" computerName="CHRISTOSCH" duration="00:00:00.0006694" startTime="2025-10-24T21:14:40.1648045+03:00" endTime="2025-10-24T21:14:40.1648046+03:00" testType="13cdc9d9-ddb5-4fa4-a97d-d965ccfc6d4b" outcome="Passed" testListId="8c84fa94-04c1-424b-9868-57a2d4851a1d" relativeResultsDirectory="a2a0a64a-2939-4bd7-a35f-52bdada67016" />
    <UnitTestResult executionId="cc74ff31-7d92-4923-855c-a1b3ff7d9519" testId="377a8b8b-a490-f6bf-ce99-bda50b7bfae1" testName="Skyworks.Api.Tests.GRC.GRCCalculationTests_SORA_2_0.SORA20_M1_High_Reduces4GRC" computerName="CHRISTOSCH" duration="00:00:00.0005663" startTime="2025-10-24T21:14:40.1314159+03:00" endTime="2025-10-24T21:14:40.1314160+03:00" testType="13cdc9d9-ddb5-4fa4-a97d-d965ccfc6d4b" outcome="Passed" testListId="8c84fa94-04c1-424b-9868-57a2d4851a1d" relativeResultsDirectory="cc74ff31-7d92-4923-855c-a1b3ff7d9519" />
    <UnitTestResult executionId="5e841b01-8c37-4dfe-99fb-6851d5984cf1" testId="039ea020-a91c-d6a7-cdd5-8ab686360e4d" testName="Skyworks.Api.Tests.SAIL.SAILService_Tests.SAIL_GRC2_ARCd_Returns_SAIL_V" computerName="CHRISTOSCH" duration="00:00:00.0361468" startTime="2025-10-24T21:14:40.1181936+03:00" endTime="2025-10-24T21:14:40.1181938+03:00" testType="13cdc9d9-ddb5-4fa4-a97d-d965ccfc6d4b" outcome="Passed" testListId="8c84fa94-04c1-424b-9868-57a2d4851a1d" relativeResultsDirectory="5e841b01-8c37-4dfe-99fb-6851d5984cf1" />
    <UnitTestResult executionId="f25543dd-237a-4a91-978a-62d897fad5bb" testId="69738132-3119-ec70-766f-da9b37e510d9" testName="Skyworks.Api.Tests.ServiceZones.ServiceZones_More_Tests.Zone_at_point_is_detected(expectedZoneId: &quot;CY_NIC_NICOSIA_MALL&quot;, lat: 35.134729999999998, lon: 33.279285000000002)" computerName="CHRISTOSCH" duration="00:00:00.0020807" startTime="2025-10-24T21:14:40.1354737+03:00" endTime="2025-10-24T21:14:40.1354739+03:00" testType="13cdc9d9-ddb5-4fa4-a97d-d965ccfc6d4b" outcome="Passed" testListId="8c84fa94-04c1-424b-9868-57a2d4851a1d" relativeResultsDirectory="f25543dd-237a-4a91-978a-62d897fad5bb" />
    <UnitTestResult executionId="8b44f108-ac16-45f5-bdca-0009771d2da2" testId="f1cf0c3c-6c97-571d-de37-6d4d4f89345a" testName="Skyworks.Api.Tests.GRC.GRCCalculationTests_SORA_2_5.CalculateFinalGRC_MultipleMitigations_AppliesAll" computerName="CHRISTOSCH" duration="00:00:00.0011693" startTime="2025-10-24T21:14:40.1570493+03:00" endTime="2025-10-24T21:14:40.1570495+03:00" testType="13cdc9d9-ddb5-4fa4-a97d-d965ccfc6d4b" outcome="Passed" testListId="8c84fa94-04c1-424b-9868-57a2d4851a1d" relativeResultsDirectory="8b44f108-ac16-45f5-bdca-0009771d2da2" />
    <UnitTestResult executionId="ec7dacbc-b23c-4085-b5d9-40b30278ce1f" testId="0b4c5c16-bfc8-c64d-2cc8-e0d72aab4be2" testName="Skyworks.Api.Tests.ARC_SAIL.ARC_Residual_Tests.V25_From_B_AtypicalSegregated_Goes_To_A" computerName="CHRISTOSCH" duration="00:00:00.0004935" startTime="2025-10-24T21:14:40.1637398+03:00" endTime="2025-10-24T21:14:40.1637399+03:00" testType="13cdc9d9-ddb5-4fa4-a97d-d965ccfc6d4b" outcome="Passed" testListId="8c84fa94-04c1-424b-9868-57a2d4851a1d" relativeResultsDirectory="ec7dacbc-b23c-4085-b5d9-40b30278ce1f" />
    <UnitTestResult executionId="7faa14b2-c36f-480c-8cc6-6e3058a311b6" testId="3201071f-f047-6b32-7f84-33573d892b21" testName="Skyworks.Api.Tests.OSO.OSOService_Tests.SORA20_SAIL_VI_Has_All_OSOs_Required" computerName="CHRISTOSCH" duration="00:00:00.0009108" startTime="2025-10-24T21:14:40.1340907+03:00" endTime="2025-10-24T21:14:40.1340908+03:00" testType="13cdc9d9-ddb5-4fa4-a97d-d965ccfc6d4b" outcome="Passed" testListId="8c84fa94-04c1-424b-9868-57a2d4851a1d" relativeResultsDirectory="7faa14b2-c36f-480c-8cc6-6e3058a311b6" />
    <UnitTestResult executionId="b6062db8-46ef-4182-b586-1df518075d55" testId="ca3ed841-dde7-b920-fbc4-aab413303dc5" testName="Skyworks.Api.Tests.GRC.GRCCalculationTests_SORA_2_5.GetDimensionCategory_ReturnsCorrectCategory(dimension: 2.5, speed: 30, expected: Medium)" computerName="CHRISTOSCH" duration="00:00:00.0000291" startTime="2025-10-24T21:14:40.1439098+03:00" endTime="2025-10-24T21:14:40.1439099+03:00" testType="13cdc9d9-ddb5-4fa4-a97d-d965ccfc6d4b" outcome="Passed" testListId="8c84fa94-04c1-424b-9868-57a2d4851a1d" relativeResultsDirectory="b6062db8-46ef-4182-b586-1df518075d55" />
    <UnitTestResult executionId="9d947905-3358-4d51-8f84-6e9543c18737" testId="9237d50f-9c4d-4c32-a64e-51cb9558c54e" testName="Skyworks.Api.Tests.ARC_SAIL.ARC_Mitigations_List_Tests.Mitigations_List_Contains_S1_to_S4" computerName="CHRISTOSCH" duration="00:00:00.0166284" startTime="2025-10-24T21:14:40.0683642+03:00" endTime="2025-10-24T21:14:40.0683645+03:00" testType="13cdc9d9-ddb5-4fa4-a97d-d965ccfc6d4b" outcome="Passed" testListId="8c84fa94-04c1-424b-9868-57a2d4851a1d" relativeResultsDirectory="9d947905-3358-4d51-8f84-6e9543c18737" />
    <UnitTestResult executionId="4240c039-538a-4f6a-8f90-dac7e392e52d" testId="d777089b-0853-e440-7131-bc60e1245c58" testName="Skyworks.Api.Tests.ARC_SAIL.ARC_SAIL_Tests.SAIL_V25_OutOfScope_ReturnsNotSupported(finalGrc: 8)" computerName="CHRISTOSCH" duration="00:00:00.0007155" startTime="2025-10-24T21:14:40.1861754+03:00" endTime="2025-10-24T21:14:40.1861755+03:00" testType="13cdc9d9-ddb5-4fa4-a97d-d965ccfc6d4b" outcome="Passed" testListId="8c84fa94-04c1-424b-9868-57a2d4851a1d" relativeResultsDirectory="4240c039-538a-4f6a-8f90-dac7e392e52d" />
    <UnitTestResult executionId="29e50563-3958-4096-b542-739e6fc42879" testId="5c2a55a7-f695-ade9-d556-3c8753d856e2" testName="Skyworks.Api.Tests.AgentsEndpointTests.ListAgents_ReturnsTwoAgents" computerName="CHRISTOSCH" duration="00:00:00.1704097" startTime="2025-10-24T21:14:44.9091120+03:00" endTime="2025-10-24T21:14:44.9091124+03:00" testType="13cdc9d9-ddb5-4fa4-a97d-d965ccfc6d4b" outcome="Passed" testListId="8c84fa94-04c1-424b-9868-57a2d4851a1d" relativeResultsDirectory="29e50563-3958-4096-b542-739e6fc42879" />
    <UnitTestResult executionId="bd7962cb-6244-4101-a166-fe1f4a5ec4de" testId="9afa2002-c585-59f3-45f4-190d10d4b2e9" testName="Skyworks.Api.Tests.Airspace.AirspaceProviderTests.Point_inside_demo_CTR_returns_CTR" computerName="CHRISTOSCH" duration="00:00:00.0242541" startTime="2025-10-24T21:14:40.1328999+03:00" endTime="2025-10-24T21:14:40.1329000+03:00" testType="13cdc9d9-ddb5-4fa4-a97d-d965ccfc6d4b" outcome="Passed" testListId="8c84fa94-04c1-424b-9868-57a2d4851a1d" relativeResultsDirectory="bd7962cb-6244-4101-a166-fe1f4a5ec4de" />
    <UnitTestResult executionId="5811db63-6684-423b-8d19-5ca6bf469743" testId="455f00b7-7b14-4f47-e44e-223f2479aabd" testName="Skyworks.Api.Tests.OSO.OSOService_Tests.SORA25_Uses_NotRequired_Instead_Of_Optional" computerName="CHRISTOSCH" duration="00:00:00.0008435" startTime="2025-10-24T21:14:40.1548594+03:00" endTime="2025-10-24T21:14:40.1548597+03:00" testType="13cdc9d9-ddb5-4fa4-a97d-d965ccfc6d4b" outcome="Passed" testListId="8c84fa94-04c1-424b-9868-57a2d4851a1d" relativeResultsDirectory="5811db63-6684-423b-8d19-5ca6bf469743" />
    <UnitTestResult executionId="0348ef34-96df-45f3-b9c8-86b9c5b1bcf9" testId="8252a898-bf5a-d3a4-7257-ac9125d3d990" testName="Skyworks.Api.Tests.Orchestration.PDRA_STS_E2E_Tests.PDRA_STS_Tests_VerifyAgainstEURegulation(testCase: PDRASTSTestCase { Category = &quot;STS-02&quot;, Description = &quot;STS-02 BVLOS without airspace observers - 1km limi&quot;···, Expected = PDRASTSExpected { Approved = True, Arc = &quot;ARC_b&quot;, Grc = &quot;GRC_3&quot;, RejectionReason = null, Sail = &quot;SAIL_II&quot; }, ExpectedToFail = False, Input = PDRASTSInput { AdditionalRequirements = null, AirspaceObservers = 0, AtcCoordination = null, AutomaticMode = null, Category = &quot;STS-02&quot;, ··· }, ··· })" computerName="CHRISTOSCH" duration="00:00:00.0019345" startTime="2025-10-24T21:14:41.3615789+03:00" endTime="2025-10-24T21:14:41.3615792+03:00" testType="13cdc9d9-ddb5-4fa4-a97d-d965ccfc6d4b" outcome="Passed" testListId="8c84fa94-04c1-424b-9868-57a2d4851a1d" relativeResultsDirectory="0348ef34-96df-45f3-b9c8-86b9c5b1bcf9">
      <Output>
        <StdOut>═══════════════════════════════════════════════════════&#xD;
TEST: STS02_002 - STS-02 BVLOS without airspace observers - 1km limit&#xD;
Category: STS-02&#xD;
Rationale: STS-02: No AOs limits distance to 1km per UAS.STS-02.020(5)&#xD;
═══════════════════════════════════════════════════════&#xD;

✅ HTTP 200 OK - Response: {"missionId":"STS02_002","category":"STS-02","approved":true,"grc":"GRC_3","arc":"ARC_b","sail":"SAIL_II","rejectionReason":null}...&#xD;

[EXPECTED vs ACTUAL]&#xD;
Approved:      True       | True&#xD;
SAIL:          SAIL_II    | SAIL_II&#xD;
GRC:           GRC_3      | GRC_3&#xD;
ARC:           ARC_b      | ARC_b&#xD;

✅ Test PASSED: STS02_002&#xD;
═══════════════════════════════════════════════════════</StdOut>
      </Output>
    </UnitTestResult>
    <UnitTestResult executionId="bae14ada-30b1-4623-8772-f4bca01c37e9" testId="520c407d-9f25-6497-ac82-9f0909bbd45a" testName="Skyworks.Api.Tests.SAIL.SAILService_Tests.Composite_SAIL_Invalid_ARC_Defaults_With_Note" computerName="CHRISTOSCH" duration="00:00:00.0008221" startTime="2025-10-24T21:14:40.1877202+03:00" endTime="2025-10-24T21:14:40.1877206+03:00" testType="13cdc9d9-ddb5-4fa4-a97d-d965ccfc6d4b" outcome="Passed" testListId="8c84fa94-04c1-424b-9868-57a2d4851a1d" relativeResultsDirectory="bae14ada-30b1-4623-8772-f4bca01c37e9" />
    <UnitTestResult executionId="9737d4f0-1b0c-4ce3-be88-934cd21da4ae" testId="d09c59d0-019a-5961-c138-ba5ed93c64af" testName="Skyworks.Api.Tests.Orchestration.SORAAuthoritative_E2E_Tests.AuthoritativeTests_VerifyAgainstJARUSSpecification(testCase: AuthoritativeTestCase { Description = &quot;Highest risk scenario: Assembly + controlled airsp&quot;···, Expected = TestExpected { FinalGRC = null, InitialARC = null, InitialGRC = null, ResidualARC = null, Sail = null, ··· }, ExpectedToFail = True, Input = TestInput { AirspaceClass = &quot;C&quot;, AltitudeAGL_ft = 800, ControlledAirspace = True, ControlledArea = False, DroneId = null, ··· }, Name = &quot;SORA 2.5 Maximum Risk SAIL VI&quot;, ··· })" computerName="CHRISTOSCH" duration="00:00:00.0028722" startTime="2025-10-24T21:14:41.5169255+03:00" endTime="2025-10-24T21:14:41.5169259+03:00" testType="13cdc9d9-ddb5-4fa4-a97d-d965ccfc6d4b" outcome="Passed" testListId="8c84fa94-04c1-424b-9868-57a2d4851a1d" relativeResultsDirectory="9737d4f0-1b0c-4ce3-be88-934cd21da4ae">
      <Output>
        <StdOut>═══════════════════════════════════════════════════════&#xD;
TEST: SORA25_010 - SORA 2.5 Maximum Risk SAIL VI&#xD;
Version: SORA 2.5&#xD;
Description: Highest risk scenario: Assembly + controlled airspace &gt;500ft - OUT OF SCOPE&#xD;
Rationale: SORA 2.5: Assembly &gt;50k ppl/km² with Large_8m dimension → OUT OF SCOPE (grey cell in SORA 2.5 Table 2)&#xD;
⚠️  EXPECTED TO FAIL: Out of scope test&#xD;
═══════════════════════════════════════════════════════&#xD;

✅ Test PASSED (Expected Failure - BadRequest): SORA 2.5 Maximum Risk SAIL VI&#xD;
Response: {"isSuccessful":false,"soraVersion":"2.5","missionId":"SORA25_010","missionName":"SORA 2.5 Maximum Risk SAIL VI","intrinsicGRC":0,"finalGRC":null,"groundRiskNotes":"Grey cell in SORA 2.5 Table 2 - out of scope (AssembliesOfPeople, Large)","initialARC":null,"residualARC":null,"airRiskNotes":"","sail":null,"tmpr":null,"sailNotes":"","requiredOSOCount":0,"implementedOSOCount":0,"missingOSOs":[],"insufficientRobustnessOSOs":[],"isCompliant":false,"riskScore":null,"riskBand":null,"warnings":[],"errors":["Ground Risk: Operation out of SORA 2.5 scope"],"summary":""}&#xD;
═══════════════════════════════════════════════════════</StdOut>
      </Output>
    </UnitTestResult>
    <UnitTestResult executionId="618765e8-6015-4471-b73b-e08bf2c4f4cb" testId="50dcecd9-cb2a-a794-4618-bc3ba7c7c272" testName="Skyworks.Api.Tests.Population.PopulationDensityProviderTests.Rural_Greece_Returns_Low_Density" computerName="CHRISTOSCH" duration="00:00:00.0056226" startTime="2025-10-24T21:14:40.1299709+03:00" endTime="2025-10-24T21:14:40.1299711+03:00" testType="13cdc9d9-ddb5-4fa4-a97d-d965ccfc6d4b" outcome="Passed" testListId="8c84fa94-04c1-424b-9868-57a2d4851a1d" relativeResultsDirectory="618765e8-6015-4471-b73b-e08bf2c4f4cb" />
    <UnitTestResult executionId="d7642112-09a3-4b2d-87f5-4fde2e8c3e67" testId="071a8147-c81c-50b8-edf6-9660d14c14f3" testName="Skyworks.Api.Tests.OSO.OSOService_Tests.SORA25_GetOSODetails_RemovedOSO_Returns_Null" computerName="CHRISTOSCH" duration="00:00:00.0002134" startTime="2025-10-24T21:14:40.1571452+03:00" endTime="2025-10-24T21:14:40.1571453+03:00" testType="13cdc9d9-ddb5-4fa4-a97d-d965ccfc6d4b" outcome="Passed" testListId="8c84fa94-04c1-424b-9868-57a2d4851a1d" relativeResultsDirectory="d7642112-09a3-4b2d-87f5-4fde2e8c3e67" />
    <UnitTestResult executionId="987060bf-b23d-4846-9b79-c7ad47d89eb1" testId="2a553bad-8e4f-303b-e98c-81843219f54b" testName="Skyworks.Api.Tests.ARC_SAIL.ARC_Environment_More_Tests.V25_Uncontrolled_Industrial_Above500ft_Is_ARC_C" computerName="CHRISTOSCH" duration="00:00:00.0002817" startTime="2025-10-24T21:14:40.1458625+03:00" endTime="2025-10-24T21:14:40.1458627+03:00" testType="13cdc9d9-ddb5-4fa4-a97d-d965ccfc6d4b" outcome="Passed" testListId="8c84fa94-04c1-424b-9868-57a2d4851a1d" relativeResultsDirectory="987060bf-b23d-4846-9b79-c7ad47d89eb1" />
    <UnitTestResult executionId="1fe64018-57e7-42d7-949d-135be18f7d72" testId="576740c3-3c83-35e8-6622-25134ad7e966" testName="Skyworks.Api.Tests.Airspace.AirspaceProvider_Cyprus_Tests.MyMall_Limassol_is_in_Akrotiri_CTR" computerName="CHRISTOSCH" duration="00:00:00.0019635" startTime="2025-10-24T21:14:40.1492820+03:00" endTime="2025-10-24T21:14:40.1492821+03:00" testType="13cdc9d9-ddb5-4fa4-a97d-d965ccfc6d4b" outcome="Passed" testListId="8c84fa94-04c1-424b-9868-57a2d4851a1d" relativeResultsDirectory="1fe64018-57e7-42d7-949d-135be18f7d72" />
    <UnitTestResult executionId="c81cc962-7dad-4b7c-9b9a-faad22fe62a3" testId="a4a829ba-83a8-feb7-f88a-f8f0b1709aee" testName="Skyworks.Api.Tests.GRC.GRCCalculationTests_SORA_2_0.SORA20_M1_CannotGoBelowColumnMinimum" computerName="CHRISTOSCH" duration="00:00:00.0021827" startTime="2025-10-24T21:14:40.1280484+03:00" endTime="2025-10-24T21:14:40.1280486+03:00" testType="13cdc9d9-ddb5-4fa4-a97d-d965ccfc6d4b" outcome="Passed" testListId="8c84fa94-04c1-424b-9868-57a2d4851a1d" relativeResultsDirectory="c81cc962-7dad-4b7c-9b9a-faad22fe62a3" />
    <UnitTestResult executionId="bbb1d441-10ce-4077-a413-61e112747e54" testId="132b47cc-b428-42f2-0aed-0bb4de7756a4" testName="Skyworks.Api.Tests.Weather.WeatherProvider_Tests.EvaluateGates_VMCGate_FailsForIMC" computerName="CHRISTOSCH" duration="00:00:00.0019397" startTime="2025-10-24T21:14:40.1260547+03:00" endTime="2025-10-24T21:14:40.1260548+03:00" testType="13cdc9d9-ddb5-4fa4-a97d-d965ccfc6d4b" outcome="Passed" testListId="8c84fa94-04c1-424b-9868-57a2d4851a1d" relativeResultsDirectory="bbb1d441-10ce-4077-a413-61e112747e54" />
    <UnitTestResult executionId="e7db23eb-8ecf-407a-bec1-5d6b20f44bb1" testId="d09c59d0-019a-5961-c138-ba5ed93c64af" testName="Skyworks.Api.Tests.Orchestration.SORAAuthoritative_E2E_Tests.AuthoritativeTests_VerifyAgainstJARUSSpecification(testCase: AuthoritativeTestCase { Description = &quot;Operation over assembly scenario (&gt;50k ppl/km²) - &quot;···, Expected = TestExpected { FinalGRC = null, InitialARC = null, InitialGRC = null, ResidualARC = null, Sail = null, ··· }, ExpectedToFail = True, Input = TestInput { AirspaceClass = &quot;G&quot;, AltitudeAGL_ft = 150, ControlledAirspace = False, ControlledArea = False, DroneId = null, ··· }, Name = &quot;Assembly of People GRC-6 - High Risk&quot;, ··· })" computerName="CHRISTOSCH" duration="00:00:00.0036084" startTime="2025-10-24T21:14:41.4634005+03:00" endTime="2025-10-24T21:14:41.4634009+03:00" testType="13cdc9d9-ddb5-4fa4-a97d-d965ccfc6d4b" outcome="Passed" testListId="8c84fa94-04c1-424b-9868-57a2d4851a1d" relativeResultsDirectory="e7db23eb-8ecf-407a-bec1-5d6b20f44bb1">
      <Output>
        <StdOut>═══════════════════════════════════════════════════════&#xD;
TEST: SORA20_007 - Assembly of People GRC-6 - High Risk&#xD;
Version: SORA 2.0&#xD;
Description: Operation over assembly scenario (&gt;50k ppl/km²) - OUT OF SCOPE&#xD;
Rationale: SORA 2.0: Assembly &gt;50k ppl/km² with VLOS_GatheringOfPeople scenario → OUT OF SCOPE (not supported)&#xD;
⚠️  EXPECTED TO FAIL: Out of scope test&#xD;
═══════════════════════════════════════════════════════&#xD;

✅ Test PASSED (Expected Failure - BadRequest): Assembly of People GRC-6 - High Risk&#xD;
Response: {"isSuccessful":false,"soraVersion":"2.0","missionId":"SORA20_007","missionName":"Assembly of People GRC-6 - High Risk","intrinsicGRC":0,"finalGRC":null,"groundRiskNotes":"Operation not supported by SORA 2.0 (scenario VLOS_GatheringOfPeople, dimension Medium_3m)","initialARC":null,"residualARC":null,"airRiskNotes":"","sail":null,"tmpr":null,"sailNotes":"","requiredOSOCount":0,"implementedOSOCount":0,"missingOSOs":[],"insufficientRobustnessOSOs":[],"isCompliant":false,"riskScore":null,"riskBand":null,"warnings":[],"errors":["Ground Risk: Operation out of SORA 2.0 scope"],"summary":""}&#xD;
═══════════════════════════════════════════════════════</StdOut>
      </Output>
    </UnitTestResult>
    <UnitTestResult executionId="21d28389-6770-401c-9e1a-c90680087938" testId="75596e27-52ed-502a-986a-b91a2746cb63" testName="Skyworks.Api.Tests.Orchestration.SORAOrchestration_Tests.SORA_2_5_High_Risk_OutOfScope" computerName="CHRISTOSCH" duration="00:00:00.0414268" startTime="2025-10-24T21:14:40.1205890+03:00" endTime="2025-10-24T21:14:40.1205891+03:00" testType="13cdc9d9-ddb5-4fa4-a97d-d965ccfc6d4b" outcome="Passed" testListId="8c84fa94-04c1-424b-9868-57a2d4851a1d" relativeResultsDirectory="21d28389-6770-401c-9e1a-c90680087938" />
    <UnitTestResult executionId="50775285-fcb4-4c9f-ac93-c393794b126e" testId="8252a898-bf5a-d3a4-7257-ac9125d3d990" testName="Skyworks.Api.Tests.Orchestration.PDRA_STS_E2E_Tests.PDRA_STS_Tests_VerifyAgainstEURegulation(testCase: PDRASTSTestCase { Category = &quot;STS-01&quot;, Description = &quot;Basic STS-01 operation in populated area with cont&quot;···, Expected = PDRASTSExpected { Approved = True, Arc = &quot;ARC_b&quot;, Grc = &quot;GRC_3&quot;, RejectionReason = null, Sail = &quot;SAIL_II&quot; }, ExpectedToFail = False, Input = PDRASTSInput { AdditionalRequirements = null, AirspaceObservers = null, AtcCoordination = null, AutomaticMode = null, Category = &quot;STS-01&quot;, ··· }, ··· })" computerName="CHRISTOSCH" duration="00:00:01.2867375" startTime="2025-10-24T21:14:41.3108132+03:00" endTime="2025-10-24T21:14:41.3108137+03:00" testType="13cdc9d9-ddb5-4fa4-a97d-d965ccfc6d4b" outcome="Passed" testListId="8c84fa94-04c1-424b-9868-57a2d4851a1d" relativeResultsDirectory="50775285-fcb4-4c9f-ac93-c393794b126e">
      <Output>
        <StdOut>═══════════════════════════════════════════════════════&#xD;
TEST: STS01_001 - Basic STS-01 operation in populated area with controlled ground&#xD;
Category: STS-01&#xD;
Rationale: STS-01: VLOS in populated area, controlled ground, Class C5, speed &lt;5m/s, proper buffer → GRC_2+ARC_a=SAIL_I&#xD;
═══════════════════════════════════════════════════════&#xD;

✅ HTTP 200 OK - Response: {"missionId":"STS01_001","category":"STS-01","approved":true,"grc":"GRC_3","arc":"ARC_b","sail":"SAIL_II","rejectionReason":null}...&#xD;

[EXPECTED vs ACTUAL]&#xD;
Approved:      True       | True&#xD;
SAIL:          SAIL_II    | SAIL_II&#xD;
GRC:           GRC_3      | GRC_3&#xD;
ARC:           ARC_b      | ARC_b&#xD;

✅ Test PASSED: STS01_001&#xD;
═══════════════════════════════════════════════════════</StdOut>
      </Output>
    </UnitTestResult>
    <UnitTestResult executionId="8950ded3-5623-4000-92ed-fed754853186" testId="be2f93a9-32bf-42e8-eace-174ba2f92b63" testName="Skyworks.Api.Tests.OSO.OSOService_Tests.SORA25_SAIL_I_Returns_17_OSOs" computerName="CHRISTOSCH" duration="00:00:00.0003378" startTime="2025-10-24T21:14:40.1459158+03:00" endTime="2025-10-24T21:14:40.1459159+03:00" testType="13cdc9d9-ddb5-4fa4-a97d-d965ccfc6d4b" outcome="Passed" testListId="8c84fa94-04c1-424b-9868-57a2d4851a1d" relativeResultsDirectory="8950ded3-5623-4000-92ed-fed754853186" />
    <UnitTestResult executionId="90c39c70-b991-4c63-aaf3-a787f8517b76" testId="e371ae59-caee-73a9-b5ec-a13d6d05f072" testName="Skyworks.Api.Tests.Compliance.ComplianceProvider_Tests.GetObligations_ARCc_RequiresOSOAndTMPR" computerName="CHRISTOSCH" duration="00:00:00.0093088" startTime="2025-10-24T21:14:40.1472642+03:00" endTime="2025-10-24T21:14:40.1472645+03:00" testType="13cdc9d9-ddb5-4fa4-a97d-d965ccfc6d4b" outcome="Passed" testListId="8c84fa94-04c1-424b-9868-57a2d4851a1d" relativeResultsDirectory="90c39c70-b991-4c63-aaf3-a787f8517b76" />
    <UnitTestResult executionId="44159367-b0cb-46e9-a987-0f1ceeb0bde7" testId="6e051653-a9e9-7ebb-41d1-f8bfaa3d13b8" testName="Skyworks.Api.Tests.Orchestration.SORAGolden_E2E_Tests.Golden_Scenarios_Pass_And_Agree_With_Expectations(request: { airRisk = { explicitARC = &quot;ARC_a&quot; }, groundRisk = { isControlledGroundArea = False, maxCharacteristicDimension = 0.59999999999999998, maxSpeed = 18, mitigations = [···], populationDensity = 20 }, implementedOSOs = [{ achievedRobustness = &quot;Medium&quot;, osoId = 1 }], missionId = &quot;GOLD-25-LOW-001&quot;, missionName = &quot;Low Risk VLOS&quot;, ··· }, expectedStatusCode: 200, assertBody: Action`1 { Method = Void &lt;Cases&gt;b__3_0(System.Text.Json.JsonElement), Target = &lt;&gt;c { } })" computerName="CHRISTOSCH" duration="00:00:01.3650462" startTime="2025-10-24T21:14:41.3880131+03:00" endTime="2025-10-24T21:14:41.3880134+03:00" testType="13cdc9d9-ddb5-4fa4-a97d-d965ccfc6d4b" outcome="Passed" testListId="8c84fa94-04c1-424b-9868-57a2d4851a1d" relativeResultsDirectory="44159367-b0cb-46e9-a987-0f1ceeb0bde7" />
    <UnitTestResult executionId="3137d31a-ed8d-434b-bba5-54c73ab832f2" testId="fe2ef753-6051-500e-81dd-82039c63d07b" testName="Skyworks.Api.Tests.Traffic.TrafficProvider_Tests.TrafficDensityThresholds_ClassifiesCorrectly(targetCount: 6, expectedLevel: &quot;High&quot;)" computerName="CHRISTOSCH" duration="00:00:00.0000089" startTime="2025-10-24T21:14:40.1858923+03:00" endTime="2025-10-24T21:14:40.1858924+03:00" testType="13cdc9d9-ddb5-4fa4-a97d-d965ccfc6d4b" outcome="Passed" testListId="8c84fa94-04c1-424b-9868-57a2d4851a1d" relativeResultsDirectory="3137d31a-ed8d-434b-bba5-54c73ab832f2" />
    <UnitTestResult executionId="3b73a210-90f9-4433-ae52-e294e827e60d" testId="497c8507-9faa-645d-9764-faab2b16c92e" testName="Skyworks.Api.Tests.SAIL.SAILService_Tests.SAIL_GRC8_Returns_CategoryC" computerName="CHRISTOSCH" duration="00:00:00.0002916" startTime="2025-10-24T21:14:40.1939358+03:00" endTime="2025-10-24T21:14:40.1939359+03:00" testType="13cdc9d9-ddb5-4fa4-a97d-d965ccfc6d4b" outcome="Passed" testListId="8c84fa94-04c1-424b-9868-57a2d4851a1d" relativeResultsDirectory="3b73a210-90f9-4433-ae52-e294e827e60d" />
    <UnitTestResult executionId="4e94eafd-b7c8-4100-87c3-78f8eec67b66" testId="26ecd9f0-e155-5714-6502-d3432544b519" testName="Skyworks.Api.Tests.ARC_SAIL.ARC_Residual_Tests.V25_From_B_With_S1_Stays_B_Typical" computerName="CHRISTOSCH" duration="00:00:00.0003834" startTime="2025-10-24T21:14:40.1645398+03:00" endTime="2025-10-24T21:14:40.1645399+03:00" testType="13cdc9d9-ddb5-4fa4-a97d-d965ccfc6d4b" outcome="Passed" testListId="8c84fa94-04c1-424b-9868-57a2d4851a1d" relativeResultsDirectory="4e94eafd-b7c8-4100-87c3-78f8eec67b66" />
    <UnitTestResult executionId="20300f77-4efa-4f3b-8260-17c57625ca00" testId="096cf929-b9c2-fbfb-1244-6aa0fcad888e" testName="Skyworks.Api.Tests.Traffic.TrafficProvider_Tests.GetNearbyTargets_TypeFilter_Drone" computerName="CHRISTOSCH" duration="00:00:00.0011998" startTime="2025-10-24T21:14:40.1990846+03:00" endTime="2025-10-24T21:14:40.1990847+03:00" testType="13cdc9d9-ddb5-4fa4-a97d-d965ccfc6d4b" outcome="Passed" testListId="8c84fa94-04c1-424b-9868-57a2d4851a1d" relativeResultsDirectory="20300f77-4efa-4f3b-8260-17c57625ca00" />
    <UnitTestResult executionId="301d1e29-24e6-4ba8-aa64-e068556876ba" testId="5a9d4e4c-277e-5266-549e-276ac6559a48" testName="Skyworks.Api.Tests.ARC_SAIL.ARC_Residual_Density_Tests.No_Double_Counting_Takes_Max_Of_Density_Or_S" computerName="CHRISTOSCH" duration="00:00:00.0231820" startTime="2025-10-24T21:14:40.1327617+03:00" endTime="2025-10-24T21:14:40.1327618+03:00" testType="13cdc9d9-ddb5-4fa4-a97d-d965ccfc6d4b" outcome="Passed" testListId="8c84fa94-04c1-424b-9868-57a2d4851a1d" relativeResultsDirectory="301d1e29-24e6-4ba8-aa64-e068556876ba" />
    <UnitTestResult executionId="eb59e9a7-6531-4983-83ec-cf3fbdb102fa" testId="0af3d9b2-55d6-1921-7d9b-e44e19ede51e" testName="Skyworks.Api.Tests.Orchestration.SORAController_Info_SmokeTests.Get_SORA_Info_Returns_Metadata" computerName="CHRISTOSCH" duration="00:00:01.2558137" startTime="2025-10-24T21:14:41.2846046+03:00" endTime="2025-10-24T21:14:41.2846052+03:00" testType="13cdc9d9-ddb5-4fa4-a97d-d965ccfc6d4b" outcome="Passed" testListId="8c84fa94-04c1-424b-9868-57a2d4851a1d" relativeResultsDirectory="eb59e9a7-6531-4983-83ec-cf3fbdb102fa" />
    <UnitTestResult executionId="fea262b5-02db-48fb-8c41-6e72979bbaf1" testId="7159fdbe-6de8-7dac-aa5a-631747f57313" testName="Skyworks.Api.Tests.ARC_SAIL.ARC_Residual_Tests.V20_From_C_With_Many_Goes_To_B_Only" computerName="CHRISTOSCH" duration="00:00:00.0006749" startTime="2025-10-24T21:14:40.1633569+03:00" endTime="2025-10-24T21:14:40.1633570+03:00" testType="13cdc9d9-ddb5-4fa4-a97d-d965ccfc6d4b" outcome="Passed" testListId="8c84fa94-04c1-424b-9868-57a2d4851a1d" relativeResultsDirectory="fea262b5-02db-48fb-8c41-6e72979bbaf1" />
    <UnitTestResult executionId="68be5ad2-370e-4716-ae38-ac28fc7d12e2" testId="8252a898-bf5a-d3a4-7257-ac9125d3d990" testName="Skyworks.Api.Tests.Orchestration.PDRA_STS_E2E_Tests.PDRA_STS_Tests_VerifyAgainstEURegulation(testCase: PDRASTSTestCase { Category = &quot;PDRA-S01&quot;, Description = &quot;VLOS operation with custom (non-C5) UAS in populat&quot;···, Expected = PDRASTSExpected { Approved = True, Arc = &quot;ARC_b&quot;, Grc = &quot;GRC_3&quot;, RejectionReason = null, Sail = &quot;SAIL_II&quot; }, ExpectedToFail = False, Input = PDRASTSInput { AdditionalRequirements = null, AirspaceObservers = null, AtcCoordination = null, AutomaticMode = null, Category = &quot;PDRA-S01&quot;, ··· }, ··· })" computerName="CHRISTOSCH" duration="00:00:00.0016764" startTime="2025-10-24T21:14:41.3693201+03:00" endTime="2025-10-24T21:14:41.3693204+03:00" testType="13cdc9d9-ddb5-4fa4-a97d-d965ccfc6d4b" outcome="Passed" testListId="8c84fa94-04c1-424b-9868-57a2d4851a1d" relativeResultsDirectory="68be5ad2-370e-4716-ae38-ac28fc7d12e2">
      <Output>
        <StdOut>═══════════════════════════════════════════════════════&#xD;
TEST: PDRA_S01_001 - VLOS operation with custom (non-C5) UAS in populated area&#xD;
Category: PDRA-S01&#xD;
Rationale: PDRA-S01: Similar to STS-01 but allows custom UAS without Class C5 marking - Fixed values per EASA Regulation 2019/947&#xD;
═══════════════════════════════════════════════════════&#xD;

✅ HTTP 200 OK - Response: {"missionId":"PDRA_S01_001","category":"PDRA-S01","approved":true,"grc":"GRC_3","arc":"ARC_b","sail":"SAIL_II","rejectionReason":null}...&#xD;

[EXPECTED vs ACTUAL]&#xD;
Approved:      True       | True&#xD;
SAIL:          SAIL_II    | SAIL_II&#xD;
GRC:           GRC_3      | GRC_3&#xD;
ARC:           ARC_b      | ARC_b&#xD;

✅ Test PASSED: PDRA_S01_001&#xD;
═══════════════════════════════════════════════════════</StdOut>
      </Output>
    </UnitTestResult>
    <UnitTestResult executionId="89465c01-1160-4123-b25d-7cafd09cc42e" testId="e6238a36-c62f-a23e-cab5-21cf64a67ee3" testName="Skyworks.Api.Tests.ARC_SAIL.ARC_Residual_Tests.V20_From_B_With_Density1_Stays_B_Typical" computerName="CHRISTOSCH" duration="00:00:00.0004683" startTime="2025-10-24T21:14:40.1630840+03:00" endTime="2025-10-24T21:14:40.1630842+03:00" testType="13cdc9d9-ddb5-4fa4-a97d-d965ccfc6d4b" outcome="Passed" testListId="8c84fa94-04c1-424b-9868-57a2d4851a1d" relativeResultsDirectory="89465c01-1160-4123-b25d-7cafd09cc42e" />
    <UnitTestResult executionId="70510cef-3ab7-491b-bdd8-57cc76e31d64" testId="aa995f65-5017-e442-94fe-3007b2c823c7" testName="Skyworks.Api.Tests.Risk.RiskModeling_Tests.SAIL_I_ARC_A_NonUrban_VLOS_Is_Low" computerName="CHRISTOSCH" duration="00:00:00.0028087" startTime="2025-10-24T21:14:40.1480910+03:00" endTime="2025-10-24T21:14:40.1480911+03:00" testType="13cdc9d9-ddb5-4fa4-a97d-d965ccfc6d4b" outcome="Passed" testListId="8c84fa94-04c1-424b-9868-57a2d4851a1d" relativeResultsDirectory="70510cef-3ab7-491b-bdd8-57cc76e31d64" />
    <UnitTestResult executionId="fcae73ae-c214-44e9-838e-00b91b981db4" testId="deb965ab-a13c-fb20-d83a-864bd91dd6fe" testName="Skyworks.Api.Tests.Orchestration.CaseStudiesController_Tests.List_And_Run_CaseStudy" computerName="CHRISTOSCH" duration="00:00:01.3554094" startTime="2025-10-24T21:14:41.3782155+03:00" endTime="2025-10-24T21:14:41.3782158+03:00" testType="13cdc9d9-ddb5-4fa4-a97d-d965ccfc6d4b" outcome="Passed" testListId="8c84fa94-04c1-424b-9868-57a2d4851a1d" relativeResultsDirectory="fcae73ae-c214-44e9-838e-00b91b981db4" />
    <UnitTestResult executionId="56491107-98ab-49f2-829d-eeef5ee1480d" testId="8d2f8aea-2107-505c-88c2-e92ce033148a" testName="Skyworks.Api.Tests.Drones.DroneCatalog_Tests.GetDroneWithSORAHints_DJI_Agras_T30_ReturnsHighGRC" computerName="CHRISTOSCH" duration="00:00:00.0172405" startTime="2025-10-24T21:14:40.3593164+03:00" endTime="2025-10-24T21:14:40.3593173+03:00" testType="13cdc9d9-ddb5-4fa4-a97d-d965ccfc6d4b" outcome="Passed" testListId="8c84fa94-04c1-424b-9868-57a2d4851a1d" relativeResultsDirectory="56491107-98ab-49f2-829d-eeef5ee1480d" />
    <UnitTestResult executionId="49de8b8f-f327-4ac0-93fc-a80bbc8bcf8c" testId="6f003132-75ae-a8bb-7283-28b9b7e5e486" testName="Skyworks.Api.Tests.Drones.DroneCatalog_Tests.SearchDrones_ByManufacturerDJI_ReturnsMultiple" computerName="CHRISTOSCH" duration="00:00:00.0174864" startTime="2025-10-24T21:14:40.2701041+03:00" endTime="2025-10-24T21:14:40.2701045+03:00" testType="13cdc9d9-ddb5-4fa4-a97d-d965ccfc6d4b" outcome="Passed" testListId="8c84fa94-04c1-424b-9868-57a2d4851a1d" relativeResultsDirectory="49de8b8f-f327-4ac0-93fc-a80bbc8bcf8c" />
    <UnitTestResult executionId="29c773e5-3cb5-44bb-a7c8-17bff19d87f3" testId="2dc88fcf-8549-5052-7004-83182f4d7216" testName="Skyworks.Api.Tests.SAIL.SAILService_Tests.SAIL_GRC3_ARCa_Returns_SAIL_II" computerName="CHRISTOSCH" duration="00:00:00.0003148" startTime="2025-10-24T21:14:40.1916271+03:00" endTime="2025-10-24T21:14:40.1916273+03:00" testType="13cdc9d9-ddb5-4fa4-a97d-d965ccfc6d4b" outcome="Passed" testListId="8c84fa94-04c1-424b-9868-57a2d4851a1d" relativeResultsDirectory="29c773e5-3cb5-44bb-a7c8-17bff19d87f3" />
    <UnitTestResult executionId="a59a6ac4-3208-4314-b3b4-0a0f62b068a6" testId="8252a898-bf5a-d3a4-7257-ac9125d3d990" testName="Skyworks.Api.Tests.Orchestration.PDRA_STS_E2E_Tests.PDRA_STS_Tests_VerifyAgainstEURegulation(testCase: PDRASTSTestCase { Category = &quot;STS-02&quot;, Description = &quot;Operation fails due to insufficient flight visibil&quot;···, Expected = PDRASTSExpected { Approved = False, Arc = null, Grc = null, RejectionReason = &quot;Flight visibility below minimum 5km required for S&quot;···, Sail = null }, ExpectedToFail = False, Input = PDRASTSInput { AdditionalRequirements = null, AirspaceObservers = 2, AtcCoordination = null, AutomaticMode = null, Category = &quot;STS-02&quot;, ··· }, ··· })" computerName="CHRISTOSCH" duration="00:00:00.0019432" startTime="2025-10-24T21:14:41.3675237+03:00" endTime="2025-10-24T21:14:41.3675240+03:00" testType="13cdc9d9-ddb5-4fa4-a97d-d965ccfc6d4b" outcome="Passed" testListId="8c84fa94-04c1-424b-9868-57a2d4851a1d" relativeResultsDirectory="a59a6ac4-3208-4314-b3b4-0a0f62b068a6">
      <Output>
        <StdOut>═══════════════════════════════════════════════════════&#xD;
TEST: STS02_005 - Operation fails due to insufficient flight visibility&#xD;
Category: STS-02&#xD;
Rationale: STS-02: Minimum 5km flight visibility required per UAS.STS-02.020(3) - REJECTED&#xD;
═══════════════════════════════════════════════════════&#xD;

✅ HTTP 200 OK - Response: {"missionId":"STS02_005","category":"STS-02","approved":false,"grc":null,"arc":null,"sail":null,"rejectionReason":"STS-02 requires minimum 5km meteorological visibility"}...&#xD;

[EXPECTED vs ACTUAL]&#xD;
Approved:      False      | False&#xD;
SAIL:                     | null&#xD;
GRC:                      | null&#xD;
ARC:                      | null&#xD;

✅ Test PASSED: STS02_005&#xD;
═══════════════════════════════════════════════════════</StdOut>
      </Output>
    </UnitTestResult>
    <UnitTestResult executionId="6f0a35ca-2cbe-4abe-a7b5-a7c4d1e1b953" testId="5ba36593-510e-c545-d67e-93451231b51b" testName="Skyworks.Api.Tests.ARC_SAIL.ARC_SAIL_Tests.SAIL_V25_OutOfScope_ReturnsNotSupported(finalGrc: 0)" computerName="CHRISTOSCH" duration="00:00:00.0003972" startTime="2025-10-24T21:14:40.1869050+03:00" endTime="2025-10-24T21:14:40.1869052+03:00" testType="13cdc9d9-ddb5-4fa4-a97d-d965ccfc6d4b" outcome="Passed" testListId="8c84fa94-04c1-424b-9868-57a2d4851a1d" relativeResultsDirectory="6f0a35ca-2cbe-4abe-a7b5-a7c4d1e1b953" />
    <UnitTestResult executionId="df89b1f2-3f84-47ee-b74c-3ec5fe49590a" testId="1e97826c-3fae-c874-7c87-63c994c4639a" testName="Skyworks.Api.Tests.GRC.GRCCalculationTests_SORA_2_5.GetPopulationCategory_ReturnsCorrectCategory(density: 30000, controlled: False, expected: HighDensityMetro)" computerName="CHRISTOSCH" duration="00:00:00.0000095" startTime="2025-10-24T21:14:40.1539920+03:00" endTime="2025-10-24T21:14:40.1539923+03:00" testType="13cdc9d9-ddb5-4fa4-a97d-d965ccfc6d4b" outcome="Passed" testListId="8c84fa94-04c1-424b-9868-57a2d4851a1d" relativeResultsDirectory="df89b1f2-3f84-47ee-b74c-3ec5fe49590a" />
    <UnitTestResult executionId="e125ff4f-c652-4abf-aa90-0861635f22d6" testId="10ef1f38-0cd6-56ae-109a-fcbfa9df62d2" testName="Skyworks.Api.Tests.Traffic.TrafficProvider_Tests.GetTrafficDensity_HighDensity_AddsRiskNotes" computerName="CHRISTOSCH" duration="00:00:00.0015322" startTime="2025-10-24T21:14:40.1989503+03:00" endTime="2025-10-24T21:14:40.1989504+03:00" testType="13cdc9d9-ddb5-4fa4-a97d-d965ccfc6d4b" outcome="Passed" testListId="8c84fa94-04c1-424b-9868-57a2d4851a1d" relativeResultsDirectory="e125ff4f-c652-4abf-aa90-0861635f22d6" />
    <UnitTestResult executionId="2f29ea1e-21b5-4745-a793-385d822d7851" testId="ae321f04-505a-0421-32f5-9064807cff94" testName="Skyworks.Api.Tests.AuthAndKbTests.Login_Returns_Token" computerName="CHRISTOSCH" duration="00:00:00.0010000" startTime="2025-10-24T21:14:40.1709845+03:00" endTime="2025-10-24T21:14:40.1709849+03:00" testType="13cdc9d9-ddb5-4fa4-a97d-d965ccfc6d4b" outcome="NotExecuted" testListId="8c84fa94-04c1-424b-9868-57a2d4851a1d" relativeResultsDirectory="2f29ea1e-21b5-4745-a793-385d822d7851">
      <Output>
        <ErrorInfo>
          <Message>Phase1: auth wired, skipping login test in CI until environment stable</Message>
        </ErrorInfo>
      </Output>
    </UnitTestResult>
    <UnitTestResult executionId="a90b7db9-125b-4de1-a1c0-954febefcfec" testId="6001b047-bcc8-ca65-1921-a65463ddf309" testName="Skyworks.Api.Tests.GRC.GRCCalculationTests_SORA_2_5.CalculateFinalGRC_M1B_High_ReducesBy2" computerName="CHRISTOSCH" duration="00:00:00.0262764" startTime="2025-10-24T21:14:40.1340067+03:00" endTime="2025-10-24T21:14:40.1340069+03:00" testType="13cdc9d9-ddb5-4fa4-a97d-d965ccfc6d4b" outcome="Passed" testListId="8c84fa94-04c1-424b-9868-57a2d4851a1d" relativeResultsDirectory="a90b7db9-125b-4de1-a1c0-954febefcfec" />
    <UnitTestResult executionId="0cb12eae-6656-4622-9059-635aa7e2928e" testId="7594d324-9a90-9382-2de9-6ede6f181520" testName="Skyworks.Api.Tests.GRC.GRCCalculationTests_SORA_2_0.SORA20_FinalGRC_Above7_Invalid" computerName="CHRISTOSCH" duration="00:00:00.0006315" startTime="2025-10-24T21:14:40.1295776+03:00" endTime="2025-10-24T21:14:40.1295778+03:00" testType="13cdc9d9-ddb5-4fa4-a97d-d965ccfc6d4b" outcome="Passed" testListId="8c84fa94-04c1-424b-9868-57a2d4851a1d" relativeResultsDirectory="0cb12eae-6656-4622-9059-635aa7e2928e" />
    <UnitTestResult executionId="bcdb85db-1a99-40b1-8071-8b47cf868e56" testId="6f0392c8-7758-1c2c-de3d-c763f10b505e" testName="Skyworks.Api.Tests.Drones.DroneCatalog_Tests.GetDroneById_DJI_M350RTK_ReturnsCorrectDrone" computerName="CHRISTOSCH" duration="00:00:00.0140621" startTime="2025-10-24T21:14:40.3418322+03:00" endTime="2025-10-24T21:14:40.3418326+03:00" testType="13cdc9d9-ddb5-4fa4-a97d-d965ccfc6d4b" outcome="Passed" testListId="8c84fa94-04c1-424b-9868-57a2d4851a1d" relativeResultsDirectory="bcdb85db-1a99-40b1-8071-8b47cf868e56" />
    <UnitTestResult executionId="6bbdb15f-cc25-4802-939c-e4e47b910dd5" testId="8f44738b-539b-b60b-504d-8f149fc4fe6e" testName="Skyworks.Api.Tests.GRC.GRCCalculationTests_SORA_2_5.GetDimensionCategory_ReturnsCorrectCategory(dimension: 50, speed: 220, expected: ExtraLarge)" computerName="CHRISTOSCH" duration="00:00:00.0000173" startTime="2025-10-24T21:14:40.1439959+03:00" endTime="2025-10-24T21:14:40.1439961+03:00" testType="13cdc9d9-ddb5-4fa4-a97d-d965ccfc6d4b" outcome="Passed" testListId="8c84fa94-04c1-424b-9868-57a2d4851a1d" relativeResultsDirectory="6bbdb15f-cc25-4802-939c-e4e47b910dd5" />
    <UnitTestResult executionId="18a17d3a-45f5-48a0-90d3-c591e3932a52" testId="8252a898-bf5a-d3a4-7257-ac9125d3d990" testName="Skyworks.Api.Tests.Orchestration.PDRA_STS_E2E_Tests.PDRA_STS_Tests_VerifyAgainstEURegulation(testCase: PDRASTSTestCase { Category = &quot;PDRA-S01&quot;, Description = &quot;Operation at maximum allowed dimensions (3m)&quot;, Expected = PDRASTSExpected { Approved = True, Arc = &quot;ARC_b&quot;, Grc = &quot;GRC_3&quot;, RejectionReason = null, Sail = &quot;SAIL_II&quot; }, ExpectedToFail = False, Input = PDRASTSInput { AdditionalRequirements = null, AirspaceObservers = null, AtcCoordination = null, AutomaticMode = null, Category = &quot;PDRA-S01&quot;, ··· }, ··· })" computerName="CHRISTOSCH" duration="00:00:00.0019589" startTime="2025-10-24T21:14:41.3713973+03:00" endTime="2025-10-24T21:14:41.3713976+03:00" testType="13cdc9d9-ddb5-4fa4-a97d-d965ccfc6d4b" outcome="Passed" testListId="8c84fa94-04c1-424b-9868-57a2d4851a1d" relativeResultsDirectory="18a17d3a-45f5-48a0-90d3-c591e3932a52">
      <Output>
        <StdOut>═══════════════════════════════════════════════════════&#xD;
TEST: PDRA_S01_002 - Operation at maximum allowed dimensions (3m)&#xD;
Category: PDRA-S01&#xD;
Rationale: PDRA-S01: Max 3m dimension, up to 150m AGL - Fixed values per EASA Regulation 2019/947&#xD;
═══════════════════════════════════════════════════════&#xD;

✅ HTTP 200 OK - Response: {"missionId":"PDRA_S01_002","category":"PDRA-S01","approved":true,"grc":"GRC_3","arc":"ARC_b","sail":"SAIL_II","rejectionReason":null}...&#xD;

[EXPECTED vs ACTUAL]&#xD;
Approved:      True       | True&#xD;
SAIL:          SAIL_II    | SAIL_II&#xD;
GRC:           GRC_3      | GRC_3&#xD;
ARC:           ARC_b      | ARC_b&#xD;

✅ Test PASSED: PDRA_S01_002&#xD;
═══════════════════════════════════════════════════════</StdOut>
      </Output>
    </UnitTestResult>
    <UnitTestResult executionId="fdefeb49-0352-4ccc-8fce-72a505484c1f" testId="0ea12b44-68b3-80aa-4c2c-b74dcc986c2e" testName="Skyworks.Api.Tests.GRC.GRCCalculationTests_SORA_2_0.SORA20_BVLOS_Populated_Above8m_ReturnsGRC10" computerName="CHRISTOSCH" duration="00:00:00.0003304" startTime="2025-10-24T21:14:40.1259585+03:00" endTime="2025-10-24T21:14:40.1259586+03:00" testType="13cdc9d9-ddb5-4fa4-a97d-d965ccfc6d4b" outcome="Passed" testListId="8c84fa94-04c1-424b-9868-57a2d4851a1d" relativeResultsDirectory="fdefeb49-0352-4ccc-8fce-72a505484c1f" />
    <UnitTestResult executionId="6d13eee6-3970-4ca9-b471-db6e0a57b9fc" testId="53b87dcf-76cb-ca46-eca9-cdc12d50030a" testName="Skyworks.Api.Tests.SAIL.SAILService_Tests.Golden_Test03_Rural_Agriculture_Paphos" computerName="CHRISTOSCH" duration="00:00:00.0420247" startTime="2025-10-24T21:14:40.1326761+03:00" endTime="2025-10-24T21:14:40.1326762+03:00" testType="13cdc9d9-ddb5-4fa4-a97d-d965ccfc6d4b" outcome="Passed" testListId="8c84fa94-04c1-424b-9868-57a2d4851a1d" relativeResultsDirectory="6d13eee6-3970-4ca9-b471-db6e0a57b9fc" />
    <UnitTestResult executionId="7f9ee9f5-efb3-4bd0-844f-e5e56c52c3a0" testId="f39f15ba-f374-a6d4-a503-36c8a3584765" testName="Skyworks.Api.Tests.OSO.OSOService_Tests.ValidateCompliance_MissingOSO_Returns_NonCompliant" computerName="CHRISTOSCH" duration="00:00:00.0005749" startTime="2025-10-24T21:14:40.1566772+03:00" endTime="2025-10-24T21:14:40.1566774+03:00" testType="13cdc9d9-ddb5-4fa4-a97d-d965ccfc6d4b" outcome="Passed" testListId="8c84fa94-04c1-424b-9868-57a2d4851a1d" relativeResultsDirectory="7f9ee9f5-efb3-4bd0-844f-e5e56c52c3a0" />
    <UnitTestResult executionId="cee42fb9-af0e-473c-992a-54d157b24205" testId="2e6f1c40-3a91-b5f0-9a43-746f9f7d6542" testName="Skyworks.Api.Tests.GRC.GRCCalculationTests_SORA_2_5.GetPopulationCategory_ReturnsCorrectCategory(density: 2500, controlled: False, expected: Suburban)" computerName="CHRISTOSCH" duration="00:00:00.0000199" startTime="2025-10-24T21:14:40.1513962+03:00" endTime="2025-10-24T21:14:40.1513963+03:00" testType="13cdc9d9-ddb5-4fa4-a97d-d965ccfc6d4b" outcome="Passed" testListId="8c84fa94-04c1-424b-9868-57a2d4851a1d" relativeResultsDirectory="cee42fb9-af0e-473c-992a-54d157b24205" />
    <UnitTestResult executionId="f133c10f-61d4-41b0-af14-8ed9b2021923" testId="10209626-cf8b-2bfb-2255-b1c6dc05edcf" testName="Skyworks.Api.Tests.PDRA_STS.PDRA_STS_Evaluation_Tests.PDRAS01_Valid_Request_Returns_Approved_With_Expected_Metrics" computerName="CHRISTOSCH" duration="00:00:00.0035410" startTime="2025-10-24T21:14:40.1261280+03:00" endTime="2025-10-24T21:14:40.1261281+03:00" testType="13cdc9d9-ddb5-4fa4-a97d-d965ccfc6d4b" outcome="Passed" testListId="8c84fa94-04c1-424b-9868-57a2d4851a1d" relativeResultsDirectory="f133c10f-61d4-41b0-af14-8ed9b2021923" />
    <UnitTestResult executionId="88830655-479e-4924-865f-7d0cdcd565cc" testId="a727b044-dd6c-87da-d546-99178ceb232c" testName="Skyworks.Api.Tests.Drones.DroneCatalog_Tests.SearchDrones_BVLOSCapable_ReturnsMatching" computerName="CHRISTOSCH" duration="00:00:00.0768561" startTime="2025-10-24T21:14:40.2027121+03:00" endTime="2025-10-24T21:14:40.2027125+03:00" testType="13cdc9d9-ddb5-4fa4-a97d-d965ccfc6d4b" outcome="Passed" testListId="8c84fa94-04c1-424b-9868-57a2d4851a1d" relativeResultsDirectory="88830655-479e-4924-865f-7d0cdcd565cc" />
    <UnitTestResult executionId="e7206fd9-fabf-4ac2-964f-220de26bd046" testId="a7357964-a295-8f50-1f27-7105e59f8e51" testName="Skyworks.Api.Tests.Orchestration.SORAOrchestration_Tests.SORA_2_0_Complete_Medium_Risk_Scenario" computerName="CHRISTOSCH" duration="00:00:00.0046144" startTime="2025-10-24T21:14:40.1443611+03:00" endTime="2025-10-24T21:14:40.1443612+03:00" testType="13cdc9d9-ddb5-4fa4-a97d-d965ccfc6d4b" outcome="Passed" testListId="8c84fa94-04c1-424b-9868-57a2d4851a1d" relativeResultsDirectory="e7206fd9-fabf-4ac2-964f-220de26bd046" />
    <UnitTestResult executionId="03d5a4e2-8729-4431-8145-e141822a6323" testId="f6cf14bc-7175-49ab-b264-286097e9b517" testName="Skyworks.Api.Tests.ARC_SAIL.ARC_SAIL_Tests.SAIL_V20_Table5_Mapping(finalGrc: 4, arc: ARC_c, expected: IV)" computerName="CHRISTOSCH" duration="00:00:00.0000390" startTime="2025-10-24T21:14:40.1858373+03:00" endTime="2025-10-24T21:14:40.1858374+03:00" testType="13cdc9d9-ddb5-4fa4-a97d-d965ccfc6d4b" outcome="Passed" testListId="8c84fa94-04c1-424b-9868-57a2d4851a1d" relativeResultsDirectory="03d5a4e2-8729-4431-8145-e141822a6323" />
    <UnitTestResult executionId="48c4e6fd-c5a4-433d-8b3e-69b5b704f5a7" testId="e4505c38-d8e7-9c64-2e03-ba011a75c85a" testName="Skyworks.Api.Tests.ARC_SAIL.ARC_Environment_Tests.V25_AirportHeliport_Is_ARC_D" computerName="CHRISTOSCH" duration="00:00:00.0003615" startTime="2025-10-24T21:14:40.1339243+03:00" endTime="2025-10-24T21:14:40.1339244+03:00" testType="13cdc9d9-ddb5-4fa4-a97d-d965ccfc6d4b" outcome="Passed" testListId="8c84fa94-04c1-424b-9868-57a2d4851a1d" relativeResultsDirectory="48c4e6fd-c5a4-433d-8b3e-69b5b704f5a7" />
    <UnitTestResult executionId="57fbd56e-b5e4-40ce-a1af-d01f11f78395" testId="6e051653-a9e9-7ebb-41d1-f8bfaa3d13b8" testName="Skyworks.Api.Tests.Orchestration.SORAGolden_E2E_Tests.Golden_Scenarios_Pass_And_Agree_With_Expectations(request: { airRisk = { airspaceControl = &quot;Controlled&quot;, environment = &quot;Urban&quot;, locationType = &quot;NonAirport&quot;, maxHeightAGL = 150, typicality = &quot;Typical&quot; }, groundRisk = { isControlledGroundArea = False, maxCharacteristicDimension = 1, maxSpeed = 25, mitigations = [···], populationDensity = 50 }, implementedOSOs = [], missionId = &quot;GOLD-25-ENV-001&quot;, missionName = &quot;Controlled Airspace High AGL&quot;, ··· }, expectedStatusCode: 200, assertBody: Action`1 { Method = Void &lt;Cases&gt;b__3_3(System.Text.Json.JsonElement), Target = &lt;&gt;c { } })" computerName="CHRISTOSCH" duration="00:00:00.0081113" startTime="2025-10-24T21:14:41.4660571+03:00" endTime="2025-10-24T21:14:41.4660575+03:00" testType="13cdc9d9-ddb5-4fa4-a97d-d965ccfc6d4b" outcome="Passed" testListId="8c84fa94-04c1-424b-9868-57a2d4851a1d" relativeResultsDirectory="57fbd56e-b5e4-40ce-a1af-d01f11f78395" />
    <UnitTestResult executionId="b39c9f7f-d04d-4a03-a71d-41a1676403a1" testId="b611b895-fc79-b24d-ec6c-6d7b42e31414" testName="Skyworks.Api.Tests.ARC_SAIL.ARC_SAIL_Tests.ARC_V20_Explicit_ReturnsSame" computerName="CHRISTOSCH" duration="00:00:00.0009740" startTime="2025-10-24T21:14:40.1871206+03:00" endTime="2025-10-24T21:14:40.1871207+03:00" testType="13cdc9d9-ddb5-4fa4-a97d-d965ccfc6d4b" outcome="Passed" testListId="8c84fa94-04c1-424b-9868-57a2d4851a1d" relativeResultsDirectory="b39c9f7f-d04d-4a03-a71d-41a1676403a1" />
    <UnitTestResult executionId="5cf9b5a2-ad1b-4a67-adb6-0851fb120622" testId="cf2b9f67-7938-6490-f6b2-555e340cf963" testName="Skyworks.Api.Tests.Drones.DroneCatalog_Tests.CheckRemoteIDCompliance(droneId: &quot;DJI_MINI4PRO&quot;, expectedHasRemoteID: True)" computerName="CHRISTOSCH" duration="00:00:00.0367512" startTime="2025-10-24T21:14:40.3274999+03:00" endTime="2025-10-24T21:14:40.3275002+03:00" testType="13cdc9d9-ddb5-4fa4-a97d-d965ccfc6d4b" outcome="Passed" testListId="8c84fa94-04c1-424b-9868-57a2d4851a1d" relativeResultsDirectory="5cf9b5a2-ad1b-4a67-adb6-0851fb120622" />
    <UnitTestResult executionId="b9aeccf0-a859-41de-b260-6fb03966bab8" testId="9697b12b-9b33-5379-bc0d-b8283d6ef37d" testName="Skyworks.Api.Tests.ARC_SAIL.ARC_Residual_Tests.ExplicitResidualOverride_Wins" computerName="CHRISTOSCH" duration="00:00:00.0005337" startTime="2025-10-24T21:14:40.1647157+03:00" endTime="2025-10-24T21:14:40.1647158+03:00" testType="13cdc9d9-ddb5-4fa4-a97d-d965ccfc6d4b" outcome="Passed" testListId="8c84fa94-04c1-424b-9868-57a2d4851a1d" relativeResultsDirectory="b9aeccf0-a859-41de-b260-6fb03966bab8" />
    <UnitTestResult executionId="c5cd4e46-d2b8-4030-b66c-43ff8a14e5b5" testId="c931315c-816e-3659-5217-8274750633ed" testName="Skyworks.Api.Tests.Traffic.TrafficProvider_Tests.GetTrafficDensity_CalculatesAverageAltitude" computerName="CHRISTOSCH" duration="00:00:00.0012625" startTime="2025-10-24T21:14:40.1898333+03:00" endTime="2025-10-24T21:14:40.1898335+03:00" testType="13cdc9d9-ddb5-4fa4-a97d-d965ccfc6d4b" outcome="Passed" testListId="8c84fa94-04c1-424b-9868-57a2d4851a1d" relativeResultsDirectory="c5cd4e46-d2b8-4030-b66c-43ff8a14e5b5" />
    <UnitTestResult executionId="c2b3167e-c857-4486-afb2-583ed1c79123" testId="08031c21-de80-2912-8d50-02d66f3dc493" testName="Skyworks.Api.Tests.OSO.OSOService_Tests.GetOSODetails_InvalidOSO_Returns_Null" computerName="CHRISTOSCH" duration="00:00:00.0003827" startTime="2025-10-24T21:14:40.1514327+03:00" endTime="2025-10-24T21:14:40.1514328+03:00" testType="13cdc9d9-ddb5-4fa4-a97d-d965ccfc6d4b" outcome="Passed" testListId="8c84fa94-04c1-424b-9868-57a2d4851a1d" relativeResultsDirectory="c2b3167e-c857-4486-afb2-583ed1c79123" />
    <UnitTestResult executionId="aa7cf308-9fdb-417c-b54d-4c962e0ce509" testId="1f092a2d-b16b-0014-dad9-208fab7dfeb0" testName="Skyworks.Api.Tests.ARC_SAIL.ARC_Residual_Density_Tests.V25_Density_Reduction_D_to_C_When_3_or_4" computerName="CHRISTOSCH" duration="00:00:00.0034810" startTime="2025-10-24T21:14:40.1297773+03:00" endTime="2025-10-24T21:14:40.1297774+03:00" testType="13cdc9d9-ddb5-4fa4-a97d-d965ccfc6d4b" outcome="Passed" testListId="8c84fa94-04c1-424b-9868-57a2d4851a1d" relativeResultsDirectory="aa7cf308-9fdb-417c-b54d-4c962e0ce509" />
    <UnitTestResult executionId="777d8c04-84cc-45f4-9692-6079961d4340" testId="5bf2c2d6-75c6-a2e0-8ffa-1d13fadd173f" testName="Skyworks.Api.Tests.ARC_SAIL.ARC_Environment_Tests.V25_Uncontrolled_Urban_AtOrBelow120_Is_ARC_B" computerName="CHRISTOSCH" duration="00:00:00.0003494" startTime="2025-10-24T21:14:40.1338483+03:00" endTime="2025-10-24T21:14:40.1338484+03:00" testType="13cdc9d9-ddb5-4fa4-a97d-d965ccfc6d4b" outcome="Passed" testListId="8c84fa94-04c1-424b-9868-57a2d4851a1d" relativeResultsDirectory="777d8c04-84cc-45f4-9692-6079961d4340" />
    <UnitTestResult executionId="d862cfbb-26bf-4d1f-a38b-1cd43289177d" testId="7a410d10-28ec-2af1-3307-7814f89b64a9" testName="Skyworks.Api.Tests.Traffic.TrafficProvider_Tests.GetNearbyTargets_AltitudeFilter_FiltersCorrectly" computerName="CHRISTOSCH" duration="00:00:00.0019837" startTime="2025-10-24T21:14:40.1928418+03:00" endTime="2025-10-24T21:14:40.1928419+03:00" testType="13cdc9d9-ddb5-4fa4-a97d-d965ccfc6d4b" outcome="Passed" testListId="8c84fa94-04c1-424b-9868-57a2d4851a1d" relativeResultsDirectory="d862cfbb-26bf-4d1f-a38b-1cd43289177d" />
    <UnitTestResult executionId="26248a91-2c48-4d27-b5bc-09efe0e24269" testId="8252a898-bf5a-d3a4-7257-ac9125d3d990" testName="Skyworks.Api.Tests.Orchestration.PDRA_STS_E2E_Tests.PDRA_STS_Tests_VerifyAgainstEURegulation(testCase: PDRASTSTestCase { Category = &quot;PDRA-S02&quot;, Description = &quot;Maximum range BVLOS with multiple airspace observe&quot;···, Expected = PDRASTSExpected { Approved = True, Arc = &quot;ARC_b&quot;, Grc = &quot;GRC_3&quot;, RejectionReason = null, Sail = &quot;SAIL_II&quot; }, ExpectedToFail = False, Input = PDRASTSInput { AdditionalRequirements = null, AirspaceObservers = 3, AtcCoordination = null, AutomaticMode = null, Category = &quot;PDRA-S02&quot;, ··· }, ··· })" computerName="CHRISTOSCH" duration="00:00:00.0016880" startTime="2025-10-24T21:14:41.3878025+03:00" endTime="2025-10-24T21:14:41.3878030+03:00" testType="13cdc9d9-ddb5-4fa4-a97d-d965ccfc6d4b" outcome="Passed" testListId="8c84fa94-04c1-424b-9868-57a2d4851a1d" relativeResultsDirectory="26248a91-2c48-4d27-b5bc-09efe0e24269">
      <Output>
        <StdOut>═══════════════════════════════════════════════════════&#xD;
TEST: PDRA_S02_004 - Maximum range BVLOS with multiple airspace observers&#xD;
Category: PDRA-S02&#xD;
Rationale: PDRA-S02: With AOs allows 2km max distance - Fixed values per EASA Regulation 2019/947&#xD;
═══════════════════════════════════════════════════════&#xD;

✅ HTTP 200 OK - Response: {"missionId":"PDRA_S02_004","category":"PDRA-S02","approved":true,"grc":"GRC_3","arc":"ARC_b","sail":"SAIL_II","rejectionReason":null}...&#xD;

[EXPECTED vs ACTUAL]&#xD;
Approved:      True       | True&#xD;
SAIL:          SAIL_II    | SAIL_II&#xD;
GRC:           GRC_3      | GRC_3&#xD;
ARC:           ARC_b      | ARC_b&#xD;

✅ Test PASSED: PDRA_S02_004&#xD;
═══════════════════════════════════════════════════════</StdOut>
      </Output>
    </UnitTestResult>
    <UnitTestResult executionId="5ffa8e0b-9e83-49a0-9065-2296eb04e601" testId="8252a898-bf5a-d3a4-7257-ac9125d3d990" testName="Skyworks.Api.Tests.Orchestration.PDRA_STS_E2E_Tests.PDRA_STS_Tests_VerifyAgainstEURegulation(testCase: PDRASTSTestCase { Category = &quot;STS-02&quot;, Description = &quot;BVLOS operation requiring VLOS during launch and r&quot;···, Expected = PDRASTSExpected { Approved = True, Arc = &quot;ARC_b&quot;, Grc = &quot;GRC_3&quot;, RejectionReason = null, Sail = &quot;SAIL_II&quot; }, ExpectedToFail = False, Input = PDRASTSInput { AdditionalRequirements = null, AirspaceObservers = 1, AtcCoordination = null, AutomaticMode = null, Category = &quot;STS-02&quot;, ··· }, ··· })" computerName="CHRISTOSCH" duration="00:00:00.0017759" startTime="2025-10-24T21:14:41.3653893+03:00" endTime="2025-10-24T21:14:41.3653896+03:00" testType="13cdc9d9-ddb5-4fa4-a97d-d965ccfc6d4b" outcome="Passed" testListId="8c84fa94-04c1-424b-9868-57a2d4851a1d" relativeResultsDirectory="5ffa8e0b-9e83-49a0-9065-2296eb04e601">
      <Output>
        <StdOut>═══════════════════════════════════════════════════════&#xD;
TEST: STS02_004 - BVLOS operation requiring VLOS during launch and recovery&#xD;
Category: STS-02&#xD;
Rationale: STS-02: Requires VLOS during launch/recovery per UAS.STS-02.020(4)&#xD;
═══════════════════════════════════════════════════════&#xD;

✅ HTTP 200 OK - Response: {"missionId":"STS02_004","category":"STS-02","approved":true,"grc":"GRC_3","arc":"ARC_b","sail":"SAIL_II","rejectionReason":null}...&#xD;

[EXPECTED vs ACTUAL]&#xD;
Approved:      True       | True&#xD;
SAIL:          SAIL_II    | SAIL_II&#xD;
GRC:           GRC_3      | GRC_3&#xD;
ARC:           ARC_b      | ARC_b&#xD;

✅ Test PASSED: STS02_004&#xD;
═══════════════════════════════════════════════════════</StdOut>
      </Output>
    </UnitTestResult>
    <UnitTestResult executionId="34e237da-4030-47a5-86d2-018e05b816cb" testId="32453466-e372-39a8-5b29-82b224e4b3c0" testName="Skyworks.Api.Tests.GRC.GRCCalculationTests_SORA_2_5.GetDimensionCategory_ReturnsCorrectCategory(dimension: 15, speed: 110, expected: VeryLarge)" computerName="CHRISTOSCH" duration="00:00:00.0008001" startTime="2025-10-24T21:14:40.1437570+03:00" endTime="2025-10-24T21:14:40.1437575+03:00" testType="13cdc9d9-ddb5-4fa4-a97d-d965ccfc6d4b" outcome="Passed" testListId="8c84fa94-04c1-424b-9868-57a2d4851a1d" relativeResultsDirectory="34e237da-4030-47a5-86d2-018e05b816cb" />
    <UnitTestResult executionId="e094c2f1-5bd8-4691-9b89-913df00b6adf" testId="ca8c3599-d4f1-d7d2-7376-3eaaa839e3e7" testName="Skyworks.Api.Tests.ARC_SAIL.ARC_Composite_Tests.Time_weighted_profile_computed_when_enabled" computerName="CHRISTOSCH" duration="00:00:00.0408747" startTime="2025-10-24T21:14:40.1214007+03:00" endTime="2025-10-24T21:14:40.1214008+03:00" testType="13cdc9d9-ddb5-4fa4-a97d-d965ccfc6d4b" outcome="Passed" testListId="8c84fa94-04c1-424b-9868-57a2d4851a1d" relativeResultsDirectory="e094c2f1-5bd8-4691-9b89-913df00b6adf" />
    <UnitTestResult executionId="4522370a-118e-49db-a351-0753cfbacc1a" testId="492dc22a-1988-ae01-8c28-8b5ed1dc0c9a" testName="Skyworks.Api.Tests.Traffic.TrafficProvider_Tests.GetTrafficDensity_SmallRadius_LimitedTargets" computerName="CHRISTOSCH" duration="00:00:00.0247967" startTime="2025-10-24T21:14:40.1897268+03:00" endTime="2025-10-24T21:14:40.1897269+03:00" testType="13cdc9d9-ddb5-4fa4-a97d-d965ccfc6d4b" outcome="Passed" testListId="8c84fa94-04c1-424b-9868-57a2d4851a1d" relativeResultsDirectory="4522370a-118e-49db-a351-0753cfbacc1a" />
    <UnitTestResult executionId="7f99b074-e363-4116-acbc-675645248dc4" testId="5fa0dd2b-4932-0d4b-3321-435a96f82826" testName="Skyworks.Api.Tests.OSO.OSOService_Tests.GetOSORequirements_InvalidVersion_Defaults_To_25" computerName="CHRISTOSCH" duration="00:00:00.0163753" startTime="2025-10-24T21:14:40.1206895+03:00" endTime="2025-10-24T21:14:40.1206896+03:00" testType="13cdc9d9-ddb5-4fa4-a97d-d965ccfc6d4b" outcome="Passed" testListId="8c84fa94-04c1-424b-9868-57a2d4851a1d" relativeResultsDirectory="7f99b074-e363-4116-acbc-675645248dc4" />
    <UnitTestResult executionId="8b0f5e30-f68f-44c2-94a3-ab9c072deb01" testId="8252a898-bf5a-d3a4-7257-ac9125d3d990" testName="Skyworks.Api.Tests.Orchestration.PDRA_STS_E2E_Tests.PDRA_STS_Tests_VerifyAgainstEURegulation(testCase: PDRASTSTestCase { Category = &quot;PDRA-S02&quot;, Description = &quot;Operation at maximum allowed dimensions (3m) and M&quot;···, Expected = PDRASTSExpected { Approved = True, Arc = &quot;ARC_b&quot;, Grc = &quot;GRC_3&quot;, RejectionReason = null, Sail = &quot;SAIL_II&quot; }, ExpectedToFail = False, Input = PDRASTSInput { AdditionalRequirements = null, AirspaceObservers = 1, AtcCoordination = null, AutomaticMode = null, Category = &quot;PDRA-S02&quot;, ··· }, ··· })" computerName="CHRISTOSCH" duration="00:00:00.0018882" startTime="2025-10-24T21:14:41.3839374+03:00" endTime="2025-10-24T21:14:41.3839379+03:00" testType="13cdc9d9-ddb5-4fa4-a97d-d965ccfc6d4b" outcome="Passed" testListId="8c84fa94-04c1-424b-9868-57a2d4851a1d" relativeResultsDirectory="8b0f5e30-f68f-44c2-94a3-ab9c072deb01">
      <Output>
        <StdOut>═══════════════════════════════════════════════════════&#xD;
TEST: PDRA_S02_002 - Operation at maximum allowed dimensions (3m) and MTOM (25kg)&#xD;
Category: PDRA-S02&#xD;
Rationale: PDRA-S02: Max 3m dimension, 25kg MTOM, 150m height - Fixed values per EASA Regulation 2019/947&#xD;
═══════════════════════════════════════════════════════&#xD;

✅ HTTP 200 OK - Response: {"missionId":"PDRA_S02_002","category":"PDRA-S02","approved":true,"grc":"GRC_3","arc":"ARC_b","sail":"SAIL_II","rejectionReason":null}...&#xD;

[EXPECTED vs ACTUAL]&#xD;
Approved:      True       | True&#xD;
SAIL:          SAIL_II    | SAIL_II&#xD;
GRC:           GRC_3      | GRC_3&#xD;
ARC:           ARC_b      | ARC_b&#xD;

✅ Test PASSED: PDRA_S02_002&#xD;
═══════════════════════════════════════════════════════</StdOut>
      </Output>
    </UnitTestResult>
[...]
info: Skyworks.Core.Services.Orchestration.SORAOrchestrationService[0]&#xD;
      SAIL determined: sail=III, notes=SAIL III - GRC=3 (Low-Medium ground risk) + ARC-_b (Low air risk) \u001a SAIL III&#xD;
Required OSOs: 16&#xD;
Regulatory Category: SPECIFIC Category (Operational Authorization)&#xD;
DCA Cyprus: ?? Standard authorization (SORA submission required)&#xD;
info: Skyworks.Core.Services.Orchestration.SORAOrchestrationService[0]&#xD;
      TMPR determined: level=Medium, robustness=Low, apiLabel=Medium&#xD;
info: Skyworks.Core.Services.Orchestration.SORAOrchestrationService[0]&#xD;
      OSO compliance: implemented=0, required=16, compliant=False, missing=16, insufficient=0&#xD;
info: Skyworks.Core.Services.Orchestration.SORAOrchestrationService[0]&#xD;
      Risk assessment: band=Moderate, score=6.0&#xD;
warn: Skyworks.Core.Services.Orchestration.SORAOrchestrationService[0]&#xD;
      Warning: OSO compliance not met&#xD;
info: Skyworks.Core.Services.Orchestration.SORAOrchestrationService[0]&#xD;
      SORA ExecuteComplete success: SORA 2.5 Assessment: GRC 3\u001a3, ARC ARC_b\u001aARC_b, SAIL III, TMPR Medium (Low), OSO 0/16, Compliant: False, Risk: Moderate (6.0), Warnings: 1 (e.g., OSO compliance not met - operation canno.)&#xD;
info: Skyworks.Core.Services.Orchestration.SORAOrchestrationService[0]&#xD;
      SORA ExecuteComplete start: Version=2.5, MissionId=SORA25_002, MissionName=SORA 2.5 Suburban with Ground Risk Buffer, DroneId=(null)&#xD;
info: Skyworks.Core.Services.Orchestration.SORAOrchestrationService[0]&#xD;
      Ground risk computed (v2.5): iGRC=6, finalGRC=5, notes=iGRC=6, Final GRC=5&#xD;
info: Skyworks.Core.Services.Orchestration.SORAOrchestrationService[0]&#xD;
      Air risk computed: initialARC=ARC_c, residualARC=ARC_c, notes=Initial ARC: ARC_c. Explicit ARC provided: ARC_c. Residual ARC: ARC_c. Reductions: 0.&#xD;
info: Skyworks.Core.Services.Orchestration.SORAOrchestrationService[0]&#xD;
      SAIL determined: sail=V, notes=SAIL V - GRC=5 (Medium-High ground risk) + ARC-_c (Medium air risk (controlled airspace)) \u001a SAIL V&#xD;
Required OSOs: 20&#xD;
Regulatory Category: SPECIFIC Category (Enhanced Authorization)&#xD;
DCA Cyprus: ?? High scrutiny (LUC may be required)&#xD;
?? WARNINGS:&#xD;
?? SAIL V requires extensive documentation and may need Light UAS Operator Certificate (LUC)&#xD;
?? High combined risk (GRC=5 + ARC=c) - Detailed SORA submission required&#xD;
info: Skyworks.Core.Services.Orchestration.SORAOrchestrationService[0]&#xD;
      TMPR determined: level=High, robustness=Medium, apiLabel=High&#xD;
info: Skyworks.Core.Services.Orchestration.SORAOrchestrationService[0]&#xD;
      OSO compliance: implemented=0, required=17, compliant=False, missing=17, insufficient=0&#xD;
info: Skyworks.Core.Services.Orchestration.SORAOrchestrationService[0]&#xD;
      Risk assessment: band=VeryHigh, score=10.0&#xD;
warn: Skyworks.Core.Services.Orchestration.SORAOrchestrationService[0]&#xD;
      Warning: SAIL &gt;= V&#xD;
warn: Skyworks.Core.Services.Orchestration.SORAOrchestrationService[0]&#xD;
      Warning: OSO compliance not met&#xD;
info: Skyworks.Core.Services.Orchestration.SORAOrchestrationService[0]&#xD;
      SORA ExecuteComplete success: SORA 2.5 Assessment: GRC 6\u001a5, ARC ARC_c\u001aARC_c, SAIL V, TMPR High (Medium), OSO 0/17, Compliant: False, Risk: VeryHigh (10.0), Warnings: 2 (e.g., SAIL =V - very high assurance requiremen.)&#xD;
info: Skyworks.Core.Services.Orchestration.SORAOrchestrationService[0]&#xD;
      SORA ExecuteComplete start: Version=2.5, MissionId=SORA25_003, MissionName=SORA 2.5 Containment Requirements Test, DroneId=(null)&#xD;
info: Skyworks.Core.Services.Orchestration.SORAOrchestrationService[0]&#xD;
      Ground risk computed (v2.5): iGRC=5, finalGRC=5, notes=iGRC=5, Final GRC=5&#xD;
info: Skyworks.Core.Services.Orchestration.SORAOrchestrationService[0]&#xD;
      Air risk computed: initialARC=ARC_b, residualARC=ARC_b, notes=Initial ARC: ARC_b. Explicit ARC provided: ARC_b. Residual ARC: ARC_b. Reductions: 1.&#xD;
info: Skyworks.Core.Services.Orchestration.SORAOrchestrationService[0]&#xD;
      SAIL determined: sail=IV, notes=SAIL IV - GRC=5 (Medium-High ground risk) + ARC-_b (Low air risk) \u001a SAIL IV&#xD;
Required OSOs: 18&#xD;
Regulatory Category: SPECIFIC Category (Enhanced Authorization)&#xD;
DCA Cyprus: ?? Enhanced authorization (detailed risk assessment)&#xD;
info: Skyworks.Core.Services.Orchestration.SORAOrchestrationService[0]&#xD;
      TMPR determined: level=Medium, robustness=Low, apiLabel=Medium&#xD;
info: Skyworks.Core.Services.Orchestration.SORAOrchestrationService[0]&#xD;
      OSO compliance: implemented=0, required=17, compliant=False, missing=17, insufficient=0&#xD;
info: Skyworks.Core.Services.Orchestration.SORAOrchestrationService[0]&#xD;
      Risk assessment: band=High, score=8.0&#xD;
warn: Skyworks.Core.Services.Orchestration.SORAOrchestrationService[0]&#xD;
      Warning: OSO compliance not met&#xD;
info: Skyworks.Core.Services.Orchestration.SORAOrchestrationService[0]&#xD;
      SORA ExecuteComplete success: SORA 2.5 Assessment: GRC 5\u001a5, ARC ARC_b\u001aARC_b, SAIL IV, TMPR Medium (Low), OSO 0/17, Compliant: False, Risk: High (8.0), Warnings: 1 (e.g., OSO compliance not met - operation canno.)&#xD;
info: Skyworks.Core.Services.Orchestration.SORAOrchestrationService[0]&#xD;
      SORA ExecuteComplete start: Version=2.5, MissionId=SORA25_004, MissionName=SORA 2.5 Atypical Segregated - No Floor, DroneId=(null)&#xD;
info: Skyworks.Core.Services.Orchestration.SORAOrchestrationService[0]&#xD;
      Ground risk computed (v2.5): iGRC=4, finalGRC=4, notes=iGRC=4, Final GRC=4&#xD;
info: Skyworks.Core.Services.Orchestration.SORAOrchestrationService[0]&#xD;
      Air risk computed: initialARC=ARC_a, residualARC=ARC_a, notes=Initial ARC: ARC_a. Explicit ARC provided: ARC_a. Residual ARC: ARC_a. Reductions: 0.&#xD;
info: Skyworks.Core.Services.Orchestration.SORAOrchestrationService[0]&#xD;
      SAIL determined: sail=I, notes=SAIL I - GRC=4 (Medium ground risk) + ARC-_a (Extremely low air risk (atypical/segregated airspace)) \u001a SAIL I&#xD;
Required OSOs: 8&#xD;
Regulatory Category: OPEN Category (with limitations) or Light-Touch SPECIFIC&#xD;
DCA Cyprus: ? Likely accepted (low-risk operations)&#xD;
info: Skyworks.Core.Services.Orchestration.SORAOrchestrationService[0]&#xD;
      TMPR determined: level=None, robustness=None, apiLabel=Low&#xD;
info: Skyworks.Core.Services.Orchestration.SORAOrchestrationService[0]&#xD;
      OSO compliance: implemented=0, required=8, compliant=False, missing=8, insufficient=0&#xD;
info: Skyworks.Core.Services.Orchestration.SORAOrchestrationService[0]&#xD;
      Risk assessment: band=Low, score=3.0&#xD;
warn: Skyworks.Core.Services.Orchestration.SORAOrchestrationService[0]&#xD;
      Warning: OSO compliance not met&#xD;
info: Skyworks.Core.Services.Orchestration.SORAOrchestrationService[0]&#xD;
      SORA ExecuteComplete success: SORA 2.5 Assessment: GRC 4\u001a4, ARC ARC_a\u001aARC_a, SAIL I, TMPR None (None), OSO 0/8, Compliant: False, Risk: Low (3.0), Warnings: 1 (e.g., OSO compliance not met - operation canno.)&#xD;
info: Skyworks.Core.Services.Orchestration.SORAOrchestrationService[0]&#xD;
      SORA ExecuteComplete start: Version=2.5, MissionId=SORA25_005, MissionName=SORA 2.5 High Density Metro - GRC-5, DroneId=(null)&#xD;
info: Skyworks.Core.Services.Orchestration.SORAOrchestrationService[0]&#xD;
      Ground risk computed (v2.5): iGRC=7, finalGRC=7, notes=iGRC=7, Final GRC=7&#xD;
info: Skyworks.Core.Services.Orchestration.SORAOrchestrationService[0]&#xD;
      Air risk computed: initialARC=ARC_c, residualARC=ARC_c, notes=Initial ARC: ARC_c. Explicit ARC provided: ARC_c. Residual ARC: ARC_c. Reductions: 0.&#xD;
info: Skyworks.Core.Services.Orchestration.SORAOrchestrationService[0]&#xD;
      SAIL determined: sail=VI, notes=SAIL VI - GRC=7 (Very high ground risk) + ARC-_c (Medium air risk (controlled airspace)) \u001a SAIL VI&#xD;
Required OSOs: 24&#xD;
Regulatory Category: SPECIFIC Category (Exceptional) or CERTIFIED Category&#xD;
DCA Cyprus: ? Very unlikely (near-CERTIFIED level)&#xD;
?? WARNINGS:&#xD;
?? High ground risk (GRC=7) - Enhanced mitigations critical&#xD;
?? SAIL VI requires extensive documentation and may need Light UAS Operator Certificate (LUC)&#xD;
?? SAIL VI is near-CERTIFIED level - exceptional authorization needed, consider CERTIFIED category&#xD;
?? High combined risk (GRC=5 + ARC=c) - Detailed SORA submission required&#xD;
info: Skyworks.Core.Services.Orchestration.SORAOrchestrationService[0]&#xD;
      TMPR determined: level=High, robustness=Medium, apiLabel=High&#xD;
info: Skyworks.Core.Services.Orchestration.SORAOrchestrationService[0]&#xD;
      OSO compliance: implemented=0, required=17, compliant=False, missing=17, insufficient=0&#xD;
info: Skyworks.Core.Services.Orchestration.SORAOrchestrationService[0]&#xD;
      Risk assessment: band=VeryHigh, score=10.0&#xD;
warn: Skyworks.Core.Services.Orchestration.SORAOrchestrationService[0]&#xD;
      Warning: High Final GRC (&gt;=6)&#xD;
warn: Skyworks.Core.Services.Orchestration.SORAOrchestrationService[0]&#xD;
      Warning: SAIL &gt;= V&#xD;
warn: Skyworks.Core.Services.Orchestration.SORAOrchestrationService[0]&#xD;
      Warning: OSO compliance not met&#xD;
info: Skyworks.Core.Services.Orchestration.SORAOrchestrationService[0]&#xD;
      SORA ExecuteComplete success: SORA 2.5 Assessment: GRC 7\u001a7, ARC ARC_c\u001aARC_c, SAIL VI, TMPR High (Medium), OSO 0/17, Compliant: False, Risk: VeryHigh (10.0), Warnings: 3 (e.g., High Final GRC (=6) - requires robust sa.)&#xD;
info: Skyworks.Core.Services.Orchestration.SORAOrchestrationService[0]&#xD;
      SORA ExecuteComplete start: Version=2.5, MissionId=SORA25_006, MissionName=SORA 2.5 Strategic Mitigation Floor Test, DroneId=(null)&#xD;
info: Skyworks.Core.Services.Orchestration.SORAOrchestrationService[0]&#xD;
      Ground risk computed (v2.5): iGRC=6, finalGRC=6, notes=iGRC=6, Final GRC=6&#xD;
info: Skyworks.Core.Services.Orchestration.SORAOrchestrationService[0]&#xD;
      Air risk computed: initialARC=ARC_c, residualARC=ARC_b, notes=Initial ARC: ARC_c. Explicit ARC provided: ARC_c. Residual ARC: ARC_b. Reductions: 2.&#xD;
info: Skyworks.Core.Services.Orchestration.SORAOrchestrationService[0]&#xD;
      SAIL determined: sail=IV, notes=SAIL IV - GRC=6 (High ground risk) + ARC-_b (Low air risk) \u001a SAIL IV&#xD;
Required OSOs: 18&#xD;
Regulatory Category: SPECIFIC Category (Enhanced Authorization)&#xD;
DCA Cyprus: ?? Enhanced authorization (detailed risk assessment)&#xD;
?? WARNINGS:&#xD;
?? High ground risk (GRC=6) - Enhanced mitigations critical&#xD;
info: Skyworks.Core.Services.Orchestration.SORAOrchestrationService[0]&#xD;
      TMPR determined: level=Medium, robustness=Low, apiLabel=Medium&#xD;
info: Skyworks.Core.Services.Orchestration.SORAOrchestrationService[0]&#xD;
      OSO compliance: implemented=0, required=17, compliant=False, missing=17, insufficient=0&#xD;
info: Skyworks.Core.Services.Orchestration.SORAOrchestrationService[0]&#xD;
      Risk assessment: band=VeryHigh, score=9.0&#xD;
warn: Skyworks.Core.Services.Orchestration.SORAOrchestrationService[0]&#xD;
      Warning: High Final GRC (&gt;=6)&#xD;
warn: Skyworks.Core.Services.Orchestration.SORAOrchestrationService[0]&#xD;
      Warning: OSO compliance not met&#xD;
info: Skyworks.Core.Services.Orchestration.SORAOrchestrationService[0]&#xD;
      SORA ExecuteComplete success: SORA 2.5 Assessment: GRC 6\u001a6, ARC ARC_c\u001aARC_b, SAIL IV, TMPR Medium (Low), OSO 0/17, Compliant: False, Risk: VeryHigh (9.0), Warnings: 2 (e.g., High Final GRC (=6) - requires robust sa.)&#xD;
info: Skyworks.Core.Services.Orchestration.SORAOrchestrationService[0]&#xD;
      SORA ExecuteComplete start: Version=2.5, MissionId=SORA25_007, MissionName=SORA 2.5 Controlled Airspace &gt;500ft, DroneId=(null)&#xD;
info: Skyworks.Core.Services.Orchestration.SORAOrchestrationService[0]&#xD;
      Ground risk computed (v2.5): iGRC=5, finalGRC=5, notes=iGRC=5, Final GRC=5&#xD;
info: Skyworks.Core.Services.Orchestration.SORAOrchestrationService[0]&#xD;
      Air risk computed: initialARC=ARC_d, residualARC=ARC_d, notes=Initial ARC: ARC_d. Explicit ARC provided: ARC_d. Residual ARC: ARC_d. Reductions: 0.&#xD;
info: Skyworks.Core.Services.Orchestration.SORAOrchestrationService[0]&#xD;
      SAIL determined: sail=V, notes=SAIL V - GRC=5 (Medium-High ground risk) + ARC-_d (High air risk (controlled airspace + airport proximity)) \u001a SAIL V&#xD;
Required OSOs: 20&#xD;
Regulatory Category: SPECIFIC Category (Enhanced Authorization)&#xD;
DCA Cyprus: ?? High scrutiny (LUC may be required)&#xD;
?? WARNINGS:&#xD;
?? High air risk (ARC-d) - TMPR High robustness required&#xD;
?? SAIL V requires extensive documentation and may need Light UAS Operator Certificate (LUC)&#xD;
?? High combined risk (GRC=5 + ARC=c) - Detailed SORA submission required&#xD;
info: Skyworks.Core.Services.Orchestration.SORAOrchestrationService[0]&#xD;
      TMPR determined: level=VeryHigh, robustness=High, apiLabel=VeryHigh&#xD;
info: Skyworks.Core.Services.Orchestration.SORAOrchestrationService[0]&#xD;
      OSO compliance: implemented=0, required=17, compliant=False, missing=17, insufficient=0&#xD;
info: Skyworks.Core.Services.Orchestration.SORAOrchestrationService[0]&#xD;
      Risk assessment: band=VeryHigh, score=10.0&#xD;
warn: Skyworks.Core.Services.Orchestration.SORAOrchestrationService[0]&#xD;
      Warning: Residual ARC-d&#xD;
warn: Skyworks.Core.Services.Orchestration.SORAOrchestrationService[0]&#xD;
      Warning: SAIL &gt;= V&#xD;
warn: Skyworks.Core.Services.Orchestration.SORAOrchestrationService[0]&#xD;
      Warning: OSO compliance not met&#xD;
info: Skyworks.Core.Services.Orchestration.SORAOrchestrationService[0]&#xD;
      SORA ExecuteComplete success: SORA 2.5 Assessment: GRC 5\u001a5, ARC ARC_d\u001aARC_d, SAIL V, TMPR VeryHigh (High), OSO 0/17, Compliant: False, Risk: VeryHigh (10.0), Warnings: 3 (e.g., Residual ARC-d - highest air risk level)&#xD;
info: Skyworks.Core.Services.Orchestration.SORAOrchestrationService[0]&#xD;
      SORA ExecuteComplete start: Version=2.5, MissionId=SORA25_008, MissionName=SORA 2.5 Assembly Scenario GRC-6, DroneId=(null)&#xD;
warn: Skyworks.Core.Services.Orchestration.SORAOrchestrationService[0]&#xD;
      Ground risk invalid/out-of-scope (v2.5): iGRC=8, finalGRC=8, notes=Final GRC (8) &gt; 7 - out of SORA 2.5 scope, message=Final GRC (8) &gt; 7 - out of SORA 2.5 scope&#xD;
info: Skyworks.Core.Services.Orchestration.SORAOrchestrationService[0]&#xD;
      SORA ExecuteComplete start: Version=2.5, MissionId=SORA25_009, MissionName=SORA 2.5 Lightly Populated with Sheltering, DroneId=(null)&#xD;
info: Skyworks.Core.Services.Orchestration.SORAOrchestrationService[0]&#xD;
      Ground risk computed (v2.5): iGRC=4, finalGRC=3, notes=iGRC=4, Final GRC=3&#xD;
info: Skyworks.Core.Services.Orchestration.SORAOrchestrationService[0]&#xD;
      Air risk computed: initialARC=ARC_b, residualARC=ARC_b, notes=Initial ARC: ARC_b. Explicit ARC provided: ARC_b. Residual ARC: ARC_b. Reductions: 0.&#xD;
info: Skyworks.Core.Services.Orchestration.SORAOrchestrationService[0]&#xD;
      SAIL determined: sail=III, notes=SAIL III - GRC=3 (Low-Medium ground risk) + ARC-_b (Low air risk) \u001a SAIL III&#xD;
Required OSOs: 16&#xD;
Regulatory Category: SPECIFIC Category (Operational Authorization)&#xD;
DCA Cyprus: ?? Standard authorization (SORA submission required)&#xD;
info: Skyworks.Core.Services.Orchestration.SORAOrchestrationService[0]&#xD;
      TMPR determined: level=Medium, robustness=Low, apiLabel=Medium&#xD;
info: Skyworks.Core.Services.Orchestration.SORAOrchestrationService[0]&#xD;
      OSO compliance: implemented=0, required=16, compliant=False, missing=16, insufficient=0&#xD;
info: Skyworks.Core.Services.Orchestration.SORAOrchestrationService[0]&#xD;
      Risk assessment: band=Moderate, score=6.0&#xD;
warn: Skyworks.Core.Services.Orchestration.SORAOrchestrationService[0]&#xD;
      Warning: OSO compliance not met&#xD;
info: Skyworks.Core.Services.Orchestration.SORAOrchestrationService[0]&#xD;
      SORA ExecuteComplete success: SORA 2.5 Assessment: GRC 4\u001a3, ARC ARC_b\u001aARC_b, SAIL III, TMPR Medium (Low), OSO 0/16, Compliant: False, Risk: Moderate (6.0), Warnings: 1 (e.g., OSO compliance not met - operation canno.)&#xD;
info: Skyworks.Core.Services.Orchestration.SORAOrchestrationService[0]&#xD;
      SORA ExecuteComplete start: Version=2.5, MissionId=SORA25_010, MissionName=SORA 2.5 Maximum Risk SAIL VI, DroneId=(null)&#xD;
warn: Skyworks.Core.Services.Orchestration.SORAOrchestrationService[0]&#xD;
      Ground risk invalid/out-of-scope (v2.5): iGRC=0, finalGRC=(null), notes=Grey cell in SORA 2.5 Table 2 - out of scope (AssembliesOfPeople, Large), message=Operation out of SORA 2.5 scope&#xD;
[xUnit.net 00:00:05.57]   Finished:    Skyworks.Api.Tests&#xD;
</StdOut>
    </Output>
    <RunInfos>
      <RunInfo computerName="CHRISTOSCH" outcome="Warning" timestamp="2025-10-24T21:14:40.2152981+03:00">
        <Text>[xUnit.net 00:00:00.82]     Skyworks.Api.Tests.AuthAndKbTests.Login_Returns_Token [SKIP]</Text>
      </RunInfo>
      <RunInfo computerName="CHRISTOSCH" outcome="Error" timestamp="2025-10-24T21:14:40.2161953+03:00">
        <Text>[xUnit.net 00:00:00.83]     Skyworks.Api.Tests.SAIL.SAILService_Tests.SAIL_GRC5_ARCc_Returns_SAIL_IV [FAIL]</Text>
      </RunInfo>
      <RunInfo computerName="CHRISTOSCH" outcome="Error" timestamp="2025-10-24T21:14:40.2166463+03:00">
        <Text>[xUnit.net 00:00:00.83]     Skyworks.Api.Tests.ARC_SAIL.ARC_SAIL_Tests.SAIL_V20_Table5_Mapping(finalGrc: 3, arc: ARC_b, expected: II) [FAIL]</Text>
      </RunInfo>
      <RunInfo computerName="CHRISTOSCH" outcome="Error" timestamp="2025-10-24T21:14:40.2169623+03:00">
        <Text>[xUnit.net 00:00:00.84]     Skyworks.Api.Tests.SAIL.SAILCompliance_Tests.Compliance_SORA25_SAIL_III_All_High_Passes [FAIL]</Text>
      </RunInfo>
      <RunInfo computerName="CHRISTOSCH" outcome="Error" timestamp="2025-10-24T21:14:40.2232115+03:00">
        <Text>[xUnit.net 00:00:00.84]     Skyworks.Api.Tests.ARC_SAIL.ARC_SAIL_Tests.SAIL_V20_Table5_Mapping(finalGrc: 5, arc: ARC_d, expected: VI) [FAIL]</Text>
      </RunInfo>
      <RunInfo computerName="CHRISTOSCH" outcome="Error" timestamp="2025-10-24T21:14:40.2267324+03:00">
        <Text>[xUnit.net 00:00:00.84]     Skyworks.Api.Tests.SAIL.SAILService_Tests.Golden_Test04_Coastal_BVLOS_Larnaca [FAIL]</Text>
      </RunInfo>
      <RunInfo computerName="CHRISTOSCH" outcome="Error" timestamp="2025-10-24T21:14:40.2271719+03:00">
        <Text>[xUnit.net 00:00:00.85]     Skyworks.Api.Tests.SAIL.SAILService_Tests.Composite_SAIL_Exposure_Notes_In_Explanation [FAIL]</Text>
      </RunInfo>
      <RunInfo computerName="CHRISTOSCH" outcome="Error" timestamp="2025-10-24T21:14:40.2312365+03:00">
        <Text>[xUnit.net 00:00:00.85]     Skyworks.Api.Tests.SAIL.SAILService_Tests.Golden_Test01_Urban_VLOS_Nicosia [FAIL]</Text>
      </RunInfo>
      <RunInfo computerName="CHRISTOSCH" outcome="Error" timestamp="2025-10-24T21:14:40.2316354+03:00">
        <Text>[xUnit.net 00:00:00.85]     Skyworks.Api.Tests.SAIL.SAILService_Tests.SAIL_GRC4_ARCa_Returns_SAIL_III [FAIL]</Text>
      </RunInfo>
      <RunInfo computerName="CHRISTOSCH" outcome="Error" timestamp="2025-10-24T21:14:40.2360208+03:00">
        <Text>[xUnit.net 00:00:00.85]     Skyworks.Api.Tests.SAIL.SAILService_Tests.SAIL_GRC6_ARCa_Returns_SAIL_V [FAIL]</Text>
      </RunInfo>
      <RunInfo computerName="CHRISTOSCH" outcome="Error" timestamp="2025-10-24T21:14:40.4268671+03:00">
        <Text>[xUnit.net 00:00:01.08]     Skyworks.Api.Tests.Drones.DroneCatalog_Tests.SearchDrones_ByCClassC1_ReturnsSubKilogram [FAIL]</Text>
      </RunInfo>
    </RunInfos>
  </ResultSummary>
</TestRun>